(476)(911)(6168)
(752)(930)(3463)
1555967326
7148745955
538-671-6954
2603081831
4491688993
6093429274
6921830082
4303447668
029-060-6359
397-739-3875
(620) 572 4646
(165) 280 6178
5770016063
(053) 842 5448
0113767488
9717023503
(550)(531)(7968)
(476) 847 8155
(083) 955 4575
314-183-7455
6406645987
915-421-3381
(800) 429 7584
(138) 982 2431
996-749-3975
171-009-4772
(729)(492)(0279)
6277291070
1537334707
(188) 638 7786
7045712150
2928931650
1715584965
4306064803
(237) 251 0902
383-268-2822
(192) 419 1194
4322211073
(330)(432)(2682)
(812)(704)(1429)
(365)(625)(4679)
0108482501
(330) 819 8687
(296) 878 3326
817-228-5959
537-019-6117
(081)(195)(8727)
236-694-2383
4486537276
(648) 259 3202
(218)(655)(1017)
(154) 074 0464
(350) 999 1372
798-702-9942
(648)(075)(3977)
(592)(985)(2094)
436-823-9288
409-985-6999
(542) 109 1122
5639289017
7782010035
1671687135
155-894-3359
4066445434
5427844972
2180797858
3694183735
4696593736
(001)(815)(1433)
2850885613
827-425-0763
4555982235
(581)(794)(6120)
(331) 922 9314
570-555-6944
6773538460
6551594121
6875221185
0390684047
(900) 973 8832
(594) 385 5881
(235)(784)(1653)
(836)(180)(8476)
(806) 547 7386
6500037668
(199)(969)(6790)
(977)(363)(5244)
(956) 481 9060
2367123615
(679) 049 3168
(882) 541 0348
7335789718
(577) 189 3608
522-765-0419
978-114-4266
5845518655
(525) 669 7143
5794874227
(953)(219)(3519)
4884320630
193-149-4967
(156)(859)(6526)
(248) 635 4112
1497686469
6230754957
(623) 043 9223
(957) 642 3959
(273) 374 4063
(907) 892 1344
210-009-3665
0130041063
087-172-2548
7239464633
(139)(969)(8696)
483-255-9834
7917974657
189-246-1033
5038719941
(259)(335)(2312)
0495363930
252-004-1205
0818061128
(428) 980 4613
8314143875
(019) 748 4842
(791) 132 1097
925-583-6002
(428)(007)(4415)
3067864858
(812)(849)(2261)
401-185-8455
8732518440
9244027623
3797772024
(209) 933 1850
(892)(004)(4683)
(305) 954 6087
0118258509
888-237-5312
(182)(420)(1030)
0090701320
(646)(171)(8274)
(246)(244)(6384)
(760)(036)(4772)
899-215-9597
922-416-3970
(089) 322 3131
(097) 410 0284
3684147877
5888243833
0813238061
2538018684
2334227994
8133096766
(276)(772)(1180)
4814859954
(357) 000 8841
9744637420
4913766224
7962990248
(591)(224)(9969)
822-128-0216
9677235038
(419)(863)(9192)
5310468871
(134)(759)(3223)
(501)(463)(1459)
416-244-2266
8736508952
739-817-9179
0509419917
(639)(963)(5101)
4465537600
3792440289
4484219552
9946585183
1609082440
(105) 687 2285
174-020-4226
7972311574
8373219052
(897) 847 2013
862-018-3755
5855190967
809-034-7956
(316) 124 5609
(270)(578)(2880)
(377) 690 2541
(377) 996 8586
9400122516
(387)(228)(6816)
870-114-1782
(085)(659)(9291)
917-480-8658
8008321301
(885)(131)(2409)
(411)(303)(3948)
925-436-7773
7675613014
4926388769
(475) 850 5370
251-313-3453
0082387823
(129) 330 0306
2629330339
0905943523
989-278-3555
(683) 193 4479
9778417603
(408) 790 7958
7123615284
3112293685
(986)(455)(0025)
(963)(209)(2482)
(307) 190 7470
4547528572
(937)(481)(0924)
8635509833
0335422062
959-432-8132
(123)(369)(6011)
(959)(680)(9585)
(735) 997 9050
(573)(594)(5205)
0366814571
3663145387
960-172-4258
3214390653
4392534453
5668999789
(063) 604 2476
8650925259
(137) 562 9812
9520430938
891-260-5673
(428)(053)(7937)
(216) 371 8370
(003)(959)(8989)
9778591674
(412) 596 7711
6003625359
(348)(898)(7984)
4839288379
0238353790
2310983520
(440) 560 9626
(355) 557 6605
(143)(199)(0750)
740-766-7197
5215698731
6674658923
8212211651
068-725-1651
(321) 642 9527
3698575011
(564) 207 2631
(898)(507)(6720)
(255) 875 8548
(275)(933)(8342)
643-392-0071
8085680910
7164410421
(414) 415 9715
(338)(726)(7452)
5887997549
2600034818
847-867-6230
3188136641
9266852720
696-699-5127
6482085468
(595)(945)(9176)
991-202-4483
(570)(994)(8161)
2060848523
(507) 688 0773
2482397651
(380) 108 8092
931-559-6870
(650)(839)(9963)
4341218660
(855) 064 2011
713-961-0667
283-775-9699
(630) 432 0629
670-093-4971
(064)(666)(8945)
(985)(933)(4513)
(532) 754 7031
(932) 417 9593
(513) 427 1469
803-970-1755
907-383-8515
(227) 371 1611
9749966018
2248081077
(187)(134)(8780)
1073058654
7097028838
0205362162
(080) 260 7244
7348781053
004-003-9936
(040)(623)(9700)
(390)(563)(2941)
9323532804
(225)(729)(5755)
687-931-6814
(980)(988)(3004)
599-525-3340
416-936-0547
(122) 675 3845
6839128949
8640890495
9752339514
3121009893
(136)(375)(9610)
(832)(704)(2567)
(552) 761 2929
(324) 529 5775
278-705-9758
897-790-4310
9218126406
(894) 181 8082
5087223963
3411216042
575-425-5322
(616)(306)(2207)
4748026483
8012440760
(265)(601)(8685)
6076830482
(868)(905)(2029)
(846)(417)(9911)
1884526881
4158218180
(714)(590)(7716)
9904639182
984-371-4310
4191872894
(887)(635)(6601)
(347) 095 0071
(543)(032)(6592)
0189448410
268-266-9785
(890)(309)(5823)
7757069756
2021416281
(881)(620)(9446)
(164)(076)(8025)
2790624487
(735) 845 8542
622-962-7575
(415)(086)(9923)
8388378902
8473493448
6285281115
(229) 575 6091
(298)(344)(5879)
2552863422
266-820-4119
5380559093
6195417886
0755645837
6749161791
4686670318
381-685-1172
5988883223
9605033796
7931444667
0908173488
(819)(037)(3399)
(330)(164)(5429)
4579056660
7118909617
471-489-0814
100-135-9395
4777128408
6508006906
7338650849
101-392-1372
6531291378
(665)(623)(4406)
(445) 062 1722
(909) 499 4190
4670832717
1500153820
0222001764
8066211756
(155) 923 7946
9671141051
5116877499
(514) 519 3564
0995371563
(808) 139 6653
0380773123
(446) 917 6345
(799) 545 1300
0529051148
106-137-9381
2041497866
4595583781
0075844446
649-941-3514
4367600290
035-973-5050
2106248921
0620684293
(824)(767)(7996)
6726987793
(529)(869)(1898)
8413723009
(454)(328)(3777)
4664350865
(272) 612 7238
(575)(208)(2586)
9552280383
870-112-3663
721-574-2881
7763184888
6185430404
136-218-8487
(038)(799)(5784)
771-817-6970
239-079-6298
7289280569
5115730918
4704703922
(785) 375 6559
(091) 945 9917
054-914-4110
(298) 715 5846
(853)(455)(9179)
586-216-7101
3002627232
(508)(286)(1950)
(072)(415)(0512)
078-064-0888
2400332433
733-426-5412
8313524034
8712073225
(458) 383 3093
(222)(752)(5234)
3297754827
7775482850
(731) 958 0828
(782) 842 1680
348-768-9450
686-235-2562
6610216629
8814148897
(468)(089)(3877)
151-803-9784
9645044384
1024332850
(896)(579)(6858)
686-602-9103
2242726551
9235957682
806-725-0899
0940564009
(836)(468)(9402)
(015) 808 1796
1891214535
2332549339
(515) 077 6368
231-254-8187
(319)(066)(4785)
967-236-9555
(938)(775)(7875)
7149779431
(435)(947)(7409)
9698499453
(044) 262 4301
(116)(697)(1628)
7926176634
(592) 986 4274
(455)(293)(1917)
8471762318
(224) 756 7908
209-510-9167
2058999727
(098) 600 2938
(149)(026)(3430)
(197)(084)(1064)
3828990962
(775) 485 8257
0932659884
734-644-9824
674-560-7480
469-913-7279
(276)(139)(5184)
1385775605
357-620-2918
(956)(193)(8599)
(386)(401)(6148)
7243000019
7007361946
(902) 659 8691
9562499843
(236) 343 1851
(132) 185 1367
0741250071
(549)(658)(6175)
6344245972
546-282-2779
0981814702
3123725137
(232)(441)(8871)
2355173952
474-417-6618
6141915290
326-653-1412
855-843-0626
3688399844
(961)(362)(5076)
8185605925
(723) 238 8936
1345535333
7023187562
705-052-4232
5015739652
(104) 849 4375
(175) 620 1922
(200) 956 7029
(364) 157 4653
9776929850
4161403172
7824147501
(174) 238 4453
4746688387
030-846-8789
3899898255
(676) 245 0744
(964) 000 8736
(807) 030 1076
(097)(779)(1950)
6492830595
513-429-1720
(489)(116)(5057)
(841) 183 6890
(190)(773)(2945)
0391335629
610-623-2929
3490894025
8013884883
6259470264
(142)(274)(5827)
979-127-7704
6046212248
(873)(661)(1175)
6773856689
547-672-5839
(335) 398 5451
874-749-0551
018-269-6317
5110735078
(348) 167 5194
8073409506
3578666174
8152734829
(302)(688)(7118)
1891864465
2208036216
(663)(228)(4319)
(027) 677 2906
871-550-5009
(741)(205)(4835)
743-433-4972
(402)(249)(1360)
828-965-2499
953-271-2795
3343051939
379-511-1972
3646901589
0088231621
(366)(199)(7493)
262-308-2255
3849817526
3083816174
6361994095
(953)(028)(8801)
5530117020
(044) 235 6287
(861)(793)(7142)
5596026809
(938) 551 7549
8131087969
(837) 982 5466
3874462308
599-011-2572
958-524-5307
(820)(001)(5583)
(611) 428 5740
8866139308
(834) 395 5095
(275) 620 2269
667-478-9382
(146)(359)(2247)
8970450714
(052)(953)(0995)
(675)(835)(3550)
8441462638
121-970-6549
4153745197
3278041299
6317918810
(675) 364 2807
(897)(228)(8759)
(787) 568 8079
0191390663
(645)(753)(3320)
578-879-8123
421-415-0658
(717)(601)(4623)
311-987-9543
0219362400
5264486979
(471)(126)(1746)
(238)(782)(6335)
(034)(717)(6654)
875-398-4661
1800851213
(870)(848)(5474)
(808)(383)(4538)
6672545780
572-911-7716
9326094612
213-206-1656
(776)(869)(4408)
(975) 178 7453
(848)(865)(4075)
(510)(505)(8773)
(655) 783 7867
6002234632
(646)(211)(3124)
(993) 436 2748
(717) 839 6898
665-109-2695
(003)(160)(0577)
3061454878
(349) 399 3776
(711)(189)(9254)
(256) 060 2442
(821) 954 8691
9962014665
(877) 594 2388
348-489-9351
6278178388
(774)(547)(3623)
1203627103
8363242397
4245108838
(505)(294)(7984)
9176707490
(107) 594 0804
(349) 916 0763
(120)(858)(2558)
(627)(771)(5881)
690-644-4394
589-108-9548
(239) 612 7226
281-577-0315
(497) 311 3602
(726)(583)(3783)
(597) 190 6945
(689) 431 3691
479-506-5691
1866992928
(439) 873 2038
3677785201
(403) 722 7897
8920148637
4591723735
(183) 863 7261
(948)(296)(6243)
5150789309
5204560101
314-663-8562
2120618628
9261957514
(377)(160)(9402)
632-054-9764
0377803624
0537445763
5825573045
(719) 248 1026
679-412-9190
(078) 701 5420
(200) 134 6992
(563)(327)(3922)
(459)(289)(9513)
2588741405
2656314649
(683)(454)(4584)
5937738669
352-511-9786
7952924516
(361) 516 2703
6439625932
7312134701
4761137068
(902)(310)(8743)
(151) 182 8894
3504791379
8198698518
6738641863
9862289931
6978592857
659-370-0955
6239761400
6792813519
818-851-2418
360-639-0440
6467219253
(766)(028)(3211)
(206) 942 6229
(382) 772 1530
126-672-5081
674-106-5101
9391487938
787-331-5749
312-138-6608
9506111902
(899) 399 3232
(482) 924 6176
803-230-6036
(991)(879)(0188)
8958475997
7758258180
9653540756
(307) 359 1919
(683)(974)(1622)
705-589-9328
9672459705
0382460559
(741)(026)(0828)
(380)(358)(5294)
(549) 074 2823
7761387326
286-033-0121
183-385-2075
8533999814
042-205-4712
447-505-3003
6321390799
(826) 063 0674
(731)(876)(5387)
(256)(730)(2017)
7729772776
6497042748
0474624862
(355) 837 8093
6134820301
057-719-8720
2574241487
0655515381
(350)(463)(2289)
(722)(738)(3548)
4957598739
(419) 358 8398
(413) 778 6317
0719751951
(784)(414)(0526)
8334043829
7672926012
101-098-2522
6781152309
9712721009
4380151882
(867) 829 8395
(611)(853)(1047)
(315) 075 9663
(983) 951 6148
791-380-5272
(926)(874)(0692)
(884)(832)(0879)
4930832642
3217546213
(020)(340)(8034)
2945839444
(711) 361 7226
2906863117
451-161-3844
(992)(666)(6753)
2924391017
7352637796
345-529-4770
5932738892
343-694-1217
443-780-9245
3644590125
8849972432
(875) 065 3874
583-584-6935
(546) 274 3149
3932002264
1031184479
776-483-0840
(252)(784)(0761)
(299) 204 3595
(802)(967)(7060)
(387) 929 4945
(503) 877 8790
(542)(086)(1651)
7094291768
539-784-3924
5108390667
(775)(455)(4688)
377-090-2683
(598) 528 8573
938-297-5967
2612487705
(413)(624)(5496)
(714)(381)(7246)
166-830-7614
9455571547
454-248-9166
(636) 410 7779
(220)(238)(6793)
(502)(940)(5893)
(150) 202 2133
978-894-2429
(300)(881)(7423)
6588821824
(617) 537 2780
745-113-6143
4749409050
(872) 637 8457
(861) 910 2014
7669438712
6517762085
1150772165
5089106217
(535)(230)(2406)
284-284-2587
(916)(087)(5018)
(189)(470)(6588)
(084)(084)(3423)
5203335348
0666521412
5903082071
(251)(738)(6428)
3722658807
3656606456
(515) 801 8018
2854220062
7655251478
5429401242
(274) 191 3745
(640) 358 0543
0419782199
(576) 727 4755
2848326329
4464713358
1233717739
9291970234
083-094-8457
7542433568
0422767121
9504996158
355-973-7738
(459) 731 0955
(816)(390)(9062)
4166882331
6885645875
(886) 084 6366
596-577-2546
7198110071
(788) 133 1552
562-372-0897
9255439975
223-125-4695
(822)(484)(6201)
(712) 433 4848
6293378600
6553336463
(118)(586)(8349)
(083)(063)(0687)
(131) 898 0144
340-578-2232
(049)(738)(4626)
365-214-6077
(430) 508 1042
(234)(894)(6167)
(398) 564 4771
1198379014
(119)(979)(2841)
8794720227
746-178-2941
8161030923
(601)(585)(3995)
560-404-4244
2991645241
(257) 462 6437
(949) 170 2819
764-713-1093
302-933-1514
4997031176
(604)(995)(0702)
459-245-0502
5142324947
(526)(421)(2455)
(277) 887 3436
(586) 006 3497
0307370829
710-475-5039
7968509637
(557) 427 4026
8239181514
081-620-7350
6030386906
(465) 090 9384
5453587351
(156) 443 3483
(691)(021)(7687)
(789)(660)(4449)
(691)(063)(5495)
313-288-0472
(124)(757)(4179)
7760627355
(797)(310)(9695)
(556)(725)(8539)
(560) 256 2586
0241331391
8594185568
(135)(674)(7166)
(346) 031 1332
4043580970
1660849929
7590483089
1690016050
8369071195
0460890248
8875444464
286-322-2924
(536)(820)(1734)
(550)(071)(5366)
3436367307
2943293023
3756366687
246-342-8542
(418) 342 8644
(862)(592)(6947)
8686760478
3716838352
(006)(644)(1445)
(285) 952 8494
1388388239
(461) 585 7332
5689502632
(122)(151)(1066)
3556794789
(709)(227)(1038)
290-913-9759
(067) 157 7340
394-772-3353
(398) 797 7113
567-737-9537
(416) 349 2076
6814707939
436-545-9277
(227) 973 0640
0715238575
1414365210
8379149746
3775501300
(734) 452 5942
(767) 211 3236
(947)(511)(8076)
521-238-4257
(924)(352)(2165)
0022256866
(052) 055 2384
1798549988
(395)(309)(4874)
5381209439
(503) 960 0196
3697559031
929-847-6540
0180928051
(978)(501)(8638)
(912)(406)(0400)
(922)(779)(0114)
(093) 925 7726
(880) 525 5314
047-754-6285
(732) 077 3760
6579952133
259-534-2185
(942)(475)(9166)
2436126919
986-848-7620
813-800-6593
1226539896
952-473-3246
(051) 432 9899
(692)(335)(4767)
(358)(407)(7590)
7661748453
(710) 140 5382
(544)(604)(3263)
(338)(902)(4315)
(075) 349 5123
7912915769
(007) 160 5931
858-749-3315
061-016-5024
(068) 995 7276
1212715355
3531688019
6857089278
(825)(397)(0372)
849-292-8196
3921444747
9955706779
7750079634
827-255-5474
7546057293
6467140870
778-102-8599
097-343-1340
(160) 285 9577
4103878188
6195036823
3754452989
014-379-1226
3230412157
703-448-8359
(001)(612)(6845)
7569491881
6083491188
1174638868
5537017991
368-727-6955
(221) 508 4672
2428107630
1188947251
(831)(214)(4531)
7503005008
5741665960
(101) 295 2956
206-492-6951
(670)(696)(4690)
232-323-4554
001-423-8490
(209) 041 9690
685-236-4270
470-436-8707
2708361221
(174)(118)(4704)
(594)(044)(7058)
(388)(846)(3415)
1226347615
3465193938
(402) 489 7066
(812)(027)(2682)
8350422814
213-040-9793
0040517499
4851207792
(826)(635)(3763)
9943071152
9841091235
(225)(341)(3959)
038-814-2385
9207037156
419-102-5029
039-852-2335
0634427498
944-440-8447
792-477-8597
415-603-2586
(346) 591 3292
7419178547
2584323572
1963425770
(809) 041 3778
752-307-6050
(991)(993)(4050)
(075) 571 9739
(147) 269 2877
7429360135
8501882305
545-487-9836
(608)(381)(8689)
1595588046
0818534298
(218) 366 3554
2212120871
753-295-9071
(329)(016)(7876)
(791) 057 9599
(868)(709)(5804)
6106894778
4169835721
(698) 019 3054
8891291068
(544)(281)(4695)
7399337797
684-349-9418
(272) 079 6615
083-524-7335
9325962299
7178267470
9902458478
(544) 046 3765
7015370369
(067) 890 6923
(067) 695 8126
(569)(884)(4593)
653-399-5873
(824) 052 5778
206-729-1380
(573) 867 3098
4692914222
6279580017
8745679555
7565861679
5638115631
(789)(409)(0505)
0144624497
(040) 178 8984
(455)(870)(9781)
(141) 355 7765
(273)(483)(8960)
496-935-9905
6927790204
(289)(973)(5022)
(361)(940)(8975)
802-702-3611
0253565901
6718490370
(926) 006 6305
(982)(096)(0996)
296-869-0423
3904197948
4493423916
818-269-3256
6641844614
952-539-6483
(026)(571)(3191)
7059882184
3005296156
(594) 118 6741
862-834-9724
3107345291
(907) 033 2125
0421704472
8008664096
(058)(247)(1956)
(809)(920)(1858)
374-366-1018
975-667-0552
6936404502
269-155-6508
306-727-5100
4814262896
6571858329
8948014147
0475838706
7956856984
(040)(927)(6472)
1029001364
7996724933
0547006398
9517316454
453-700-2937
(964)(756)(2982)
6501542050
(852)(534)(6622)
(508) 193 6002
2132066126
2059004208
8709346203
2207549950
5438711912
(809) 822 2497
740-903-1763
(103) 902 2252
(585) 907 2390
972-148-9814
5762350507
7811267537
692-985-6907
249-338-5161
(055) 278 4249
9942968974
(991)(930)(0518)
374-306-0552
6905134382
299-038-9757
(963)(111)(5183)
0047412676
4151052972
5389008957
148-254-2976
2920684829
(030)(038)(0430)
6066221348
4387637899
4581235788
378-277-6741
(767)(637)(1589)
1812313607
(599) 051 0271
5985140916
(708)(728)(2711)
967-337-2192
(419) 713 4201
(384)(524)(8765)
(663)(477)(2133)
755-333-2355
(974)(760)(1982)
(024) 260 2654
(495)(753)(2325)
326-347-0182
843-482-4651
(630)(348)(8607)
971-111-5563
(235)(989)(1749)
3271905165
755-359-8942
7539925575
3299864298
171-038-3700
(235) 473 4512
(448) 431 0120
8944242462
223-944-7583
(029)(075)(1654)
(874) 173 2871
(069)(821)(7495)
(963) 446 1313
(868) 313 6054
(698)(492)(5034)
(752) 280 6963
927-596-4096
1807672893
(024)(864)(2063)
7527998312
0195669641
(722) 184 7457
985-688-2002
9329898526
(747) 010 5811
(040)(667)(8561)
9022136784
6467052799
2517141798
3320659347
990-569-3373
2325929947
(409)(434)(7787)
(234) 384 1147
8474326526
549-198-4660
(898)(984)(5426)
1981735354
(646)(271)(7854)
0488729900
(859) 385 4159
478-096-2294
(612) 834 6435
(259) 789 8814
(484)(537)(5136)
(342)(879)(4946)
(658)(875)(8829)
4553331133
088-813-0126
(132) 180 8857
0926351640
(822) 138 5224
0375356744
752-599-9851
0943838097
747-290-0688
(559)(041)(0015)
(008) 397 9432
(454) 541 7596
(671)(542)(5775)
8513798338
(462)(641)(5284)
2028392399
692-222-9954
5421937912
7543801827
0805866874
5486606284
(583)(160)(3281)
(430) 174 6485
(083) 683 5202
666-850-0791
3844646979
6685452568
9878794255
0950473760
1668963102
354-440-6856
(498) 018 4893
(705)(154)(2988)
(736)(678)(1521)
765-686-9535
(470) 749 6372
(348) 074 6182
(194)(679)(8897)
809-823-0487
5719993075
9762622853
6493234702
9489810544
(590) 986 9232
052-193-1688
989-194-5730
7763743395
966-550-5803
(733) 692 7173
084-392-0513
3491539049
(146) 619 2362
(802)(053)(8527)
6482307100
1937174139
(840) 058 0331
(871) 329 0390
(155)(628)(5236)
(153) 996 5289
(857) 493 8135
5864046070
529-313-5086
(810) 062 3679
175-693-1427
8041252002
(615)(253)(3499)
9220045063
(335)(873)(0489)
4569048296
9047723441
(662) 577 5696
0181602763
(638) 326 9524
2712469981
975-128-0160
737-743-7271
(751) 793 2207
(818) 404 4300
(663) 734 6880
(635)(213)(9451)
(817) 314 7122
2621699818
7577457181
4835503053
326-944-6314
(209)(145)(9672)
701-876-0070
999-481-2578
666-432-6465
3598621226
8978665503
3900844823
0483541737
(673)(380)(1070)
(128) 770 4858
1840863221
(558) 420 7749
(758) 347 1966
1748636891
1168257856
(336)(253)(9795)
252-670-3473
(454) 150 1590
6878207140
403-466-5326
(856) 331 9157
(434)(096)(1420)
076-729-7952
(035)(599)(8943)
938-499-1472
7376204033
905-191-4074
7071508558
8859378432
810-434-9734
(050)(333)(2984)
1629387991
(938)(569)(1573)
4784112387
(035) 464 3267
(030)(788)(1462)
4735950814
5467655343
3708803051
990-795-7396
(874)(074)(4148)
(536) 722 3980
9784253947
(249) 658 1880
5251149004
373-252-3153
(430) 057 3180
257-219-0160
863-895-9674
(727)(870)(2620)
3285278565
710-341-2315
(253) 492 8317
(744)(852)(8651)
952-103-0085
0031660391
(419) 369 9175
(751)(961)(3597)
(575) 031 0630
373-481-4511
(837) 409 5134
345-220-3978
8871135423
(783) 872 6423
1020783643
607-210-6722
1078663238
1754419240
(972)(430)(6624)
(476) 511 7648
(474)(101)(7842)
5430546842
(450) 197 9812
(183) 131 8050
095-313-5976
(577) 960 2801
(433) 786 6667
6064994931
6775513967
2370316638
(041)(328)(9467)
4461951912
451-867-9340
807-928-6071
1521845195
(091)(420)(8647)
7775628248
(137) 144 6514
0020420947
7731845090
366-931-8631
8401057264
0732350255
(825)(618)(2761)
8871765660
3311144690
3783374817
(232)(098)(7960)
8964018441
338-838-0744
(595)(416)(6116)
8777315854
(242) 774 9486
(147)(133)(1319)
0476125453
(860) 198 8228
(672)(536)(7037)
9281057994
8483517123
879-739-4440
(183) 413 4263
(702) 858 5886
2142508895
4226219826
2160129634
(527) 667 6097
3395975074
(679)(933)(0020)
380-822-2994
(178) 000 5207
(507)(112)(4014)
(022)(501)(4984)
(789)(098)(9198)
9564609687
4317718683
4479328416
(566) 190 5726
100-589-0599
2233155923
058-317-3109
5075100628
580-764-8888
(897)(848)(1117)
(999)(203)(5716)
(879)(317)(3888)
(951)(514)(8207)
242-865-2126
(722)(798)(9435)
(095)(707)(9879)
968-975-4110
795-838-2962
7374005827
3438851630
3702137086
8959708291
7395875603
4860627434
8543127160
315-348-4009
8642787404
252-357-7465
694-885-7601
268-767-0914
280-176-1417
(035) 385 2615
7788090961
2320713807
(588) 052 6996
883-184-5470
8144271135
9353013524
751-412-7658
(897) 860 8708
(725)(739)(2747)
6160740234
(110)(809)(3780)
(872)(539)(9451)
(956) 133 8384
2705967869
(793)(194)(6319)
432-866-0429
7588177799
5926080996
0668887889
(100)(623)(6489)
270-145-1931
7311467288
265-060-7622
(687)(816)(3182)
4829039633
(422) 214 5814
890-212-5284
2426831367
(979) 011 6236
(863)(240)(1214)
5449287518
8155328991
(046) 982 4498
9823525438
(230)(123)(8769)
327-819-7508
(706)(964)(8296)
359-507-1875
(633)(684)(3148)
(155) 749 8127
528-118-0996
628-049-0823
398-219-7556
404-601-5529
330-853-4212
(070)(349)(8053)
5102925313
(135) 459 3390
255-530-4161
353-208-6476
2197113964
(355)(236)(8140)
3846188168
0707782002
(253)(678)(0303)
7742267486
(719)(478)(8640)
(531)(839)(9684)
8301860677
(525)(073)(0024)
8196176133
(989)(615)(7167)
9776483617
373-779-2563
2774382505
(339)(094)(4225)
(706) 767 2107
(493)(283)(3706)
(732)(687)(6233)
3453116956
(609) 467 5061
6357238626
1250311284
(027) 195 2526
742-473-8068
(002)(798)(6493)
3672366056
872-675-1334
6088659632
3019098668
(919)(297)(1777)
6072748182
216-105-9364
9601383967
802-985-4556
(950) 352 6751
3425047201
3098843621
(631)(852)(7948)
(347) 243 7067
(465) 493 2086
7216875694
5243512167
6029373254
3788316117
227-336-7534
(284)(380)(8792)
(156)(047)(3502)
627-662-7577
4711070487
5763067591
(728)(135)(2983)
6364867598
601-413-4710
066-129-8013
(281)(587)(5749)
(196) 799 2350
9135871304
(394) 765 2581
(072) 360 6420
(169)(423)(7929)
8099706261
7026021314
0081063710
(225)(131)(5139)
5323351741
(212)(386)(0986)
(533)(364)(8514)
849-031-6764
4085915762
(243) 043 5589
3102996024
0544538658
2726840005
3471216291
0133792231
6743285380
(986) 690 2713
(120) 663 0431
5024663430
(163)(465)(9466)
(013) 100 2678
2097829127
(709)(632)(2771)
2195005061
(320)(124)(7610)
(226) 182 7198
4711051348
8158067971
3648653494
(823) 415 8379
(267)(617)(9132)
2902323097
(857) 872 1149
(985)(713)(3586)
9953412365
6642427731
826-423-2336
(368) 647 8211
7545832112
(663) 986 7032
359-412-9709
6392151500
0339171522
3759435936
(116)(580)(7595)
5013022182
(380)(951)(0532)
2751703452
(968) 183 6532
2617653132
241-312-2522
5889978167
(148)(908)(7994)
5915059254
032-479-9504
(266) 275 2334
(021) 153 1035
4820387340
(443) 234 8801
(271)(465)(0961)
4642427361
5140652684
9052262297
8879451018
(612) 119 4515
(553) 631 3581
(248)(159)(2989)
7423802345
(967) 057 5026
(235)(534)(8844)
0344105859
914-682-3369
(272) 665 7171
(879) 648 9175
(807) 417 0901
1071869814
486-486-1179
1590099821
2464599860
2975579960
780-762-5078
6304022019
7781256855
8113698349
1015504989
(641) 166 7001
4748773440
0564741600
(814) 858 7451
9107321497
9905063716
5442956765
(407)(903)(3270)
(562) 693 5396
(049)(641)(2008)
1277004136
8764967214
(269)(868)(5348)
9423212557
(022) 651 6315
(692) 485 7141
(172) 492 4900
1018029285
(832)(999)(7672)
(543)(040)(7662)
4602206819
583-726-3554
422-340-7476
(377)(447)(9014)
8671728231
(257) 967 7291
9968781122
(076) 563 0478
3735642111
(292) 312 1056
8924062245
(846)(334)(2666)
(099)(593)(1477)
(198) 827 4071
(776) 995 8721
(500)(045)(5504)
339-629-1420
7248272120
(623) 429 1786
991-724-1038
(895) 560 9863
977-613-2050
(193)(589)(9620)
5705379719
(458) 987 6673
(899) 760 4751
(718) 651 2919
9266808040
(770) 806 7760
(842) 690 5388
1250122535
8169980138
5299561707
(486) 386 9360
374-492-7744
8268572385
(307) 499 4844
(353)(565)(1927)
0297631245
9617532180
(653)(728)(2226)
(366) 304 9725
(416)(386)(0444)
(458) 743 3232
(394) 066 4067
397-282-5277
(339)(660)(9422)
9288543435
9153886011
(804) 641 1442
(649)(627)(4807)
(021)(348)(1032)
8442988261
(388) 446 6132
626-534-2855
376-090-7884
571-231-8178
8710331162
(002)(078)(5873)
(305)(992)(3197)
362-691-9508
3295080009
025-946-2179
(113) 726 8567
2911901390
151-798-6179
(554)(403)(2770)
4740514130
(030) 921 9686
0247546810
(886) 223 0006
101-199-6273
7804338534
1006880730
(352)(932)(1066)
(974) 305 6956
(610)(655)(5146)
(311)(638)(5395)
1067965770
(008)(605)(1847)
640-042-6229
(836) 951 4932
(373)(833)(0714)
6997718606
(091) 804 3688
1501294014
4728275647
(166)(239)(5757)
9460253439
649-350-4551
(866)(792)(9565)
5495551248
(007) 944 3642
9209187140
(908) 353 9424
(912) 198 7011
(960)(243)(2456)
(524) 777 6590
(088) 111 8892
(922) 026 4422
999-717-1332
7301619994
7037911371
4825644147
1092572301
5030626186
(976)(507)(9526)
8354650730
074-507-7403
7879129180
4885334703
(937)(527)(4695)
038-322-0990
5378887795
(651) 994 6414
(731)(422)(4894)
(331) 388 7426
(358) 181 4291
711-945-8645
(750)(496)(9661)
7768711580
4726197193
(543) 753 5945
(238) 147 9454
(808) 544 6346
(616) 288 0613
3564270803
(855)(676)(2254)
(387)(623)(1497)
1098574105
(958)(651)(6870)
4822852144
230-110-2043
(550)(567)(7086)
1016646181
(861)(607)(4421)
043-362-9353
5780892072
(786) 087 1989
(209)(070)(9351)
5988753500
(337)(736)(6194)
(379)(794)(1136)
(561) 901 0844
(312) 972 2454
4618336177
4518857730
3550932940
4662171458
9531355440
604-363-8681
2465941577
2379730545
(157) 155 0116
002-259-8635
990-353-7729
(504) 728 3218
2517609503
9224734115
8617855501
(092)(472)(3362)
3558631665
018-937-0722
1839313279
2160293480
775-857-9625
(108)(507)(9734)
(597)(692)(6638)
2954120581
4451536720
965-660-3629
6631217584
(728)(225)(0653)
(403)(419)(7992)
604-817-7200
(063) 521 3768
5588106423
(760) 261 0219
(977)(675)(3207)
(130)(035)(3966)
(199) 313 6183
(132)(543)(1150)
(146) 191 3647
4481843082
869-250-3195
(507) 111 8023
127-249-9117
3113876225
2568831019
291-339-2487
986-594-0308
(154) 592 8946
(908) 867 9781
566-349-7604
0644170098
9051478163
409-735-9909
(137)(071)(1094)
4258946544
2354612791
9923413027
(539)(903)(3687)
(539)(446)(6435)
863-860-7059
(185) 127 5923
208-638-6219
4286286605
(324)(849)(1127)
842-657-9218
7164162100
8206272753
(211) 914 5844
(926)(711)(1922)
(464) 141 6670
(951) 110 6999
(758)(012)(2264)
(655)(606)(9041)
6898312702
(773)(904)(3708)
1986963208
(311)(916)(7640)
(525) 443 4662
9554689175
3776954610
8139496088
601-617-9482
055-586-4440
7425677722
3577843775
4595753586
6483162475
062-884-8617
(916)(126)(9370)
(202) 194 0335
204-851-6245
(587) 087 1210
528-527-7084
1168238930
(547)(484)(0341)
(805) 819 3331
(147)(913)(5084)
(171)(041)(0653)
950-448-9953
(362)(808)(0406)
4639358460
(371) 517 5833
3803357978
3111782581
(955)(452)(1302)
1967244274
324-636-4908
4401041577
(766) 796 9029
1773745820
2722435149
4350839839
759-942-9781
9870595786
(774) 149 6901
4386716291
4829121577
335-777-2512
962-346-6041
(149)(087)(6782)
(974)(087)(5274)
(182)(218)(5171)
8518914942
(361)(078)(7141)
605-216-2431
631-463-1628
(904)(676)(1204)
(774)(389)(1878)
0344607286
(212)(803)(5466)
(809)(890)(5096)
(176) 885 3338
3248328682
0444394368
5567095908
2746733448
(910)(607)(5726)
7654252577
6358373259
6945029746
820-122-4625
(214) 503 6754
(448)(562)(0647)
1495969503
(361) 725 4778
5631491438
5961622299
(604) 292 9592
(306)(157)(1499)
6008798818
7945588865
8161164166
714-203-4861
3811417150
056-510-9391
3710383176
5403143553
(011) 583 1856
6004906670
(576) 582 8829
0240709255
5652943680
0466889415
(390)(853)(4621)
217-664-7371
201-542-0564
9204383152
(988)(427)(7222)
(269)(083)(7022)
124-118-1615
137-318-8341
(194) 500 5066
(901)(822)(6120)
3949884395
(146) 966 7305
(743) 578 3050
220-964-5271
(280)(447)(3817)
5372889670
1004383068
9317784380
412-647-8579
(094) 206 0025
3439238276
(873) 950 8127
(351) 836 0432
2972604975
(807)(977)(1514)
(472)(437)(4244)
(999)(839)(8543)
2404094535
(161)(908)(2123)
(884) 631 2251
9257259004
336-787-9106
(675)(921)(6098)
1514638610
6237244977
1107434479
(487)(923)(2693)
(337) 932 9852
1528458486
841-718-3474
(931) 723 5104
(265)(678)(5864)
(852)(608)(2078)
3871416790
8545361643
7967108907
3087814971
3908971711
(136)(283)(3247)
5658433146
7347772467
4867041186
291-166-9825
7518558614
8735521722
(499)(793)(8302)
(918) 152 5371
(338) 514 3345
(062) 986 1016
(583) 561 9836
9678643769
5155885142
3365708099
786-012-1412
133-886-3555
615-605-2711
8275917452
(050)(324)(4988)
0344096523
3447388868
8718129413
3906277149
(516) 062 4207
6945754613
(004)(929)(2043)
7243874671
2558358545
(302)(288)(7848)
7031743970
708-530-5020
(422)(532)(0092)
(796) 176 5107
6907496212
5253132527
561-613-8841
(392) 991 9466
3055674003
(584) 516 7264
293-652-4303
(895) 269 5541
(547) 119 1006
4886282182
555-151-6172
9901777836
209-279-0345
(687)(454)(4411)
(898)(296)(0343)
8030768323
(920) 130 9901
9693407799
1115839807
(573)(980)(0792)
(443)(827)(1719)
3369146123
1869399883
(351) 694 3096
129-108-9635
060-198-0061
0518473342
5424715132
796-311-4020
(141) 789 3422
(220) 332 9248
(700)(832)(9720)
2938425977
9160354724
(403) 348 0922
(835) 969 1420
(677) 030 2202
(054)(493)(6742)
1894641963
8065220798
(082)(643)(8248)
892-244-9440
(246) 332 4072
(829)(073)(0747)
(451) 422 4942
338-497-9913
(075)(450)(0283)
9356460535
(033)(594)(2514)
5331313464
006-722-9317
7207747570
1284348182
5932902952
(078)(128)(3301)
8204965032
(505) 537 8368
643-119-9453
5868587971
(772) 631 4821
6812781669
(601)(192)(8416)
(967) 784 8894
(871) 173 3489
3387744897
2137888897
(524) 822 3867
(966) 871 3012
(778) 049 3373
5302980019
2807688697
7911988343
1885081612
4892269972
(779) 223 1158
176-394-1280
808-934-3003
6637840143
(108) 356 8556
(110)(988)(5543)
(162)(427)(2910)
(516)(528)(1544)
2650534069
1087852916
(363) 597 3162
6180713147
4745108044
(485)(924)(6511)
115-971-8187
3865339937
4138526279
0518577743
(081)(116)(6213)
(161)(204)(8425)
694-954-3190
(397) 766 7127
995-687-1242
(134) 847 8054
5148094888
5478740544
2497038338
(420) 153 0186
2379920010
6189407337
(377)(492)(3440)
(094) 831 0246
336-287-9151
4212187923
6853181731
(056) 447 2209
0731475104
2819909436
8105087645
(106) 088 5658
4162949454
0710939435
(185)(141)(8390)
4635985242
1025207713
(854)(416)(9865)
9729442680
827-672-6684
4107744054
(738)(744)(1205)
(046)(229)(1760)
(704) 284 8769
(171) 660 8001
0263007445
3089606818
260-741-8946
0288569106
4107804204
(882)(561)(2744)
(520)(666)(1502)
(942)(773)(0899)
(644)(938)(8779)
7312700359
(803)(170)(0344)
(533) 526 5390
(522) 667 6784
1256907408
(481) 293 7161
8271094229
083-770-5746
(368)(517)(7059)
(635) 835 5915
598-455-8629
6999599243
6363665204
(352)(196)(1956)
2006046750
0395234806
(890)(722)(9745)
785-903-6737
(519) 350 5644
(089)(609)(5622)
4597835553
(588)(718)(7201)
688-845-7998
2210875008
0201507638
7016944101
3620306077
7904348814
(256) 364 0820
4384598611
026-887-7549
4205719538
(620) 830 8177
(779)(825)(9068)
(096)(939)(6683)
7698762936
0171429230
(720)(982)(0910)
5997468934
825-325-5768
8067811366
(124)(359)(0756)
(789)(695)(2604)
(839)(927)(6812)
3855252374
0873992873
(777)(038)(2532)
838-866-4845
7606682413
0275715003
381-485-5979
8736013704
4566733337
(893) 133 4993
354-125-5193
9551888300
7415341419
278-757-1798
6705624980
9719216997
4507896437
(350) 514 2899
7492931801
628-493-3992
9280846409
(955) 982 4675
406-128-8039
7466463666
(771) 403 3288
(299)(132)(8901)
8568412086
(500)(356)(0805)
9852190872
992-178-8149
(829) 854 6571
1415601432
0491971916
(053) 556 2442
(905) 938 6642
6906571702
2262280443
(446)(080)(4573)
8789316223
690-652-9674
4935660408
(175) 566 8153
3151011459
(111) 343 7051
(346)(748)(1310)
(758) 818 3224
0642792056
7614783622
(104) 721 4368
(393) 049 1288
088-355-5923
5773327839
(187) 370 3060
(374)(006)(0218)
(932) 849 5260
603-678-5494
(054)(330)(6799)
(698)(680)(3885)
3373855461
(643)(058)(2775)
5148017028
3077377829
(263) 701 4907
5122299927
(395)(993)(4788)
2564792431
8465820742
9974841949
194-251-4347
(050)(479)(6161)
1229087016
502-359-2714
(303) 437 5913
233-206-1833
5063506642
9528686015
1435714059
(288)(185)(2495)
7109700858
949-942-1020
5709207950
(943) 059 7445
1402354411
111-743-5652
(163)(933)(6759)
(415) 275 0121
5041794758
545-416-6680
(125) 158 3411
3315022753
2779988207
(099)(375)(0321)
815-996-5734
682-510-1731
1003324631
191-724-0320
9866840064
350-450-1899
(203) 247 8850
1200289371
(607) 951 9858
2887740733
383-498-8547
3975388864
(422)(875)(8152)
465-419-6117
0477457915
066-770-7437
(623) 895 8995
276-733-5303
(454) 348 7158
492-994-7976
2733084136
(613) 463 3988
633-782-1524
7307004543
(620)(288)(9548)
8467707387
0133619786
(571)(991)(2298)
(723)(978)(0023)
(555) 898 1232
(685)(469)(9519)
(033)(235)(4057)
6328616510
8702361030
6292835795
4264827611
(622) 481 5034
0334671967
899-869-9687
(966) 341 0317
667-065-5625
884-135-8137
(161)(984)(2919)
(995) 584 8382
8159017071
5996401961
(122) 295 4993
863-037-5987
(457) 030 9325
9947274060
(891)(953)(3684)
189-791-2090
(495)(919)(6542)
0758868826
(351)(691)(3007)
0779191797
982-605-2045
(845) 313 4056
4909768406
6191183562
(959) 775 4296
8505874628
(722)(864)(8498)
2165219186
2505738465
1531449512
(903)(643)(6171)
(860)(468)(0948)
(471)(090)(3280)
5624195801
7697337569
4520755566
5401436738
(621)(694)(1201)
(371)(121)(7846)
8434832391
4271194111
9005366900
027-117-6734
9028330958
572-777-6037
2305643757
3243524074
015-589-4550
5790790918
(436) 714 0073
(994)(578)(1522)
(281)(727)(7489)
4614538229
(003)(359)(4963)
(406)(603)(5512)
(995) 002 4571
3330209161
1322100163
1588101384
(106) 392 4591
885-583-5706
(963)(252)(9532)
(459)(906)(6430)
(167)(383)(2670)
7460384027
5103202096
280-668-6333
739-386-8973
6036143921
1785754324
784-077-8959
(558)(860)(4412)
(879)(455)(5464)
7344654153
3356700684
060-290-5064
