0186939007
3650155387
582-295-2454
8599722526
1839421878
(890) 388 1968
(677) 599 0488
(918) 866 7366
499-621-5844
9430691218
(729) 859 5734
4094384590
7884130979
(733)(247)(3741)
(496)(652)(2108)
2466528381
(995) 777 7967
9719902009
(870)(120)(8470)
(883)(185)(0236)
9436070275
900-129-7855
(628)(473)(0118)
(101)(485)(8858)
2640923722
7529161710
8292623420
(309)(399)(5328)
(540)(150)(9972)
886-061-9680
(193)(395)(1590)
411-874-5279
0072407328
(875) 861 4206
(623)(201)(9759)
(363)(520)(2364)
730-059-8589
3355849235
(630) 330 1693
3414270096
(176)(856)(1754)
1809317089
7650143643
(624)(840)(3210)
5130691532
744-788-1293
(834)(123)(3141)
6878014708
(258) 915 0540
4664946783
3042216454
0434432494
956-881-5244
7281391648
(677)(773)(6084)
4887287038
979-735-3264
1049466804
(671)(513)(5942)
4636592594
8994738021
(968) 431 7396
1008763545
(943)(519)(0383)
860-380-3575
5459751338
8553065098
(378)(830)(0885)
639-064-3721
555-735-3403
(431) 545 1578
9658153676
(466)(424)(3547)
012-395-6720
348-846-0640
674-304-7394
6080220223
1918131829
328-478-0566
751-227-4702
427-691-1308
8651816571
(431) 957 4582
894-304-8430
(181) 678 9597
(314)(058)(1897)
(290) 608 6566
5609816155
0939450098
5429398508
7134662183
9131319767
4772663173
2746130072
(793) 211 1693
7885188632
(216)(341)(9030)
2519548360
(847) 354 6128
(505)(568)(6781)
493-530-9453
(495)(603)(6481)
(560)(834)(7316)
4250959076
(522) 973 3850
0366638025
(190) 887 8980
(463)(199)(1113)
(350)(999)(7219)
253-849-5472
9312892230
1104168155
5824759734
(878) 587 3832
(713) 281 1112
(470) 358 0792
8241112009
4266665830
8289742578
(307) 575 2574
(617) 766 3192
(582) 334 5621
(971) 600 9044
5813400628
5738487856
(895)(397)(3660)
3719925328
010-954-5711
3302553294
213-687-9649
(633) 821 3061
(119)(246)(7377)
3691755761
(641) 759 3398
(497) 186 1020
4375667268
6886781118
(629) 413 9858
(760) 351 5654
(934)(001)(2227)
8823837993
895-075-0647
(537) 310 8386
(932)(901)(0865)
(032) 625 6800
(401) 183 2063
(972) 531 6295
213-064-3561
(923) 279 7982
(294) 860 3200
506-058-7017
1980544108
1956119542
6014589118
902-600-9626
2665746664
0664647514
(029)(155)(7617)
(485)(027)(7545)
9264556094
6162682242
4350147511
0127493319
9634549773
(126)(333)(4202)
(040) 392 6267
5305833705
9322370066
(348)(317)(6912)
(377)(181)(5227)
424-251-6547
5316483218
(917)(597)(2706)
(444) 235 1432
(673)(243)(7040)
(046) 464 1954
4083288459
690-088-7321
152-686-4316
(837)(227)(6739)
831-350-7993
3414266510
5205334424
681-233-1910
8640137602
7875965853
2855871024
8644841209
(655) 638 8012
073-309-7777
(591)(080)(4494)
8545490397
720-435-1018
3496324761
1835003991
1669347426
2150204295
361-300-9149
8721964529
(006) 008 3879
477-184-4207
2080907255
(155) 296 6471
(641)(474)(3300)
376-811-6890
(203)(184)(0237)
7211245228
(061) 783 4281
1977187316
6137171535
4008527711
(151)(938)(4572)
0634931814
5032751456
4277991520
(221) 040 6681
4355904740
(342) 063 3501
086-297-7272
6647531228
(924)(783)(4074)
9332735676
5418781605
391-605-9834
(166)(880)(7811)
(748)(541)(8309)
546-265-6431
1514281592
2018043756
3906054894
9133399112
(750)(315)(8161)
0224171370
(589)(147)(6868)
(420)(557)(7531)
6518876141
(480)(458)(3569)
1857298346
8016190113
(705)(939)(0182)
7430396673
120-576-4510
0159520508
5560260948
124-846-5422
1132352475
2259114673
(823)(278)(3089)
0985183287
9344381752
4243562691
2233640867
9956549101
5127185832
933-844-3271
889-774-6270
(683)(238)(7995)
608-650-0420
(508)(415)(8723)
6849492036
(943) 822 9036
(939)(699)(4112)
431-647-2471
054-184-8153
(740) 837 4799
(437) 018 5636
4185592875
188-738-5545
133-578-6099
(842)(657)(3313)
9995058406
9275024027
9812128353
710-834-1488
931-764-6547
7811671996
(524)(999)(1686)
(824) 876 4455
(577)(265)(7196)
224-470-1110
(383)(430)(4817)
(797) 186 7081
(281) 985 3087
(187) 875 8689
(510) 779 3724
(013) 631 1414
598-844-1904
(180)(489)(5662)
(163) 741 4485
562-387-0096
(351)(842)(0280)
0269741492
8459726917
1826052586
5540453645
1329123598
(752)(116)(6062)
3032077282
6150163451
822-852-8827
(886)(941)(4322)
(836) 871 8365
7312765422
5755610262
570-780-0675
1644883171
9035891424
5061188669
823-159-5596
008-305-3671
(319)(152)(8702)
(840)(625)(9186)
0161125868
(411) 782 6543
(117) 609 1372
3905926253
(324) 894 8514
2652619793
4030916825
(911)(120)(0686)
(611) 514 4505
(754) 037 8188
130-576-1436
(867)(912)(5119)
(361)(146)(8202)
219-166-9678
5113863354
5349499204
2188087272
(552) 380 4703
(907) 690 2503
(205)(411)(6069)
9325047072
(271)(283)(2048)
(111)(530)(4321)
(964) 138 5861
0243645492
3079970286
(765)(979)(7744)
(166) 202 5408
759-399-8656
9403903117
(261) 457 2597
(511) 679 4019
0285987665
(804) 845 6618
9583342585
(248) 783 0111
(858) 521 6157
(739)(605)(9570)
8193292296
(232)(060)(9920)
(128) 599 8432
(161) 226 2824
6385545923
1801683580
(112)(616)(4192)
8445676514
892-404-2282
7334171720
4104861350
2692316649
(432)(004)(2937)
5112455385
(601) 296 4978
6211108060
0819903202
199-624-3684
9807268628
(879)(308)(7665)
(719) 287 1731
8318059111
9966869007
(103)(299)(1776)
(391) 242 1530
116-716-9436
395-165-5685
(907)(474)(0775)
(624) 046 1049
096-553-0087
1905063223
(203)(100)(0447)
9663343702
(073)(091)(3645)
618-310-2419
1286576160
(111)(942)(4532)
(926)(208)(0746)
097-234-6766
354-672-0564
912-137-4405
1910842978
117-682-1603
9001872872
174-622-4222
5974069690
9559113253
3455165223
(644) 113 5342
1273739132
6964164695
714-010-2810
0001053522
496-951-8493
9896916193
036-440-9668
(798)(010)(4815)
315-299-0861
(703)(878)(6058)
5764180070
3982144104
6915046505
229-564-0828
9120673732
(545)(623)(5179)
(664) 605 1594
(934) 579 6005
(814)(527)(8700)
(016)(346)(9123)
9424610179
1556878737
(506)(071)(2671)
1426289136
5179802731
(725)(113)(0730)
5161204065
4298424139
2993294120
(445)(648)(7802)
5878120728
1927641373
2574421311
(149)(645)(4025)
945-808-6249
6130343386
2892255212
(315)(835)(6947)
5435662969
871-402-9737
9314001150
(688)(321)(1915)
8762187166
1521929532
0812555111
5285289322
(539)(644)(6852)
(848)(008)(5188)
0687354687
(211) 596 5700
2358718037
(131) 060 5843
(901) 513 8463
(822) 437 5874
(964)(732)(3361)
350-509-2446
448-825-4899
0893278412
160-926-9325
(796)(552)(4882)
257-851-1597
886-239-6684
(262)(606)(9791)
(208)(539)(2349)
660-917-4001
8931016278
841-727-5990
0958672792
(082)(681)(8304)
313-382-4321
4157573167
7364958472
8770217494
(844)(981)(6379)
2621902253
(651)(351)(4623)
719-255-7937
(189)(934)(3782)
0023401570
(912) 961 5178
3011489476
(066) 529 7959
166-521-6704
399-456-3367
(791)(209)(5204)
(634)(806)(0954)
(645)(583)(6423)
6974609740
7666347282
7400312788
8231690733
1192822594
018-738-0718
(760) 966 5241
7116531175
(020) 312 9525
241-304-9008
171-573-1742
722-606-2857
594-037-0220
1805502216
(583) 178 6937
(092) 139 0688
3119186119
(554)(163)(3154)
(489) 147 9453
914-518-8309
(751)(894)(4272)
(126)(676)(2468)
0938409673
(298)(663)(6784)
5699632426
0184149260
5783932120
964-558-2326
3018407573
7836446201
(460)(067)(7334)
143-634-1516
559-057-0712
8478098512
8353328757
318-420-7528
3086802369
9876238613
(867) 425 5985
(529) 659 6214
441-284-3061
(722)(659)(7418)
4566588451
786-872-7830
5695768945
6820281663
(271)(479)(7775)
426-915-2021
675-244-1115
(676)(953)(0381)
3452233150
0847413630
242-572-7396
(769) 147 1337
1891156541
(362) 249 1874
(907) 096 4340
3285074538
(028)(013)(0789)
424-977-1865
(495)(335)(9076)
4966831769
6618266368
5203489723
(308)(071)(5407)
(664)(911)(2721)
(154) 927 0602
924-863-6244
(408) 732 3163
1962181345
728-780-8526
5683731931
(267) 232 1517
(885) 700 3910
(764)(187)(6839)
217-585-2757
7818433489
(438) 207 1578
180-660-6625
831-403-9554
860-543-0985
(935) 318 4046
(835)(239)(4013)
(709)(690)(6679)
4065895024
184-883-8345
987-787-6031
5587816992
8333924190
450-761-6715
(689) 565 0858
469-050-1949
0500049793
(808)(600)(9515)
4144484885
(628)(755)(4229)
0241455256
122-475-2792
(831) 677 2976
4581415341
(708) 214 8891
(991)(509)(8894)
398-633-8516
4919866878
2598304668
0320085652
4206809353
(313)(887)(1384)
4440172035
(253) 403 7544
7061914169
(063)(229)(4228)
8165964417
(076)(461)(4400)
(957) 352 8872
6130915206
8442650356
(084)(846)(5975)
667-934-8093
177-347-6830
(867) 608 8096
(756) 101 0148
(242)(872)(4554)
9931693450
3285325364
867-742-0154
(841)(398)(3603)
(837)(030)(3558)
5922914199
(606)(925)(6312)
099-170-8340
(367) 678 9469
(108) 500 8579
(221) 326 6553
0104914538
7587973548
(472)(024)(7876)
2489628222
(774)(039)(9549)
682-029-2988
(704) 589 7926
7583637198
8744415158
(125) 853 1911
(947)(563)(3484)
(593)(219)(3854)
5416167900
(699) 995 6248
2428151575
3632804363
1852050861
(233) 455 3514
(621)(767)(5328)
586-846-8672
(629)(136)(0263)
(346)(758)(6053)
601-625-6366
(115)(427)(9063)
928-407-3061
4349998256
(824)(610)(8451)
147-012-9724
871-759-3449
(799) 738 3050
518-651-7661
0891520554
4124281509
(532) 441 3663
(186) 431 9430
(239) 810 7079
(718)(077)(4499)
832-486-3917
030-989-3647
139-848-1231
905-320-2524
640-996-3997
247-494-5043
4965440048
795-553-3029
8794708700
(840) 426 8411
9945750536
5837579391
(726)(835)(2242)
(665) 911 5746
351-606-9657
491-599-4497
(756) 181 7670
884-871-0780
(052)(673)(7635)
3297369747
(699) 247 4518
2759948188
767-741-1848
(179) 663 9409
2544974299
4855574834
(416)(714)(7483)
8753053197
(926) 525 4327
(909) 918 9442
1463261504
7251762399
273-093-1874
2444048725
8177896850
(346)(131)(0445)
(676)(099)(7000)
479-364-4134
(181)(742)(1965)
(984)(391)(8993)
9136863103
312-567-7683
3298462284
(280)(795)(0263)
(350) 278 4600
(746) 638 9951
1523233612
3938797404
5708984300
(853) 942 2543
(464) 765 6511
9875594819
(406) 919 4814
623-910-8331
6023681273
3698325201
1006558084
0314037125
004-623-2773
9328321438
(404) 426 1339
760-140-9425
168-484-4560
8935660825
689-178-2255
3869744401
2691497095
7427486486
1736207985
4299860802
1020589370
579-063-8104
756-538-2456
8890949584
702-879-8174
0696942353
6050221187
010-415-7097
(657)(753)(1372)
(733)(272)(2493)
5209335479
028-641-7612
167-455-8336
(791)(519)(7253)
(648)(701)(0999)
5619239847
(480)(068)(1504)
7994484165
6919893056
146-809-9105
(103) 489 8464
0959446793
(844)(628)(2005)
(117) 247 6161
(747) 081 2360
6931642704
(891)(405)(4685)
(453) 712 0045
(050) 245 3362
(492) 443 3021
(960)(523)(4268)
7921046733
3961235339
514-228-1667
(708) 795 4063
1975654900
8721598972
258-151-4578
2272128694
(585) 009 3623
314-892-7693
(504) 694 0570
7098052769
(132)(070)(4515)
(903) 489 4686
(712) 801 3246
(537) 781 5021
3079037769
(641)(020)(4880)
0205802458
1248766999
(062)(666)(7869)
3020537185
977-427-6811
(112)(362)(3013)
597-733-9819
(254) 374 3634
461-092-7010
268-287-9368
(487)(310)(7778)
5145879164
855-985-6291
868-547-6761
7395827841
9957017633
0108401063
9260090579
(433)(977)(4946)
(712) 799 1534
8675250730
4667216860
7712148160
052-041-1350
(589) 765 1691
(664) 392 9071
3316301839
703-623-7262
7540248732
(013)(597)(3118)
(951)(083)(6197)
(414) 221 1995
616-910-5446
(008)(944)(0594)
0767804887
9075055417
249-096-4463
6416009674
9878899003
3010804623
7172101303
4748907746
1829333801
8483027541
(729) 428 7502
310-713-2532
4914664882
(971)(096)(6964)
(085) 349 3302
(449)(255)(8089)
086-391-0212
(294)(605)(9665)
(908)(403)(4721)
887-594-8195
8676518688
(233)(665)(9842)
337-654-0919
2393941681
(911) 708 2885
870-255-3062
(671) 557 5711
(597)(548)(6775)
8169624568
788-613-7362
4125488054
(664)(680)(9206)
(205) 091 9825
(823)(873)(9407)
1841911892
9150198532
(034) 171 9982
(856)(885)(7704)
(726) 148 5003
7250111475
147-447-3197
691-881-7632
5030510508
792-613-9819
(841)(819)(9456)
(925)(294)(7007)
4980416590
2586621087
3540185585
8167097972
(898) 709 3797
2581486444
9276791194
9910194755
(309) 061 4033
2561344900
1516210118
1066454176
(789)(546)(1942)
6156607734
(123)(252)(4478)
6583538947
026-571-1551
(024)(071)(6257)
(330) 890 7014
423-703-5655
622-799-2981
3820533812
1629606196
(971)(922)(4338)
(035)(524)(7268)
2717593045
(281)(807)(2811)
974-753-8420
(029)(129)(7173)
(145) 589 8949
8644558578
238-648-7128
(317) 034 9936
(403) 044 3038
(398) 682 5735
(903) 396 6910
4039201008
7290929833
(521) 108 8654
6215150221
3352633018
652-999-3232
417-496-4321
867-697-5941
4744889951
090-926-7974
(702)(463)(6623)
(237) 662 4007
(385) 136 5595
4648428668
7274059554
8917026315
5047629917
1638969435
(174) 965 1857
(978) 151 2942
(542) 167 9649
5783118897
381-403-7742
(157)(600)(6452)
(219) 776 5446
187-854-6531
(087)(738)(1003)
6713944305
(808) 177 4952
4393295002
(046) 274 2131
624-626-9951
2819572345
(678) 838 0949
4275307462
(565)(243)(4018)
5887829519
(774) 810 9516
(350)(852)(4783)
(038)(719)(2940)
3835432584
(939) 251 5068
(981) 991 8798
(405)(265)(2114)
(581)(940)(7644)
4081048386
1664470253
160-568-1392
2899320358
(233) 082 6469
(380) 942 4232
(666) 171 0335
(382)(790)(5999)
2999022558
092-666-9698
663-001-2638
054-736-4275
1423310057
(104) 248 1423
9246640014
3551245653
0855088817
8397220363
8317694862
(758) 726 9924
0304218382
8205904880
3242368061
8925715530
416-247-4969
0353532917
(632) 106 8971
(485) 209 9178
7308151316
(172)(305)(2759)
(784)(417)(5170)
5975367239
7524330836
(239) 118 3835
858-748-0189
(905)(111)(0484)
(535) 556 6960
(502) 276 8921
(862) 506 1999
4109779680
0541429369
(764)(283)(6467)
(586)(507)(1776)
7411162381
(134) 981 6585
856-857-0135
(275)(428)(2990)
175-732-6765
769-451-0687
7196447396
1264046850
0757101839
6116189316
060-024-2668
1722191070
5180060373
9072326284
3075433691
(608) 104 1382
0679732814
(629) 548 1243
4196781916
4628813058
7896461094
4795603703
(812) 272 1412
(674) 091 6408
9847284614
9252434746
(729) 026 1650
(092) 567 3949
245-341-3403
(140) 306 1201
4266792941
(891) 407 7525
(131)(275)(6627)
(754) 797 7002
(329) 377 6642
7445106415
(729) 059 5509
2436866159
366-949-4791
(082) 308 3941
(148)(761)(1436)
6056793957
(332) 428 3230
5805404018
3061939369
2700814231
(631) 460 8143
4252227713
(555) 233 4032
(856)(348)(2706)
619-027-1628
067-917-4976
(758) 837 1666
(906) 435 1957
(530)(263)(0761)
7725649897
(566)(544)(3908)
0757224179
569-076-4941
4477901629
8385286919
035-110-3463
(323)(202)(4373)
(368) 201 9184
0514385377
5635327115
732-584-0579
3582405430
(418) 562 5900
5448078300
(982)(046)(8079)
(087) 784 0447
(732) 467 4433
811-342-0726
(120) 834 9821
1358640962
(055) 749 5013
(004) 796 3882
(210)(225)(7489)
(736)(315)(0484)
(685) 938 3442
(956)(040)(4462)
8571262931
(026)(540)(6803)
(598) 665 0316
(474) 166 6690
849-575-0973
1111528961
(666)(004)(5817)
6967912631
352-740-5406
299-511-7653
3417701697
303-233-2541
6002319625
5839368287
(520) 956 8190
(895)(372)(7027)
(456) 053 6712
(952)(679)(6248)
1024586706
175-267-1118
9400138995
(131) 795 7257
421-585-6578
(080)(887)(3428)
5692873122
2020441541
8526804890
5978980537
380-404-9829
(733) 245 5825
968-068-0942
340-342-6366
517-777-7638
2758970438
3486452319
3961919334
(501)(124)(9293)
(460) 110 2559
(359)(327)(6683)
(293) 468 6288
6268174082
8257261163
265-188-6921
(170)(891)(8914)
6292228384
(171)(008)(1763)
7469995261
7303092072
9822057762
(596) 891 7467
007-165-5521
0290840519
(753) 891 7593
(638) 325 6729
(799) 244 0443
(484) 807 0236
(086)(324)(3520)
7129707458
3964132757
(936) 494 2452
(002)(491)(3552)
9596067178
811-211-3221
8476740798
381-629-1677
(843) 176 4211
2424897903
(889)(353)(7146)
198-385-8747
(929) 550 2206
8643406870
(655)(923)(8409)
367-805-7952
781-285-5152
2915148227
(938) 908 6824
9680231378
6642502036
(105)(388)(3871)
0567222586
325-590-6117
(793) 692 2164
6320035848
(941)(534)(0729)
(103)(067)(5835)
(500) 724 1373
0921184516
1265227204
(529)(533)(6038)
573-101-5046
246-005-3859
(327)(847)(6827)
6024673458
(577)(368)(5042)
(816)(928)(1898)
(990) 117 5903
(937) 401 5699
(692) 017 5430
1566904983
115-326-3046
(844)(813)(7805)
(289)(571)(1308)
(495)(524)(4662)
5880300703
(248) 738 2406
5016961301
883-886-6919
867-562-2826
(425) 609 4869
5004048629
(606)(729)(8573)
2542099235
(868) 058 8065
8671460451
(827)(817)(1500)
(033)(693)(0345)
(082)(614)(2047)
(211)(097)(9054)
0505937063
944-293-6922
3635432424
8769648341
450-726-2463
5588546047
5852662664
017-456-3734
811-415-9370
843-491-3696
(037)(123)(1089)
(074)(920)(2644)
(984) 691 2185
2160242855
5683909687
8128970316
(148) 048 0530
945-918-1710
5452301261
3053112752
663-622-4754
1787552601
(297)(651)(8256)
(791) 366 6567
(447) 457 2070
1099555229
(464)(833)(4198)
(626) 144 3255
630-817-7581
(813) 085 5773
5072983046
(559) 724 4273
(224)(431)(1258)
(533) 415 0204
1288431428
6250779192
910-165-3188
4075888682
(303)(517)(5854)
(869)(513)(6272)
(392)(267)(8416)
(803) 766 2480
(453) 804 5690
0348134566
683-856-0181
723-702-5568
(282) 991 7016
(462) 091 7456
(319) 940 4678
343-806-5412
510-826-3994
8140428832
4148251084
8723054733
(063)(223)(6243)
5670392918
6570010389
(473) 877 4293
6804267848
6325610931
(272) 381 3556
(344)(796)(2364)
(307) 925 2847
777-519-5021
(130)(546)(6292)
(503)(300)(0102)
8052522065
(209)(466)(6149)
(560)(117)(4635)
1721167461
6217449141
0602045192
2886811674
891-572-5918
8429956778
(794) 733 1121
5573711091
(211)(578)(6185)
131-145-7248
434-162-1124
(506) 230 6242
443-256-2481
(949)(382)(8782)
5495249516
(459)(992)(9731)
(719)(730)(3057)
458-167-5195
5273356229
2340970115
(070) 224 5659
3497913804
970-739-0421
158-587-1043
0412123334
7923301053
(230)(910)(6141)
(165) 920 3966
(523) 094 1533
0870939649
0305255883
(158)(082)(9289)
9970103184
242-421-5926
(009)(342)(2302)
(262) 300 2925
5381870680
0203048336
(087) 813 1110
682-518-6973
077-442-9185
9520356661
9682766517
855-316-0901
(762) 490 6683
(974) 084 5569
(558) 076 3286
946-599-3525
786-287-7182
(912)(085)(2219)
080-435-3039
9700773449
231-032-7894
1590965741
8755858702
730-816-9147
(746) 060 2484
(211)(888)(3311)
9112684243
119-749-4219
000-677-9732
1497259211
5961016472
6747310671
3950860257
(857) 106 1757
(585)(139)(5333)
0626827239
3192945498
(138)(794)(7605)
7746627606
7364008793
(440)(184)(0737)
7013974591
(535) 658 2331
508-325-0514
(634) 217 3941
790-095-1514
(254) 296 6865
(687)(696)(7853)
5495957351
(836) 483 7546
236-982-1334
9420743035
(088)(920)(2973)
(498) 694 3834
(170)(404)(7047)
(365)(983)(0410)
(612)(504)(8265)
379-137-0481
8604862389
813-168-6059
7824754705
4412392446
1262285317
(612) 902 8616
048-281-5310
8821643766
2808794178
786-098-3618
201-330-3761
7402759670
3705009321
6334302815
1951349280
7843174557
9957636482
(442)(074)(5061)
(456)(494)(6707)
3411647932
(060)(519)(6749)
(407) 091 9085
2493905642
(827) 698 2704
2820527420
0971045734
6547343946
746-541-2097
4295852558
5196006612
(879) 904 0804
6317178211
444-915-7167
(591)(032)(7370)
211-755-2550
9051276092
7502902777
775-981-3164
(295)(055)(3430)
(699)(931)(1320)
531-935-2103
8573312342
(751)(699)(6341)
1264226510
(364)(856)(2355)
(071) 671 1975
1127756507
351-331-8897
(957) 135 2967
022-490-5605
(578)(449)(2653)
5883329024
1889025187
(821) 019 3136
099-316-6629
7985523006
0828573166
584-223-7490
(256)(704)(6757)
9079230294
(594) 418 1477
9532511184
642-148-3945
5759935121
233-899-2891
3547551042
4243251990
(161)(715)(8924)
553-239-4035
7418875235
3685043933
0421251993
(225) 413 2550
(640)(679)(7900)
868-480-5066
3289451531
0902466295
5809067578
7636889882
(798) 984 2211
(297) 721 3166
716-370-3136
(910)(916)(9102)
4993391877
232-761-9986
8024395999
472-121-3886
662-319-8107
883-824-6622
0883386461
(428)(264)(7083)
9792039937
8033181406
(182)(470)(3792)
(821) 180 4626
(035)(630)(5640)
004-375-7508
7539907030
3961883267
3026750865
(789) 551 3989
(141)(656)(0555)
(770) 893 3522
304-828-6416
901-965-7944
9909158828
9900545279
623-175-4273
621-832-3277
(261)(202)(8420)
7837727287
7126035951
7471947376
409-609-4798
(995)(961)(4785)
8312045239
221-509-9065
929-168-0485
(633) 799 7300
(801) 282 7770
1828657429
9368759673
3494185859
(332)(197)(0026)
153-130-8218
3040654354
8299078452
(825) 653 3494
170-826-9243
(544)(362)(0075)
(254) 162 2208
1812263846
394-459-2264
(463) 760 8430
2136278005
(166)(106)(6015)
(401)(560)(6440)
363-701-5227
(058)(816)(5962)
(147)(221)(8271)
790-200-7037
905-481-7445
245-551-7800
3482872362
(475) 122 8277
5501576060
(896) 797 1148
509-903-9763
8214790747
4199783999
(798) 769 4925
(107)(712)(9642)
(813)(196)(1726)
(190) 686 9500
973-667-3560
(214) 983 2364
6765351489
6711119332
474-896-3795
(796) 540 0890
4227957376
1545571025
(622)(826)(3117)
403-196-8502
5611003717
593-089-4105
6655932482
(268)(064)(0706)
7502827855
6542544447
6923068644
1577047421
4824143309
129-901-4139
(605) 528 3634
0975955014
836-301-4850
362-842-8192
(256)(139)(3570)
(915)(892)(0966)
567-054-7290
8219944904
1593668857
1500944554
(895) 329 1592
3227264129
(329) 691 5914
(221)(058)(9146)
299-786-0329
739-908-3935
(859) 480 3324
9898080270
(713) 683 1829
4776467330
6825821494
(267) 328 8891
3517054705
(906) 265 5708
(712) 541 2052
779-713-1129
444-086-7589
825-371-3276
710-629-5387
(307)(665)(4288)
(383) 455 7669
8452115625
(014) 093 9092
737-897-0231
(214) 128 6435
(420)(577)(0138)
(741)(172)(3434)
(349) 341 9937
2400744627
3528913697
(882)(670)(4931)
(227) 140 2184
(405)(304)(5740)
3579992049
(003)(202)(0162)
6364190338
052-099-3209
(005) 119 9621
(659)(684)(5850)
(082) 368 1496
0902022268
1795805951
(476) 268 5965
956-844-0271
9401777995
639-509-9728
(184)(779)(3164)
8199036801
112-083-1202
(686) 613 3104
4708426036
475-878-8207
6615342746
502-789-9377
1045415036
(925) 674 6558
(440)(288)(5606)
9314772618
6140506783
(382) 007 4889
(616)(082)(9695)
5530836660
4722035117
685-790-4881
6333022679
6084005027
578-941-9171
(460) 433 6086
784-080-9616
446-716-7612
2326865866
463-729-1764
(711) 835 8712
6612160373
(805)(433)(6738)
(643) 772 4475
094-912-4074
2520161137
6302783731
(471) 429 5900
(485)(607)(5686)
3125200878
(842)(072)(0972)
(382)(406)(2968)
1785122584
793-135-5554
9135492026
635-533-6002
7071331428
4488914856
8146550656
(970) 112 6435
655-590-6327
5643335647
(338)(810)(2746)
3906908225
7290447993
(814)(372)(6897)
032-045-2219
0833975759
4380641386
(264)(061)(9250)
203-884-7913
1383708795
(418)(704)(2928)
495-033-1984
9520924923
4748049405
2125594650
(385)(466)(2009)
(729) 874 0276
809-376-9798
2344865300
1272612782
(984) 988 3437
039-559-2077
(949)(098)(3573)
1826452793
(809) 030 9578
2787309769
(976)(537)(3788)
(449) 308 2510
5675287764
266-853-0604
765-454-5525
(022) 471 4696
(535) 171 9187
8397063987
(991)(618)(1903)
0572938572
(650)(029)(1145)
(543) 441 1363
127-830-2274
(555) 537 0435
(914)(999)(1384)
427-114-3477
(379)(611)(1280)
8356609774
6547337586
(034) 306 1119
690-861-6754
(409)(524)(1733)
5260638434
8989641937
982-166-1534
(724)(049)(7819)
(680)(514)(2491)
8872953157
410-481-3194
267-754-2831
668-578-7846
0454115060
(023)(107)(5295)
(670)(173)(2555)
(421) 217 0586
(530) 688 6393
4179565800
7120004879
(477)(705)(4829)
(038) 293 0306
2204610444
033-528-5901
709-844-6417
7976852653
4905430048
7582035644
(486) 082 0387
262-574-1203
(356) 416 3117
(005)(278)(2324)
327-069-6409
5433804246
(474) 895 4942
1998780683
666-028-6378
5053821118
1496062303
0354346224
877-162-6282
9799546739
(851)(125)(3957)
3075853617
(044) 765 6379
(512) 487 7194
(413) 343 5362
(872)(364)(7998)
(721)(521)(0965)
(271) 167 8323
737-725-3155
(522)(016)(3072)
4096841217
(063) 498 6953
(174)(573)(2720)
653-137-2223
0257368199
0676140150
(168) 403 1712
(766)(068)(1593)
(563)(426)(7768)
2051711764
3322149668
(264) 504 7213
(765) 825 9871
4795308256
1471851348
302-836-3600
265-188-7970
(175)(650)(6743)
288-401-5362
7973924414
(815)(840)(4785)
(325)(053)(6446)
(374)(351)(3892)
(616) 458 9872
6733493576
159-976-5056
(339) 100 2179
3421554268
036-673-5409
(845)(054)(5643)
996-934-2549
(767) 616 8474
9991679995
582-397-1825
6670734353
212-300-0935
(757)(568)(3330)
231-872-7274
(550)(298)(1189)
4442896206
(609) 299 3859
(603) 749 2100
0284500242
(407) 186 4548
0697851544
4227952782
160-413-8873
5431465566
8869190431
(197)(121)(5244)
(508) 884 1457
3379780148
(630) 373 5236
0262808026
094-938-6077
625-682-8035
(288)(903)(3888)
(301) 394 8546
1235847241
6782334356
(125)(955)(8016)
1015843729
(248)(346)(8301)
8585959860
(741) 546 3599
(004)(748)(1901)
(722)(392)(7458)
9434814034
(976) 912 5629
(425) 638 5665
(487)(083)(9569)
6457717985
(560) 168 8924
(110) 868 5102
(486)(002)(8813)
7380648293
2352496531
4063516849
912-831-7600
6802991507
(588)(304)(4441)
(633) 161 2204
4509266711
(341) 802 0302
(713) 972 8129
(508)(693)(2597)
4412165939
5666696730
(630) 752 8567
203-403-8104
2723564116
4899180512
2181600645
(731)(595)(1359)
770-927-2025
1477886267
7943892940
782-676-7116
(332)(574)(2476)
(529)(101)(3863)
9865941385
(233) 624 7705
(109) 683 7185
7481488540
5504231868
(070) 663 2907
9320382538
8298127551
(055) 341 9886
(979)(207)(8964)
(146) 559 8695
(261)(864)(8917)
(623)(764)(3892)
1692532998
(551)(765)(8352)
6881564703
(486)(460)(1467)
7503180058
7981951956
001-385-9039
8818593707
9219075790
(912) 482 5238
(486) 916 5090
3718202278
3597203957
(486) 117 0472
(563) 003 0706
(047)(408)(6635)
(787)(684)(1383)
527-595-7739
(622) 535 9111
(342) 093 4056
(730)(726)(7590)
(652) 800 5286
549-510-2359
(275) 129 9113
(944)(723)(1595)
(761) 212 6371
(997)(815)(0561)
(464) 622 3709
(652) 863 3650
6379457176
412-185-1539
3556251259
195-611-8096
6539984163
504-630-7709
(510)(835)(3111)
(567)(523)(6523)
056-425-6329
(481) 015 4437
6370654663
739-500-7737
003-370-2990
8982673171
(784) 116 9541
4358470231
709-970-3416
645-678-6103
(927)(797)(2016)
8380865073
(528) 815 4003
181-710-5264
(981)(050)(3119)
(845)(763)(7699)
5253318327
(865) 414 0883
896-536-1112
301-300-8882
8644883342
648-132-8030
9233739529
7391208931
(546)(419)(6188)
828-858-0795
(971)(323)(8056)
(777)(339)(2687)
2137520260
(829) 749 3523
8494822136
2797316277
3458146978
412-528-7067
0692536204
0886993322
9499387989
016-902-9316
479-433-8864
(360) 034 3701
(616) 836 1998
6117276000
5485770236
431-728-1532
2137369638
(795) 401 8573
014-283-2991
(678) 833 5881
9299199157
7866307161
7837672440
(686)(827)(0426)
(094) 811 3018
(887) 190 6295
3771783144
9384301331
297-662-9473
(447) 262 9972
(408)(701)(2327)
6637032647
(885)(127)(8583)
4282312900
(657)(129)(9356)
973-211-6323
(891) 403 9097
(011)(768)(3863)
0088424603
(908) 038 5680
8058786779
005-619-4697
4452709991
259-003-7806
320-850-9494
505-052-2922
9325030266
4485213169
4548758208
7605241274
(854)(944)(6855)
0913059824
1861082210
(328) 333 3614
554-419-3168
2302644389
1363094218
0439071703
196-498-4705
5264055783
2743133563
(977) 847 2038
6563856500
0151926727
(020)(574)(8500)
0728910436
687-808-0659
587-466-4867
4985064052
9104466109
(808) 594 9958
(977) 740 9894
3284797599
7393561246
643-822-4517
(928) 123 6363
5138789390
(468) 852 7051
(866) 035 6273
(890) 178 6052
1962202903
(421)(569)(1378)
9121692113
(749)(893)(9081)
0434656532
792-486-2456
1585393361
802-671-8753
0752787252
(533)(929)(5586)
(175)(714)(5539)
3066772015
396-174-0900
2545943723
4375305128
(307)(263)(0550)
6989704641
8179050062
6009159572
(165)(531)(8067)
9548499616
1176298750
2087124307
0069744874
595-746-3967
8528536936
(684)(449)(3995)
(461) 474 2509
719-699-1742
(590)(395)(3610)
838-252-2833
(999) 644 8046
3457547581
201-069-3603
199-380-0376
(737)(992)(6934)
5628721831
5420465622
3587135297
0034490625
(191) 755 5483
9620790659
(188) 506 5298
1685473413
(918)(114)(4151)
2030506895
0478272533
(380)(660)(5880)
(948)(609)(0680)
6265537540
3040018634
9562804059
4555797143
(451) 614 3616
9524246320
7811738799
(589) 933 3801
755-932-0554
(951)(032)(7392)
327-256-1722
(569) 509 2478
(693) 382 6314
2734946163
(761)(361)(4507)
(893)(166)(9141)
563-720-3178
479-789-7696
1767344911
401-228-7122
6509027465
5263614977
6052353206
4816765921
9485115545
(225)(374)(2982)
050-176-0578
(925)(662)(3181)
4913770036
(137)(038)(4303)
(298)(727)(0014)
2861915329
5719318474
(706)(241)(7129)
633-127-8293
(683) 613 7615
9867403757
(819)(231)(4616)
597-797-9498
9739902192
(752) 663 9252
(558)(645)(8350)
2027077964
(409) 676 7733
5218850528
8461938219
356-090-5903
6864811504
(787)(541)(4870)
(716)(237)(1097)
3029290935
3706621561
9323610276
624-174-4862
(484)(489)(2768)
(467) 476 4864
(987) 589 2723
5981753689
(675)(407)(1534)
6782741838
3608424203
(179)(073)(0306)
335-852-1876
(066) 194 3856
(300)(424)(4191)
(996)(764)(1606)
2798479689
(905)(107)(2672)
299-693-2553
(949) 564 1311
184-646-3760
5133333460
(699) 939 7341
(575)(964)(0080)
4839063442
240-904-4057
4309560669
539-393-7594
920-408-2905
7331312863
(230) 467 2148
2405538791
3007843312
(645)(328)(7892)
(742)(905)(3657)
5407794518
1728330247
(837) 716 1006
(260)(631)(7968)
4863418591
5238059272
871-637-2609
(967)(549)(0163)
406-397-1239
(983) 278 0130
(727)(923)(2846)
1841761679
845-441-1741
9810815554
(363) 161 5991
(049)(261)(5991)
(904)(445)(2081)
761-250-9057
(195) 647 7145
0893152604
7251417736
569-124-2172
(419) 100 6882
8856507485
(681) 469 5872
8448332056
5975290226
(964)(437)(7529)
(470)(858)(2512)
965-021-3297
(835)(913)(8917)
822-306-1212
2842391098
7386041650
668-565-0275
2265488611
5023837929
(688) 197 1795
(365)(591)(5840)
605-892-3658
904-463-5697
9989143797
(389)(490)(1550)
396-834-2917
3122423797
(314)(168)(3236)
(618) 550 8845
(780)(793)(5455)
(916) 778 6354
0721121102
3886372163
(275)(513)(2896)
2871844267
0440410455
3239624636
0279470060
8992699241
6191964983
3311894482
3887677030
(160)(105)(5213)
(690) 485 8668
820-358-8792
(669) 165 9458
(559) 767 1557
5126545836
(584)(611)(8307)
626-348-9819
(542) 431 2919
1067395740
(913) 296 1063
4405382422
6258692297
(742) 560 8480
(967) 744 1764
755-851-9519
690-742-6773
715-210-1760
(466)(505)(9453)
4187683900
706-762-8721
814-294-3936
1510105494
(101) 739 0410
(084) 447 1631
(227)(649)(4979)
(491) 820 0567
9267436253
0426780510
(730)(480)(8052)
(307) 263 3899
8886733317
(261)(967)(0902)
784-894-2304
503-616-2681
4917410799
7949632466
(925)(830)(6245)
9537923725
(433) 955 0140
3356412663
1538354791
(404) 683 4590
(062)(377)(6987)
6108539767
(909)(513)(4603)
(464)(447)(8505)
517-370-8394
(261) 929 8716
3047103161
5732108997
4139552686
198-477-7289
7143378590
949-088-8670
(955)(533)(0406)
3583143202
6214819621
4670989728
4893070085
(920) 881 0196
(244) 561 3923
179-258-7554
9189623461
(543) 540 9915
(977) 546 7122
1792438409
(899)(088)(4143)
7571072502
(121)(304)(1818)
(297)(769)(4048)
6807212782
5097778888
(926) 543 9930
(400)(281)(9866)
(092) 352 7408
(754) 128 4705
6669250237
523-396-2816
860-125-8349
828-834-7663
3933823194
607-721-3922
3904289609
125-522-8089
8219494592
4324460180
4867843305
(423)(044)(8823)
(964)(144)(0012)
3351541885
3325408989
(466)(258)(7663)
3640106390
383-886-6126
(058)(126)(2959)
(837) 497 3268
4502224693
6806966677
6206120746
1581687677
9599755634
(468)(287)(8753)
238-336-0400
356-368-3240
856-957-3679
1146896630
5532165571
7538104429
859-627-8344
3884638551
1244224492
3459759027
(367) 944 0830
(789) 011 1926
0805369744
(937) 892 7474
8472936985
165-748-8862
(571) 426 8551
7409695834
6479277885
(059)(280)(3707)
597-445-6540
(497) 174 9454
9950447702
322-427-0573
(987)(615)(7606)
5890102852
688-377-1023
(859)(603)(5890)
3999493644
7925723888
289-614-2176
9018248218
6846783755
3555632260
(991)(272)(6003)
0910037796
834-164-8769
0714128838
7583917952
1125077336
3265187488
(417) 733 7755
(071)(297)(4743)
(411) 454 0492
(043)(832)(5737)
4200989274
(396)(512)(9311)
4055369394
(618)(725)(0091)
(387) 731 8474
230-662-8475
9565167939
5441530626
2248941288
(804)(093)(3818)
(504) 434 0927
3452640984
(108)(820)(5985)
8781197382
1003171735
(039)(284)(5662)
4847784391
9802035215
5815217561
(635)(270)(6270)
6290013532
(176) 876 4417
(944)(544)(8382)
1595927788
(285)(881)(6681)
8081209532
(627) 284 0071
(678) 961 1940
1015104272
(501)(849)(6264)
472-505-1339
952-861-1018
5131366676
845-192-4589
(605) 811 3703
(536)(267)(7231)
(210)(680)(8435)
756-383-3209
919-935-7125
751-412-7300
5555378878
212-182-8370
(820) 465 5372
(993)(003)(2896)
(235) 334 7532
0329998402
(866) 420 6528
1725981334
341-725-4804
1824910014
(615) 506 8094
7463042890
715-078-4924
9143679593
6884917299
(749) 455 7332
462-328-6381
(126) 672 1382
(073)(158)(9302)
706-652-7233
(091) 171 4652
6012362887
(507) 675 8992
5118690169
868-933-0955
2342447711
5365726016
7786662856
1892737390
722-373-8111
(818) 813 0641
4752080390
451-767-3346
(791) 760 5137
868-568-2826
(248)(835)(9392)
0526237979
(686)(488)(4561)
336-289-4862
(697)(494)(7574)
625-295-2148
3790162173
760-033-5795
(929) 412 1389
482-623-9604
9772396653
(366) 946 2680
(429) 684 5815
(685) 724 9501
8036148941
6922656362
9151884476
(541)(204)(2663)
626-425-6754
2870961608
0838049137
1365899082
278-401-6228
6102952811
(033) 163 9039
(372)(990)(0836)
(991) 722 2973
233-155-2166
9062248567
0747926034
316-177-5310
(496)(847)(2528)
(637)(255)(0147)
4776674168
179-397-6222
5211263910
656-738-3159
353-686-6294
5596014976
5410016060
1487861704
3222984573
526-590-9334
2739389274
(028)(240)(7739)
594-548-4376
(078)(926)(9330)
3229879691
537-391-9015
0392234885
5962176479
4742635877
371-030-2617
1447949672
(244) 304 9943
2905187474
9267026085
(187)(127)(7542)
(589)(903)(3493)
8812560512
8477357387
7106676606
6765426169
(194)(602)(4329)
1695393749
(226) 064 9080
(999)(089)(7827)
(993) 825 2672
(345)(564)(9347)
5244105018
6492095028
(403) 618 5666
(036) 574 8024
621-592-8552
(930) 117 7284
1496373406
5423016348
7445737156
058-191-7089
5941222482
9978378463
(099)(656)(5346)
635-741-4116
8679380881
(214) 052 8674
(040) 902 8457
(293)(618)(9822)
765-885-2546
4750103253
3247540442
5415905399
(783) 706 9302
4069922293
185-418-2776
(536)(002)(3547)
5170986532
5526665695
2430495698
3227911483
(747) 809 3123
(627)(608)(4791)
(784) 515 9671
(132) 288 8899
946-823-4978
0216129898
(381)(317)(8426)
385-121-3507
(880)(119)(6849)
6263516407
6329337021
8929498039
470-471-4794
