7456585353
(540) 283 8329
2011511116
5366576888
4654255964
4019272033
6492576980
(898) 997 6801
834-519-8855
(851) 995 8931
428-527-7298
1630563769
(488)(291)(1597)
4902410197
(390)(708)(2177)
026-262-7834
035-516-9035
1455491129
3134334692
(730) 036 0384
(878)(318)(0167)
(929) 077 8785
(540)(223)(5126)
849-657-5426
(379)(744)(6657)
5328662919
199-045-6943
7207127427
(031)(144)(8473)
486-269-9985
(187)(163)(1717)
(005) 510 7324
(466) 794 4799
1861237260
(870)(428)(3884)
(077)(563)(5111)
4598031038
(580) 520 7740
684-065-3676
7194984091
(530) 624 7931
2064782451
(750)(968)(8712)
(064) 250 0052
(408) 600 0743
4378602389
3076394663
(240)(424)(2783)
4730528938
836-791-1745
991-688-4007
1072160573
4453992389
(362) 378 3338
382-293-7679
9841744614
2035245986
1241094132
688-390-0503
5521298869
8807566181
0656256449
(983) 262 4971
4540274708
788-039-7823
(534)(929)(7669)
(022) 037 5252
(160)(661)(3522)
(989)(944)(6291)
(972)(020)(7216)
101-301-7954
6457316681
9693342953
8214508105
(505) 970 1491
971-920-1350
(019) 899 0450
9834400984
(710)(854)(1502)
686-429-7636
667-074-6010
(409) 986 8305
(530)(169)(7168)
313-855-2769
0793563117
5747752457
2196990360
9630288178
7671191853
5090359296
2500311212
1989259156
(959)(394)(6292)
7776360459
(481) 362 2806
0920760965
(573) 155 0930
(066) 344 8543
7507814676
(066) 155 4821
(584) 243 5585
4070938673
244-083-9814
259-802-5409
(177) 234 9947
(084) 675 3876
5442810668
309-568-7249
4385455580
7526966065
2588319693
3428326154
5626658562
1374193940
6988972673
(373) 646 0873
(614) 791 6490
2779577574
0411120269
(881) 925 3118
(057)(807)(2475)
3122514243
228-510-2598
9485350252
(399)(324)(7365)
392-748-1682
1027166335
(002) 572 5602
231-723-4441
2505081187
(338)(519)(2482)
770-421-9770
011-299-6085
2446870818
7830124343
0146109020
541-310-7836
(571) 327 7240
871-476-9357
0251766670
(559) 401 0259
5469497971
5747907859
9966378851
269-609-2743
3203420487
0758191469
(794) 803 7830
8008545210
7231293239
(196)(431)(6123)
1981742959
(685) 247 1105
8424475138
5948382240
4176711253
(432)(898)(1819)
(940)(268)(8607)
(511)(750)(9195)
1545683130
2690072685
(981) 748 4006
148-428-8668
(130)(177)(9919)
0842322069
4601374891
6948273179
9951812390
(819)(249)(0369)
(364) 108 5139
(634) 884 7032
4209521929
(848) 648 0807
8492916769
883-163-1580
825-390-5607
(687) 217 8435
(818) 765 3369
6640499115
9994773851
(662)(582)(7887)
7378642221
6431344891
(876)(523)(5442)
(981) 744 9742
(224) 166 6149
0326945170
141-927-3947
1010634332
4736051933
(101) 858 2565
020-966-5887
398-672-1618
0194017128
(803) 527 0614
8367450886
145-996-9576
6850882633
(488) 852 0318
(982) 777 3391
723-593-4972
6813238004
6914272785
(334) 901 6171
5160215029
048-571-1447
(414)(120)(0613)
8145012068
4228194274
9606919500
0362900800
6936550101
968-474-1338
4463483183
392-099-5476
925-702-8279
3092113520
6016007731
5044194387
9547928992
1964988351
(414)(516)(6047)
2627595299
8009108456
(325) 018 2548
(246)(351)(7516)
223-376-3183
8792750911
084-807-9582
5070175378
617-048-5504
5708669910
7525861670
829-209-9329
9259677918
(910)(343)(6667)
977-939-9702
8932999374
8551347727
4285232028
5884576199
1393045666
3880765909
(903) 642 0593
1877108492
4953626384
(662) 951 1997
(334) 977 3471
166-236-8946
(425)(646)(4434)
529-148-7667
0386598622
(915) 065 8327
3956940473
(936) 134 9184
2121548964
6022546600
(920)(592)(4485)
(682)(020)(1580)
(738) 676 5220
(436) 834 1330
698-919-0229
4510127531
0941275110
(445)(006)(1921)
(669) 389 6902
367-014-6142
(850) 253 5458
6474072505
335-982-5085
(651) 049 8261
(109) 614 8224
9274022554
(659)(031)(7486)
(068) 420 5738
822-404-2925
979-355-0519
(021) 865 4281
(496) 466 2613
(075)(379)(1522)
(845)(843)(2299)
(080) 102 8734
(290)(773)(7911)
(288)(302)(7510)
(133) 728 2123
9800010423
(917) 585 9909
0390859864
0987348427
328-587-0155
373-190-7114
(191)(522)(9915)
2331494607
(067)(311)(6802)
6924385338
0289687454
672-270-1940
(167)(301)(1131)
(012)(888)(8525)
2260839778
9397631220
903-612-0560
832-512-4192
734-004-0344
2180270873
(583) 084 9036
(630) 112 5316
(148) 340 2576
(341) 661 4252
8616436053
2113961581
(749) 881 7071
(128)(741)(7300)
818-065-8285
(267)(506)(7207)
499-821-0264
816-686-8976
(802) 924 2836
(006) 134 6975
6193532083
136-411-7403
4293933695
(954) 309 7358
5737689627
(382) 546 7891
(519) 303 8400
(326)(115)(4325)
102-418-4584
169-868-7077
2805473570
2569236444
3327621663
0470811362
9608715437
4916101688
(087) 963 1400
4131490460
(503) 941 4632
(462)(414)(5040)
(349)(915)(1536)
065-256-2807
190-581-1420
5088171260
5458587666
(157) 367 3364
3415935335
4655970127
224-913-6599
432-319-5968
932-473-9037
(517)(411)(7889)
(142)(163)(6928)
(603) 521 2155
(676) 486 6293
(992) 581 0256
552-062-0342
6195521818
(156) 569 9380
3645092455
8003678597
452-773-3405
5405481932
(236) 908 8305
0648767969
(608) 108 9859
3797013383
(169)(609)(6939)
(435)(689)(7111)
(179) 729 7762
9562733394
8680149272
1296528391
(289) 937 1700
8572206109
9766301084
6975349784
1636635387
(350)(624)(3353)
(369) 988 5366
(981) 718 0602
6000485030
9925050680
(189)(026)(3148)
753-548-2881
2839392698
3252436695
283-947-0832
500-288-3749
396-836-5110
5668418395
0016638635
(100)(821)(0295)
(018) 553 6247
0585557805
(892) 057 5740
(989) 965 4591
1456700214
(431)(499)(7270)
1463341348
8978564136
(071) 113 8116
(384)(269)(9796)
(735)(881)(4840)
7763323414
(134)(903)(6901)
7403646826
(730) 935 9312
(172)(131)(9173)
3036827087
(324)(831)(7515)
5327699367
9660967621
2324404072
1510086275
(283) 833 2204
(624)(464)(3266)
457-961-8808
9318474991
(829) 025 9365
7973570224
146-149-8748
(521)(229)(2820)
(903)(344)(0410)
(049)(816)(0690)
(288) 053 9485
602-064-7827
1641636033
8830640599
(257) 883 8433
5315429170
(443) 065 9587
376-309-7486
(361)(670)(7017)
0976643474
(606)(601)(5636)
7896154568
(846)(826)(1777)
5150636674
570-833-4751
(001) 921 2082
805-052-3140
041-857-6392
8677739274
4001617474
832-566-6387
1355386733
0821521268
8640232819
(870)(426)(5462)
1695857354
(336) 422 2281
2618772451
(154)(712)(3879)
946-423-4817
2355095019
5163727730
3186333181
(468)(653)(8074)
(463) 352 3617
4027929201
9645466655
5581268024
561-727-5299
2153488157
(934)(108)(9824)
8117580529
(585)(561)(1388)
1383509271
2407777191
(802) 773 5260
(135) 367 9960
(241) 945 0279
028-146-4781
(202)(565)(7910)
(543)(621)(1819)
(768) 617 4583
535-927-8152
(741) 443 6626
3976214173
7507400419
(833)(300)(0703)
(025) 022 0369
(416)(947)(6570)
507-876-2590
6614983633
1273694071
0291855797
3038019111
2220312592
9005206383
(649) 140 7939
8711125225
(677) 888 8232
(632)(323)(9073)
(442)(805)(7367)
355-040-4705
6370469528
340-440-8907
1304791122
7945810066
(176)(853)(6242)
223-222-8003
(621) 636 0774
1734484350
577-709-2654
(287)(243)(8042)
7444006251
(233)(849)(3017)
(668)(265)(3786)
926-003-2977
030-516-5619
6863174319
820-375-1928
716-152-3761
(239) 833 5478
2808683869
3283047095
3560545942
4253351049
971-595-4889
984-493-2796
(086)(187)(5537)
4815825105
9645742508
4406284885
(709) 481 3799
3253461026
2197328987
583-593-7985
(862) 902 4255
8883499313
7602020038
452-036-4970
(939) 498 3924
647-408-1396
2094842698
(314)(171)(5789)
8321850552
(231)(495)(5291)
(525) 579 4607
497-998-6990
2905276399
(454)(345)(3475)
1266671683
2857647446
052-165-1006
(261) 763 2678
8258703235
816-707-1116
3724557606
160-442-7682
(874)(766)(0822)
(371)(346)(7292)
5838295957
5322681856
5957335911
(178) 035 5608
4705125422
8811639840
799-608-2227
4837367483
1337450272
598-424-4515
905-891-0933
(307) 736 6825
0750724149
(840) 291 6870
(867)(929)(4782)
(215) 927 1695
931-640-9025
063-913-4656
(562)(550)(7815)
1635650859
5673470594
8785601483
(007)(013)(8334)
669-989-4480
(403) 212 0532
229-508-8327
(410) 522 0011
816-875-3648
(006)(875)(9030)
(518)(807)(3219)
9832840857
(204)(377)(8215)
7645009017
9757095193
9226561754
(409) 452 0633
3421752236
(169) 185 4678
853-873-5338
(404) 490 9398
6227476590
8863213435
(456)(809)(6258)
7790811868
5933879443
2730215624
5156785817
0281870808
687-872-2812
(729) 304 0489
907-643-7194
4196874137
3069034997
(849)(372)(9388)
(098) 139 8793
4867725207
085-956-7403
617-809-4817
620-804-8308
(227)(595)(6275)
(714) 818 0074
(654)(107)(2954)
5913838908
(910) 743 5520
0215524364
0481544826
(635)(727)(8656)
3192510150
(525)(955)(9822)
5918438392
350-426-4770
(005) 345 2403
8449518937
3363527532
5896065655
4406176383
2533860044
082-598-8000
(609)(449)(6214)
644-526-8545
(509)(098)(1389)
(312)(990)(8808)
(424)(462)(7184)
061-840-3496
3249654722
107-961-3142
(807)(856)(1521)
5765763506
9382313439
3260157055
(069)(073)(4271)
966-238-5330
(599)(952)(6586)
7127131937
(346)(235)(4935)
(031) 632 9159
(897) 701 8694
3965443438
275-766-5343
6507926677
4193335753
7235932964
(584) 754 5994
2174428475
430-230-4774
696-900-8912
572-072-7054
5421387333
(252) 335 8961
(316) 440 9432
(886) 929 6407
1798058246
192-169-1539
5468492686
652-582-7146
1555647989
129-684-0592
(396)(113)(9764)
(282) 763 3588
4498216386
5743765712
320-213-5414
8094341005
6812647498
(386) 410 3758
4968547707
4385596080
797-035-9215
825-221-9748
610-549-4033
7195929402
204-942-4875
143-631-1567
5393633785
378-791-2271
6033706320
9104719759
596-420-6637
8754119488
(886)(911)(9820)
2641864759
764-177-4986
9137968080
(039)(754)(1931)
(626) 645 6727
5581105643
2866342398
(498)(818)(2091)
(938) 366 7883
(929)(966)(5164)
4621153865
(530) 752 1408
013-550-3734
4805588562
9337929906
231-775-5272
(715)(466)(3334)
(395) 182 9552
3343798666
3944257586
8560932888
0699064719
300-787-0970
(285) 829 5760
038-435-6390
367-915-7120
(680) 654 4719
829-124-7353
0569517890
849-941-7760
273-198-9606
109-073-7414
1008317309
668-358-9994
576-977-7233
6781783642
989-032-2565
(174) 797 7223
(564) 488 4271
(580)(875)(1423)
(947)(298)(0606)
(938)(828)(0156)
7356637418
8947173961
(077) 036 4162
(007) 910 0010
8517070366
(721)(858)(0732)
(141) 600 9045
413-687-8108
3613788448
(653) 858 4095
776-140-5671
(792) 019 9618
(785) 724 4467
(840)(853)(8910)
0908414177
(345)(792)(4270)
(043) 886 8631
1942364508
(007)(369)(4808)
(262)(957)(6073)
943-156-4509
2274031020
(230)(588)(9855)
5463083548
2593988538
7054908209
(585) 805 0622
(604)(777)(8902)
2064393890
(764) 247 7705
7055730658
2182266420
0804911844
232-857-3313
452-230-1659
(187) 697 4215
(022)(243)(4318)
0524947358
8704700783
2556704356
3680770801
568-138-9221
(534) 600 5118
9499878258
(156)(026)(1077)
(939) 016 6027
989-585-1014
985-568-6175
7255980310
1975931506
2434429738
(719)(272)(5158)
3912167032
5264136729
(273) 275 8098
437-165-6065
9827635389
(022) 831 0123
490-933-7203
0997859998
(188)(036)(0889)
(471)(696)(7843)
829-321-1986
(707) 071 3403
1573464568
1643220609
(069)(325)(6881)
7091949485
8829448263
(613)(229)(7408)
(383)(641)(0407)
(397)(335)(1610)
(803) 084 3691
(335)(144)(7048)
(156)(778)(6316)
(115) 179 1297
(923) 222 3848
(588)(550)(6262)
612-664-6199
(728)(391)(8742)
(548)(838)(5828)
3699643765
(953)(927)(5234)
399-636-6810
5940021524
3578384558
7456026846
(913)(939)(3118)
539-967-4647
7520263065
588-782-2004
6127174157
(147) 075 9662
1291175876
4111024527
(228) 191 1282
(029) 851 5939
(847) 291 1968
(381) 876 9927
6525419318
(739) 267 4389
(694) 041 3690
066-177-4792
(941) 385 3405
5417505784
(140) 532 3026
(705)(006)(7703)
0904139285
600-145-1823
406-325-4910
1934829953
1779461182
(904)(290)(5333)
(740)(167)(7009)
6862115457
(187)(189)(4917)
8281104508
1690483938
006-593-9124
7108621303
(974)(401)(8127)
3403431047
222-137-8166
0975597820
2731433188
(662) 636 4823
1181759797
0539744832
(390)(833)(6517)
(220) 193 7563
480-606-9472
(532)(193)(6696)
304-117-2644
1329137143
2149145372
8850762694
(033) 273 0870
3235773345
0587740353
0781645867
(633) 611 7152
(114)(784)(8888)
2930034770
5447033335
(442)(150)(4389)
(634)(141)(0856)
5523838626
447-863-7020
5216167470
6022666103
(115) 059 7619
(984)(801)(5347)
1355577246
7554450167
2857947916
9681883549
(894)(035)(0096)
(202) 835 1240
0518622600
(623)(885)(8290)
1280681572
(002) 562 9793
(664)(472)(9073)
(746)(752)(2375)
7569616394
(196)(330)(1223)
002-073-4779
(942) 581 7911
2641323615
785-906-8033
(937)(743)(1447)
(629)(353)(8690)
(629) 275 2266
(399) 487 8358
(474)(913)(2747)
(348)(627)(3961)
338-876-5936
(266) 464 9173
(899) 918 7173
(747)(720)(0534)
1025101723
(904) 267 1771
981-100-7445
018-154-2415
2077323226
(646)(444)(5270)
7445732146
5100021231
0674406257
1969126432
(413)(157)(8975)
385-201-1984
(053) 178 4629
9747342168
734-774-0472
690-444-6786
(313) 450 4568
(368)(759)(0981)
5658082066
9638409375
(137) 327 1174
7746278899
(366)(060)(3111)
3814971639
449-141-6613
1601781964
1232514224
3502517078
7177136893
(686)(812)(7205)
(275)(739)(1180)
(375) 334 7438
3906424881
(161) 598 7461
2810577831
3557907124
156-241-8530
3072008988
(496)(507)(8406)
8233846944
1433349678
(351)(023)(7851)
467-895-8179
(149) 585 5264
5762609370
4846557146
7659092102
8427137926
(922) 456 6144
5887639433
688-134-9967
2989544284
5056338524
889-208-0590
(819) 020 7600
3238829805
0222960867
(297) 449 7996
(545)(280)(1331)
1922498188
(795)(816)(3838)
(707)(933)(2277)
0637158059
(633) 595 2004
767-966-7802
2242491057
(938) 847 0194
0496129270
(458)(734)(2525)
(000) 596 2908
241-141-4229
0763605136
9901245668
9472329018
2669803616
(258) 557 8933
412-347-4664
9498876133
(209)(049)(7432)
8111485255
875-727-0420
(692)(405)(0008)
3218349845
6748412365
(179) 236 5233
(862) 938 3355
8053545910
0981329665
(105)(225)(6771)
6723359588
(059) 320 8551
9417658258
6369092335
(044) 321 4767
2433110410
(853)(393)(4067)
(045)(320)(2127)
(487)(787)(1035)
6719479077
(376) 478 8999
(430)(507)(4376)
(535) 107 6219
(692) 499 9540
3066838606
1402263217
(132)(184)(6208)
993-359-5951
8830224892
7298574972
(255) 847 0490
(767)(021)(5671)
(778) 876 8393
4284891010
4387910683
084-332-3185
(234)(443)(4543)
657-850-1097
(747) 090 7398
9826431190
(401) 035 0110
(084) 874 0960
0884864235
153-831-6387
6853964493
6795987211
(142)(239)(4266)
273-381-8447
9973727124
(692)(654)(5761)
(762)(187)(2775)
332-475-5471
(525) 317 6695
(115)(084)(9709)
(505) 241 0353
7689130302
8381144158
(727) 641 8562
(302)(428)(9688)
(957) 148 8232
940-472-4865
2071606246
(451) 901 9215
5441150787
6733206502
1812034538
423-795-9194
(443) 854 9016
2185102121
4682920489
578-633-8844
5949902531
(593)(217)(0550)
5994091011
7222536690
0069262931
4707160231
(425)(135)(2376)
8357562175
(601)(548)(8089)
(146) 684 3679
1272453913
6967299851
945-906-3983
(775) 583 5190
(456)(801)(8733)
4931759631
762-510-2126
(551) 329 3848
(281) 638 4126
154-281-9119
6943395964
2823739477
9384022859
1973448752
2028985392
146-575-0374
(874)(303)(2970)
(736)(467)(9694)
147-073-4696
(432)(952)(3469)
3432043798
350-696-7156
(431) 154 9730
812-371-3164
409-175-4362
(882) 783 6964
8786700900
(485)(384)(2531)
(475) 370 5992
(401)(767)(1144)
7268120672
714-215-6003
8092727358
(277)(486)(3043)
7010274926
0605248725
6175922772
(118) 678 0759
3640596278
8212609826
8379751025
9882483176
542-355-9477
(689) 390 3771
(180) 831 3594
(353)(777)(1521)
916-893-1340
(105)(205)(2837)
8069607099
(365) 633 6749
(167) 350 3569
(165)(499)(1843)
(659) 139 4116
7660242408
6671464372
9053935333
8588507578
(245) 916 1045
541-150-4190
(863)(151)(6191)
(898) 255 5164
2347951345
4193222833
7824781076
(719)(020)(3423)
(460)(926)(0399)
(398)(953)(2426)
(252)(498)(3648)
(717)(140)(4401)
5522614055
(040)(411)(9539)
125-198-1098
664-642-8033
(190) 153 7405
4911842508
0131127889
(772) 020 4575
1077787639
(178)(352)(7263)
6646576988
(612)(812)(0509)
113-304-1954
5875298967
(562) 120 9069
789-749-3567
1773133577
(224)(020)(8996)
(105)(569)(1774)
(650) 180 7051
120-713-3218
396-719-9892
(033) 487 8478
(178)(259)(9077)
(116) 489 4041
(905) 514 3373
515-088-0330
(900)(122)(0149)
(120)(192)(9261)
982-377-6123
4822935094
7192992748
1184051221
397-338-0932
826-811-9515
(550) 953 0979
424-535-3360
0744337903
7579538494
954-460-7935
4052791713
4995195386
(115) 891 9869
(061)(802)(6564)
263-119-7850
1545780796
0024488280
2382313753
(027) 487 2294
6153470628
8020028342
3784267572
(624) 331 4765
(888) 667 1025
(295) 235 4892
8052304831
6330333825
033-755-7356
235-754-4064
493-798-9246
6508844538
8988531725
(387) 025 5552
1656939253
8253316666
305-979-6857
785-710-2340
5787586214
5487311825
4864682561
(213)(115)(9065)
7529898298
3273032752
(627)(807)(1299)
141-676-2890
4847743823
(758) 099 0085
395-480-0219
6572957670
979-683-3933
(641)(642)(5208)
(643) 788 4457
(845) 128 8054
(155)(795)(9615)
487-559-9273
591-979-2469
1655725338
105-129-5978
1768847338
7037749129
(425) 138 4206
(537) 940 6046
(044)(163)(9710)
0664246382
6342329726
(609)(302)(4979)
(680) 980 2474
6624399779
9322023613
(461) 579 5085
1704093483
586-726-3464
(255) 097 5965
284-901-1746
(391) 805 1288
(799) 659 9318
2302091764
5075263384
6644736493
3683001355
3138006101
(589)(804)(9295)
(618)(186)(6982)
6210779379
5973318720
3722155742
8099991257
(116) 850 6571
757-232-1448
6970850353
3483506468
(699) 361 2169
(924)(103)(7051)
1844045634
(250) 363 2184
0792780861
1347290667
(362)(590)(0575)
(948)(738)(9591)
(568)(509)(4604)
(976) 600 8931
(242) 971 3434
0428762937
(347) 867 2944
083-347-9400
614-476-6133
7018650250
(872) 901 0560
(909)(825)(5054)
(970) 648 5927
2973786487
956-226-6722
(377) 702 7454
0916510204
(072)(927)(2708)
(297)(299)(2932)
(935) 812 4314
5766858575
(688)(289)(5802)
698-607-9950
(843)(346)(9563)
181-825-3688
(026)(638)(8689)
6674166291
6437293850
2380409837
899-061-4295
6733140941
577-174-9344
(550) 926 1132
6079869424
2763119847
(782) 249 6458
5396105206
320-054-7503
587-968-3485
(002) 404 3525
794-680-0977
946-156-9322
(987) 501 0945
(485) 331 9741
(208)(947)(9461)
1262769503
871-858-6892
193-937-4081
(668) 060 2543
(988)(259)(7785)
9064098415
886-687-5692
069-225-6970
1954679896
2697910328
(935) 248 4446
5644049304
0184107351
(670) 951 8768
0181374891
(830) 963 0511
(983) 585 9361
4567309731
857-918-9762
148-307-8916
(830)(976)(5114)
(494) 494 5930
8933273565
688-848-6270
273-823-3476
5162048928
070-519-4771
(804)(756)(8424)
6018736086
(292)(117)(1446)
9568109343
(407)(835)(5310)
(675) 562 1182
(476)(520)(3156)
405-749-1682
(215) 424 3052
0435000293
977-486-0098
3726723693
6341996160
6850409253
5395451034
3880280133
8512429931
1442569169
(201) 002 9843
5562552434
238-659-4600
0771775047
(239)(949)(6719)
(443)(380)(2661)
3650507444
(538)(388)(1134)
230-733-6014
(510) 667 3589
910-960-7691
520-906-2684
(144)(603)(4186)
(005) 787 6837
2087745348
(529)(420)(3525)
(141)(290)(5805)
5555107693
0344737183
(885)(944)(5506)
4986357631
(595)(048)(2979)
057-045-6524
1118460859
2005716164
(078)(737)(9185)
(808) 250 2921
(224) 691 3201
(466) 703 9013
985-576-5271
411-573-5529
802-393-4341
0921798837
4449157998
(230)(560)(5948)
1531780615
4736207156
4456102618
(586)(200)(4110)
(808) 659 6215
(704)(786)(3179)
7920162560
(062)(524)(3881)
(940)(344)(5330)
0463001749
(498)(030)(1890)
754-586-2154
7446890296
4299460593
1451727676
3938838747
1387408261
5101319087
(829)(015)(8006)
4597885817
452-065-8867
7862751149
(556)(239)(8386)
016-379-8981
(430)(121)(4422)
8041942768
(633) 931 0234
3220896934
(470) 919 0121
(045) 671 1210
608-614-5840
(693)(489)(9213)
0612717433
2733995291
754-383-9458
027-930-5930
808-420-5500
8340866928
0052321005
9287787181
(470)(617)(4987)
5118843751
(302)(374)(4306)
4645777673
5825330537
(691)(168)(0644)
0045304940
(324)(039)(4133)
2378387390
0250714241
(488) 088 7401
(336)(173)(3649)
081-857-4809
161-862-6227
558-191-7132
(684) 969 7021
(067) 892 3121
(627) 939 0886
(120)(674)(4433)
5670302766
754-332-3219
5345794194
978-165-1111
(626) 033 1957
808-731-0202
738-327-2319
(083) 767 1622
(103) 286 7523
5654974913
5370885092
203-848-3987
(521) 133 7765
(849)(310)(1278)
669-398-7144
210-543-7220
(508)(596)(1811)
(874) 837 0913
4376552300
0225034693
(190) 347 9761
7544055961
7079552445
(081)(423)(9927)
6966980550
7995701633
8686263366
(201)(383)(0375)
3023134756
(903)(913)(5509)
9479258972
(629) 120 1799
4397057226
(309) 236 8049
(408)(714)(1392)
(000) 009 9921
0110834005
161-084-6170
(553)(721)(5994)
0442694699
9105407537
2591610524
6105186234
0277899240
9588107939
0107710062
2562034306
(734) 533 5620
(467) 341 8120
5514575112
7285518986
(872)(704)(6818)
732-114-6681
(334)(954)(6980)
0044276076
706-710-5902
890-233-2421
(772)(889)(0240)
6420276659
3107309151
(159)(810)(6105)
474-132-8832
5358555323
(265)(190)(2184)
482-346-6765
(243)(210)(9934)
(347) 420 4856
(963) 029 4787
0273492285
(190)(182)(6889)
0611420324
5825296225
(536) 174 3557
2599261876
119-025-2880
4496970401
(090) 915 8645
(162) 042 1863
(313) 869 8210
8343920327
4434868183
(235) 796 2818
300-001-2809
9147224410
835-413-5487
(574)(663)(2057)
(631) 551 4547
(729)(822)(4495)
(751) 043 3856
877-983-8034
(885)(524)(8858)
(862) 133 8274
258-102-7039
794-279-4585
0199405642
(900)(391)(9502)
301-086-5067
583-506-4504
(074)(188)(6886)
(962) 442 5278
5483346733
(719)(801)(9374)
975-483-5418
(330) 877 3754
6697079655
4217513822
8551951473
0972396345
2013169333
(671) 494 7252
3527476987
3071534530
5485183560
3699547832
(285) 542 7194
8931425966
(608)(547)(4951)
3126903224
(684)(716)(7938)
399-284-6959
8602222565
632-470-9858
707-526-5771
6680012108
754-355-3940
9943473244
8072444484
(345)(368)(8319)
628-243-6446
3449091369
844-004-4029
(265)(216)(4832)
(576) 194 7713
(170)(417)(4125)
(134) 544 8687
0255470789
(015)(936)(3667)
(055)(406)(6303)
463-604-3622
456-474-4657
815-132-0901
(514)(505)(9644)
5015554112
(193) 104 6002
(425) 288 8934
(008) 258 7410
8260202896
4143956151
8386263810
6586581715
2110788510
831-256-2344
(882) 537 1338
(771) 707 5895
(200) 377 1689
(427) 167 6405
(140)(536)(2685)
927-380-7729
8081873465
(464)(018)(5638)
119-706-6489
0728480006
659-967-6557
942-699-8208
511-296-1336
3181687653
6895683609
(814)(647)(3721)
6119665088
8832953109
915-351-5446
(194) 062 5092
5810243396
9550047574
978-956-9864
7257298299
(290) 178 9472
(688)(603)(8243)
(371) 222 5389
(984) 924 9579
3959413270
4034081291
(673) 744 5649
271-010-7198
5689827518
5116088510
(979)(215)(1033)
457-164-0899
7975863914
3180721966
2918036634
0241161218
655-002-5416
229-747-8996
4369995486
9227877473
8235405205
(728)(280)(8342)
4356155326
(650) 909 6477
5711096427
8097677535
6021310609
(584) 570 3464
7507713262
(802)(591)(3895)
(538)(333)(1818)
(013) 119 8955
233-642-7304
(452) 144 5746
956-861-1949
909-734-1651
4745418170
(976) 106 6407
567-634-7360
4853497462
571-270-7852
(626)(222)(1232)
2624042935
7693725875
(165)(667)(2054)
1079413990
4054992578
6816318687
6513868285
4516269598
6640607068
(089)(644)(1788)
367-987-6285
(030)(466)(1768)
3424867432
0497150492
(420) 456 4555
7937610471
(272)(283)(1972)
9603697818
(517)(450)(0197)
8766072745
768-112-0001
(574)(266)(7233)
0949003834
(016) 081 7427
(150)(895)(6750)
4248932772
4092118921
(811)(985)(2299)
(284) 072 3743
7277311303
5911855831
8931782943
7406584010
8610564664
413-733-9895
0070344517
(871)(585)(8885)
(767)(106)(0849)
4250094091
9587535990
945-559-6741
1664962559
210-626-2431
(791)(835)(2726)
6034289049
956-335-3099
(963)(799)(8947)
(893)(415)(1337)
6091785673
653-592-9763
(177)(447)(7486)
1506155054
(456) 988 0227
302-820-2766
8729122482
6884019525
(499)(107)(6280)
6291158434
1859024306
(419) 901 5167
134-141-3196
(896)(895)(7087)
(373)(616)(8892)
6288253666
(983) 140 9402
414-337-0814
9828009191
9759859654
2688680710
(966)(795)(6511)
0603317749
4319476270
(788)(424)(9486)
1554355364
(374)(281)(1222)
2600167030
(042) 078 9824
(297)(916)(2148)
1469836708
4945010552
(325)(193)(5794)
979-330-7716
6671336934
(955) 120 3225
6467620473
(071) 177 8628
(273)(703)(8516)
522-818-0334
9549218713
4960667774
4889354205
1402496681
8344291708
0885265401
(347) 986 0586
2331158798
987-986-9570
7499752065
6850656175
5970434449
(433) 671 8455
5392240760
4445189036
3082128796
(323)(734)(6913)
(839) 102 6215
740-376-3920
643-615-7321
8347548463
(145) 179 7855
759-594-5853
(279) 363 5537
2823739945
1364474262
(920)(247)(2059)
(877) 146 3646
5009402242
(555) 475 3784
8673206479
(652) 333 6921
7945003913
451-175-6688
6255533073
775-956-5340
1926168809
8492366130
(887)(805)(5059)
(409) 959 4680
9824970569
7739495417
(795) 410 7061
1068131057
572-614-8562
002-191-6445
7815399400
0437447772
(615)(647)(1929)
961-084-7542
0504662606
(428) 901 6544
(666)(277)(4612)
1703266211
1023036219
2052297011
3095560607
2383211072
(384) 443 9385
0526093878
544-476-2491
(755) 907 7480
6204747466
9805828407
4487778843
(110)(969)(9323)
7929954524
9585813935
(649) 839 2193
0027854273
0247648668
(160)(340)(8036)
1207739802
(976)(146)(5367)
(967) 273 9308
635-861-3174
292-041-2828
8873439046
1891127298
1824733749
3515760062
9815046257
(643)(666)(2988)
(220) 966 9465
(314) 651 2590
8589865348
047-603-5418
(174) 455 4203
0046895697
4974389460
(866)(928)(2000)
(942)(618)(3596)
(274)(373)(4138)
4749752989
5551727384
3112337541
(673) 210 8670
(922) 212 2833
3259465440
4434596343
648-446-9582
(417)(000)(3596)
983-508-4632
214-037-2070
424-923-6020
(710) 902 6351
574-211-3362
(015)(566)(7932)
(391) 831 2327
(393)(053)(3014)
055-691-3446
(358)(399)(0517)
1306818382
(145)(455)(8703)
(498)(567)(8283)
3823515710
9717997516
(416)(585)(7245)
(125)(614)(3912)
700-881-1746
7722134593
7760187842
3389824423
8761331272
798-485-2571
(733)(745)(1019)
525-756-6235
971-024-0985
(606) 420 3999
620-420-8968
(130) 745 5368
(708)(436)(4446)
395-295-8875
0542754033
7064706898
200-904-9140
5911164645
(626)(423)(4843)
1630151408
(727)(562)(5697)
(960)(255)(3877)
1331921177
(151) 457 3822
7633713918
0670661859
(567) 753 4083
(234)(507)(1270)
695-993-6396
1626506277
(466)(983)(2263)
5301333776
585-300-1183
(522) 634 3848
(400) 840 2236
(735)(191)(5516)
(414)(001)(9504)
0529846151
9769890224
(014)(399)(2125)
(217)(077)(2632)
3782976644
(972)(779)(2175)
0929216082
3458198974
(132)(563)(9239)
8251737351
9519973750
(449) 021 1179
(599) 143 8800
2412172544
6853858341
160-707-2536
0239468315
9898224401
(524) 428 3511
3414421245
5009477505
(581)(801)(1582)
2975773253
3465263089
7751922836
(662) 544 3737
(582)(530)(0065)
(036) 399 9184
8771259790
1458847396
(645) 935 4682
5778207322
3452728958
(257)(063)(5288)
(545)(601)(0910)
(410)(312)(6229)
(267) 691 5985
(683)(195)(5009)
(605) 253 9000
9400636415
2413414378
415-844-8225
849-514-4547
(997) 967 5990
552-390-3998
109-563-2934
1265485310
(518) 262 2893
(895)(018)(9701)
(037)(458)(8564)
(190)(723)(2439)
361-611-2439
(128) 954 4522
672-934-3156
4740561948
2931137830
5035099068
9267870200
(333)(333)(1189)
3203182288
(041) 789 7840
(287) 966 3981
(412) 084 4514
(450) 360 2818
2365426557
1152770911
9288403235
(924)(127)(5438)
906-710-2564
(754)(395)(0345)
4194898355
0186415840
8863019840
460-731-0673
(323) 157 6314
4505926583
1873601322
1860844737
(967)(170)(9645)
(564)(675)(7238)
452-724-7575
4473731458
9485935188
(502)(055)(6358)
(949) 701 1200
3632667196
8180637691
580-948-7254
(041)(421)(7777)
2270390328
508-686-5166
6725518527
467-382-2018
(416)(594)(5830)
2084268456
0976687585
661-524-8931
(540)(959)(4906)
9223561937
5153050658
(169) 134 1392
(418)(226)(6187)
295-915-0166
244-203-1414
5854165003
3761923066
175-833-2077
(180) 523 7481
9077708890
4939979540
4911671069
5726576750
0310188328
(622) 268 8859
091-070-8183
6176278232
8092172803
775-291-0442
(662) 100 7064
(183)(871)(7312)
6112852279
7999780042
0070618505
943-665-8306
4270296808
(118)(525)(0949)
7084107484
(708) 628 0553
4418564292
389-889-9290
851-028-0851
(884)(045)(4587)
2383625720
7055164330
(282) 997 2755
793-583-5064
448-432-4530
(991) 310 8678
9418867117
(340)(379)(4010)
7318885667
(137) 387 6062
(281) 492 9882
(196) 099 1378
4329281629
(561)(674)(7200)
(465) 885 4014
0126596480
(941) 176 7807
(041)(083)(7948)
(066) 395 2548
(314)(055)(7977)
(263) 414 4287
743-281-5711
(380) 414 4679
(464) 535 5002
(793)(743)(6822)
9090721181
6456989559
2795976372
9803784874
(425) 022 0587
662-180-6104
4458484397
(573) 247 3596
6214795315
717-801-4063
3553811411
6374386504
(757)(902)(4026)
1463080007
540-178-2598
457-857-7416
0386298324
(688)(535)(5844)
6966125114
3400998228
5786570973
0712811227
(058)(620)(9009)
0428743900
4434426565
(251)(620)(0058)
(908) 245 2596
715-532-7902
1312078235
344-930-4282
5084382059
(519)(012)(4361)
(463)(921)(4691)
2934558297
0068669818
3438913527
5885484219
135-832-9005
(286)(481)(2064)
(410) 285 8933
1997619123
(954) 549 3328
(274) 516 8819
5673342401
(177) 124 1526
(089)(671)(6792)
(467)(016)(8894)
3630786915
2546265206
008-907-3093
(910) 749 4696
(638) 044 0068
0858845751
(563) 693 4173
(406)(401)(8275)
2729420982
5010040954
8327130425
(175) 880 2942
477-817-6284
3127940789
(984) 938 9611
8564334833
542-640-3973
0076652978
433-260-8149
(594)(105)(0700)
(336)(425)(8179)
9249643030
943-426-3359
(856)(139)(4546)
3782113622
9994660882
915-231-7312
(901) 722 4720
7593307494
1651317034
4554911585
(903) 247 1122
0204023149
8519929737
9180059510
(812) 859 2235
(940) 525 1039
(762) 696 8469
6573275955
237-601-1257
(448) 057 9150
(145) 370 6499
297-112-8828
9979549422
616-322-7078
(323)(387)(3545)
2757814136
9362978259
6917695762
9718307920
7298157606
(082) 020 0658
8298833663
759-529-9701
(080) 766 9442
1787390276
(285)(943)(8473)
4418275469
(600)(273)(8215)
5376577834
(943)(011)(2816)
506-624-8466
5477971073
(574) 945 3031
(078) 740 8428
4607994184
(276) 565 7047
(275)(279)(5515)
1435256418
(021) 398 7914
(218) 931 6882
(315) 908 4776
(371) 302 3939
735-617-7739
(997) 276 6534
1292828419
188-933-8156
8271940769
0822208172
169-268-7539
0679099862
(687) 100 2847
(166) 428 4081
(516)(811)(2128)
(041)(209)(3305)
6040857444
243-477-7648
(816) 971 9972
792-294-8100
9695756586
(661)(847)(2542)
425-201-4270
2749904657
(778)(954)(5465)
8936592648
2219574263
(224) 117 4548
0959060802
(116)(137)(6916)
9887470234
9644421851
(101) 525 6881
402-406-8928
9749158065
(314) 076 5754
1949724674
(878)(256)(7568)
9527393242
(031)(583)(4934)
6729361503
(550) 056 5887
(017)(944)(7067)
(463) 063 8569
8470567871
(666) 911 1819
0525248400
308-860-7872
328-683-8057
(810)(865)(7332)
4042629539
4996571243
1822798091
8481992064
7876616169
(049)(544)(8586)
322-300-3476
(207)(779)(9913)
(776)(844)(4343)
7477305687
556-597-5785
547-403-2414
(638)(560)(0816)
(636) 030 3518
4135121985
311-578-9212
(409) 119 9913
7121037007
5091558396
3522512468
687-277-8791
(995)(420)(8091)
2861262618
(904)(128)(8748)
(898)(613)(7103)
2314169335
1847580802
(270)(911)(6528)
036-571-6068
113-290-1760
470-179-8029
523-668-7994
253-795-1154
(801) 952 1300
(912) 270 4755
(880)(103)(7208)
978-845-2804
5769065159
(256)(406)(6956)
6575918521
192-061-1982
2919532529
(695)(041)(3891)
444-620-8365
031-915-9273
888-983-0938
7552618998
(598)(100)(7923)
7994435710
(385) 470 7022
4823168201
0010779139
0876141813
6275577400
1997861548
(069)(764)(1982)
6152030279
(954) 783 5273
(018) 134 0339
159-518-8261
153-920-6028
4536345102
(238) 196 4919
5435312108
(633) 359 9236
7796831805
4165636873
(644) 068 7921
7375436979
7241292260
(518)(844)(7126)
849-831-9750
(060)(584)(4101)
(550) 986 1073
762-668-7018
(226) 289 7516
6854534514
(566)(880)(2646)
106-088-1289
263-838-5205
642-843-6828
(727) 004 1808
5400802260
(490) 761 4685
7845443301
8114083852
158-364-6162
8280399059
6281678493
027-966-9478
(513)(125)(4962)
8782238844
(945) 091 8624
(356) 724 8360
4367727352
1174112249
(707) 917 2702
(541) 498 6235
947-450-3377
(353)(193)(2382)
3805207092
1306748439
0226501508
(702)(487)(6135)
424-201-5962
276-913-6814
670-910-1562
(885) 315 0254
1878014626
3158650539
(688)(043)(6561)
(589) 141 8398
8424175255
2435657988
8608469457
6260504753
6546763844
270-189-8925
1286553299
982-875-6756
(246) 764 6314
1894986078
7806855673
0946500266
(018) 716 4057
(855)(189)(4864)
450-693-4032
8620606307
619-415-7869
9687354833
0400805520
0537167020
(542) 135 9282
(936) 159 3504
6459333838
153-420-1376
(067)(825)(0431)
(548) 609 2407
(429) 817 4647
4974612410
(254)(406)(9083)
494-574-4743
293-315-7430
2694129604
412-734-1144
1824309103
(856) 419 3979
(533) 205 7802
4639707237
2639517096
(904)(391)(0654)
(094)(777)(2481)
(721)(597)(0871)
416-542-9953
5281824586
0213062613
(570)(520)(3123)
(879) 938 7403
(403) 677 1281
2706252969
309-355-6584
3061344397
9399139460
4325423502
0946196943
(192) 613 3742
579-998-9437
8044739094
(095) 087 4629
823-428-5322
9534100948
709-725-6123
868-516-7512
9410467484
(222)(110)(7180)
915-769-7197
(868)(383)(2230)
260-728-8109
(517) 174 7120
(290)(175)(4767)
577-485-1906
2344692955
(470)(669)(0494)
5578178489
8811246691
(684) 884 2932
(332)(898)(2280)
1798959634
323-047-5571
1318102632
(610) 828 8954
(836)(959)(7870)
9184762796
(041)(026)(4631)
560-617-1311
159-891-7545
6187008870
4692575371
8622805665
(207) 018 5603
9482453342
(247) 075 8380
(925) 304 8105
2830211966
8260141879
5967803398
0446769841
3171901600
270-117-7475
0210135386
8399749687
5857864645
(702) 683 0095
097-846-9512
5743234832
211-356-4382
532-465-3898
5345868482
1730570491
5938119491
(084) 371 4427
(692) 258 4080
(336) 448 5429
(431) 543 6311
426-796-8553
(959)(235)(4406)
(566)(424)(9634)
0744825776
591-396-1683
(574)(185)(7430)
(260) 325 0005
557-934-9581
626-200-5275
(567) 452 5052
9584354858
583-058-9313
(531)(219)(0634)
137-385-0043
608-034-9367
(715) 747 8799
7916617645
9886220415
7321149395
5439651734
(734) 987 4479
7388368813
(639)(163)(3904)
550-060-2410
7361865384
7959528515
295-559-0535
(499)(913)(9889)
3296429861
302-251-7805
(589)(451)(0978)
4576641664
8071128354
(896)(641)(0490)
304-009-4554
591-992-9131
