(204) 003 0330
9659991022
(178)(350)(1240)
6712572654
079-288-2401
(443) 674 6353
221-815-4510
585-396-9486
(841)(464)(9198)
6280256854
(597) 567 2888
8035278809
6567210239
1082645022
8887985519
1166575868
129-062-0661
(107) 449 6306
(631)(116)(2327)
(237)(626)(1381)
4802343769
(119)(912)(6853)
7200116977
(013) 624 1393
2449166074
383-787-5701
(515)(668)(1667)
8898078693
7366996114
(986) 777 4563
8799550584
4733972326
(946) 249 6413
4734871637
8408855640
676-479-8997
(200) 121 3955
(457) 609 9805
(304)(750)(7216)
047-951-7264
5883913000
6476973497
551-336-7333
(912)(124)(3538)
249-953-8908
(865)(995)(8414)
(105) 380 6781
486-758-4864
(167) 372 9558
(686)(408)(5333)
1970550767
(802) 342 9965
0030657571
(716)(830)(8586)
(254) 412 0257
1233594920
(807)(820)(6235)
(875)(205)(4947)
(989) 233 5549
(438) 148 4575
3833369172
0757229761
(015)(652)(2617)
000-896-4267
6569790132
(104)(409)(3164)
4354756931
(183)(253)(0844)
3212780922
6904371772
390-293-0905
(986) 083 0005
1369206242
(976)(722)(6420)
(090)(259)(6392)
4398241783
(486)(440)(4155)
6931126606
6161920279
2620398412
(135)(142)(2440)
9133067289
6453455156
(062) 115 9754
6133104473
0057562874
0378560337
(552) 746 2440
8796048401
9934679435
(266) 876 8710
(668) 008 0220
968-349-4143
6688645415
3040462824
(525) 999 4318
0019792339
(598)(095)(5689)
1695018236
450-021-1676
5151670681
5206383504
3768568479
9844861342
602-054-4389
1138242951
417-946-5059
6528776820
(600)(366)(3937)
(869) 675 9360
(385) 969 8867
5956047748
5158971249
006-672-4409
(027) 152 1662
(104) 406 6060
3357567847
163-953-0133
405-809-1204
(665)(390)(2133)
893-080-9501
6914005854
(181)(519)(5074)
(740)(828)(4219)
830-864-2438
1597033507
0011670208
(358) 357 9938
2270239266
1608338851
(220) 695 4443
(848) 349 8560
0067638307
(206) 048 7492
(302) 372 4583
1814552260
131-765-2884
(933) 940 4042
(767)(810)(4322)
937-918-2786
(436)(209)(6151)
449-065-0822
7650660201
1141455579
222-406-6244
9014251604
5197040783
2468200211
511-271-9569
1126736161
3835909718
0910546253
1594584564
7140960244
3970179224
(141)(703)(4511)
(719) 630 8127
(250) 636 7951
238-743-2999
792-535-2566
6761022977
(375) 405 8563
(765) 612 0533
840-577-7534
(545)(988)(5102)
(018) 493 0412
(916) 982 3608
(488) 821 1235
(142) 396 7203
0545611347
(350) 454 5053
032-499-8290
276-848-8659
(946)(845)(4094)
(303)(366)(0897)
0151078270
(196)(386)(1132)
2602791493
043-833-6273
(379) 425 7836
(421)(736)(3866)
116-781-2247
4677696735
1294420168
(582) 119 4923
595-619-4549
(181)(883)(0035)
5467093570
(648)(991)(9884)
3482223164
(851) 052 1117
(015) 503 5235
(038) 370 4445
(127) 598 7914
(308) 048 3230
7213574858
(129)(817)(9318)
9938995297
7400612085
(666) 638 6185
(058) 165 3882
(711)(969)(1145)
7285401910
1741926796
(890)(210)(4025)
5732506718
(561) 569 2926
768-062-4808
2941086711
(424) 797 4747
(879)(098)(5971)
(572)(282)(5431)
8298835825
2602131445
(353) 965 7179
0627363877
(473) 332 1328
(010) 909 7923
(386) 313 9678
(288)(454)(3223)
(547)(528)(8592)
(920)(731)(6979)
7653799177
5401820740
3075371781
(235)(260)(3574)
(472)(248)(7719)
4943163547
0266749812
(788) 984 1289
(878) 751 0060
537-412-3060
(933) 370 8959
3285743333
(501)(670)(5249)
(340)(344)(8839)
(228)(292)(5089)
(926)(137)(7403)
0543064434
988-872-1161
6797824736
2382724825
1485461159
5253715949
7375585110
901-542-8925
418-278-3215
374-826-4275
(837) 327 1561
8921156433
4618288128
4203756432
(943)(648)(2536)
7727668887
568-429-4095
(984) 896 0821
296-390-7550
2264343434
323-829-2662
(925) 866 6817
(059) 558 8479
9424642693
688-012-8797
8631463772
(299) 364 2284
(981)(167)(8999)
060-412-3797
(078)(620)(5254)
4410607607
(112) 447 0406
(665)(061)(0295)
977-758-9131
(181)(406)(9170)
(197)(793)(5414)
(982) 533 3027
(752)(390)(4050)
(071) 581 5139
(925)(476)(3908)
(646) 074 2336
(800) 407 8315
(234)(985)(0406)
3446795797
(809) 265 9886
(645)(099)(0726)
2835883153
(091) 140 7204
(328) 381 2914
(678)(187)(1413)
3205763686
(482) 577 0382
3532682574
611-791-9506
9491749544
971-975-5132
(892)(836)(7783)
467-446-2010
(607)(411)(8897)
(369) 350 1792
470-598-0879
(613) 829 3521
8427750797
1703142626
4143555226
170-737-1032
(455)(935)(2912)
(407)(942)(4565)
(985) 837 9404
(218)(901)(7363)
6235386229
0610672368
(080)(072)(0345)
8985282860
(217)(636)(3377)
2116674891
(524)(465)(7512)
(328)(289)(3977)
(661)(339)(4256)
(372)(190)(9286)
5236976262
(445) 354 7716
1019317261
167-179-8578
515-102-5087
582-371-6610
(107)(032)(1276)
(515) 556 1125
(541)(626)(7481)
575-840-7163
(679) 283 4801
(186) 703 7137
734-494-4437
(534)(385)(4900)
213-498-5374
(919) 435 9175
(151)(560)(3935)
2262390173
(297) 424 8855
(977)(777)(0278)
811-304-8972
6826783867
(462) 708 5698
(093) 761 4497
420-981-7742
8174051703
8277418015
(736)(139)(0768)
3932662496
8236705424
7327424223
(913) 270 0993
9748557176
(670) 826 2515
1014410590
8798321546
5225222960
0694468122
346-879-5631
2734437894
9081973816
(139) 877 1423
1463765059
7905774080
(432) 515 2235
0039288962
(780) 234 7713
0894539257
2565065942
(782)(903)(4570)
(674)(521)(7017)
3850886824
1076973155
(648) 105 0723
2376524711
928-515-1480
5819792063
(382) 888 0361
(660) 521 0811
(107) 033 8923
334-033-5211
(178) 459 4990
(164) 023 2624
697-769-8610
541-139-1611
5814535453
199-006-8384
(126) 602 2724
719-838-7433
(649) 355 2129
0965671940
(429) 068 6407
(908)(265)(6135)
813-250-1278
(181)(691)(1623)
929-009-9857
7304730066
3630758611
3670351567
709-725-8263
(863)(058)(4959)
(912)(585)(3247)
362-900-1277
900-653-8325
(812) 585 3993
(566) 677 5184
121-013-1876
6584298464
(541)(982)(4481)
(448)(263)(6688)
412-851-5318
(984) 262 5439
(034) 026 0454
(899) 666 8466
3118460987
(514)(341)(1625)
(443) 813 2194
9024297165
(616) 898 5901
(285)(550)(8649)
4074190414
6296616487
1303137485
(881) 641 7952
2404941834
(973) 300 5228
(774) 704 0002
(418) 193 7939
954-431-8635
175-285-4242
0657415916
7411684011
(510)(797)(1483)
4896981281
9178685774
(462) 812 6466
2697950506
(868) 152 6356
2342847143
(221)(924)(0474)
4138572626
373-031-9550
(944) 174 5858
(628) 025 4851
198-314-8771
2271963112
545-792-9243
(617)(593)(1049)
(225)(143)(8405)
(411)(122)(8303)
(324) 240 9509
6433469706
5879669117
191-875-1151
(853)(720)(4285)
(921) 490 5118
4578783533
773-430-9773
926-170-0475
(286) 682 4319
7351428702
5991477661
7236373859
(991) 755 5636
(547) 493 8630
6253733071
840-819-7335
7676587593
(587)(926)(7129)
(615) 284 3254
8595731221
7171033228
9202304972
(714) 813 5664
(519)(051)(2231)
(564) 417 8215
(359)(982)(8821)
387-776-1540
0540919250
1235541720
778-608-1849
3423888956
(808) 742 1259
2137157526
(838)(345)(1824)
(921)(919)(0914)
0355945087
(678) 992 4860
(874)(515)(2037)
(708)(211)(6482)
2026854678
(587) 112 5591
(565)(575)(4260)
(686)(194)(9352)
5264323209
1651946777
1583891046
684-637-9754
(853)(097)(4950)
(481) 341 2176
(435) 305 0005
0685049299
(467)(756)(6088)
(624) 161 8607
(640) 939 2674
9867073240
912-038-8276
(599)(060)(7287)
6997036575
732-388-3208
(564) 057 1216
0289250537
(197)(850)(2711)
3738105466
7984829966
(468)(218)(9330)
4664251307
6355824648
(236) 305 0180
(142) 370 3272
(694)(819)(9470)
6833471102
(981)(649)(4992)
5489604072
8508013040
(075)(700)(5884)
979-982-9574
8763649991
3190085414
(629)(168)(6185)
7413035753
(782)(495)(3210)
8096754829
0908008587
793-942-3043
6518312018
3181076785
827-648-4071
6845449119
(622)(411)(7453)
9736655729
(576)(693)(8742)
7837826254
154-503-0263
(889)(064)(3932)
2867691848
(692) 181 6370
(452)(141)(9749)
7216066651
(299) 354 8312
(129)(361)(6774)
(255)(171)(3524)
(862)(543)(9113)
743-453-8481
(023) 961 2122
(175)(101)(3716)
(478)(331)(3624)
0048565770
9555187435
0642667309
(820)(642)(6908)
(080)(323)(9293)
(810)(802)(2936)
8064741137
6378845130
2107861488
5071748827
868-558-7187
4451166536
797-998-4764
4197169392
9284345654
6896202090
7017959197
(618)(568)(5365)
(371)(116)(7428)
8106909367
8377560082
1715120892
5329797657
(899) 731 0217
423-006-2469
520-147-1521
1357734493
0318915405
8767125266
(015)(486)(9901)
(623) 549 8877
(003) 232 6878
(645) 412 6078
4189056863
201-722-4009
(416) 454 7754
9391373181
574-186-0176
(016)(913)(1298)
7796262565
9508920199
995-144-0275
006-057-9135
7207147620
728-600-4776
(005) 156 0869
2018510467
3215216710
1856758580
6812029577
(113) 487 8813
6160176705
(571)(076)(2872)
152-132-8770
(134) 960 4436
2754721946
6145196507
(048)(781)(6562)
303-678-5933
2802150034
3114243734
2177959174
8611119669
9341162986
(424) 575 8534
6971834083
707-222-7470
(679)(380)(7830)
(815)(789)(0426)
754-424-0809
6813994795
661-844-4332
(484) 601 2150
(936) 788 5468
9072518104
(632)(164)(7146)
(964)(771)(6088)
2461578553
(495)(744)(1162)
304-304-6712
053-775-3724
(873) 597 5420
(406) 248 8788
951-958-7140
7552045047
7960660085
3960765711
3504170980
2282111652
(102)(621)(1690)
695-175-8385
0610845233
(630) 902 3390
(659) 401 7782
(673) 639 1446
4117818744
(393)(268)(8161)
(148) 859 6756
098-222-8147
(278)(877)(1726)
6971161242
(100) 876 5799
604-790-6049
(495)(059)(2145)
(313) 304 4078
0309488224
(850) 561 3245
040-890-1341
893-267-3896
2906442177
6412051105
(942) 158 8195
697-235-8968
(227) 366 3894
4921818700
659-738-3979
(552)(647)(9712)
1879331196
1335215599
2165174186
7538165539
(926) 598 7473
632-001-0974
9521983924
(204)(663)(3850)
5194826090
6234365680
(760) 633 9742
088-520-3834
0155883332
(384)(937)(2969)
7491235584
(569)(608)(9658)
6077604207
(600) 893 6357
341-935-9304
(087) 161 6817
6397997844
3789076411
822-678-3944
(506) 476 2863
585-613-7199
6221722275
670-390-0405
7505633897
2506415822
655-144-3753
1608296025
8456534609
(024) 309 7250
(743)(753)(2578)
2994452585
844-441-3938
(992) 406 2855
416-855-6758
986-862-6442
(555) 430 3531
309-772-5001
0959461305
153-155-8303
375-349-1916
(747) 378 8959
(760) 773 7334
(682)(469)(6463)
(159) 235 4457
0553267018
764-640-2088
(624)(720)(8265)
(450) 805 1639
286-884-1266
5797942127
(271)(014)(7806)
114-537-6106
605-561-5676
(086) 653 5380
(714)(494)(3463)
(835) 636 1597
(346) 329 0353
(746)(963)(0807)
(023)(723)(3080)
3584433253
4405423443
(901)(498)(7708)
3531051359
(118)(628)(0434)
(381) 280 4758
7082201374
935-140-8549
(394) 987 1558
(553)(158)(7819)
(560)(084)(1336)
239-752-6312
712-514-7587
(124)(628)(0780)
(123)(586)(3898)
2141767422
177-026-8959
(089)(626)(7343)
6752364076
163-349-0518
8890361691
(557) 534 1477
9523748536
(421)(369)(0230)
6169267540
4244341829
(723)(889)(9050)
(291) 931 6875
5778945767
7964522656
172-541-3185
5002212302
6510394860
6817650058
2107301620
441-184-6783
(868)(316)(6598)
(975)(519)(1321)
(087) 927 7802
9439611889
(177) 987 0285
3212361240
659-177-2704
(938)(969)(0483)
3666634107
(426)(170)(8423)
(490)(466)(5361)
(831)(053)(7969)
(634) 626 9540
814-899-4863
3810389151
9098170239
517-548-2533
0084271551
668-603-2231
7118201182
621-302-1703
5871676895
130-426-9764
375-592-7307
(153)(943)(4883)
2100815791
(840)(296)(8221)
241-305-7004
0084697276
(692)(230)(5428)
9906883121
(398) 076 9996
(280) 292 0853
1419725891
0216156369
153-549-1266
(847) 910 2463
415-848-2184
(612) 439 3199
4559002614
(121) 830 9289
6093844139
7753120056
2616338612
461-048-7483
(376) 634 4221
780-760-3553
7982641733
(228) 329 3264
(525) 334 9156
7019497890
(437) 985 1054
6009215708
783-194-9942
3246503767
138-267-6341
(364) 524 8576
(088)(781)(0476)
7992377219
8248402480
(576) 247 5100
3229967415
(346)(548)(6354)
5111041744
(372) 628 8689
6130464193
976-472-2507
8879418554
(498)(859)(7253)
(628) 884 1689
(015)(426)(2428)
6200827046
(213)(893)(4003)
(840) 281 8432
468-317-7169
(336) 402 0413
(825) 967 5301
975-835-2564
662-433-4337
(682)(616)(1411)
(556) 212 7619
5327460664
(374) 690 7709
(860)(380)(1548)
1663317926
6678806379
(013)(274)(4543)
165-635-6882
6667187652
7949825863
2468219463
1175009816
(556)(599)(6052)
3600352411
(501)(301)(4630)
787-547-7137
835-882-3625
(246)(941)(7534)
(398) 951 2271
2281014867
552-038-3623
0837137782
(184)(114)(3676)
766-961-7058
(563) 590 1260
3533813971
590-592-3805
437-541-2998
(528) 042 4527
(416)(276)(6743)
1291867986
6057889754
(520) 343 1780
(940)(285)(3811)
1767267383
970-127-6068
5591705956
708-558-9704
(858)(856)(6099)
8405480036
6335996463
(299) 124 5980
5523363117
(349)(701)(9149)
(886)(063)(5850)
(770)(268)(7692)
7318730346
(908) 467 6524
0470457018
5242404177
(900) 005 5666
8758497027
3744819322
(918)(575)(8568)
275-933-8179
8148032958
(006)(204)(2240)
(805)(646)(9281)
4563635106
577-326-1706
3896965980
075-061-0593
8905483548
(957) 935 5365
(910)(085)(4315)
9881912250
(945) 533 0552
(584)(364)(6950)
5084935609
752-560-0925
678-791-2541
8577223877
(764) 675 5483
(743) 990 8610
3617524617
8887428379
9011773421
4644082699
(264)(377)(1645)
7854820118
(799)(897)(8743)
0508250992
9882610397
8761842281
7221249110
(054) 444 5289
905-666-4435
(906)(359)(7160)
(911) 705 4495
(174) 680 8566
(222) 311 5732
8723000505
2904173414
858-904-1051
(950)(393)(6874)
9007688914
9793155360
(812) 198 5618
034-053-4313
309-185-7566
3457996931
(595)(089)(5760)
471-403-6021
6976512172
(396)(378)(3772)
1706931097
081-882-3460
(761)(305)(5551)
202-472-8332
1418718891
(029)(463)(2752)
(875) 611 6283
7740502136
0225564300
3262654813
5957098587
(674)(525)(7905)
(917)(978)(6755)
9612308068
8257851878
0924484781
(022)(883)(5285)
684-214-1586
9426379251
(582)(136)(5757)
544-185-0752
760-344-6918
1164351895
531-685-1737
190-390-9411
2383383984
5384255817
599-150-8255
(449) 093 5340
(774)(525)(5138)
(552) 261 8280
(277) 897 0423
4754192781
(677)(428)(9980)
(252) 814 3047
3659859715
073-502-4733
(975)(538)(0254)
6979494406
660-580-5496
8436427051
(836) 477 4004
(950)(260)(6008)
2332964221
(295)(509)(7516)
682-666-8748
5232315916
556-606-1210
(974) 566 7010
8435841928
(547)(258)(5644)
595-234-6242
0537873628
372-595-6073
787-844-4486
4619240884
(960) 799 3435
(714)(262)(4836)
(852)(472)(3425)
679-478-6596
(978)(237)(0384)
8903448450
0931646830
0281908536
9707519837
(978) 465 5504
4497879770
4091712258
5555869196
591-570-5457
5802294871
8037652634
0236819491
543-428-1420
1663925867
(457)(449)(8184)
185-178-3869
(982) 642 5062
(711)(242)(9837)
(012) 811 9074
4353448100
(398) 944 8834
(879) 651 4268
7205402793
613-897-8770
6810516004
0372508729
5121295243
(733) 679 8038
030-205-0588
(972)(167)(1814)
0940633702
775-071-9002
6262939424
844-671-1779
0144910830
279-680-2557
(938)(850)(9050)
(803) 329 2582
9488698302
723-314-0425
1424202473
2168580204
9667079063
(441)(845)(6502)
(289)(892)(0973)
3500599000
719-771-3694
1988495105
5300427478
(221)(747)(5008)
007-877-8745
8904236727
(573) 550 6124
6070418249
4354089391
534-498-7857
787-505-4137
678-191-5129
3622524725
0229782899
591-692-9187
8025642059
(729) 266 4201
(263)(343)(3026)
(087) 173 5638
138-405-0557
0369624652
8854928331
2929464503
(799) 891 3058
9789742156
8173997836
(197) 145 2218
3345697433
(043) 157 2832
(018)(427)(4072)
(950) 070 3199
(668)(904)(3821)
(562) 184 2499
106-915-2099
8736505206
6551652060
9525032701
2818925143
(954)(020)(5065)
(126) 036 8001
(088)(711)(8396)
2343103427
1173824061
1912885391
(091) 564 1163
(846)(550)(7708)
(146)(876)(5952)
710-078-9781
7925212320
(189)(882)(2720)
(564)(004)(9163)
(112) 994 5918
1778710573
760-519-4557
6298276559
4213461670
702-488-5113
(556) 188 2492
414-432-6641
9885285394
670-094-2350
399-163-3059
(444)(132)(6138)
548-944-1887
(446) 221 7807
864-797-9956
2917833509
2040442712
9753718713
(957)(207)(0211)
4978732393
534-363-2830
(027)(479)(8305)
(842) 846 0329
1051213292
(441) 034 7881
7143176800
6891441696
6194557378
3607112933
0615527133
2077929639
(335)(323)(0641)
3418272729
6633684345
0683948810
5317219776
6841464336
1915933730
7669620943
5703211933
8378365190
(312)(617)(6015)
1491036894
8595053293
(418)(687)(6050)
(019)(967)(2261)
852-755-4274
0601428311
(078) 739 5134
975-065-8554
(375)(120)(1988)
(161)(615)(5952)
390-123-9916
0987675643
(556) 849 5704
(170)(149)(0982)
173-805-8903
(943)(119)(8949)
7849121681
(956)(103)(3267)
(089) 332 8723
(103)(857)(5208)
151-929-9591
168-901-0574
(219) 668 9268
(455)(463)(2624)
9800526899
1929677463
6005788615
(196) 459 3138
(142)(664)(0157)
(595) 055 7102
2938746557
9968519503
7325740869
(495)(670)(2905)
3660957973
(874) 186 8839
(314)(214)(2737)
(376)(443)(7908)
1133184892
5503197925
(774) 247 4085
951-944-4470
5536626685
(596) 737 1018
9494276594
6539530117
4743770326
(053)(434)(8291)
1131085389
(564) 607 5031
999-111-5817
068-120-5743
8630928919
9337783745
6576417753
4841619066
(328)(967)(8823)
9041449328
(155)(285)(4974)
9746548928
(836) 735 1995
8003852469
(252) 035 1141
(144)(301)(3123)
9568924489
(469)(877)(5726)
9015451155
(348) 870 9190
4541005319
8374531574
(854) 558 6368
1511442617
915-785-7236
687-690-5025
(277)(326)(9478)
147-743-7595
7786265039
6078641529
3430231730
7947058116
2703246775
478-714-0758
2360878352
7460948478
670-902-9389
(380)(044)(7191)
614-438-3338
(692) 638 6493
4394757703
9484929307
(028) 880 9191
8062173657
2889839815
5052837994
6395434971
6074332935
517-626-6386
(544) 740 2385
(760) 288 4264
(186)(268)(8601)
2847462447
(948) 434 9686
0873277883
(929)(908)(0805)
(481) 686 1322
0956792708
(514) 785 2718
9268422536
(603) 544 3524
793-112-8054
943-957-6246
3058974887
2690226551
3356925057
(041) 402 0500
2137607017
6501739393
0950186552
4823920989
(795) 604 9033
(892)(140)(5411)
(643) 810 7119
961-101-4241
(036) 561 1621
(093) 343 7308
6804937890
(109) 515 1220
8311391172
670-673-0279
(781) 855 0595
(316) 766 7414
4499221458
5250184811
7532656536
(779) 347 6820
7912076704
(858)(232)(7516)
147-008-5710
(518)(318)(3934)
567-495-2770
459-977-6926
(877)(470)(8465)
0394244480
217-299-1041
507-083-6114
4592029551
(446) 406 0058
9287173611
912-381-6736
(020)(917)(5792)
(207)(052)(8394)
003-403-3196
(624)(025)(8260)
905-866-3796
(757)(872)(7276)
8569346703
(067) 745 4595
668-609-4508
9036495986
0430669447
5650327778
(208) 234 1806
368-436-5252
6222666041
0323947548
(296)(807)(8945)
1196782608
274-902-2741
(246)(251)(7815)
(681)(864)(3016)
(363) 626 1977
(028)(516)(9640)
3291400439
5785157248
8170297279
809-455-3927
4578005503
(411)(514)(6785)
(508) 935 8088
1713457995
867-364-1302
0304641799
589-890-0516
(505) 868 1367
5438988427
(352) 223 9745
8397617230
6531179161
411-609-0319
(203)(536)(7808)
808-803-2455
(141) 848 4534
9118955759
6181908503
(142) 821 4501
6417690716
3773619875
(595)(671)(5076)
999-261-1993
493-604-6610
7795787758
(816) 026 2434
(216) 033 4686
329-954-2010
563-093-0157
(689)(797)(6051)
(387) 313 3357
(321) 233 7792
(968)(422)(8292)
3703600457
2267687958
9584383271
3577454964
(416) 824 4344
(173) 699 8636
3448471553
202-913-7855
(982)(715)(0853)
0529288605
8057949849
096-077-3290
576-944-4312
957-466-9289
4868173402
3848297143
(512) 333 6177
9520522831
(749)(944)(1009)
3526910815
0388711370
304-964-7454
9486318264
(549)(250)(0464)
6765711903
1006317027
751-447-7890
2787382531
(078) 729 4598
392-051-2353
(226) 708 3204
(041) 475 7845
3694339975
(421)(649)(6468)
748-143-8363
0877323949
(444)(079)(6265)
1684697214
(585) 942 6392
(655)(231)(6988)
2987856415
938-813-9645
3944695159
271-086-5390
3515620726
(390)(242)(3457)
6031432370
3370532763
429-572-2003
9146540491
1479810986
1745076735
(947) 431 1658
7286054448
(754)(731)(1196)
845-648-3580
4661204879
(351)(045)(0230)
(376) 656 5366
2522386300
(311)(788)(5507)
8804981518
(819)(869)(4155)
1866382428
484-986-9680
9211724977
818-315-3400
9460827114
(681) 821 4286
2296001916
3640799530
9444823381
(783) 088 3136
931-618-2285
7545366344
(227) 111 9729
(421) 696 1462
9652251009
8362220053
590-090-2388
(710)(373)(3561)
9064891563
0147914736
4030991405
1454002422
(505) 442 0543
7213110943
(268) 414 6039
335-961-2538
5239140954
(271) 679 1531
776-891-3615
8334565965
(874) 356 1910
(388)(339)(7251)
(567) 669 5017
(539)(911)(0634)
1164659660
9433416392
8554273520
084-317-9270
3966913653
7340574846
(086)(857)(7083)
6776189414
0664072514
(030) 219 1780
0218053663
(944)(045)(7939)
(167)(494)(1412)
0137851707
(446) 083 2056
(960)(746)(9295)
(707)(363)(4781)
8547449830
492-230-9110
6034808675
750-840-8931
(179)(812)(4122)
(321)(632)(6554)
(480)(916)(6605)
828-598-5609
196-270-8133
932-165-3754
(432) 670 6536
(346)(905)(3612)
(124) 542 1709
3940204596
2524441877
6053156589
427-091-7451
(814)(183)(7516)
(054)(123)(2170)
(929)(350)(4639)
(277) 886 6628
(405) 145 9549
(376) 302 8789
(408)(675)(6665)
1776442693
(167)(469)(8787)
(311) 157 9270
2979622388
726-272-0233
6978802659
9182866440
625-407-0335
149-877-4556
1001728919
(842)(602)(4300)
016-738-8071
660-579-5591
7068883557
2647255587
(872)(867)(6116)
(131) 666 8405
8089181403
(103) 122 6932
7842414858
715-746-7188
(812)(570)(3845)
(710)(496)(6503)
2737669960
8464808749
(975)(327)(6093)
8005172302
(253)(485)(5256)
260-067-8559
(939) 903 3728
1873844114
(664) 062 3916
(856) 424 2600
(000) 155 4800
(603)(810)(9993)
9762607327
9188325842
(145) 940 0363
(529) 736 1274
(338) 580 4566
4301226304
(965)(666)(6432)
507-560-8611
3817276042
941-890-9171
9514318097
2413357410
6956073462
977-521-5763
(104)(084)(6528)
4470138182
(067)(026)(2889)
(143) 771 9994
2085701610
(818)(791)(2306)
8022030674
4520086021
133-783-6343
(039) 303 5781
7541541123
5804984322
5156504384
(107)(380)(5282)
1352490926
(438) 723 1489
(191) 439 3886
(942) 036 1611
8220352965
(204)(200)(6069)
013-609-0507
7356626395
9034318096
7902622604
(743) 208 9821
3774550204
(501) 654 1034
(391) 216 2813
0912394877
821-918-0922
(253) 564 5571
(436)(290)(0465)
4790380240
(073) 570 6341
9792880244
1400897430
7176048376
570-141-2760
4440898750
2573427489
9015909881
4496119468
(654)(788)(4955)
(614) 115 4148
8966991566
(008) 534 5115
080-205-1267
(445)(469)(6148)
(381)(230)(9425)
4330144894
7119409333
(792)(941)(6679)
6847342710
(996) 958 0705
(034)(912)(4879)
6330249645
1273694481
518-616-9876
5088163188
(026)(233)(7798)
8540325204
(627)(514)(5431)
9014582444
0964031971
3359484322
759-671-3020
(441)(964)(6872)
0860410915
7607248264
9816140239
768-260-3319
(827) 841 1512
5646353404
(407)(615)(0444)
986-243-8810
(874)(336)(3838)
099-691-8003
(488)(589)(2984)
377-805-6560
(599) 357 3778
0689812005
4937698403
(630) 313 9673
(036)(227)(9987)
8024071306
(641) 078 9626
(422)(854)(8747)
(934) 466 2116
565-487-6010
1424031367
8728534538
2905882830
(716) 823 4304
0529999904
7093487055
(043) 695 3927
735-446-7259
(043) 945 0693
(092)(499)(5366)
(025)(461)(0376)
(646) 144 0418
1519509436
(388) 445 5209
8157709873
(972)(114)(7160)
(165) 100 4983
6224824786
338-501-4242
9526171720
(251) 261 8591
977-417-2020
(053)(352)(9691)
(335) 650 0986
(066)(142)(1713)
303-171-5993
6362657563
276-977-8196
(264) 394 2256
434-025-9160
7973759352
866-462-8795
(093) 423 7070
(010)(569)(5088)
836-801-7331
(062) 600 9784
462-849-3299
5533719317
(014) 497 3897
(309)(530)(5279)
(357)(508)(7644)
135-962-5919
6849987083
(945) 171 8097
3362627942
156-106-0542
(055)(320)(1683)
410-574-7829
239-923-2318
4145868961
6636896888
1551970300
(293)(716)(1332)
(257)(129)(3922)
(541) 449 2914
5832032671
1689939536
264-374-8655
(765)(581)(5404)
7709205528
6465399761
0442795004
(948) 185 5320
8854791803
8449620222
(502) 610 0712
9248964061
882-653-6116
6504538080
5638828893
063-061-3539
6718821472
(498) 374 1546
7605759928
(090)(261)(5758)
(562)(510)(1706)
(432)(344)(3991)
2439720408
(648) 405 2602
(360)(343)(4395)
0634034517
4920493972
(964)(319)(0487)
(635)(688)(1457)
8723362615
3079971067
(264)(845)(0312)
(476) 225 9434
(997)(470)(9321)
3727631656
(591) 672 8091
989-426-9260
(432)(916)(7495)
1843419477
(202) 814 6707
086-710-4611
3330277391
(362) 376 4697
4820046771
7741899033
144-751-8414
4922993418
5928700226
4308478029
(953) 751 3071
(053) 832 3541
440-409-6788
(552) 809 4103
(694) 524 3086
0602979299
(451)(275)(1191)
103-655-2318
2742593873
(562)(642)(8334)
739-598-1366
(013) 820 6594
602-024-0700
005-243-0971
5140601160
(790)(934)(7427)
1511234305
7860643973
(873) 447 6136
8633040889
9760998318
732-477-0170
(678) 443 7341
(451)(740)(6498)
6127938274
(151)(401)(8608)
8799313679
092-455-5393
(202)(592)(4427)
(251) 472 6562
8932133645
302-606-2615
7309386954
648-702-0139
1748803718
1323376266
(797) 670 2105
571-287-7631
9923283182
499-397-1610
(417) 836 7943
574-049-1926
6026987298
8774522166
(884)(533)(1166)
363-962-6583
(715) 396 1945
5127916957
(753)(349)(4032)
0018899133
156-914-6977
419-306-9194
(243)(034)(5395)
(073) 138 1263
7165945345
(211)(374)(9292)
(022) 664 1150
(798) 961 4422
(666) 594 2019
561-616-3798
253-177-8314
(714) 362 2464
4432148939
479-701-0577
(043) 066 9804
9334194867
(598)(344)(0307)
8698424339
(850) 567 0156
(474) 886 8786
113-972-6965
3208400718
2852251454
009-662-1965
(160)(402)(6514)
(487) 363 1610
(931) 194 1290
1757592545
415-925-1283
(295)(719)(2693)
(879)(689)(6749)
0910495856
(846)(879)(3855)
5657230481
0201689726
481-200-9008
(195)(906)(5845)
5452147712
8939201622
6294308463
3097438386
3801967660
575-126-1833
4008978613
(209) 781 6797
(779)(867)(4772)
(380)(553)(2553)
(744) 509 5883
1358209692
8230371740
7819634721
(467)(264)(6595)
4715060544
4078300739
7865506590
(313)(893)(7067)
(928)(440)(6439)
9508202599
(993) 388 8094
(986)(757)(5086)
(410) 782 1470
(136) 239 6466
(111)(376)(1308)
(612)(601)(6362)
(394) 233 2721
5534216125
(726)(751)(1519)
(347) 259 1943
1746038803
(781) 788 7402
(318)(802)(4904)
(754)(350)(2377)
(171)(900)(0413)
987-010-6132
(126)(052)(6973)
1692006618
5257012817
7851879663
9528969902
6242699161
(846) 788 4198
0431183351
6336018276
3866695433
(920) 023 8013
(580) 402 2910
789-201-4350
9793692777
212-865-0512
7060238580
(969) 646 7504
(724)(853)(2518)
(511) 099 6652
(085)(006)(2010)
(189)(961)(8445)
953-152-5274
(057) 963 1050
(849)(205)(8796)
268-693-3651
(705) 383 0570
(334)(512)(1055)
(427) 626 5643
(374) 193 4788
(366) 949 1618
(134) 874 7073
(551)(800)(3132)
(276)(045)(1295)
0892641166
188-220-3695
(300)(195)(7855)
(350)(957)(9042)
(475) 553 6400
2572168797
(761) 267 6442
(679) 853 1007
550-977-1729
(083) 362 1717
6271762675
(680)(377)(7167)
(560) 262 8427
730-388-2606
5051802063
(121)(868)(2511)
(557) 793 3653
4873687567
(475)(389)(7651)
0485487642
716-814-1191
(932)(700)(5974)
8846532962
159-009-4733
(705)(776)(2731)
8700390121
(294)(123)(5342)
5409235877
549-865-6879
2731728650
(036) 663 1470
0739321520
(257)(566)(5536)
1449916673
(320) 972 3793
889-681-2942
(046) 657 0289
869-802-1616
(747) 155 5970
5485948383
052-583-5848
4652635239
5570105504
685-496-4019
(943) 629 8946
7562823700
5810163917
3423552602
287-275-2619
7322992992
6281122713
6967062724
510-019-9009
8925384446
9428616216
2212929883
8016995373
(455) 367 4841
6005165015
7435569254
491-909-8715
5173013104
2842547691
784-309-2364
5378570777
0703941644
029-708-0053
(107)(975)(0525)
109-503-6936
154-940-8366
7141428523
(096) 669 9433
9862341943
5215060933
(791) 257 7437
4131193225
9275358617
488-073-5117
1228715665
7840234900
(937) 806 2351
6703756449
(259)(717)(3356)
(230) 151 2824
(765)(449)(8253)
8706684210
6938737210
6076288770
914-647-4049
982-070-8960
7155844816
6123247909
4272962198
4049557305
219-867-1179
(446) 900 7732
6091723620
(427) 051 6221
001-424-7723
8686858602
4093228316
(213)(511)(4463)
746-689-4786
(278)(636)(6717)
8156121017
(100) 784 1892
(942)(763)(8500)
(388) 628 2688
9143821762
989-532-9215
9124764193
358-703-6595
(322)(440)(8557)
462-156-6727
(021) 102 9562
8413327709
576-040-4111
(966)(869)(2660)
541-763-2574
0441358982
(546)(569)(3439)
(583)(694)(3877)
(695)(391)(8078)
(944)(823)(5641)
316-279-0018
4624240286
0238852016
7708647939
(569) 463 8719
(218)(752)(2163)
(184)(475)(9608)
(538) 646 4918
(229)(340)(6645)
(090)(345)(2190)
(363)(255)(7080)
5969400414
(690) 960 5425
840-889-7991
(840)(585)(8114)
(362) 490 1284
2144704492
1835702473
775-293-3882
(765) 884 9686
9183916248
(169)(548)(8847)
8108699482
(420) 213 9228
883-654-2194
418-330-0313
144-218-9070
429-106-4235
172-413-6762
8243373989
(684) 699 2548
0500858373
(213)(286)(1301)
648-678-5692
(470)(303)(6539)
931-217-9709
(965)(828)(9278)
367-058-9167
1731032457
(333)(641)(4112)
(453)(866)(0343)
773-810-3451
(881)(577)(4624)
4644793641
(108) 928 9688
617-129-0331
7532855844
(328)(718)(7227)
(478) 550 8542
1806723222
(867) 458 4017
(354) 274 6592
4964904415
4711732674
9323969213
(174)(232)(7619)
2783388103
(584)(382)(6853)
(570)(784)(0120)
4299390697
(879)(076)(7525)
(845)(701)(1756)
4078226332
3843828164
(112) 601 1108
2755841563
553-199-2792
260-567-5340
(114) 766 9410
(309) 941 1170
7465167340
(430)(541)(5435)
142-678-7923
262-510-3399
(167) 176 1845
6497655152
5979003954
(964)(866)(2149)
5644314064
6312907551
0037367001
009-488-3117
(979) 356 6235
4934444598
099-923-1126
5558891804
0596573781
(336)(864)(7167)
104-661-4352
4661025319
439-813-6043
134-054-0306
(102) 686 9583
5449180455
(994) 346 9041
(333) 016 3624
(621) 809 3347
(549) 967 0748
(521)(561)(8211)
260-200-0715
574-120-8188
888-596-8636
4547960022
(968) 054 1595
(785) 663 5620
1055738889
9073526417
9998582017
(255) 264 1977
(228) 391 2707
(147)(867)(8446)
5634772164
(688)(424)(4083)
9730155878
(824)(799)(3509)
(986)(993)(0560)
(908)(208)(0740)
128-486-3338
(948) 168 8120
(865) 491 2717
(462)(163)(5933)
5400071909
(773)(286)(4394)
(294)(786)(9621)
(527) 862 7175
(148) 341 3431
(624)(512)(9904)
1118998797
(103) 509 4189
834-701-0078
623-936-6697
(264) 446 9646
7436382253
1246633057
(688)(093)(3852)
033-993-9755
6941696321
227-052-0539
(160) 023 7405
1637341333
542-690-3148
(718)(381)(3727)
(665)(494)(4966)
167-084-8893
(127)(696)(8139)
(691) 360 6901
412-495-4958
(781)(651)(4236)
2159738532
3140267543
(825) 506 7473
(778)(752)(1599)
(168) 086 6078
9211348977
9114678373
277-677-9697
468-887-7843
(170) 235 8847
277-544-1307
6020045300
4029086589
8991883860
759-701-4521
2741043993
9631262952
0417125854
(552) 974 1336
(954)(128)(6948)
6719482076
751-716-9896
(878)(746)(8084)
6963590795
(599) 022 1482
(899)(733)(4637)
040-128-5329
5536282171
510-883-2907
(331)(638)(8402)
485-633-5401
8773319114
9934207145
6449983604
957-616-3284
9808594068
1706612444
1198189984
863-207-3979
932-488-3312
(019)(069)(4415)
309-757-3477
9303566563
994-329-2869
(294)(028)(2687)
2834587598
4468218832
524-114-9336
978-454-6473
493-906-1431
0153095310
(201) 796 5969
859-492-6018
(920)(397)(7905)
9172065032
689-515-2605
8328956559
1865644582
896-849-6614
(046) 785 7578
9323975339
3331266871
(332)(286)(5023)
(007)(104)(6482)
0440641353
852-724-1427
325-398-6076
3694642334
0694629808
6807666046
(975) 549 0527
(884)(244)(8513)
(389)(872)(6299)
4139146442
3140095708
(606)(112)(3102)
(740)(173)(3391)
8001492041
2592173316
966-599-1117
3883827282
(099)(507)(8132)
(304)(764)(9580)
9208901765
(119) 239 7941
(296)(185)(6678)
5871592264
(378) 708 0536
(082)(552)(2708)
(778) 491 6908
5948087294
0272296141
(212)(342)(2966)
952-044-2715
(578) 073 6215
1629075629
852-316-4364
(999)(928)(7733)
(324) 849 5818
5254698800
(487) 354 4741
6270110212
(621) 475 0122
6093253127
(904)(078)(4086)
8804348632
(186) 806 3779
(614) 924 5187
7455963032
897-629-4826
(111)(909)(0539)
6219498315
8039028578
6696220650
8002208602
(852)(645)(5977)
0786720063
709-471-1784
(777)(591)(8305)
1274250253
4998367803
(618)(111)(7454)
6463516522
6614109852
1095506560
(653) 012 6573
5346372460
5035991631
(310)(200)(3811)
494-947-4924
1028103764
0994131100
868-480-7655
(602)(622)(0779)
7356927947
(386) 589 4182
634-321-8233
0707736093
3579805199
1125722032
104-651-1576
(470)(411)(4384)
(142)(546)(2396)
8538044204
(377) 285 8774
7989637953
(827)(657)(5702)
(569)(943)(3282)
165-358-2262
6000537632
(552) 508 1897
(666)(522)(2382)
(837) 553 3095
6805289126
681-472-2892
(810)(275)(2125)
4448328683
887-533-1708
0872970699
(172) 371 7314
(506)(376)(4530)
0584656631
(620) 831 6426
0593511154
(864)(772)(3967)
(095) 229 6039
(854) 140 0955
6606574780
(034)(799)(1410)
(205)(295)(5418)
(533)(469)(2744)
(055)(383)(1449)
5546324129
(803)(583)(5462)
1593053747
8393585246
712-290-9844
(303) 604 9619
963-788-1737
768-431-0373
9001442415
(938)(222)(4463)
(109)(478)(0003)
(231)(485)(1987)
4042279532
(694) 377 4052
101-437-8820
3854532811
3337070298
509-151-3930
020-197-1770
(108)(644)(0098)
5779953147
(746)(794)(4160)
7758786528
1469151933
8893292517
5338981422
0294190061
447-851-1883
(828)(646)(8646)
590-824-7740
(025) 686 3905
(882) 883 9265
076-091-3463
(022)(191)(8123)
0756616096
4648474153
(301) 269 3770
851-902-0173
(509)(424)(5278)
(654) 899 4899
(850)(667)(3927)
6292569120
2517136207
8940894359
7758015548
(441)(419)(9302)
(213) 308 4597
(442)(806)(7010)
411-580-7115
(240) 520 4466
478-938-0455
0024852225
416-777-5305
(780)(201)(3856)
7302202059
2816821463
165-378-7298
(048) 065 3653
(628)(787)(4064)
2447398969
2650952179
(071)(593)(2575)
1273174798
503-922-4203
649-448-2172
1115727373
4232019654
(927)(775)(8059)
(733) 202 0962
6618756041
(215) 202 3859
(028) 584 1666
628-991-0165
404-091-5838
(612)(699)(7483)
5850305616
(380)(346)(9560)
5690127515
3481257617
0429243895
(487)(440)(5740)
(187)(435)(4472)
3562910579
9800521031
(195)(862)(4652)
009-793-4883
7405732924
(055) 440 4562
(429)(454)(1432)
(302)(120)(0889)
(480) 391 3318
6114839963
069-992-8470
(581) 043 7433
4056732372
247-668-1276
(015)(781)(7053)
3179015497
(342) 456 9972
(349)(377)(8319)
672-649-5271
(161)(259)(2553)
5786022837
(319) 369 2039
(106)(066)(4712)
(811) 756 8705
5368652548
(686) 646 7132
5746465379
912-182-1053
(981) 534 9565
4697043742
977-661-1233
2395540022
9813176099
(372) 672 8676
9935135362
159-311-8816
0096293218
(810) 169 8125
(594) 982 2480
(360) 279 3045
3374495699
(070) 361 9228
(494) 375 2952
(619)(109)(1723)
(493) 773 4776
(524) 715 2835
3215578891
(197) 712 2038
9437395584
7297406208
253-702-9892
(316)(386)(2720)
860-070-1622
(258)(670)(0270)
(455)(102)(2861)
105-194-9864
(910)(217)(4984)
0000969956
(295)(266)(9314)
(690) 530 8247
4353862993
2634161757
8930662363
(204) 433 6130
(170)(092)(7243)
2472287459
460-075-4525
(761) 369 7734
8381338068
881-930-8565
(644) 268 1476
6199545531
