7017323858
7103380713
9192103544
(924)(478)(1122)
0681122385
5345801994
8385250311
1826902108
588-691-8675
9239014755
(483)(920)(2487)
(604)(834)(9043)
5503778363
326-852-5067
295-529-4939
9666064174
(304) 786 8435
(083)(499)(9019)
(553)(391)(8302)
5545891653
3730513065
561-364-0995
(285) 425 9424
3812752038
217-070-5719
(251)(551)(6210)
136-613-7097
(291)(687)(5725)
9749086767
(397) 991 1349
934-300-0684
2333311743
(637) 289 8191
(533)(876)(4322)
451-237-9885
(426) 252 0208
(527) 052 4638
3580171231
013-527-7740
(703)(553)(7980)
6650387862
2413022813
4554510505
1628924465
176-570-9846
190-044-0168
7699799139
3186024580
(889) 849 6869
(873)(670)(0397)
(687)(336)(2968)
3608281117
(431) 339 4702
6404883209
(465)(510)(2918)
6968006101
(306) 330 4375
516-823-0418
976-929-2882
0663337851
0185869624
999-500-4385
7560608457
(637)(605)(7056)
2221991359
4635927371
369-360-4976
3822792890
2779220813
5367142689
9877250740
(776)(780)(2275)
(464)(644)(4933)
(091)(806)(4789)
2174864964
347-861-9562
9838130626
646-803-5592
8865684289
0877258616
(086) 471 3441
(763) 685 4498
(241)(133)(6656)
4075435521
(188)(632)(0397)
(741) 794 2191
359-942-1455
104-177-6355
(876)(208)(8067)
463-903-5165
(132) 037 9204
4694942828
1479457380
(698) 722 6884
0458189701
5324966623
8048615237
6648192102
160-964-6346
884-228-9362
1055227581
(688) 217 3154
485-929-7260
3194118171
(224)(995)(8353)
2420680139
669-886-9926
547-037-4171
9959025837
797-966-5435
1247480641
(757) 465 1928
(299) 504 8666
337-249-0402
(680) 684 0442
(796) 247 1477
(171)(609)(8657)
2746722012
(881) 898 4134
8229150659
0157913343
0913161220
1006589586
8999273292
(945) 761 8491
(978)(968)(1336)
6579329126
8787573051
621-577-7744
1228471325
202-597-4861
1400976627
693-589-4719
3666794574
0390214871
(416) 690 7311
(464) 891 1385
(970) 914 6543
0535157117
(883) 928 9899
574-121-4865
(819)(789)(6478)
408-772-5568
(856) 274 4059
(238) 225 2694
(640) 218 4392
1249711710
(623) 923 0435
(237) 211 2166
(113)(246)(3856)
874-620-8860
7783047659
(734)(771)(9518)
636-730-1147
4105049988
018-104-0864
(915) 359 0823
859-234-0019
7740091560
1658371712
016-389-6526
8441934487
(971)(329)(9455)
2161425278
(998) 283 3578
(822) 702 1823
1928270705
(002) 015 8271
3753131274
107-129-1779
(179)(848)(0084)
(125) 845 9359
7493921473
9503536460
(150) 114 2252
(926) 570 2172
(154) 285 5217
(024)(663)(2641)
0803550686
(435) 869 7402
5815756230
3782196887
(154) 131 4466
(082) 084 4955
1343978488
0202721199
(942)(812)(5048)
638-588-6554
2965045506
(110) 050 1471
214-660-8887
6417202607
(521)(569)(5881)
7526805220
7474706560
(596)(815)(5020)
0388185027
490-698-9093
7594775207
(940)(653)(6949)
1138599214
2780582222
9307002245
(813)(376)(7616)
(492) 998 7797
(858)(897)(7242)
(996) 570 7545
446-182-9742
(288)(155)(4372)
4715560687
(741)(932)(4828)
7892089982
(360) 970 8072
8547868898
(366)(556)(2460)
(920) 004 4771
7944063444
(438) 283 4785
(939) 457 7643
8520538730
7525852470
4496400444
(600)(227)(1392)
(180)(987)(1949)
8316790130
(265) 361 2627
164-531-5469
3966033768
(507) 069 5444
6440792457
(777) 749 0612
(848) 706 0790
(598) 037 9857
(679) 032 7411
(000) 552 0811
(257) 386 8663
(031)(090)(4528)
6544102113
357-870-0815
1676392149
6430339184
7856977502
1573300703
(642) 332 0510
(656)(675)(3169)
(790) 274 4079
143-066-2518
333-772-6159
(640)(128)(4859)
453-535-4016
236-286-3044
9762079189
(804) 985 3222
(688) 417 0259
(824) 744 3307
0020232095
6169096147
2139715382
9468599270
(588)(660)(1758)
8395800853
(413) 584 9117
5847404890
4830815957
(644)(772)(7223)
2365146978
(120) 041 2055
032-928-8314
(742) 959 8091
(194)(746)(5477)
3149940004
(796)(728)(3389)
(044)(721)(9291)
(001) 267 7615
6713099495
2755682724
(139) 563 9770
9343453532
9483153933
(642) 007 7995
(904) 783 6000
6947999255
(332) 764 1325
343-875-8098
6799754110
(048) 995 6433
444-914-2480
0171417457
067-263-2079
0679514615
137-245-3524
769-256-1544
(562) 677 8678
7665932681
4917392480
1804807599
(127)(329)(8827)
(384) 747 9440
(867)(382)(2439)
0135951176
(957)(398)(6185)
7001611497
508-399-5743
6896884611
860-996-6853
252-454-0549
800-123-7311
9797156486
(209) 054 1932
(770)(924)(0117)
(678)(261)(4335)
(601)(489)(4932)
(666) 323 4834
6219935107
(116) 789 9788
(913) 093 5440
6081451935
484-038-6467
4937740982
(086) 942 4443
6803428035
9755211628
(840)(848)(5781)
9729037273
434-736-6600
608-069-7326
(266)(852)(8199)
1362343088
(711)(490)(5447)
(662)(118)(3798)
304-553-3875
(226)(478)(9762)
(441)(408)(6806)
(326) 986 3719
2278457384
3921148661
5585274460
(216)(853)(0656)
988-950-1432
602-933-1964
778-916-3236
(164) 114 4441
(276) 005 7929
303-696-2177
2950886805
(691)(545)(5515)
1055167897
(960) 824 7996
(271)(013)(5443)
(538)(552)(0438)
362-516-4750
178-604-8065
4302615857
650-184-1264
310-710-1096
715-595-6696
039-515-5736
(421) 246 6078
0622929919
264-205-5337
(253) 976 0119
352-001-1494
3971418579
4730378336
(880)(241)(2019)
5768155373
0992590473
5987850666
355-004-3485
432-157-8918
374-255-4526
(885) 677 0236
(007) 140 7223
(682)(187)(1193)
251-014-2558
(545)(427)(4864)
623-075-0954
(204) 658 9568
770-989-2380
(155) 139 8042
(482)(581)(3669)
(822)(232)(1686)
040-495-8638
297-848-3556
(941) 247 5899
9775679325
9424371050
(489) 901 2662
(261)(758)(1848)
(871)(561)(3098)
8622541626
556-322-3014
(777)(340)(9267)
9106239430
2823119005
8388441901
3479430381
5400864792
(735)(559)(1091)
(269) 269 5465
705-352-2872
(137)(889)(5808)
1771378891
(567)(853)(5894)
1521076897
(756) 880 7400
0368619884
(759)(070)(9121)
(558) 694 3548
6682229249
3706347763
4158330573
437-306-0383
7598485181
(266) 182 8453
(694) 654 5282
7319358889
433-895-6834
(458)(113)(7057)
262-878-9191
1024823768
(147) 627 0345
4820524817
(193)(108)(8596)
(279) 836 6889
2226568891
543-021-7216
(647) 283 4448
4067469439
7461246925
1175627925
0533214978
3322395825
(544)(252)(7794)
(876)(248)(2998)
5304114689
013-873-1479
(175)(711)(4392)
(623)(190)(8083)
(975) 481 4968
(361) 874 7130
(268) 514 5062
8196734216
(986) 536 6111
8571224127
(258) 972 4457
3021408770
9574129821
437-370-1223
696-809-5478
1045726730
(547)(934)(2408)
1926863875
528-524-1411
9388086291
037-693-4583
(906)(917)(8871)
947-267-3735
8206663041
3877044747
(710)(703)(9935)
2842587092
(912) 688 7000
622-248-7218
(445) 539 2793
197-839-1215
(592)(271)(1272)
4975364749
0910904870
(758)(722)(5448)
4347703205
(767)(724)(5625)
(761)(095)(9969)
0871803568
(672)(950)(1296)
1055513086
369-692-1729
(368)(138)(6090)
5126677814
2580564995
(422) 871 7299
(874) 304 9334
(504) 092 4466
(469)(955)(2024)
4048563068
491-889-5366
(094)(073)(3555)
(349) 375 9884
665-984-7306
5359979536
1737291054
(960) 646 6240
1745771265
2161484188
496-447-0352
(122)(052)(0161)
(220)(689)(6128)
748-333-9619
4186667785
3479710030
721-247-2158
(639)(899)(7816)
4600351724
795-525-6881
9780876695
(911)(483)(1987)
7346592100
(054)(909)(4924)
(926)(690)(7005)
(790)(340)(6216)
(636) 904 3784
761-602-6692
0838820306
6308776088
(725)(553)(3718)
736-396-3756
(194)(792)(2598)
3741379602
(286)(119)(0287)
406-352-6439
(360)(376)(1504)
(904)(707)(0083)
125-239-7966
(584) 390 9022
(505)(898)(8770)
176-131-4204
(932) 171 4356
(379)(393)(2816)
1185131843
5005480912
(381)(953)(9834)
(891) 621 3108
4386948237
(921) 254 4866
(958)(742)(7502)
490-866-1855
070-746-8016
5451935483
(471)(295)(6020)
2654556805
0384434994
049-155-4601
6419698992
6569740253
(932)(174)(0660)
7282431898
5167452104
9219737950
(382)(160)(5972)
694-822-3013
6692486615
(292) 125 0212
387-260-7171
755-315-4622
6536127883
(097) 100 0932
(752) 507 6205
829-531-5423
7853859632
6836050521
(759)(224)(9312)
4123164752
726-989-6015
3218218339
6682436566
(848) 429 7434
(368)(154)(1418)
(372)(472)(9389)
1906490849
9475350514
(761) 090 2567
(171)(374)(0524)
(057) 980 3922
(005) 491 5197
(968)(290)(6931)
3306891331
7734015361
570-702-1409
1975511345
(494)(914)(4886)
4615690832
9683669260
3812727512
(916)(893)(5543)
(257)(421)(3621)
3259041098
7385236316
2734329389
7028298983
930-296-2285
3777062577
2842393346
(531) 693 8106
5394671951
5820960010
(909)(839)(4229)
189-984-4535
084-922-0323
407-987-1862
555-092-2807
7665529907
0324965170
951-016-7360
1474055662
9491329469
(566) 555 6692
2985245060
(142) 727 2005
219-807-9961
(576) 495 1086
(609)(946)(2368)
9035623793
8464738847
4634494571
2347936328
(447)(724)(6248)
(591) 591 2163
(799)(587)(5074)
6240206482
(400)(842)(4039)
5406387458
(777) 344 3862
(132)(248)(8970)
(085) 157 4408
(203)(371)(9728)
(337)(631)(6065)
8404864228
1263532541
1458030805
(873)(976)(5703)
1216189888
3177342763
3197831612
8299178206
(827) 386 3939
2910593546
311-182-4236
832-806-6821
(828)(720)(3723)
2530528465
(031)(067)(3903)
(469) 167 6672
376-116-2337
1956126352
281-953-4750
(900) 849 3787
(808) 016 9038
1724522270
3956212532
1227918063
805-067-5448
556-351-2639
034-914-4919
(239)(712)(1234)
994-325-2117
7597689844
6769001529
2566780089
2604325974
249-226-0846
(530)(886)(9900)
(715) 084 7816
(933) 018 5014
(322)(444)(4918)
(274)(484)(1105)
(251)(355)(7967)
(875) 263 1845
(038)(316)(2531)
(971)(030)(9853)
345-304-9460
395-476-3842
(841)(875)(6905)
1494043266
8557761336
4562248151
6791469294
110-403-3070
993-199-9380
(944) 663 4023
9836625989
5952955066
4414004286
(124)(136)(9523)
812-986-4503
146-157-7858
053-907-0474
2416181767
0757820050
(559)(929)(0581)
(999) 809 4998
697-854-3987
(549)(657)(2021)
(472)(293)(1724)
(869)(484)(6846)
3119022160
(981)(939)(3296)
(395) 770 7330
8694758087
690-176-6563
(161)(091)(8108)
6943371739
(158) 353 5070
(303) 302 3756
(155) 209 6665
1302693938
1842282163
(039) 471 1484
3021854738
(356)(475)(7517)
5000323911
(474) 071 6825
(503)(217)(6459)
444-316-3022
9672460556
5238758807
6589795759
5577568567
4699698817
6495573845
4282940868
(944)(236)(1341)
(442) 430 4159
9192344308
(891) 953 6078
437-345-2100
(311) 150 8799
4113678278
(544)(557)(8108)
6164359283
307-288-8002
141-771-5722
(106)(216)(0004)
4184016830
8364054785
7829935150
101-591-9421
9173091893
1097803489
(808) 904 3866
0023843455
(372) 714 0883
9261854771
875-528-1039
(636)(504)(8639)
6832560883
(122)(711)(5715)
5475429213
290-673-0315
5105595325
5260501595
6239520189
(904)(929)(3846)
(864) 995 2705
401-943-2908
(182)(147)(8442)
2920371580
8429018370
3032098940
0384714103
9559156474
(907)(476)(1957)
157-930-0528
(351)(064)(9226)
(119) 167 1406
9802591455
2199488267
(000)(131)(7838)
(740) 090 8004
(031)(995)(6232)
(382) 998 8846
(881)(091)(1853)
(280)(459)(2708)
(554) 038 3894
2367960512
7862234105
(670) 581 4125
083-530-8209
8571067135
886-535-9284
(331) 616 3019
4999231265
163-154-7736
403-097-9930
801-452-1910
(650)(051)(6060)
(309)(691)(7241)
(961)(817)(7918)
5528943584
910-894-9428
(739)(498)(6134)
696-827-5043
196-587-5364
4332253129
8554672535
7512872122
8537933355
4091807473
(767) 099 0723
(971) 681 1388
904-415-1934
9130114944
963-365-0932
0963960460
823-970-1183
6643943470
5460072590
113-422-5131
049-858-9036
8840474640
(028) 201 6021
1212496831
(572) 533 1201
(003)(510)(5042)
(262)(293)(5613)
0375442172
559-852-8733
(856) 922 7411
(818)(178)(3981)
9842955497
(936) 877 1226
957-335-5449
4227453080
4102652571
1827813789
2174824190
(635)(794)(6268)
4743471900
(878) 302 5568
(499)(506)(8006)
(030) 767 8182
(664) 392 0125
307-929-6148
0174444959
8543261437
3877633478
(640) 153 5605
(806) 203 5209
(736)(363)(7202)
6165456209
268-395-9385
(134) 625 2514
6190211231
158-437-3947
0279224262
7906193708
606-781-2396
(039)(666)(9898)
838-486-5698
7916844332
(534) 918 2296
(026)(353)(0706)
(610) 935 4732
(143)(340)(6020)
2490718642
066-187-4833
(948) 972 7989
4647138955
9795502048
6862513322
9421534219
876-861-9530
(871) 180 1321
2576208411
870-553-3431
(033) 536 3464
498-518-0279
(581) 749 7352
892-459-2233
(453) 458 1074
(468) 085 8689
(751) 450 5452
(845)(349)(3884)
9367112552
2650278395
(566)(433)(1349)
069-259-9864
0627376236
(411)(745)(7820)
(649) 153 9950
(930)(909)(5061)
2814160913
7151931525
532-621-3319
(126) 858 3371
(519) 363 8891
800-988-0383
510-807-3353
(741)(809)(7791)
9658289886
(376)(265)(0365)
(959) 540 0836
(712) 998 4599
(099) 123 0815
5424688710
1786793226
(581) 135 7459
(279)(056)(7059)
(461) 009 7923
(118) 876 5008
2541651499
819-558-1531
441-296-2721
(550) 354 1484
9048028786
(023)(597)(6022)
(889) 081 6745
(623) 215 0899
(128)(716)(9509)
5043985196
(998) 612 8825
7437743254
1809552421
(497) 762 6948
(286)(173)(6812)
8361947179
0830817101
488-872-4942
7360182413
029-438-5062
8229916002
(103)(810)(7953)
1072122027
256-527-1376
2132895927
9069867895
7573230190
(028) 069 2619
(135) 790 0194
4722535377
(681) 980 0298
(659)(892)(6561)
158-153-9881
(251) 350 6843
(108) 277 5056
9964521153
451-523-1894
9685486672
6351904207
2781556655
2215884150
8106593012
8845826801
637-270-6413
2866006758
(589) 242 4679
(057)(246)(9300)
(163)(395)(0239)
(695) 743 0159
(339)(648)(2679)
(101)(527)(4579)
(629) 693 3380
560-796-5297
(850) 223 8562
(600)(983)(0220)
9860955726
345-756-4687
2851197260
(312)(132)(1292)
9784871181
(220)(152)(7234)
760-401-1128
630-173-8815
(934)(469)(8614)
(401) 565 9487
(187) 323 7082
7366979363
1610913780
(055)(356)(3401)
(391)(105)(0275)
503-808-5420
8729525305
(300) 639 1281
(090)(796)(1537)
4681091768
3762522621
8484417274
(765)(323)(6232)
925-575-4201
5184769307
(871)(698)(9897)
5105775119
7927956628
8229308894
9248088995
(800)(233)(2985)
(807)(515)(5179)
(649) 932 9115
(042) 347 7057
(458)(223)(9179)
(430) 879 9122
1249078888
(536) 334 7944
4021289441
7548686742
5191577905
8210819543
(593) 581 1051
9071285929
1532243197
(600)(627)(8736)
838-189-8287
5426734405
8019656863
8406241106
980-567-0323
(405) 307 6795
9542921409
9377233599
5094762915
7173116555
8004844006
617-251-7044
1610548291
8344359066
(483) 055 1750
(561) 099 5711
(319)(196)(0407)
(840) 422 7061
(284) 862 5560
4566928934
351-775-9448
6281406688
(637)(158)(1484)
(657)(966)(8839)
463-029-3148
419-756-1830
6229303441
6082765561
1147870524
(384)(534)(0662)
(313) 072 7505
(889) 515 5062
3856545042
3948061863
992-458-8291
(466)(841)(4807)
(744)(517)(1080)
(472)(028)(0521)
6136419431
(011)(837)(2342)
0590088798
1499757066
629-196-9868
193-190-8150
(829)(537)(4629)
(950)(708)(7580)
8682173565
9009133824
0485900369
2061280415
1688981241
2848415889
549-142-5877
(332) 689 4516
(046) 393 7618
245-463-6339
0626347536
083-201-2717
(652) 101 7990
(617)(709)(5613)
6081894455
(921)(501)(6442)
(033)(063)(5251)
990-639-4097
6042832541
5037772203
(741)(374)(4432)
067-331-9692
9380602078
(033) 458 7388
(258) 847 7351
(611)(004)(2180)
587-831-0267
445-015-4286
(109)(665)(6009)
949-486-8688
5940102857
(645) 125 4501
(483) 070 4621
563-206-2466
852-723-1078
(288)(095)(2404)
(958) 517 5413
478-707-1972
373-469-3566
109-770-9062
(344)(932)(8021)
698-754-0189
(578)(169)(8846)
(305)(624)(9460)
4537404021
(653) 376 6504
797-348-9631
6340416840
(624) 501 0425
(315)(960)(2911)
5885360080
274-475-4744
(637) 973 1273
(532)(315)(6243)
(278) 078 8822
4275634012
(472) 186 4826
931-307-1848
3847348277
(740)(900)(6586)
(902) 381 0498
1078822999
8784473434
6388473096
(197) 338 6678
(277)(666)(8399)
9961894618
756-117-3417
5827545997
395-385-7809
(174)(835)(4163)
(944) 707 4893
1700561173
1774928475
0433422677
357-736-1367
542-878-9290
(794)(466)(2547)
0274390764
(421) 306 1213
(897)(157)(4976)
0110887919
7155663568
(145) 992 8996
(890)(781)(1082)
448-525-3390
5242324441
9807869331
7979587804
(175) 355 8309
5683213185
(419)(985)(3407)
976-603-4234
6691485633
(692)(863)(4022)
509-346-0300
640-970-0078
286-861-3655
(115) 323 6032
164-243-5473
(354) 850 2305
7760895659
(283) 249 5516
(241) 859 8836
8668682474
(633)(458)(8698)
8860704377
8617477023
(422) 760 8353
3058904904
(191)(461)(2246)
6318354419
(049)(923)(3491)
(911) 306 4450
(519) 488 1131
(256) 865 3585
(882)(787)(5417)
(023)(227)(2685)
(490)(083)(7896)
4620236859
(046) 675 4832
9000668437
7833334698
6516856579
690-270-5549
(262) 483 1228
(053) 951 2419
(944)(996)(8167)
4149321504
8709219479
(839) 346 4398
535-254-0633
(202) 479 3768
(693)(112)(9936)
236-396-1557
(232) 583 3826
(512)(471)(4231)
955-893-8010
(513)(374)(8867)
931-975-8843
3090586570
(281) 531 2576
(341) 492 1549
(035)(492)(8154)
8815775205
8883053649
914-162-1663
7079300135
5235068935
3948431023
943-606-0582
442-995-8550
5087193771
656-830-2020
(809) 632 2709
673-753-8312
9749800680
1482920208
5168623067
835-015-7967
969-477-5791
(624) 169 0673
353-895-0621
8283413691
(018) 595 4955
390-664-2622
953-642-3933
7331700948
(284) 538 0003
(760)(568)(7916)
8919698325
0434199246
(164) 727 2903
(946)(520)(1680)
6331916610
516-479-0689
(130)(090)(9444)
(907) 293 8996
(931) 386 0272
(130) 499 6319
7217385734
(432) 221 6591
945-639-1686
2390698363
5548499097
(914) 703 8145
(645)(800)(7875)
(137) 327 8083
(154)(232)(7345)
(238)(165)(1854)
3831477105
335-385-6324
(541)(646)(8343)
(094) 490 1153
7783248081
2472521653
4021297086
7175152223
(032) 197 3687
900-246-2014
769-279-7315
129-523-3092
(173) 144 7885
(399) 235 6084
8301789381
(816)(938)(6992)
(620) 576 3289
404-402-0474
(897)(281)(2572)
(672) 448 6340
6775217122
(345) 125 7531
1483353690
(191)(939)(2805)
(188)(441)(6672)
0652302286
(515)(142)(7473)
(326) 286 7813
(261)(549)(6518)
(223) 961 1271
(455)(639)(8841)
522-058-0015
9038405716
6487784386
(446) 011 2980
(605)(146)(0695)
(181) 616 8571
4405925126
(336) 769 2455
(667)(311)(6454)
8395476428
9883214339
3683792214
(090) 432 0555
(929) 269 3823
6680607672
1683475928
(098) 868 0063
(158)(501)(1869)
(946)(318)(3341)
7780569817
(540)(831)(5630)
(527) 221 3561
484-697-5913
3599467583
852-955-2312
(011)(359)(1881)
(259) 875 3315
306-215-7389
8709555570
(111) 934 8156
(507)(626)(1390)
(441) 175 3422
(119) 908 5368
201-004-5057
(084)(268)(4341)
2416960549
0447348354
7568950418
8487424474
(453)(790)(4402)
440-090-7522
(344)(049)(6563)
4057430637
9503354574
098-956-1903
(308)(911)(5677)
0889525917
(210) 777 2540
(973)(041)(3766)
6047632804
821-937-3227
4457987764
(434)(451)(3211)
193-262-1101
5466763789
4237947622
(063)(792)(2667)
131-682-2666
(487) 446 5104
8209626890
7758545060
(743) 723 2153
8373100580
4586271813
(664) 579 1576
6294305525
(473) 131 4248
9063760049
(738) 842 3816
320-747-3572
3204404771
(843) 141 2806
(397)(738)(5004)
2433178827
837-377-6596
852-420-4004
6769929755
(064) 723 8943
2392270844
6382906554
3949875960
1567835900
(586)(142)(6806)
7851914257
(602) 514 5728
(494) 411 8954
(648) 594 4861
5850068132
(540)(804)(7204)
(489) 108 9570
0281491122
2099096940
985-950-2448
6417845991
0706415680
(217)(912)(7778)
983-421-6312
(799) 912 3715
(431) 126 9141
(166)(546)(4452)
401-851-2017
876-425-0987
(576) 608 8290
655-797-4777
(165)(817)(9367)
(037) 739 9241
(147)(252)(5873)
(179) 189 1616
222-604-4694
7502250461
3961482993
829-231-9020
(670) 491 8898
(507)(818)(7705)
(704)(935)(3541)
4067777822
7520666778
0733431919
7551521230
508-706-5585
3304096930
(727) 570 9531
4575395457
0398357760
829-293-6903
5698694448
7035865564
7321629375
(718)(058)(8949)
2371516952
(974)(439)(1574)
4576809044
9555885524
0169258859
(657)(693)(4692)
(238) 719 2632
(267)(536)(1801)
(732) 839 1652
5424163185
(646) 938 0870
9084818184
(524) 464 1394
783-910-3240
(476)(083)(6781)
1202540104
7363374653
3526295271
7220653600
5417968301
3592292078
551-602-3447
1021076189
(812) 826 5641
(468) 421 3873
(093) 276 3364
9281281908
066-308-3963
598-867-8495
(441) 651 5158
3390302906
(760)(691)(5475)
751-604-1681
3995616856
028-602-8381
2464900762
6560424093
(295)(823)(6841)
442-930-3502
516-324-7352
108-522-3187
(842)(241)(4040)
(496)(626)(3463)
752-693-5996
(558)(024)(2679)
0745858118
0692969909
(287) 297 9873
685-712-8268
(818)(750)(3443)
(946) 848 8148
4828107833
5100185064
092-507-2150
(837) 511 5072
(970) 829 5783
(214) 972 7450
421-156-6982
666-604-8152
(206)(637)(8550)
(111) 719 5497
1942064439
181-784-2112
878-590-3974
447-334-2320
638-061-8668
4660649538
6383392237
(084) 646 2857
9766638891
(753)(684)(9741)
090-484-9903
(148) 413 4690
631-952-4678
230-609-6896
(385)(091)(3259)
6497685772
(749)(851)(1616)
2194230623
1783204556
6939678485
9636360833
(827)(568)(5822)
(896)(796)(7694)
(132) 029 9483
629-593-5352
(651)(462)(3930)
5376320879
(144)(518)(7142)
(106) 422 1329
1220281372
8091285850
049-945-5546
8995976322
(715) 428 7231
5202435936
(619) 434 9774
3090723024
5173131917
011-601-5890
(785) 665 0860
891-136-3762
(925)(104)(4689)
(192)(285)(4418)
(940) 373 4081
4433430128
(279) 709 3793
670-244-0227
(197)(156)(6814)
(958) 233 7378
385-489-2856
0317288399
1623895052
(217)(182)(4850)
9407869394
284-584-9571
1325132192
075-195-9425
(687) 919 6439
(773)(073)(3508)
(739)(231)(7362)
(385) 293 1361
(171) 480 4015
0594922704
9166629340
0379524309
8355863273
(826)(375)(7535)
1152439010
6326330880
(764) 821 5448
(392)(288)(1065)
3110246603
3757386311
329-611-2711
(066)(906)(7723)
8634626153
9171174951
(307)(141)(1073)
(965) 788 2702
089-683-9927
7704367881
1863108062
4571845855
(427) 137 2268
237-214-8918
(505) 604 2423
4467235835
5785614966
(567) 549 6006
782-303-0285
6956802207
(761)(763)(5861)
4901410957
5218373863
498-732-7484
989-820-0635
706-551-7338
(582)(692)(5152)
1843133065
(214)(084)(3952)
3379734058
(045)(985)(7124)
4594193319
8598811737
(256)(665)(3252)
(142) 886 6763
1370341094
(939) 121 4709
(690) 320 0439
(649) 348 2191
(571) 434 3572
(345)(861)(9348)
(341)(250)(1987)
2501102674
(907)(269)(9869)
5590917334
014-081-9065
4845788334
0367195099
4626751851
(406) 359 6661
8845688590
639-158-2381
(149)(106)(1177)
(603)(072)(2082)
7923677941
(419) 035 6683
7814618986
(219)(651)(0726)
6777354259
(905) 976 4519
7078902324
6852677297
(341) 682 6740
5150419754
8737538017
(073)(732)(9885)
531-909-4284
025-474-3492
(605) 576 1200
133-372-8905
(474)(614)(3721)
3946229234
812-450-0102
(765)(193)(2090)
5905439086
6185169124
(836)(855)(7893)
100-343-0771
(685) 216 3272
578-466-4101
(252)(891)(5321)
(916) 408 5691
8872261716
0590868218
1943678112
2224983233
(257)(040)(3904)
7804553044
(067) 892 6013
6728233960
7318513730
0157576284
2124655887
948-295-9528
147-034-1162
9748408810
2289970987
(662)(163)(7134)
(761) 355 1072
011-318-2240
1489938168
(966) 960 2895
(457)(948)(4373)
661-268-5945
(837) 793 7335
(960) 956 6703
(390) 215 4221
1883813645
(487)(818)(2432)
(129)(930)(4378)
114-303-9858
521-760-6897
(627) 346 8452
0211178710
(676) 749 5815
168-118-8388
(126)(309)(5265)
(728)(748)(6054)
5357615238
2825693536
(938) 384 5234
(365)(329)(1824)
2349203756
2493951624
(277)(801)(1421)
3004192504
6259110415
6055121145
3034017414
(394) 840 8977
(742) 788 2715
5308808178
4051262559
(122) 256 8625
(479)(855)(5143)
754-422-1549
7710984396
7899045697
1727115008
787-285-6734
(281)(498)(1384)
(171)(533)(5472)
(410) 793 8269
3060512649
2099845793
(675) 354 9210
6016827048
(934) 861 9992
(375)(957)(5486)
2796178438
9814959153
8770300138
(677) 498 9298
(970) 489 7698
9772234653
844-450-0394
2417166824
1724143844
(228) 763 7512
(099)(865)(5737)
(757)(892)(5166)
889-201-9576
0662275460
6291906199
1527108931
4086958002
955-547-7876
200-954-5230
5525768624
618-146-3669
(951)(269)(5379)
3144067576
1182735851
5374699125
4683124245
6254139334
0204697803
(296)(446)(2201)
2073630424
3917881890
4450103962
1578510040
758-564-3764
2286287266
2867258396
015-539-7615
(758) 879 7369
1152117817
0941684569
4067420716
9201154106
6285136392
5956559157
4021951923
2626289111
4452465628
(291) 420 5268
(534) 260 3154
4722586117
531-461-3993
1869782682
(922) 877 3692
(315)(836)(7853)
5570399693
4018049167
449-840-6946
785-891-2549
(722)(843)(1477)
(226)(596)(7908)
(638)(569)(6361)
(320) 433 2744
8340728309
(865)(250)(8754)
0939371759
940-368-5069
(049)(114)(1908)
495-978-8417
4305339317
592-730-2850
3891684506
(029) 513 2965
1437214052
8800150049
(559) 268 9873
1675680619
(668)(279)(1910)
594-364-5231
(965)(431)(0714)
(736)(925)(1911)
0405231666
3911947654
7280327269
189-603-3277
(899)(645)(7599)
8248486064
0654874324
6527724712
(426)(805)(8860)
565-208-1456
(364) 480 3716
6279865828
083-803-9411
(601)(976)(0042)
2625925096
(761)(399)(7714)
(922) 182 8225
4741929384
(043) 145 9288
7627716882
197-398-9716
(989)(830)(0787)
511-462-7520
(202)(672)(2513)
382-144-0085
8816786255
(000) 419 7613
(788)(135)(7976)
(783)(023)(4782)
963-607-3598
2476333831
3912595990
714-225-6057
(642) 860 4614
940-167-4361
(788) 123 9698
7676577677
1037199311
(813)(863)(2330)
2081305404
(040)(515)(0437)
(795)(270)(2210)
707-056-1664
5099374042
7511709217
(398) 673 3944
8949476069
792-666-0020
002-248-1967
(544)(787)(6562)
9137309445
(673)(638)(2556)
132-969-5436
(683) 404 0986
3760759425
2215081645
019-516-8609
758-766-3183
5177382791
(239)(948)(1666)
(089) 209 8934
(681)(505)(5405)
834-864-8362
699-735-7758
3530766006
(227)(247)(5209)
6552354739
(331) 325 4639
784-797-1353
(536) 093 3825
(285) 145 6360
370-915-0932
8690034413
7415336762
(073)(371)(3167)
826-598-9516
5681542885
(559)(632)(2586)
0036224700
7421881761
9546476132
766-295-7239
(709) 974 6842
5998980172
(560)(264)(4608)
0939180585
028-469-6115
6412880786
200-976-3921
6777508948
8525482621
0334567941
3982573502
6201852396
(770)(616)(7998)
0272674491
(845) 463 6320
536-746-1476
(745) 529 4088
(318) 594 4805
(260)(141)(8072)
(561) 263 4009
8830415400
(511)(489)(7903)
(517) 724 8247
(785) 341 4551
(253) 673 3237
3118340767
1646926258
(517) 788 0919
544-744-9069
4751816885
8741144363
(369) 910 0011
7827111864
9156407757
2010206958
(182)(675)(3089)
2511962142
2941426752
1411919580
639-391-4686
(304) 985 3082
1106536595
6729544035
(639) 548 0434
(330) 511 8518
(634) 515 3674
8817230784
0797608533
6606365409
(247)(093)(9553)
678-391-3359
4035203504
2667340525
(361)(654)(9601)
501-025-4587
7642499929
(602) 749 7458
(299)(345)(2317)
828-682-5814
5338080725
(307)(001)(8882)
1679638731
8502259054
3618770988
398-080-5212
2210586157
5691539867
0852763130
9462778846
170-256-4551
003-638-3271
417-266-5702
(694) 417 5728
0475310316
8835629872
216-618-4005
231-006-7439
(702) 074 0331
5134388918
(792)(613)(5955)
0992679687
2888834487
335-096-1684
339-956-6315
035-885-7530
358-896-1248
8226838958
033-918-3650
(622) 607 8597
169-575-3586
838-060-2276
(950) 550 3279
(327)(222)(7364)
8039368692
5513303237
(433)(819)(8674)
7532265692
(147) 492 3212
9596612702
4071353897
489-490-6178
(747)(096)(7177)
(940)(224)(4519)
7549022619
(644)(762)(1021)
(399)(609)(0583)
(065)(126)(0031)
9812610221
5455459075
580-462-6451
7130660514
(016) 527 3398
323-588-3861
(076) 247 3824
0814369916
885-624-0371
2153300022
(996) 277 6462
4372439005
(771) 549 2692
(689)(363)(1789)
5860122396
0106062792
0290956299
195-775-5617
727-962-5380
8121899508
7497945215
(403)(603)(5302)
170-664-6586
150-728-0828
326-122-7652
(385) 032 8275
(895) 860 4679
(068)(409)(0353)
(942) 781 8039
(587) 233 9490
492-851-8159
(398)(576)(6051)
(989)(123)(3038)
1757978869
511-388-7840
(983) 041 9012
(119)(678)(6890)
(468)(465)(2759)
2751446053
(469)(705)(8173)
(557) 245 4718
691-344-9304
8955894300
(614)(417)(2862)
2757351727
5316069799
(045) 657 1028
(761)(385)(5288)
473-484-6144
8694959225
(271)(649)(6592)
(829) 174 7860
(914)(974)(0279)
(238) 492 4735
9318980796
(870) 380 7416
378-200-4031
5344647689
(183)(249)(7382)
3440830646
8522663561
(165)(170)(1352)
(417)(785)(8136)
093-429-8743
7937802529
557-383-4349
6938232411
4013553027
4201673174
(866) 247 6920
8133569356
9755245516
(688)(444)(9990)
1646604907
4573222106
(244) 639 5198
9328383214
(136)(720)(1210)
2011050161
(985) 724 7906
4368677460
(461) 080 3711
0229068202
173-465-7146
0090544163
4354720061
(853)(877)(4025)
926-372-2289
(155) 523 1367
(382) 151 3080
955-356-8579
(368)(943)(5972)
9220078339
289-822-8990
(396)(678)(1223)
0558926862
0277262285
2766434027
4759773786
(825)(985)(5147)
(183)(468)(1979)
(534) 851 2541
5541419689
4120678478
0597738669
317-754-7697
(224) 546 8893
(644)(945)(6573)
(785)(972)(2114)
1921437763
7261071164
088-891-3463
(871)(194)(8884)
8222982028
(289) 509 6426
898-746-9527
(462)(127)(2930)
434-385-1513
(854)(701)(1892)
(520) 150 4258
0123682158
8521398343
(939) 266 2687
6173162165
(499)(366)(9395)
5093198037
(540) 198 6800
6412687310
(802)(927)(6464)
505-958-2960
(067) 712 8378
0605517446
1955192885
3574218006
4609012472
196-712-7917
(118)(938)(2593)
(966)(407)(5258)
(216) 355 1410
9085533734
0208785280
1063872561
8119820640
3051990485
5933806527
(014) 582 7550
(740)(398)(5597)
512-661-2576
4305555522
2659286632
(430)(758)(6057)
6143680846
(370) 012 3632
2395959602
1857567921
(257) 072 3459
(128)(980)(4991)
8814916396
(519)(051)(3907)
3288701578
(890)(956)(8085)
259-246-6696
0372757981
4138416062
(149) 381 6133
(275)(115)(4819)
566-230-4788
(867)(809)(9145)
983-173-8479
2920668488
4288285276
387-363-7397
(217) 221 4282
(630)(717)(0399)
5813990216
(184)(524)(7577)
167-030-0890
(138) 875 3061
0166208679
2046546738
(483)(532)(8367)
2354216309
744-384-5608
9622608142
9818402633
1791269997
(197) 778 0292
9364875182
064-561-9241
634-667-1275
(945)(946)(9701)
8569974472
(064)(987)(8028)
1872333286
8396333165
9911217790
(314)(157)(4845)
142-710-3701
(426)(648)(1301)
(769) 044 2136
(406) 911 0903
4734422515
(140) 139 3221
(238) 399 7265
9223129918
6827432814
(811) 155 4392
781-942-4940
0780043909
(819)(118)(1999)
819-580-9700
5910239155
(915)(030)(9182)
(836) 821 8991
7823214487
(560)(142)(0330)
5357850043
5246896053
045-707-3014
(336)(343)(1398)
(412) 257 8161
(623) 819 1965
2184225062
9041454379
9006702909
8579120349
560-288-4436
5821275134
8753523308
4337129271
791-860-0286
367-893-7519
(367)(296)(5373)
(744) 551 3169
(019) 029 4488
752-845-8282
(690) 489 1265
8139401652
7757787676
946-561-6253
778-579-3199
(763)(826)(3317)
825-775-1654
008-018-4097
1196091823
(798) 144 8200
(326)(951)(5587)
1912869319
2947946544
(898)(895)(7934)
(106) 675 4057
2032383571
(194) 653 3226
(496) 580 3145
(740) 891 6006
(527) 192 7938
9188780701
(557) 052 2006
312-100-0327
(457) 173 2040
5277093632
(704)(381)(5667)
(664)(833)(8246)
9429332029
2393052310
(859)(228)(8002)
507-078-2952
(355) 520 3757
1396669300
675-852-8396
554-169-2771
8147328531
(561) 254 8412
3535892386
3615566168
1605322062
654-736-3445
(594) 499 9031
1561230619
(759)(689)(7985)
(962) 163 2988
3908323456
7946776727
116-113-1843
(039)(362)(1728)
(346) 431 3462
(096) 968 8789
4065734037
872-908-7042
(982) 519 2042
8589875208
(898) 396 3614
(534) 742 4574
(571) 963 9004
(148)(964)(5038)
648-693-3023
6689990594
(904) 394 9728
362-354-9963
(188)(820)(3404)
(256)(896)(6163)
2516527884
(636)(007)(0035)
2124938436
3105472088
(229)(549)(0795)
021-506-4896
0334350605
520-139-4528
161-379-8982
(465)(281)(7483)
029-901-7511
7931492113
2863139743
(201)(836)(5570)
(012) 910 0824
7518612771
(581)(173)(9279)
599-460-4206
(499)(047)(2448)
(249) 546 7531
(577) 108 8669
6209227374
9520213273
(326)(409)(4658)
(001) 043 4347
6420799379
155-510-8898
5905473522
(365)(473)(6625)
8637912694
6624188424
6637198150
7399354504
3011137935
3813946488
701-368-4017
(147) 286 2249
(699)(587)(3907)
(457) 552 7582
5824211969
(413)(918)(3238)
1147850650
455-692-2488
3384112888
1882430622
(526)(212)(4513)
(132)(933)(5835)
2568520216
2079594073
608-300-2742
484-582-5614
(773)(082)(2776)
(363)(982)(4532)
(821)(173)(1735)
(522)(289)(3385)
7405551705
520-474-9739
8755572707
(726)(152)(0729)
736-346-8944
(425)(579)(3472)
(733) 172 5582
(311) 282 9182
8038896112
(660) 572 2395
(550) 581 6448
(275)(011)(9281)
(686)(944)(3627)
(995) 406 2825
(914) 795 1601
026-254-4179
(479) 104 7186
1445640473
0514855547
444-511-9557
3674703394
717-249-4239
9728127182
6089837250
831-425-8242
107-703-7454
6674870719
(144) 135 3243
(345) 881 3639
(414) 078 9061
(699)(463)(8185)
2450735635
(187)(855)(8819)
(723) 464 6533
2455690353
(570) 592 7394
(401) 477 8139
302-717-1255
(068)(775)(0902)
(358)(779)(1236)
953-895-2927
976-454-6892
(514)(870)(2684)
258-703-6045
(136)(561)(3184)
8801828436
(873)(981)(5792)
(003) 883 8509
(219)(237)(1265)
(696) 037 6474
2687547428
7222892228
545-339-3215
(071)(197)(8179)
9941297792
(651)(847)(5476)
(236) 334 7618
(634)(447)(9330)
5568072155
(772)(718)(9912)
1965204972
2632769421
(817) 640 1519
(171) 958 8795
4865335932
(676) 452 1272
732-142-0051
1962482032
(765) 100 8103
(420) 009 5361
749-776-0150
8442918110
3133770207
(900) 583 6996
(877)(159)(7124)
4147972624
(568)(355)(9739)
(764) 492 0540
9391926280
(325) 869 3462
8754252819
3936986366
2088866399
(922) 098 8502
3482711834
(164) 653 8496
(915) 704 2317
3488813190
7083853696
388-454-7965
2079566992
1140538174
(460) 678 7178
0290688832
9457885034
6940425223
3605736274
(660)(903)(5090)
(487)(614)(7235)
7486314004
(470) 269 5943
069-124-6084
(492)(560)(5668)
(904)(157)(2171)
(506)(864)(8735)
099-116-3454
(659) 197 1490
5277123410
(093)(225)(5834)
6076341522
7153737493
096-331-8613
451-559-0544
(976)(578)(1155)
1242975044
184-713-5652
8640801654
9416128578
(660)(884)(0131)
(317)(412)(3130)
715-945-5425
0552541074
225-158-7308
816-910-1280
5328243270
(126)(601)(9457)
6068749116
(068)(595)(1676)
(902)(369)(6395)
(007) 901 4831
7535995034
(853) 120 9259
6164128151
7832363214
(499) 798 2210
(186) 767 0208
157-551-8443
(748) 996 0658
(406)(159)(3432)
872-030-6303
(898) 716 6055
770-160-6865
(007) 649 5112
6391101456
9685500366
1924611192
(251) 828 9468
(148)(783)(0736)
(679)(534)(3552)
7256709948
655-039-9280
1403180106
(316)(939)(2039)
9807772677
(344) 523 4848
(851) 151 0325
4800903452
(405) 103 3747
040-591-4472
(070)(083)(6334)
3105543369
933-889-4040
(614) 030 5386
1674065397
(901)(146)(6876)
0322166384
9394143014
3222874923
0268503042
(927)(839)(9125)
8256429152
(013)(786)(9977)
(461)(750)(0891)
5049585665
(721) 935 8560
(315) 338 2032
570-638-3361
398-054-4361
0689039215
(919) 293 7214
(015) 204 9095
1853876341
862-504-2120
0385461535
(216) 609 7974
088-783-7724
448-038-5091
5585528805
233-896-6891
5878452123
(362)(340)(2975)
8648838742
2911364016
(829)(060)(3033)
(432)(443)(4596)
2162309371
(939)(729)(6927)
(217)(265)(5975)
