(160) 966 2713
(130) 600 6211
5536521813
4039942442
820-764-0749
(113) 060 0867
(162) 907 3199
0581098562
4070524596
7126076145
2429021451
3292332921
8921484692
4184231099
(658) 470 9109
1863420876
2480756341
(555) 863 4138
8702212241
(866)(029)(3364)
(440)(531)(3270)
8681971591
743-137-4214
611-045-8508
471-262-3212
062-867-0314
5447041140
935-705-9793
(449)(981)(3609)
(038)(293)(3388)
908-097-7497
628-711-0420
1500477327
8177511456
2944711997
(030)(193)(1428)
5178141389
(527)(417)(9524)
8759037310
(921)(905)(2248)
060-420-9483
(821) 128 0142
(640) 500 4696
(256) 791 3333
(906) 255 5211
(175) 386 7516
335-891-8863
9949992534
(645)(061)(6287)
(455)(698)(7863)
(408)(494)(4915)
269-865-6001
2577094161
4456901659
9871843139
7120171401
2928101558
8092889809
7894833399
(569) 920 6510
(561) 271 0255
0005172346
479-078-0759
(358)(666)(9454)
484-427-6203
(461) 101 9854
575-913-7055
7054555081
785-335-3867
846-150-4498
5837571986
(129)(719)(8561)
(877)(785)(3585)
(762) 107 5615
(782)(633)(3482)
6685638251
4262215256
(062) 408 0508
088-951-5973
(790) 637 6009
3409682319
9311461928
8238973307
(404)(774)(5189)
0784736170
(989) 853 1254
(082) 470 0750
9063408054
4915198427
3902180282
7427142186
5864917591
(174)(991)(3975)
4855656052
(615)(741)(5408)
(770)(273)(5598)
(385) 074 8053
0691538412
152-308-7451
913-031-9275
352-892-8372
166-332-2861
723-074-9894
006-431-1550
9071216948
530-423-0890
0338375936
436-426-5058
7482666447
(067)(835)(7279)
(645) 630 2409
7578636825
259-915-1409
(458)(309)(1357)
(451) 786 0452
9005921512
271-807-2614
4481255548
(469) 219 8602
(848)(801)(7877)
039-975-9269
(609) 282 6387
(979)(930)(2753)
(229) 264 3052
(456) 671 2106
(083) 763 0183
(907) 524 2570
5301440172
(987)(069)(5126)
185-754-3453
(375)(043)(5933)
422-569-1526
738-388-4289
971-990-5638
550-391-6646
7743614051
(764) 472 5896
(271) 300 4596
(288)(139)(9913)
8065208389
2164722826
5505603407
(906)(421)(9272)
6111805736
776-248-8989
3670288067
(871)(278)(9067)
166-840-7738
(078)(583)(8069)
(811)(771)(1405)
1504394558
(318)(734)(8440)
2911212169
2113742654
4848882634
(876) 640 2735
(681)(509)(7377)
473-317-6227
1838391349
8124864549
1256601449
692-951-4549
532-983-5666
(796) 363 0256
9992007665
4849675105
8845869146
(669)(666)(5405)
527-671-0742
1068931651
2262371047
566-261-7053
0203798543
873-038-4328
(922) 348 8634
9328467750
(498)(403)(6279)
5147536546
180-567-8183
338-767-0242
(182) 210 2132
(537) 610 4135
7600821158
(973) 245 5857
8452665807
(248)(276)(0674)
5656077156
1088933022
(340) 116 3494
(096) 085 2530
(756)(516)(5849)
(594)(800)(0126)
6899353489
(984)(239)(0068)
355-247-6703
(102) 077 7003
198-448-8294
9440085824
5816306378
954-313-9847
(388)(580)(3675)
597-793-9076
6021140981
(726)(981)(6028)
733-012-7119
6803079986
9410860076
909-326-3929
929-061-7272
8474635262
(167) 182 2565
8389236818
(558) 114 2851
(221)(968)(9940)
(332) 262 0627
7583635814
1978331888
9293975088
(317) 660 5767
(485)(987)(7227)
(589) 256 9357
253-689-7461
(872) 572 8737
(802) 347 7520
(090) 704 2802
(007)(406)(5161)
(883) 428 6486
(454) 841 0048
7535144774
7054094684
(221)(007)(9855)
(509)(039)(4472)
(642)(878)(1099)
(613) 656 2711
7401746788
(104)(268)(1950)
(745)(933)(2843)
9514399825
255-960-5722
(723)(519)(3163)
549-143-0883
1163132740
(259)(959)(8374)
(599) 372 5042
863-683-3553
(021) 587 6337
5413950985
(644)(206)(9873)
238-707-8905
3009537929
(434) 049 1223
(661)(328)(4876)
555-909-0465
5476346841
(100)(709)(8909)
8697457607
(902) 040 7273
(601) 335 5376
(008)(559)(5316)
(529)(469)(0900)
061-684-6828
(227) 262 2216
(156)(925)(2673)
858-021-5493
(922) 790 8225
583-348-2462
4720881921
5164287300
(927) 887 5085
(822) 906 4552
(705)(125)(4319)
(734) 693 9266
1275151006
(564) 966 8412
(408) 239 7611
2337147004
(073)(471)(8304)
7959104704
998-446-7178
6450823508
8226308275
(363)(223)(3516)
049-502-8482
483-831-7091
(405)(044)(1542)
3264982414
(119) 100 4443
(880)(247)(1360)
929-954-9494
749-006-3736
(992)(837)(8669)
(286)(716)(1971)
(455) 660 8163
(442) 301 9507
8119582563
8668483491
(319) 910 1954
(332) 329 7037
(463) 685 9738
4507836837
(041)(982)(3340)
438-105-3125
(868) 886 0190
576-830-6687
(864) 815 3109
7721485237
(680) 371 9232
6005313949
948-905-8698
(557)(749)(7946)
773-910-5313
(087) 387 8378
(591)(008)(8548)
(804) 083 5644
(626)(278)(6302)
4942017743
(408)(371)(1629)
(684)(815)(2268)
1544158121
(561)(658)(6371)
4985258416
(000)(938)(2996)
261-706-2601
(637)(209)(4135)
6831960379
(215) 670 0151
(505) 376 3128
215-659-6098
6763139684
0414335256
7897152835
(317) 653 1638
080-947-5562
1119323323
(902)(228)(8171)
(701)(944)(4389)
6229864939
960-496-6239
0189731663
4024509638
8749816818
791-102-8985
127-130-8465
7475567197
(053) 415 8372
(710) 919 5770
0699843842
(821)(560)(9728)
4406037610
(169) 291 4117
439-605-0509
512-997-2465
(950)(140)(7740)
488-931-9974
952-347-7350
(240) 945 6455
938-021-1436
6844873422
(333)(046)(0570)
(399) 075 4646
(937) 157 5632
4300035889
(361)(071)(7809)
101-083-7729
7396684120
2915626967
2544667629
636-632-3535
5688010126
9368377849
(666)(641)(0354)
(981) 451 7297
9535344873
069-261-0347
(316)(157)(8712)
123-842-4093
(742)(779)(4765)
7343331312
445-742-1567
7424901135
184-190-1122
4330515727
4291336633
2401246311
6628350131
(842)(927)(3635)
(912) 063 4766
858-781-8901
6130574279
1428259549
1597783001
833-057-8736
9534272391
3482612298
8903670838
259-539-6437
440-107-8070
6134614234
(458)(780)(1464)
0881846278
357-375-5480
(062) 669 0643
0893404484
5690147972
(341) 457 5601
6631951292
(200) 323 5761
0864779107
(558)(912)(8208)
5434526635
591-070-9181
(631)(693)(9844)
3808824425
(936)(724)(7017)
8761742870
6385543315
(698)(592)(1668)
3166609260
8089299236
800-910-2278
(446) 458 0480
1063358052
(118)(916)(0009)
(522) 243 3762
(755)(450)(3621)
(017) 231 1921
(345) 651 8917
2599745151
881-805-7459
440-043-7590
(869)(813)(6414)
(401) 531 6286
8256902308
288-161-9368
9584166743
(943)(150)(0282)
365-713-4938
0057552147
4708068535
(582)(755)(6254)
(128)(888)(8910)
(219)(083)(9151)
257-530-8449
4541005196
(041)(784)(7879)
6484781457
540-473-9426
4970474186
8305971544
(282)(286)(6617)
(566) 804 2401
1820108740
6903155971
2180370506
6871889592
(169)(006)(5556)
824-245-2480
7477331642
7661548629
(431) 271 5566
591-575-5862
(799)(546)(1417)
380-227-6616
810-305-3678
3354896394
9647433025
(082)(561)(1770)
6400253336
(534) 778 7509
9757845342
320-077-6633
776-228-7643
(811)(993)(0056)
3095572205
6219904796
2713033467
947-467-8765
(803)(518)(7243)
7004694218
7372560878
0450788386
4089630498
(005)(300)(8414)
(350) 451 2065
(798) 452 2543
(644) 660 3834
(082) 657 7933
(618)(406)(1745)
5814354077
(367)(297)(9423)
404-644-8368
(765) 412 2580
(587) 746 2891
3253208095
(800)(188)(5426)
(344)(512)(4262)
0890405646
(542) 085 7190
(726)(046)(3489)
114-263-0744
(928)(774)(2198)
(484) 331 5530
(511)(870)(8310)
4344463046
6888944344
(421)(751)(9225)
(770)(126)(4638)
8236008087
6340646308
4641698831
(347)(818)(3464)
6050016800
(075)(710)(9216)
284-226-8612
2083713429
(908)(959)(2174)
818-304-2626
(116)(048)(6037)
4415793968
(552) 998 0773
(942)(406)(5369)
8441284716
5083090329
735-256-0343
(003) 472 6521
(666) 214 9593
(171) 602 6999
0931607471
(138) 474 1338
5842466299
837-438-6363
521-445-0520
873-371-2448
(165)(681)(9785)
(194)(226)(2679)
(609)(328)(9953)
7699981766
(387) 886 3770
677-035-3084
1861450396
9549939364
447-521-4518
(894)(697)(1783)
(101) 426 5676
(173)(378)(2854)
(360)(432)(3486)
212-312-3814
3023475173
6933638254
9021114679
(714)(688)(8664)
3688440649
(510)(924)(2844)
164-081-0418
(312)(835)(3172)
394-797-9538
(601) 989 6715
2870194042
(097) 302 7707
6903838927
(416)(477)(5324)
726-744-0135
583-289-1254
9748099068
959-331-4432
(582) 674 7393
338-068-3603
(937)(975)(1082)
(666)(847)(4866)
733-975-8660
8272905186
8582789527
564-412-1018
(125) 975 7530
6836408765
8819143211
137-657-6659
(650) 060 7044
(716) 646 6245
(994)(388)(4654)
(490) 905 6925
(645)(123)(9100)
(558)(630)(5456)
(203) 309 6677
(026) 252 4630
(056) 370 8196
6323599827
4930547888
(964)(607)(1935)
974-900-9155
395-122-5340
513-410-7795
(508)(273)(0521)
(700)(637)(9926)
596-682-6127
1151718724
(472) 511 0499
1790033241
(447) 291 2581
(000)(066)(2820)
1773418159
(332) 382 1820
(438) 835 3256
908-838-0468
3753288288
946-001-9550
(097)(097)(7832)
(972)(016)(9624)
6555469795
7183096769
897-043-3865
(562) 002 4557
821-479-4490
(687)(310)(7153)
5201074813
824-106-9049
(873)(808)(3870)
(791)(297)(8110)
(684)(634)(7082)
(750)(281)(0900)
(367) 717 9602
(467) 453 1033
2742570574
2094352018
(250)(727)(6568)
(264) 200 0223
2050998538
2539943686
(454) 452 6857
(973)(094)(1130)
(551)(104)(4786)
7543936776
205-078-7446
9457007929
(797) 628 4902
(849)(251)(6141)
487-756-2119
888-999-9227
0770873523
(827)(877)(3931)
8784895451
(786) 334 6358
(056)(397)(6580)
(441) 481 9425
(287) 636 9188
(970)(139)(3352)
(096) 177 0098
(268) 624 4131
(283)(679)(3814)
1820041693
(034)(959)(4995)
(649) 576 0410
614-724-0263
(583)(415)(0069)
932-776-5178
3397971320
(641) 554 2641
3759032993
5167260418
1939581371
5894014169
(626)(656)(5750)
6142505643
2473946174
0980921166
6649135176
678-070-0479
1763694612
4846161757
4429141894
3650979786
(817)(044)(4749)
(226) 071 3978
707-441-5287
630-012-7913
(358) 778 5622
(688)(299)(4647)
(555)(835)(0372)
7172372273
784-902-8276
3632019219
(149) 864 0183
7940591366
(727) 943 6667
(276) 358 4294
(753) 550 2632
7123179224
(064) 380 8201
(209)(536)(5456)
(705)(138)(6332)
(076)(431)(9812)
(403)(618)(3832)
6788680506
(786) 677 8367
875-932-4887
(237) 137 0585
(724)(526)(1249)
(673) 689 3727
(038)(511)(9237)
(283)(493)(0144)
9392041063
(228)(871)(4343)
940-883-6890
4485745237
(229)(387)(8464)
1745041988
6841644352
(695)(838)(3210)
3079754051
397-652-7536
409-725-6288
1753338657
(975)(697)(9356)
(819)(738)(5737)
(587) 134 8140
0280176010
1380678491
(045) 334 2204
948-499-6505
6901797631
(733) 243 4777
0398473783
(691) 196 5381
(228) 020 7899
(093) 282 3309
7611133027
3625791130
(935) 645 8093
2474704593
5988275095
666-549-0425
(022) 343 7393
(874) 751 6454
3501521021
(545) 929 1250
5103992278
(403)(249)(4941)
(126)(984)(8275)
6917963661
1256108388
4241542148
(717)(745)(8408)
148-750-9201
481-911-7116
(981) 795 1442
7784656895
909-895-8779
7418259684
(113)(729)(0065)
1108257452
(931)(305)(8594)
(166)(621)(2375)
(530) 107 5855
0013640284
9814516326
236-274-9152
5152613892
5378770828
(735) 323 7588
7224639678
9763040097
1593427835
494-855-9024
(044)(510)(1931)
(416) 652 8558
1384404608
938-631-7098
485-096-2677
(242) 935 9598
(169) 187 4739
(444)(577)(2826)
(974) 573 0738
(954) 951 2544
8637796336
9210884855
(266)(335)(1807)
1938090699
660-084-9105
6227943670
(766)(142)(5804)
2806157501
569-254-0027
1537368324
(680)(185)(0744)
7608801235
(690)(806)(3546)
916-135-7118
(933)(491)(8213)
522-107-6738
(872) 843 9259
(771)(881)(7321)
2886816750
6592836326
(972)(600)(6462)
1175566640
8153859216
929-100-8502
2127741471
(306) 720 9746
828-169-5019
609-989-9264
287-560-0485
0687651222
5312612214
3374096018
(774)(734)(4873)
5039501250
852-253-7619
(544)(484)(3609)
762-842-7335
8630442892
7245936451
1281856247
9453032854
992-789-0957
5689406311
436-967-5359
337-407-9825
(447) 922 7604
0738308024
268-457-8413
(915) 825 4559
7926706516
9933955643
3708431613
4034609174
8149664426
(899) 895 1215
255-853-5234
(300) 477 2438
(594) 892 6500
(245) 174 8568
1157345346
(501) 324 9097
4618387726
(718) 564 1502
7383518927
6230481781
0592144417
220-633-2659
5074452586
0627306638
4220996120
6168089779
8808001177
(748)(764)(7532)
(407) 639 1561
9974696160
(939) 126 7725
7223754670
(126) 937 0101
(054) 654 2089
6659357007
(145) 574 5344
2907050753
026-226-8431
(796)(118)(3178)
(529)(492)(0063)
7788784302
(892) 909 4442
(551)(878)(9576)
9020752895
(446) 073 6458
504-468-1460
1539793216
048-838-3848
9575062988
760-570-8323
7847660010
237-215-5505
2048253883
629-580-7961
2813813198
796-803-3263
(730) 091 4999
(389) 862 2880
1324733345
6439989894
(871) 300 9618
2975290543
515-935-3555
204-475-8806
289-820-6508
(899)(189)(6449)
(815)(315)(9237)
871-793-8298
7391591106
(108) 589 0822
(502)(613)(8567)
8874647954
9402381996
(997)(589)(2341)
7314751762
894-144-3265
(266)(682)(5146)
4191826735
540-413-7044
(018)(663)(5092)
(702) 237 2572
7128943882
8889389902
(894)(141)(2077)
(173)(018)(4829)
(714)(044)(8021)
6283859501
(055)(444)(0772)
(949)(648)(6475)
532-102-7601
963-096-8899
(953)(828)(2173)
0407534202
067-754-9867
1079775636
7952019467
(541) 952 5868
(933)(273)(8431)
8903396314
(269) 767 2656
875-744-1678
2578971128
(073) 807 1702
4323304153
(484)(196)(1785)
373-460-5087
(814) 701 7934
327-182-8267
1592430031
(759) 634 4528
8336704482
(192) 704 1450
(886)(780)(7607)
964-000-7269
2835149278
9521062130
(108)(925)(7246)
795-987-0293
347-648-5740
2618034966
(968) 547 0468
6131929721
4999006035
8175406450
(192) 572 6503
(474)(142)(3770)
(029)(620)(7751)
515-409-9336
6086914346
(885) 663 1829
917-100-4106
1058273215
(095) 947 6236
087-782-7874
065-381-8960
(897) 689 0042
448-560-7013
443-290-4209
525-596-8877
6374457628
(744)(786)(3734)
6039837777
193-681-6787
464-913-1755
9662002189
6882329369
5903358974
(342) 772 9966
5314635497
(769)(896)(8324)
6839149604
1076101714
3270528804
8216805579
(318) 106 6220
(944) 853 3187
324-524-4477
(901)(123)(3604)
9662867149
(083) 812 7605
128-708-8411
(199)(339)(7675)
(063)(504)(2326)
(049) 681 4470
092-538-0122
(830)(771)(4773)
(483)(182)(4631)
6526058244
(363) 457 4087
0891491262
(038)(424)(3427)
7554759933
(773) 264 6333
8584931424
(644) 117 5309
6858857689
882-697-7027
(309)(414)(5750)
(883)(057)(2351)
1281237549
(686)(152)(6741)
(575) 048 9043
(882) 718 2533
(880) 571 4598
0262601478
6811538640
337-774-2808
6775920292
5510535866
(939)(090)(6337)
(676)(096)(3725)
(299)(771)(0118)
(275)(792)(7925)
(373)(532)(9269)
(386) 441 7471
3305396769
276-458-3975
(498) 751 9457
(854)(860)(3150)
101-290-9366
5373486617
(145)(276)(2012)
(938)(787)(6450)
(566)(263)(2588)
276-125-5299
(114)(410)(4847)
(027)(293)(1434)
(508) 330 5680
144-394-7667
(963) 539 6534
648-731-5517
6913554367
(860)(575)(7331)
(533) 672 7250
6683725888
600-921-1897
(201)(495)(8354)
0166080135
8292828220
(056)(515)(4858)
722-333-4302
(351) 975 4086
7592768692
002-337-6432
9734503264
5783432065
457-982-4177
(718)(681)(4583)
(887) 151 5014
357-477-2448
(885)(464)(4857)
(230) 540 7101
(446) 936 2726
(524) 150 7551
3976250812
8123595508
7590099499
(213)(660)(8228)
(627) 114 6178
(926) 188 6017
5878246841
(821)(623)(7630)
7952433812
337-297-2235
4478523717
975-770-4018
(352)(488)(0579)
7185814393
(024)(725)(6988)
(728) 334 4967
(732)(699)(9235)
6115637960
(030) 543 1913
4888608929
(968) 192 4624
9057866244
(285) 902 9767
7731319398
5524716909
695-279-2491
(531) 648 0238
(229)(555)(2508)
(171) 150 4657
9410153801
(138) 652 3957
6839932178
(016)(329)(1939)
5065254639
(556)(154)(6669)
(868)(713)(7349)
(865)(560)(3493)
757-602-9434
3784183855
(116) 298 6039
1669150318
(470) 363 7094
(299) 450 2789
(996) 860 2628
5397662574
3487052962
9823095137
9116193757
(118) 564 5851
7286011758
0561648071
296-321-6439
(129)(824)(0212)
352-725-0397
(201) 485 6213
(031) 428 1866
(510)(875)(4535)
(802)(616)(4650)
0996630406
0566147326
2917660497
4985138576
(349)(488)(2207)
3786427540
(079)(135)(4067)
(120)(131)(3488)
3028413815
(870)(591)(9505)
(585)(707)(8958)
3934512486
4468172195
(601)(177)(1439)
659-968-4043
3039337420
0162773060
5791761008
(827)(266)(6033)
0005444176
(204)(540)(5093)
9091351313
983-350-3522
034-880-0922
(895)(224)(1142)
7802853799
(779)(186)(9088)
(637) 245 1701
(240) 981 3827
7833551984
(412)(977)(0572)
7031133418
(947) 298 1351
3569664650
(153) 869 5508
(464) 283 9054
(195)(052)(0426)
5249602670
(493)(894)(3305)
(365) 943 2330
2617294093
2860469369
3902191388
905-396-1375
2285569464
(925) 972 6733
2832193397
5183481802
(441)(046)(0451)
(490)(494)(3881)
5015613824
458-427-0477
1881085064
(856) 114 4372
1460059394
7440252873
(823)(565)(7498)
6468037634
9070344617
4336918022
(789) 642 4873
468-500-0785
(460)(454)(4325)
(312)(106)(7119)
3432567340
5301929049
261-193-6112
2880540315
793-071-3443
2888096958
796-994-7209
(410)(956)(1126)
7592095061
424-202-9872
897-298-7175
7716752670
0167167236
(883)(091)(6952)
(228)(903)(1674)
056-100-8607
648-778-6564
6188239241
0406593404
284-669-6060
188-633-6702
(831)(853)(1649)
(823) 440 8425
436-480-6254
487-267-0713
(794) 129 1752
1985388325
2445534691
(385) 835 7908
570-665-4332
677-533-9339
(404) 233 1485
(648) 535 5426
9858491728
0880634123
(303) 598 4553
0132475387
1755968247
2972315926
5455691829
1917231020
3083447005
885-062-1287
(402) 351 8300
(841) 362 6235
8633813499
888-399-6764
478-064-2857
(834) 525 3423
578-759-7533
0838036015
682-305-0205
8533648310
(822) 745 5204
894-149-2204
(363)(059)(6573)
382-425-4565
3339123883
419-107-4490
(732)(750)(1652)
(503)(540)(9296)
0516684532
654-507-4620
1173300124
1753752489
9075099638
0690292656
(289)(890)(5578)
0967859485
387-185-4161
2454977737
(961) 988 0310
2766860487
(962)(062)(0580)
(781)(895)(8414)
408-055-5682
4782184639
0420174719
8165275630
066-642-5677
(417)(568)(4367)
7339116364
(907) 692 2996
3698629585
7886722100
9219659617
(822)(337)(4052)
(312)(160)(6525)
1434977249
087-196-2737
(535) 688 9043
0345058174
4273946557
8018228733
(183) 145 8635
(996) 847 8460
8388196988
128-254-9755
(898)(983)(7477)
625-251-6034
129-492-1800
8231508462
3757231982
3278321233
(877)(858)(0418)
(687) 273 9818
122-581-9974
719-422-5718
3379820998
505-845-3436
(547) 579 0741
8833730852
7843471227
(468) 986 3823
993-106-8325
7016317828
5346253632
6631395613
4393480994
(614) 103 0435
9221842698
2645892731
8195112079
8366685452
460-860-6994
(158) 669 8561
(163) 794 8943
7768216976
672-555-5062
5383698803
017-787-0125
139-338-5967
343-215-3392
0710990114
9956216173
7889260873
0155140060
(147)(930)(9462)
(064)(769)(8809)
(875)(939)(0283)
7932024723
5700715362
8987037604
(377)(568)(7420)
8475029155
(095) 349 3791
(127) 676 3081
3187946494
867-372-0676
9259793574
(676) 077 8469
8897657025
7952637775
7114018014
821-964-8031
7443344368
0125188897
957-715-8267
(754) 083 0623
(002) 697 8090
(789)(671)(0524)
0766195470
(050)(600)(6917)
9256956845
(916) 422 9707
6123689347
3556329873
8423505173
(510) 666 4801
109-746-0055
440-911-8587
4655829960
(134)(739)(9900)
610-083-2982
0074446024
(278)(829)(4658)
(997) 396 6156
(331)(372)(9823)
4244338276
7034295159
(840)(949)(0250)
1644120988
(158)(103)(4034)
316-617-1820
7750572694
1002473393
2909333039
3640657614
(306)(353)(9683)
(769)(541)(1314)
286-974-0638
317-302-7179
690-763-8984
(228)(541)(0710)
9260413822
(551)(255)(6109)
5453301608
(943)(179)(3671)
(446)(686)(0983)
837-445-4673
9136202950
3450816305
079-043-2501
175-756-8284
9688018158
(846)(863)(9095)
(453) 532 4719
(332) 175 5061
3571479449
(431) 367 2547
(091)(109)(1791)
(313)(940)(2069)
246-737-6066
6724924069
(214) 876 0155
(001) 272 9231
(729) 119 5626
8343378047
4242556730
6938494790
8156959912
(137) 890 0815
(186)(235)(8440)
448-797-3961
(974) 562 7701
(032)(483)(0861)
(579)(921)(9674)
4568434905
5712568118
1244205028
(033) 347 2799
(009)(745)(4501)
500-671-2912
(351)(340)(4394)
(365) 295 5142
(327) 133 6699
(175) 836 5300
(630) 412 3030
2189407823
(865) 880 7382
0136596370
5740182607
3128414813
(761) 255 8582
(278) 001 8265
6449424112
7327410454
(537)(589)(0974)
5911215864
8050008184
(475) 740 9145
7985369502
447-851-7646
(986) 865 2685
(146)(241)(2385)
983-144-5494
(667)(739)(3570)
7512247042
602-190-5835
3948063374
602-473-6655
(194) 095 4562
2913667299
0776168447
2495374684
048-822-2383
0418261290
(899)(821)(6044)
434-686-0967
(024)(610)(4149)
(684)(751)(2717)
(600) 232 0895
(169) 208 0129
7679161670
1784206319
013-289-2673
(935) 007 1973
(085)(033)(0620)
420-749-9352
5974717804
1674586435
3502059561
6695779127
(267) 185 0807
(741)(835)(5842)
3613965862
(547) 298 8451
4722522159
443-762-9612
8752828518
4845835301
(989)(459)(1042)
(186) 728 9652
4690018376
(314) 410 4953
(234) 679 9508
2861148634
393-827-0049
255-148-4104
(321)(688)(7892)
9297301347
9054396633
3014965426
(898)(517)(6842)
4437370844
5635623045
(201) 989 1998
692-079-9227
(906)(833)(8502)
8282537970
8281305109
065-611-7888
895-748-6952
(966) 151 6476
(161) 445 5398
(962) 210 5915
(262)(869)(0957)
5771787094
(159)(468)(1688)
596-658-3031
7946423690
5046563528
300-683-9524
4460239002
(645)(872)(9295)
7530834631
4259003635
4800971984
(616)(146)(3446)
9625478168
390-197-6995
(424)(761)(1127)
303-024-1346
(546)(267)(1072)
2303616890
702-204-5913
7802737179
(152) 815 0906
2968915479
(547)(376)(2029)
(116)(175)(5455)
(496)(946)(1360)
386-096-7708
(825)(071)(1646)
(821)(903)(5658)
6785394813
(959) 074 9490
683-695-1824
(087) 538 7070
(551) 722 2325
4939395497
(432)(946)(4643)
5370012986
929-379-5083
(976)(798)(3156)
6813875417
3149784157
452-025-2059
(064) 739 8727
(641) 142 6055
(809)(819)(8389)
8048889688
(735)(218)(7320)
698-009-9128
6526385186
(002) 034 6355
1219033725
3133756765
1958465629
9847286674
784-720-0047
924-542-7283
102-032-3231
8025709759
2760860705
7780665555
676-691-4137
6269201704
(346) 615 1739
4974790846
(649)(913)(0801)
(723) 471 0671
(226) 255 1764
6569549758
601-758-9846
(568) 673 2931
(587)(218)(4174)
230-390-9477
374-794-8035
(516) 431 0874
467-036-2352
(175) 107 3780
(032)(258)(1893)
465-263-5765
(216) 400 3449
(972)(632)(5951)
(236) 467 8731
3481231461
(440)(547)(6947)
(903)(252)(6625)
(709) 159 1400
1214559078
(230) 361 1802
1575941338
0184279172
(950) 774 2506
(542) 546 3089
7223030888
(854) 883 6445
870-874-8372
0437305685
(671) 569 3259
9088528057
4414413964
7980457062
6812761625
5890106987
759-528-6800
0762428259
3209230812
6393978239
7477129794
4375404239
1359540632
(761) 422 7557
957-905-6731
7190472283
(041)(833)(6993)
5841246776
924-120-4377
(920)(669)(8896)
(645) 875 3577
(911)(963)(3581)
(872) 243 7985
(805)(682)(5205)
519-733-8145
(773) 263 5644
(098)(391)(5793)
6950517629
8140477614
1907363944
(854) 226 0690
(586)(330)(8228)
1194858200
3301323137
469-620-7922
(673) 869 4098
0331351993
854-109-9823
0526580292
2520920467
7684137735
(358) 911 0074
2959780324
696-712-7585
947-928-4663
218-527-9058
012-148-4897
(391)(928)(8952)
747-309-6812
(923)(808)(4809)
(834) 741 1114
(093) 302 8097
7164043658
7486938685
369-926-5287
(965) 408 6094
5487522846
2455751975
613-098-7114
4968099856
8462391116
6190116167
(489)(877)(5117)
0369069944
(358)(014)(6556)
379-011-8892
047-088-5146
(436)(872)(6836)
3246291722
(665)(929)(4655)
4379067024
(220)(165)(5942)
(132)(476)(8903)
(509)(278)(1510)
3875194612
8066936051
(677) 235 5496
(032) 980 9244
1780890497
282-637-5212
(009)(321)(5028)
(736) 605 9367
5227547273
389-869-7538
473-365-9819
8350685288
295-223-4160
8881038002
4205127563
9243201404
(222)(711)(8979)
(360) 577 4781
9231373594
877-636-4466
(097) 568 4067
554-107-4837
247-211-6541
(925) 344 5726
(129)(341)(4707)
(378) 740 7456
6743374043
4448941806
7869440253
(265)(326)(1251)
(624) 914 7362
2872429229
(537)(294)(6137)
(273)(639)(1580)
2496063779
3681110337
(903) 786 5944
(470)(546)(7189)
(277) 673 2345
2923525728
7190647258
5417405910
(529) 009 4146
(495) 219 9236
7493888837
4542606923
4499126196
(153)(952)(3146)
(342)(575)(5769)
(491) 820 4909
1606471499
2167341425
(562) 908 9518
(934)(464)(5979)
(256)(223)(7405)
9100902453
(817) 202 4135
(012) 181 6939
9668666559
(020) 038 1312
794-479-3172
3241046186
2540078159
(624)(680)(3194)
(591)(207)(9355)
888-919-8403
(826)(554)(0167)
7543804015
1067286070
(222) 023 1757
6170921639
(623)(075)(9431)
(272)(741)(7223)
(048)(103)(2085)
584-158-7547
0919572338
9567204929
(169)(223)(3776)
9144436774
901-620-0124
110-560-3652
558-863-0653
414-750-3997
622-552-8091
(124) 105 2527
(018) 885 8016
(373)(846)(8391)
(336) 267 1139
(700) 802 2835
6794204449
8837996231
0733956303
(243) 107 9766
3788399206
(688)(210)(7429)
5609390516
3894994021
4710372702
(647) 843 6247
525-514-8067
(388) 570 7981
(381) 077 1752
(445)(823)(9147)
7645133682
2393227480
(243) 109 4070
(302)(497)(4135)
845-155-3081
2834369166
9296457252
6836463820
(943) 784 6239
(611) 014 6592
6403072258
(706)(446)(5328)
(777)(060)(2897)
(277) 678 7767
(958)(866)(6585)
(044)(912)(2914)
0217030133
3616644559
(691) 189 4746
9656391588
(813)(607)(5289)
(782)(380)(2115)
3940932804
9424043141
8567744752
923-982-6118
751-475-0995
(687) 598 4256
688-099-5665
(345) 657 2664
2108490892
(943)(252)(5929)
(813)(302)(7567)
3514060010
(742)(967)(2906)
(344)(074)(9632)
358-379-8992
(346) 997 4955
1698591352
1872171288
173-350-8089
681-276-7068
3369469640
963-890-0583
(658) 541 4594
9580313280
903-086-6014
7971991356
(896)(325)(0711)
278-277-1853
6639927087
916-193-5648
2908080717
9312563941
(778) 045 8686
6889093776
723-324-3722
(190)(656)(5150)
2487787615
3833625694
0240893963
(964)(724)(0969)
(101)(647)(6560)
(935)(709)(3208)
(886) 764 8047
(553) 139 5016
8117476811
(384) 375 3122
(482)(749)(9540)
5306007389
3380420186
(146) 701 4470
4505533839
2917973571
6979206004
(748) 076 4291
633-916-0559
(610) 000 8950
(578)(856)(5311)
7888047804
8148982669
4242666839
(024) 330 4330
5733842102
(609)(851)(6695)
6653061991
6008934546
2387179429
035-402-1191
0550413973
1638549268
7895369629
9528485415
(370)(950)(8375)
(960)(431)(9831)
(050) 428 6854
3635397957
(109) 419 7252
(914) 594 7549
6504870955
3149162839
(566)(623)(9067)
2543822827
(149)(394)(6605)
(720) 782 9248
(160)(406)(5500)
(359) 306 8498
2127730473
(122) 014 5151
2302402703
8033065537
3601439266
2875143194
5097085742
483-017-4363
(562)(648)(2625)
(344)(713)(5295)
1052344075
(722) 219 4634
(676) 488 9538
4801578182
1155300606
(605)(497)(3700)
2568951696
1698660269
755-112-8647
8578904030
(973)(160)(4441)
5855746674
(721)(248)(3553)
247-013-8386
7746713890
8369946831
019-485-5117
8248320372
(151)(908)(7574)
8031401609
(308)(265)(2157)
4452386891
2246895360
1855946684
(225)(994)(9445)
(465)(597)(4239)
171-190-1113
9975535888
(366)(907)(0169)
9272437186
(767) 765 0554
(394)(898)(0175)
2811072385
022-662-2109
(248) 014 1702
4481684477
(727)(675)(0063)
(979)(142)(1275)
(991) 175 0713
6967253339
(178)(046)(2666)
(385) 352 9220
(282) 096 9597
(236) 288 3609
(815)(901)(5191)
9473867185
104-896-0336
7192222443
8858170045
(499) 772 8589
171-558-9344
(690) 680 3626
6569771835
369-417-5189
7228984781
201-070-3618
4747365983
(000)(472)(0275)
(435)(074)(5680)
(759) 990 5765
8158915611
3672513757
8630703497
1359433363
(426) 376 6946
(179) 450 8115
3168264809
3370744350
7289579461
7091919909
096-950-8937
5442497082
4897147027
1829952678
(586) 500 2090
143-124-4544
4339622815
(455) 779 0033
614-265-2243
(726) 806 0381
5588556867
899-171-6473
(503) 384 9722
(123) 566 6260
704-798-9321
1975838890
(139)(587)(6307)
(040) 588 5870
5066538641
(996) 264 8799
7118175962
9770502440
447-306-7809
9933429001
5686031737
(362) 272 7260
340-607-2093
(624) 372 8621
3648300851
0202844608
6367200160
(860)(379)(5581)
1739755956
728-199-1194
070-508-1873
307-269-8578
204-261-2934
(058) 565 0266
8382295710
(794)(632)(1330)
8735925625
9253099355
5411071376
(244) 278 3127
7630214841
6590810240
(693) 309 8986
(441)(318)(8469)
3183374431
954-470-1400
7562303037
413-020-0927
(421)(724)(3821)
1345592432
(338)(113)(0209)
296-146-0310
(486) 911 5843
148-686-2159
(993) 218 7108
835-152-9302
003-306-2755
1773617299
211-319-2839
(122) 324 8498
2277276134
4773598791
2431192539
(287)(950)(6769)
0498998608
(210) 307 0345
(273)(777)(2982)
761-915-4113
(067) 158 0116
(501) 128 2855
7323004263
(379)(407)(6810)
9334953470
(208) 788 0049
(422)(151)(0812)
296-310-4131
6725778503
3369016418
3740967838
(262)(008)(4328)
8616700519
3144881915
5151263323
(892) 266 6791
746-882-4507
(692)(831)(6671)
0330626961
(496)(289)(8425)
(880)(982)(6817)
(103) 829 4829
0216844767
5459999399
0947607848
1111849864
820-717-4604
(780) 879 1670
3003670852
7748745421
3424445328
(535)(947)(2918)
156-205-3710
402-471-4394
2029568423
0074829214
4840584990
2554272777
(231)(401)(5274)
359-302-2827
815-282-8079
0699731471
7414131633
6892737064
(613) 476 5152
642-411-2480
559-161-6675
9970661294
7959163109
3579294205
(705)(204)(6526)
(889) 938 6822
(952)(352)(9325)
(510)(241)(2928)
241-398-4305
6767227970
3197569209
(062)(315)(0994)
(367) 906 7885
1867939306
(004) 764 2511
672-388-3727
7903263149
5148034802
545-081-3619
3376738320
597-926-3462
(451)(488)(5389)
769-941-9408
1046673279
9944628795
(887) 111 5363
4475383174
488-461-1487
8648494900
6630139293
(674) 435 3748
(770)(323)(7930)
(037)(900)(0266)
(257)(484)(0931)
7531108343
(749)(399)(2362)
4868021783
089-111-6275
(246) 614 7154
3487026870
(438)(390)(4691)
073-908-6819
209-663-5721
(686)(204)(6080)
959-685-0115
(479)(020)(9079)
(233)(544)(8009)
7144024547
(334)(877)(5258)
516-355-2754
(053) 226 0226
713-401-9388
3334706711
5177242676
(148)(999)(1973)
2275459993
(491) 608 8708
4798534479
3686474727
(888) 993 9378
7825732174
(497)(509)(6155)
909-802-4186
3984035010
784-328-3726
1802311348
8176849506
351-374-1919
7862842654
2890845333
385-443-4897
348-809-2957
316-972-5716
123-861-2128
(625) 574 2471
(261)(752)(4069)
2061460564
(439) 471 6350
662-616-2647
(432)(991)(5870)
(897)(376)(2050)
(178) 931 7917
(041) 640 6642
7003867291
8438138142
6296282449
101-533-5375
328-503-9652
(129)(098)(7376)
(161)(289)(8615)
1412224831
4730305568
(525) 481 7811
2994912693
(843)(066)(1660)
9736490749
(733)(991)(5929)
(828) 828 9736
353-669-8745
5718634282
758-501-1459
9951333031
6490566589
6559848205
(606)(398)(5352)
2678775432
3410736747
402-480-9950
444-545-0134
0701802290
373-510-5031
3345198556
2603746181
7006996361
1356554487
(385)(832)(2848)
545-533-7373
3812171179
1784014244
207-622-5053
(568)(676)(2758)
357-757-5527
4356497278
(394) 204 2519
683-299-8881
(739)(555)(5758)
2668655958
(307)(824)(1535)
9866969623
(003)(988)(0774)
(141) 159 0990
1898198260
977-020-7847
(492) 529 5584
(219)(935)(9295)
(567) 724 3282
862-096-5725
(807)(011)(4811)
(850)(835)(1669)
4518683348
733-748-5142
807-191-6174
471-574-0745
(757) 022 6846
(453) 662 2188
(429)(480)(1944)
(411)(889)(0419)
(591) 590 0940
2064583905
(156)(878)(9005)
2624184721
4664506644
515-385-0465
(597) 670 4025
2465020131
8485234297
6297885175
230-111-7047
5899173326
3393228750
5627047227
560-067-4080
4699976046
5177595490
666-748-0761
(217)(392)(8095)
(791) 968 8018
(299) 865 4614
(340)(452)(1484)
(127)(068)(7270)
9385427253
8989813571
(477)(106)(8945)
571-303-7097
1508632600
(835) 956 5336
1424566831
6378176368
(746)(040)(0298)
2515602648
(062)(907)(9323)
0510841736
(832)(228)(7318)
0031687403
4578705719
(760)(402)(8200)
(485)(151)(8744)
(610)(889)(1308)
7110338589
683-519-6955
(255)(062)(6176)
5231933956
3227776380
2745955694
2702183443
(527)(313)(6258)
7223014503
(063)(401)(9148)
675-935-7129
(078) 299 2253
724-576-8475
7363171708
(323)(500)(8903)
247-879-4290
(826) 497 8302
(538)(195)(3771)
0888577948
(912)(628)(7365)
450-575-2564
5873437820
(974) 294 6054
(246)(375)(8545)
5064259873
(545)(205)(9599)
(935) 232 2616
9297022865
425-575-1398
2027176799
746-509-2027
7561520680
783-043-0919
(889)(476)(1363)
871-851-6989
1614026196
739-437-3935
0078150985
(631)(214)(8589)
7206195921
(324)(531)(8390)
220-677-4007
060-846-3380
6319548507
8560095061
551-646-0859
0073169620
880-734-0944
9601872987
6382665150
(543)(393)(5703)
1473220460
(163)(636)(0357)
4467285304
6664696482
0343427914
(198) 655 5661
(505) 905 5331
(174)(229)(5743)
(840) 396 6343
(501) 496 0842
6808577187
(196) 110 6409
539-645-6156
229-000-5377
(459) 581 2889
620-177-0489
5099892622
5802951886
(335)(698)(7065)
910-012-1448
660-608-0707
095-445-2776
1087722633
9747418743
853-477-4591
(822) 383 6244
4481938901
(733)(898)(6104)
6425202453
(313)(224)(8846)
559-085-7696
764-603-9102
095-291-4810
094-176-4476
1604677231
004-754-3216
909-201-5130
660-969-6478
674-700-2573
4908831583
9616652142
(093)(872)(5475)
1446048143
4648455051
(567) 783 9289
(406) 605 9712
(680) 699 3506
(037)(866)(0765)
(295)(061)(1546)
(052)(535)(7299)
298-363-1173
1328639811
(138) 213 2870
(801)(681)(5474)
4171400486
1990044803
479-708-8432
654-805-2184
(404)(984)(2465)
(121)(431)(2670)
4237407847
(653)(958)(9168)
(234) 086 3003
0856969026
1329981468
(956) 529 5923
3352630936
515-742-6523
1540667266
(833) 760 4951
0616849723
(046)(280)(4840)
698-676-4737
5856306684
7103594089
0600372290
(690) 921 7608
597-237-7399
(660) 468 1559
(264)(458)(6466)
(772) 705 2182
1194059127
(319)(369)(0595)
(872) 325 5880
2883052073
0814558553
(961) 626 0664
(448)(901)(9225)
0923794528
6673681273
(299)(244)(8962)
(636)(944)(0036)
(006) 911 5288
6915172863
4071316053
(228) 818 9690
(651)(367)(1892)
3456347134
(094) 486 5528
7388062065
559-164-7667
(573) 904 0787
(637)(382)(3558)
(615) 025 5519
(270)(977)(1697)
641-576-4445
(345)(728)(1899)
4125157652
(277)(922)(6027)
(343)(124)(2631)
(611) 952 4037
424-398-7206
(107) 738 0581
875-422-2494
(964)(804)(2676)
1169349000
(329) 764 7003
538-333-4365
(570)(646)(3707)
2902754587
(344) 139 1703
149-101-9079
5143903394
7184951706
9651277176
(261) 713 2758
0609537108
304-431-0760
054-552-4202
2495992971
2256630740
6533814336
(075) 682 4931
(405) 667 2263
418-747-2545
(147) 419 5520
4115522249
(043)(592)(9441)
946-982-0656
6698846185
2987671172
(984) 881 5174
(216) 727 5077
253-373-9895
(843)(310)(1643)
0423499586
(027) 476 6895
2024442123
449-691-6326
162-057-1115
712-018-6591
0240350050
950-398-6440
(978) 255 0903
(871) 467 0871
5956507575
(533)(359)(4409)
5569168084
2344996688
(392) 609 8953
(992) 290 1892
4314866108
3947755476
1655089530
(894)(808)(5515)
0679088749
1266378932
(679)(697)(2373)
(879) 471 1047
341-286-7895
0208710544
057-549-6761
1619076930
6556747198
1269564951
9417499270
(079) 663 6455
(520)(891)(6645)
9097283022
580-286-2064
5624347948
(443) 075 2499
(702) 306 7478
2355104193
(095)(984)(5288)
043-701-5736
0464242738
1723351447
0305846885
495-569-0835
6355938702
1085025503
884-728-4026
(371) 845 9724
