6379814921
(611)(417)(5593)
(967) 439 2410
257-411-3224
2914231630
(440)(898)(7074)
(479) 819 6703
1489531441
(852) 851 5263
2971432624
1659325153
2522910829
(930)(785)(3675)
(346)(198)(0011)
9364578643
(977) 270 8727
(379) 678 6473
7476367715
1241715738
6324253237
524-980-8969
(053)(449)(7958)
(079)(301)(5674)
0225310655
640-143-2325
128-531-6065
807-946-8779
(319)(266)(6635)
(543) 370 9198
(112)(166)(0528)
(489)(029)(7386)
3758460705
(254) 550 9936
3494338174
818-049-1246
7958811948
2759119805
(019) 562 6600
9329892439
3949314738
(270) 657 1827
(060)(033)(4706)
708-213-7258
9398737697
752-718-0170
223-410-2847
(526) 986 6885
164-162-7831
940-055-5560
(475)(288)(6050)
0837589700
(526) 648 2257
5171653224
(700)(769)(8785)
(976) 709 7263
043-377-1385
(467)(805)(4244)
217-539-3165
444-851-9463
(245)(118)(6732)
(087) 278 1036
6424898649
6135153137
(296) 824 6644
(589)(669)(1647)
(858)(123)(9934)
728-359-3630
(421) 522 6368
(751)(432)(3443)
2381548562
202-189-1292
(526)(859)(2823)
035-569-0533
420-986-3974
4612313836
(410)(205)(4500)
(509)(578)(7175)
9917890314
8383240077
2624596882
3595763737
(257) 885 1355
(947) 846 9088
(993)(458)(2845)
(927) 652 9182
5937222267
(329)(493)(3382)
650-318-3966
(390) 827 0463
(081) 311 8944
(629) 870 9336
(848)(997)(7382)
(310) 955 2465
2340891115
072-642-9487
2219410063
(522)(349)(4700)
(889) 193 2942
5150717177
806-624-5464
(719) 170 4708
0298842067
163-762-2504
(454)(646)(6365)
3059503282
(327)(291)(7152)
(292) 625 4014
(909)(535)(8956)
(389)(493)(9656)
7615455920
691-484-2023
4745551077
(707)(211)(0624)
(126)(768)(6715)
(045) 179 4231
(767) 313 5989
(496)(740)(3079)
(566)(634)(4092)
(492) 108 8439
(422)(892)(6295)
086-121-8974
(205) 766 1048
0150299934
0992222946
3386046806
(132) 447 6991
096-567-9255
(677)(991)(4646)
(320)(388)(4221)
5480112656
696-038-1410
5204540248
3553555681
(691) 374 5801
6562043213
(523) 204 6505
338-543-6972
397-599-7862
(992)(611)(9821)
9572661176
2550750262
(356)(975)(3117)
6308108011
(172)(935)(6505)
0901750952
5583152488
8054865978
587-752-4673
(661) 299 3922
(324) 596 1910
446-440-0179
337-031-5737
491-296-2456
(183) 848 5271
(849) 558 3805
643-775-3271
371-939-7843
2432108513
(627) 180 6483
(356)(086)(6422)
(355) 249 8156
(744)(422)(9334)
5685262274
900-036-0682
(783) 649 1699
(670) 095 7683
7405915557
946-960-2661
4700552494
8984463739
5867542597
7160515749
477-932-5888
(666) 037 4928
(242)(274)(5087)
628-499-8162
(257)(032)(8171)
3428512408
097-662-3467
2109354765
1241771737
4845899199
(596) 023 8814
(234)(817)(2972)
633-972-6219
4369031711
0688696266
(156)(522)(3111)
343-753-5065
8684837750
106-383-5768
8720719688
2923910812
0279814097
8572274492
(882)(492)(0471)
(104)(682)(6397)
4087738850
7104250919
2552901403
(220) 741 9454
(705)(658)(9318)
(600) 260 5763
6102253433
5296360078
4981884646
(727)(155)(8116)
(376) 869 9359
8453137444
(132)(880)(3465)
(788)(126)(1592)
(763)(669)(3695)
(397) 996 6506
(450)(122)(4677)
6337904957
(738) 606 6308
6311786146
932-578-1038
(788)(745)(0605)
5897657802
7400529589
637-602-7946
932-226-2899
6388340243
6152047787
7071783568
(416) 839 4252
069-800-2148
1989851339
(576)(587)(0865)
3445065486
(442)(675)(1634)
8262343035
(375)(983)(5763)
9090562772
5514995755
(268)(375)(6654)
(287)(835)(8512)
483-419-3672
3587928459
4719587478
165-307-9562
164-284-3127
370-881-2551
7980369470
(297)(116)(1418)
0625624043
(149)(054)(1527)
8907033010
6335410955
(149)(747)(4683)
(778)(063)(1116)
706-533-2816
(933)(323)(2996)
1855185576
(429)(464)(6067)
(841) 175 9723
(143) 682 9444
(103)(098)(0007)
3274181452
212-014-5217
(810)(386)(9507)
(572) 737 9274
540-325-7732
421-487-2056
(739)(098)(2265)
1188749241
6991825403
(381)(945)(7290)
1747021135
(344) 160 3919
8749202049
(431)(928)(6502)
161-116-1035
7880933970
6978036944
(278)(917)(9475)
884-484-0383
5000705206
086-410-4403
(803)(281)(7458)
2715330590
(994) 369 2808
(699)(861)(8376)
9431317888
(616) 479 5785
(589) 001 0240
(043)(921)(0393)
(009)(281)(4167)
072-884-3761
3195658040
6673125907
(138) 226 6987
(419)(885)(2100)
(241)(219)(8904)
539-628-7223
0278582891
(443) 801 9308
(641)(419)(0882)
4174332956
8925695071
8421838162
6983545047
795-106-6047
7833804658
(740)(092)(9827)
2075746333
7089745543
0680355541
9959988291
7037458954
(507) 510 8005
4153370198
(048)(537)(3687)
170-192-1543
(866)(299)(0581)
2882302441
(152) 051 0923
(850)(724)(3394)
8768531405
(340) 982 7204
514-857-0479
2179202333
033-869-3337
(850)(783)(1019)
(298)(075)(8593)
806-075-9903
0111026173
(695)(488)(7869)
6067689238
(170) 058 0040
(024) 206 5147
(410) 348 0120
8850143574
(898)(159)(5033)
9940905739
(830) 462 7925
(894)(922)(8780)
9315165396
9556020156
(911)(326)(6198)
4289112409
588-876-6520
189-172-2943
7483936927
387-328-7851
4917991184
489-002-3615
(870) 033 5559
1237507777
(294)(924)(7613)
9624021944
(945)(367)(2390)
(893) 764 3797
2301051759
(510)(956)(1381)
(701)(011)(7964)
439-676-6646
(552) 776 2478
(452) 439 8326
0653067554
9806226937
(189) 700 4452
889-675-8315
(318) 639 9879
(606) 367 8856
4263082814
(560)(359)(2917)
8768516264
(547) 058 8104
004-642-2055
7236925187
(435) 382 9605
(641)(329)(4643)
(671)(271)(7384)
(937) 200 1520
657-295-1076
(785)(111)(8120)
(275)(121)(6290)
(736) 420 5218
0519444823
5714738480
(503) 052 9372
9838223445
1163606289
9932384216
(291)(099)(6075)
(031) 519 4640
964-870-7593
(382)(579)(3414)
(854)(434)(8730)
942-157-2532
7836135644
5854966341
(323)(489)(9970)
0175918040
(998) 311 3638
(924)(913)(6095)
357-873-0243
(173)(635)(7308)
1980914844
9352482003
(024) 996 9598
(807) 635 1254
7155296341
3376801501
(827) 251 4310
4306572769
9326803115
946-455-9391
133-213-9358
(357)(988)(7889)
8920387051
0177639789
0376512207
2473025101
0536659755
6224801154
2755455072
074-865-9589
(468) 812 6653
6334348592
(880)(694)(1498)
2052370857
2361153210
155-287-1571
(527) 141 6596
519-524-7207
5069987774
8212996909
(513) 648 9791
172-213-6958
(260) 738 3682
(669) 987 4613
564-929-9636
7984943723
5322984488
(070)(101)(1043)
(148) 209 4498
(098)(500)(1649)
8640192066
(729) 590 7492
(044)(784)(5195)
(978) 951 0517
(352)(856)(6756)
(989) 102 1154
(816) 954 5540
(281)(300)(2696)
7883573528
5988951875
(458)(145)(7286)
5052318581
(888)(114)(8547)
(153) 759 8200
(812)(196)(5611)
737-121-2462
783-343-2272
477-297-5945
(760) 395 5811
(219) 893 5304
5193948957
(380) 038 5012
(565)(474)(2047)
2421544372
(327) 168 6606
797-548-4289
(635)(772)(3890)
214-626-9144
(040)(346)(3410)
890-985-4036
9692155518
286-814-5483
8632954045
6288744107
9015540237
(948)(348)(1022)
709-659-0076
(409) 791 4370
5100762096
065-897-4042
(714) 350 6804
(933) 814 2226
6965484137
(698)(872)(9906)
3638376581
8176858470
1016525010
6634036008
(533)(460)(6339)
(285)(269)(0944)
524-043-2944
(415) 056 0860
3029501350
1577838778
5548030486
(961) 015 1849
5281779769
(458)(368)(9497)
973-811-2510
1229491703
5239255332
8550602192
(874)(772)(8800)
754-825-2627
8044781261
159-118-5239
585-342-1203
1663718096
(537) 937 8980
156-041-4306
(488) 997 1162
6123923823
(415)(649)(8312)
(474)(382)(4007)
8952946424
3289801255
(944) 078 6222
3854488164
(867) 412 7393
(834) 877 7950
5228471600
(817)(295)(2716)
9169271452
9746339811
4243985452
(601)(250)(2256)
(368)(606)(5280)
(912)(330)(4441)
1871037360
1478729768
744-582-9385
(686) 830 8565
4607922759
(927)(540)(8562)
(095)(133)(9470)
4460829923
(704)(587)(9123)
483-885-6358
(621)(332)(0310)
(501) 999 8022
(239) 255 4482
(111) 455 5424
(760)(460)(9423)
(936) 690 1894
(165)(258)(4376)
879-198-4581
2873066406
013-113-5649
3589222440
(714)(683)(1323)
(978)(552)(0520)
706-739-8709
(568)(663)(9721)
8945457991
5130589608
7318473409
7082478376
893-883-0916
328-826-8185
(554)(067)(8984)
324-447-3608
(250)(049)(2519)
(721) 661 1691
(274) 827 4429
173-492-0120
244-762-6083
(924)(429)(3078)
(585)(541)(4420)
(374) 830 4251
938-867-4856
419-483-0365
(352)(704)(5382)
5735841293
5076838198
(632)(918)(0964)
8047678742
889-185-1798
8393555443
799-743-4361
7734668964
954-104-2257
(152) 739 4645
3579536713
(021)(016)(2305)
(829)(564)(7476)
5393111218
(367)(750)(7854)
(297)(984)(1116)
8558753647
1150772529
(862)(924)(9624)
618-159-2082
(249)(230)(7783)
0193790305
053-624-2267
801-256-8772
3716627935
(503)(183)(6510)
2214414002
3284113910
(596)(214)(8284)
(618) 043 0741
3476977335
0193316038
(481)(460)(4718)
2285653430
(897)(432)(5270)
(929)(052)(8247)
8777928939
8789297166
1233838417
5036365481
7050337043
2048951301
421-002-7284
7961422844
(386) 939 4372
(840) 359 4700
(494) 647 6507
124-932-2057
(337) 378 2474
0904024541
4888451506
9746187370
349-598-4917
7246492591
(861)(381)(3999)
5766610060
(031)(057)(4310)
4458328789
595-186-8742
(302)(031)(1278)
8552554155
3765993725
(763) 289 5821
593-842-9414
969-839-3076
8517710801
(457)(692)(2625)
286-270-5766
2807123148
(780)(206)(8352)
954-396-8651
1774102094
7352547533
3409555586
183-189-1903
9206684111
384-550-4919
(872) 216 5511
0677920461
1811768427
3679161707
820-000-5599
6808096430
052-090-8706
(123)(785)(3746)
(433) 099 0656
(594)(418)(5818)
(943)(441)(2070)
(495)(443)(0892)
(637) 190 7059
5500102049
548-202-0452
(154)(768)(1151)
4704721459
2138744907
(241) 295 5501
4072758873
(521) 309 2262
(962) 838 8794
3181378630
(292)(485)(0361)
(793) 252 7852
(851) 450 9599
1891821434
8177796096
(051)(359)(9702)
0683759037
(138)(821)(1146)
0743523380
(624) 858 5066
1215698105
327-829-8968
(587) 449 7931
(772)(129)(5139)
551-493-6900
8656854003
0755032487
(680) 636 1174
318-277-9395
(409)(393)(9264)
(185)(990)(8226)
(530)(922)(5117)
906-229-7116
2032813952
363-050-8743
1199214176
(508)(839)(8787)
5925089522
(364)(011)(2675)
7660422047
7201330339
1113477754
205-783-8375
6209801762
3075225275
3943375441
442-906-8230
(003) 840 4550
308-499-7006
6018191018
3577970619
7867859349
255-762-7737
(333) 153 9942
(183)(710)(4704)
8900547662
(741) 024 2702
8642600953
(351)(275)(7812)
(125) 412 1316
2804612038
(397)(996)(7993)
314-623-0632
2461945529
3873911970
7647524633
3863322507
(304) 584 5807
0581782827
(190) 942 5822
5493929287
9611334138
(902) 132 0650
3506872202
772-797-0107
5887322876
2637004846
864-357-4119
(986)(228)(2421)
(161)(185)(9809)
081-025-3872
(338) 400 8172
027-360-2737
412-089-0663
9634995371
5268595824
6556476660
935-831-6283
1168776299
483-485-9673
(550)(530)(2364)
5494858259
(744)(800)(5812)
(680) 488 6101
8940763044
2965738617
9985289721
749-768-3013
1584073855
(936)(587)(1346)
145-595-0408
948-596-6395
5131997073
(728)(750)(0973)
3338121513
519-789-2185
1752132582
543-737-4671
8300556423
(613)(183)(9352)
(061)(688)(5520)
1208186127
(736) 698 9842
6524516134
7054259509
8570414771
2003379059
(517) 977 1981
936-076-8886
1075275870
(356)(017)(5942)
(489) 391 0853
(747)(566)(2495)
6807618151
(168) 434 7252
(491)(263)(5177)
(904) 583 8906
(749)(469)(6472)
5706327853
3113309889
215-089-1619
1119602336
(146) 285 7994
(407)(055)(8175)
(855) 237 2095
6044804387
8077024140
(399)(871)(0692)
301-230-4509
(794)(128)(0575)
(162) 126 5549
841-951-9538
0516898320
8890434494
(628) 750 0494
(104) 639 7169
155-866-6314
(188) 317 5850
(235)(641)(8133)
7803454115
(034)(254)(4141)
671-118-0923
(201) 676 7633
(452) 580 9296
8235955120
(441) 314 1339
809-596-3069
9935004175
(160) 845 2177
(917) 310 9946
(089)(691)(2272)
650-104-7169
8707293635
0845668092
7023884740
977-329-6299
(212)(427)(4544)
5253215127
281-219-1053
946-046-4675
(641) 137 8635
7717142947
(238)(898)(2244)
8537310155
(264)(423)(6236)
7819546397
(542) 523 5305
(015)(696)(9610)
1149748536
8127174414
500-131-7324
853-002-1716
(748)(088)(2670)
0374004415
1308632583
862-683-6035
(271) 776 5395
4029541666
5705694830
0704602961
541-155-6154
393-240-6166
(140)(512)(1435)
(342) 903 5288
3928423105
5568746298
(016) 423 3855
(046) 619 1845
6843921263
(186)(223)(5728)
423-710-7068
1101383015
577-854-2599
011-999-9486
(636) 051 8683
(502) 321 3867
8226134908
7583626777
9748597889
(905)(886)(6554)
4351330646
3784029649
7021374749
091-665-4971
3824391701
(967)(878)(5330)
3633925721
(224) 782 5922
5701682632
(163) 465 0296
719-704-7546
(813)(770)(7845)
(628) 898 1469
(727)(169)(9733)
6553479979
(565) 779 6316
4669160765
(590) 666 7438
0021779651
(962) 774 0669
5771475607
9715431090
5158255986
8484384083
855-832-9047
(988)(175)(2225)
(441) 419 9223
(194) 955 7835
(619) 387 1620
5669390330
741-901-1956
420-301-8483
(951) 828 1874
(933)(329)(3284)
(033)(900)(2210)
(158) 419 9917
(160) 484 3620
648-352-7074
(998) 108 7807
6731471921
7577943272
9843802378
(648)(149)(0284)
(349) 796 1519
(743)(201)(9712)
(867)(109)(9081)
417-156-0801
095-959-0538
7096313052
(762) 945 5112
(328) 623 6215
(797)(927)(5072)
2717263316
3651188094
(942) 977 5110
(461) 503 5338
391-491-7440
8387511202
1150629410
(550) 746 6704
3876183450
(068) 607 6765
8849954047
(065)(924)(4579)
(443) 890 3798
(354) 992 3493
(060)(849)(0987)
3561592677
(114)(914)(0511)
(599) 414 9960
(694) 778 4620
(678) 901 9708
9408185543
339-497-7588
0473668297
7697798796
5551330120
(645) 963 5436
(512) 188 2246
(900)(580)(5341)
3252932556
8756838081
812-741-6552
5428599830
173-116-1603
3259020082
823-354-6261
(607)(646)(6532)
990-338-1534
7618133062
(994)(583)(1482)
4566646837
(320) 576 4687
3853556411
1448895408
(912) 912 0620
577-207-5238
7444518305
8565259493
(428) 381 0005
5239877403
415-326-3519
1084559028
6256712348
(744) 195 5217
(487) 526 8175
(476)(763)(6234)
(314) 010 8647
(794)(853)(0578)
(156)(860)(0958)
(941)(058)(9625)
(202) 826 3195
758-123-6576
5041849838
1940421910
7756511177
2215679613
460-422-9549
7874590030
663-834-3759
7385446909
9077411043
(361)(954)(0553)
(755) 554 8645
(677) 914 7953
3718997605
(231)(101)(7418)
(434) 389 0076
(379) 192 0153
9570350066
542-738-8224
(714)(086)(8388)
(587) 500 3711
(894)(061)(1376)
(596)(769)(7847)
(732) 262 4098
0408577473
173-524-4636
(976)(454)(9977)
8862790009
2880167704
4031071845
658-420-6959
468-809-3763
(777) 274 8108
(737)(040)(7640)
(233)(158)(5068)
0183488933
(562) 529 1883
(680)(988)(1768)
(163)(218)(4352)
731-397-3338
0390808939
0630715459
(028)(978)(2852)
629-646-3021
1022123869
1311748562
(458) 795 4391
5608120044
6597475490
470-265-8895
6958400193
355-394-4820
(442)(875)(2397)
(283) 934 3425
(310) 389 1258
9639679384
(291)(891)(6295)
(063) 432 9661
(531) 498 2141
425-566-6714
1987703221
7436623384
7209379962
821-809-5117
(515) 495 5249
(874)(663)(9446)
233-137-4178
4069835851
4608555433
3483899761
9066908163
5616688227
(609)(751)(0486)
6047081405
544-789-3719
(643)(431)(4709)
(128)(845)(8944)
(131) 113 3822
(725) 701 2012
(299) 198 0044
428-855-5925
(983)(607)(1205)
250-046-1346
8430168771
1070429820
479-772-1189
724-091-2202
(710) 110 9431
7545073914
(609) 212 1600
9530050548
(881)(995)(1417)
(601)(301)(5034)
(964) 233 8750
9377401495
503-178-5270
6253281304
(931) 037 1673
(018) 189 0346
(963)(316)(7753)
8545679650
(016) 542 3868
8876487701
1194800478
9091470428
(008) 255 1470
(490)(551)(7424)
3304178385
(182)(597)(6213)
(654) 724 2406
5158698727
0644052242
(406)(757)(9768)
4692382569
(090)(519)(4081)
5282999383
093-957-3470
1906741836
7547490349
(635) 784 7670
457-271-1277
(711)(511)(2701)
(743)(353)(1407)
243-544-2933
884-598-7555
(809)(817)(5886)
(113)(939)(3105)
8250022996
(076) 595 9338
5461203357
2136481337
(450) 471 6159
662-631-3531
(440)(372)(8626)
787-751-5907
(786)(305)(5719)
485-873-6255
(319) 888 7733
(763) 229 7315
894-243-0944
7759534201
119-340-7242
917-265-0230
(313)(449)(6191)
(103) 360 3182
(371) 974 1672
4502323418
684-533-9528
7119301280
(552)(312)(4590)
1575688150
(984)(920)(0638)
(933)(846)(9214)
(227)(543)(7424)
(202)(810)(7405)
(759)(600)(4028)
009-990-1536
(247)(910)(2089)
378-404-7614
4358441681
019-236-5056
(239)(291)(1103)
(809) 171 8388
(022)(889)(6679)
9758456824
(086)(169)(0748)
(640) 874 8809
889-407-7000
996-594-2810
(205)(492)(9404)
(155) 585 4246
0106283954
1149322540
(297)(895)(7752)
(530)(248)(4556)
(449)(383)(5427)
3536106402
319-391-0891
037-594-7740
3796061326
(569)(484)(9782)
(971)(683)(5839)
939-131-5700
(186)(726)(7111)
4944024351
6368146096
(370) 980 9036
2265111247
(884)(534)(9771)
(969) 915 9181
(857)(668)(0976)
8380504957
7448198841
(956)(717)(3657)
5306761443
(717)(043)(2827)
(873) 479 2765
(800) 317 4145
3624249736
4690026532
(239)(028)(4703)
963-915-6727
6804047767
(489)(299)(8563)
(994) 021 8436
(769) 595 6344
(128) 077 8113
2992914354
(392) 752 0573
(871) 803 2023
7375007211
(411)(058)(3755)
(272)(505)(2689)
769-073-7213
7767361860
7996470910
2200662799
5931797306
1356003993
7641667533
(948) 596 2360
9048627113
7969141323
5963063181
212-414-0292
3414380690
(962) 413 2017
(653)(169)(5437)
(970)(585)(5667)
(155)(027)(5305)
6479557855
(822) 809 0008
1881976177
9700456227
(815)(815)(4488)
914-604-4318
518-865-3897
286-816-9444
8623949170
(310) 516 9910
2912508573
(140) 080 3448
(027)(238)(1860)
(407)(601)(9989)
470-773-6476
(800) 138 8751
730-148-7003
2459700807
(719) 894 5364
(527)(141)(5697)
(123) 562 9681
084-363-7500
344-290-9420
4070798757
(709) 092 7159
(998)(081)(7933)
4135036381
(886) 818 9305
2180052372
233-706-1642
4347820457
3262856063
0973296639
7869433448
7963677389
(101) 435 4114
(009) 320 8001
2333795861
1424073202
(262) 442 6548
3697580565
9130737505
5602886580
(026)(546)(8926)
(635) 130 9918
(077) 061 1781
(861)(797)(9191)
4384131919
(880)(478)(4835)
761-906-0229
5796205148
260-612-8596
4902328171
766-814-6473
9219360709
2703103398
(845) 731 8722
(365) 865 5884
(671) 365 6589
(581)(466)(4289)
3451775850
666-673-3796
530-917-0007
7623647591
2785749007
4916787875
6380253887
7551913104
3986561666
6866337051
(745)(644)(5518)
(406)(104)(5441)
(221) 388 4600
2370503233
(201)(384)(0707)
(396)(000)(2272)
713-355-3706
(801) 305 1273
(441) 084 6828
(584) 975 4937
7118302552
7288396181
0916562543
425-724-4734
8444153262
5040254088
(184) 637 8580
259-716-4591
(545)(161)(0332)
4579676613
(067)(271)(5696)
960-899-6893
889-674-2907
(629)(108)(5614)
(058)(436)(2364)
5661209679
(799)(038)(9693)
(338)(046)(9770)
9454873273
(041)(318)(5338)
492-678-5770
2647790852
(057)(279)(2377)
8470224504
7598978390
(288) 527 3023
3008044675
368-922-5536
(343) 489 7944
515-267-1409
424-977-2414
6763297777
776-489-1625
(160)(228)(6543)
5057227464
8870610116
(688) 645 9790
(802) 895 8757
0970021458
7348933216
5141953359
(113)(866)(2594)
8345108942
488-528-9385
(024) 619 3452
(452)(404)(2533)
277-025-1210
(009)(928)(9848)
7411012540
256-979-6929
0987599425
8181045165
451-774-5184
7484675125
426-383-2865
6619688216
432-831-1832
9165963389
(135) 154 5813
(511) 479 9204
(552)(945)(9642)
(144)(879)(2050)
882-997-2400
1296733424
617-147-0137
3479116780
8596367062
810-573-8606
(029)(895)(6464)
(891)(160)(7265)
(340)(306)(1067)
9832131116
(298) 827 2666
(955) 919 9635
(379) 824 8592
463-888-5437
430-607-6667
(182) 454 0839
3547589256
(795) 661 7221
4975514304
8653069086
1182358075
5023172352
(996)(315)(5564)
(789) 796 4345
(774) 651 2162
287-716-0202
358-959-7812
(754) 034 3064
2131110056
(100)(887)(0665)
5079665309
5560725646
112-157-3288
6713744557
0879909636
3425518231
4261871000
128-364-5167
(639)(174)(3756)
0212062010
(533) 302 1295
(359)(826)(1036)
(604)(890)(5056)
(501) 393 2869
(860) 367 0112
(212)(064)(3052)
(605) 389 6409
303-890-9323
(121)(209)(2836)
(622) 377 0297
(151) 728 1287
(871) 483 8185
(608) 278 3917
(333) 743 5185
(015) 100 0913
7952780430
(931) 013 5833
(208) 903 9105
5060820539
7544614793
5057749024
(571)(436)(4540)
395-094-0602
8945230973
(830)(684)(1645)
6429693963
336-111-8275
8019123362
188-619-7626
8899883757
(299) 790 9093
584-778-4591
414-496-5021
(769)(848)(2900)
8117532612
542-541-6077
9888823342
0734747574
560-715-2403
(753) 253 8630
105-179-4992
(592) 518 3459
466-541-6247
6655802372
183-457-9544
(374) 968 0584
2935602134
7354516894
0122736160
(995) 668 2409
(111)(170)(6049)
521-806-2432
(124) 027 5481
7871069847
(811) 776 5091
077-745-2208
(708)(714)(5743)
0184725915
(552) 827 4421
9573334579
(223)(054)(1111)
(585)(032)(6810)
462-315-0554
748-135-0047
4030632557
3704988523
(722)(615)(1527)
(377) 395 8685
1615736896
325-404-1763
(165) 396 5638
(905) 785 1240
4679359769
(371) 664 5137
579-564-1180
923-964-2058
518-726-7286
8780174604
757-647-0921
(994) 073 6829
(471) 148 3009
4821296224
(819) 868 7713
(171)(256)(8221)
5453288849
(391)(610)(5178)
(924)(595)(9246)
(748)(715)(4003)
3185803014
754-872-7248
(344) 188 5742
(162) 437 3937
124-562-9001
1857993844
323-207-2078
643-620-5456
6603196457
(137) 114 3048
9499282790
2110063381
4823309157
(082)(428)(6678)
5598783518
(837) 258 0147
3605764708
(124)(010)(4577)
229-840-5792
(022)(407)(7534)
7221198300
304-728-6386
486-522-3686
948-442-0808
(466) 638 5414
726-528-1129
(939)(946)(2875)
2667680596
5192275399
(758) 385 0187
552-881-9670
(464)(216)(7220)
2917768534
(472)(390)(4006)
7312852864
2141024901
4043318818
4413812695
(967)(984)(4491)
528-150-3183
647-550-5186
801-710-3418
(761) 859 0825
518-252-9093
(621)(440)(3137)
(519)(719)(0203)
(892) 282 0000
1140358123
0229004911
540-267-8356
9994324401
3186158908
(076) 724 0495
8142850782
5884412331
079-689-8708
(463)(614)(7550)
(562) 859 6723
(787)(345)(4968)
(469) 849 6388
(762) 644 2630
(876)(852)(9074)
880-504-9715
8212051596
4384663880
2182706896
(447)(145)(5646)
842-211-8888
(341)(505)(2130)
(135) 538 8876
407-806-4896
6053433110
(805) 874 9562
(659)(031)(6280)
(998)(343)(7458)
(669)(772)(2656)
293-528-5313
(478) 903 5215
144-559-8028
(251) 071 6339
(201) 524 5856
(553)(208)(3513)
8311770290
(505)(551)(1943)
4587411846
7213537260
0439716298
(465)(988)(6733)
(401)(018)(2205)
4956738020
258-266-7298
(359)(217)(0700)
1788439036
0764633932
(813)(732)(2212)
4762847962
(916) 689 6216
(992) 567 1463
(008) 549 3353
(861)(467)(5270)
461-886-0056
(303) 245 9440
950-291-9363
9808409467
027-190-1052
875-105-6960
0197333852
9767679527
585-922-3973
(224) 677 6292
(910) 837 3544
539-038-7290
(004)(243)(2558)
5240170472
025-454-5345
(391)(032)(7555)
(918) 465 7701
604-616-8149
(368)(555)(7251)
1946794236
0589444009
(109)(427)(7223)
(305)(942)(1079)
0474963291
(413) 681 5898
387-853-9100
7689621146
(198) 628 3225
4326548345
2551231250
(350) 081 2961
7258169191
(831) 114 2261
670-095-0364
(092)(225)(5958)
364-249-6594
955-770-9646
0270601883
4566780127
9353550774
9854911432
5274908021
(898)(902)(9137)
(722) 306 1310
434-583-2197
9991315248
8614387064
5486929848
(405) 574 5414
0619101414
(953)(755)(4889)
601-076-4251
637-273-9938
9085255168
673-316-9848
5428925871
0843894063
4740490371
(453)(591)(6484)
(071)(777)(7906)
7591656706
(889)(251)(6452)
(637) 384 6360
(319) 816 5068
346-109-4229
2800944449
8930569489
(504)(440)(0568)
8084652829
0240944836
9803819177
9024635397
4784350088
936-714-2516
(783)(878)(5741)
(890)(190)(8459)
657-298-9303
0839016406
(356)(851)(0637)
(523) 246 4811
0946107881
6854759568
(173) 457 0748
(441)(908)(1024)
(144)(737)(3856)
8394725590
(761) 442 8679
6462680940
(946)(488)(4255)
1698252617
1673581835
(032) 154 9922
9234834576
(384)(813)(0042)
641-033-9277
(914)(283)(9201)
297-825-2696
463-287-6453
(865)(350)(6384)
(474)(172)(6002)
6001012954
(992) 170 9695
(113) 102 9567
263-958-7389
(604) 351 4669
0715851818
4777340495
(764) 577 1712
4407377787
(044)(633)(3595)
2203195930
2224981208
140-647-3352
7584640234
603-073-6786
(559) 470 9100
(048)(109)(0841)
8853753721
697-329-4591
(025)(302)(6024)
7316905024
(156) 428 5486
5342994384
0794629085
(924) 943 6792
693-785-6767
(775)(085)(5287)
8651638330
(772) 640 3204
(009) 545 1756
2880791889
(011) 327 1344
391-170-6503
0706806789
6251133233
6425297417
(994) 556 4837
(052)(347)(8666)
9132283697
(527) 521 7327
1927586413
(513) 524 8370
1029652162
455-227-2446
6117144326
4396741918
574-350-6535
055-037-7478
(564)(504)(4989)
(210)(476)(1317)
6526404682
916-371-8275
340-822-3065
5429859515
7857993422
(984) 042 9117
2034303256
(615) 738 2779
5063474936
0113503639
0503436645
4565665310
(167) 228 1705
9261117011
8080458512
(523) 593 7283
(872) 900 9892
(518) 365 4289
8585905491
6736469571
577-499-2173
(769)(419)(0271)
(761)(174)(8307)
974-924-6234
(954) 734 4439
4033752366
8123334520
(677)(886)(5620)
5418377767
(041) 059 6342
2201349998
499-249-8324
7992831519
1624569315
721-929-4578
2712299551
6273221072
9454928042
6163342157
639-251-3991
596-582-6887
(486) 484 6607
(552)(314)(4089)
(895) 182 2371
(769) 076 5777
0436633647
(225)(806)(5409)
508-774-3009
6838327084
4729124332
0528865550
596-392-1707
(526)(394)(4799)
129-968-4843
9891293293
806-469-1153
916-707-1151
(353)(400)(3330)
109-962-0253
(193) 978 6691
(250) 546 1036
224-136-8039
2199989680
7233428388
7763954496
(658) 176 3614
611-422-1565
678-764-4714
0545080904
0418284209
9576981956
942-146-0882
(280)(981)(3710)
2639002762
7492599126
0887377228
7593411310
247-536-0309
(891)(250)(5503)
2032410197
8844578875
(545)(520)(6209)
2766310913
(726)(556)(4846)
649-160-4596
(230)(172)(1140)
0423613734
701-236-1713
1986456690
2794803980
(236) 301 3927
1977498048
394-022-7582
(753)(923)(2807)
7406435754
(637)(263)(8805)
(266) 644 7348
640-143-0933
6010952224
0865048546
(403)(326)(9579)
(865) 182 7150
(410)(405)(2820)
(427) 799 0595
0978678670
1184101895
5079764478
(611)(425)(7678)
8042639074
(894) 056 8227
(638) 765 4722
083-910-8533
(613)(523)(1158)
4377504742
(521) 764 9546
7957880295
(765) 612 4639
(223)(334)(5315)
5630750919
(942) 014 2844
4871454005
(666)(946)(1784)
524-656-5273
2771093379
732-968-3136
(071) 503 5473
(425) 973 1285
904-356-3131
(637) 156 2057
(246)(682)(7897)
(796) 030 5996
6300476868
(125)(707)(9748)
2248514857
275-527-2189
961-547-6246
3407920464
0061732905
833-330-7377
789-895-5045
(137)(949)(3103)
0234522544
1783665929
3542683101
(447)(157)(2060)
5604604835
7308701175
(738) 538 7184
(216) 054 1122
9478804604
9611391187
7469446055
(346)(752)(0810)
0802783574
(940) 453 3341
1329704027
298-194-0909
(088)(611)(2804)
(432) 661 6895
(062) 266 5347
(630) 692 7283
7683025523
(725) 538 1427
1387311885
100-496-6518
7980040065
6253980152
(459)(418)(9865)
3234588923
3936425309
(044)(849)(3443)
0983694553
(025) 808 2417
(058)(620)(7747)
929-500-9831
936-414-5930
0740241428
367-001-9781
8781020552
572-268-6283
8429777778
5900071545
7588248927
3553768370
(308) 896 4316
1175463431
(103)(940)(8006)
0451072775
4108112703
9830651698
1890179984
(476)(081)(4204)
(146)(001)(8087)
(918) 492 2646
(282)(984)(7269)
(485) 227 6422
(230) 003 8479
(677)(367)(5645)
(494)(493)(0916)
488-914-6764
(188) 927 2356
4107769638
500-734-3271
0362306832
(600) 471 4794
376-923-2245
2169935828
(743) 808 6150
819-130-0975
392-154-1072
7337437408
9852829590
5686758795
(425)(802)(9082)
7341551832
5313397310
(469) 155 4679
(588)(965)(6038)
(920) 522 0791
(345)(976)(2729)
2319029302
(516) 655 7628
4012957405
(799) 361 4394
5756260536
1569193446
786-916-5692
2145340957
359-293-7540
3979712290
8813056175
9306818391
8352176508
7907567587
3471433711
523-835-8024
6886491336
3510288858
0477431664
(002)(927)(3585)
2500389987
9270945459
(885)(019)(7737)
(823)(100)(6057)
0386639417
2734899485
2029535097
041-584-8712
047-503-2096
1293802001
876-703-8090
(196) 550 8427
2617274842
(015)(740)(0158)
1239569559
(801) 802 0954
596-568-2850
0109993430
(971)(337)(7343)
0025495777
736-526-1990
836-543-4595
(727) 588 4411
(050) 857 1963
2054093212
265-033-4022
6628339052
5171086432
0681805397
1384555708
(349) 231 7108
1005610662
(191)(471)(8798)
(680)(286)(8827)
(334)(679)(7907)
2939411127
187-911-3465
(937) 852 8274
(271)(631)(8572)
4372339524
(659) 515 0765
(689) 421 7089
4149926998
(117) 799 9411
(488)(918)(0053)
8375807153
012-155-8377
345-710-2646
612-906-0267
6878923560
(388) 978 2463
4912275393
2344059719
(635) 507 8500
5804095414
158-630-8476
853-880-3300
(566)(440)(1959)
(253) 142 1490
(142)(836)(5656)
054-000-8133
(560)(360)(9498)
6385863565
(091)(099)(9577)
(071)(712)(7827)
2316666916
421-573-2300
(617) 343 1786
212-473-3588
1965393212
4791052199
1836760139
(699)(275)(8855)
949-914-7555
(025)(306)(1325)
(745) 195 1065
(158) 305 6143
5101624281
3293810858
(645) 566 8141
(165) 178 5959
087-476-8409
(624) 822 4302
2996568222
(229) 161 8589
1924667715
0014455696
(700)(024)(8634)
(038)(679)(4169)
(621)(443)(7163)
(599) 801 9947
271-015-6339
171-624-0115
2531860018
(881)(630)(0359)
7179242537
(308) 389 8865
0712772359
1389206487
(697) 090 0071
898-789-2717
(686) 531 6355
3769084534
(995) 983 7504
(885) 161 8992
100-654-8648
3948154244
5781160146
7871602342
9115232717
7194899705
214-445-0426
2851365926
0124571943
3568762859
7861129743
(984) 265 2600
1738311948
4642343870
(216) 910 6303
6098597863
8364878560
4400216574
5923276850
063-318-6840
324-915-4239
(330)(270)(5207)
313-201-0435
2367596581
891-782-7775
(980) 311 4708
249-372-9017
7942281198
(485)(609)(8403)
(605) 310 8861
(716) 720 4390
2567801841
(774)(815)(4748)
(514) 568 2809
(362) 578 5253
809-588-5560
8146268067
(823)(029)(5135)
7928091848
(609) 779 0618
9309204644
7671778071
8599543980
(676)(084)(5613)
(595) 437 5943
132-122-7041
557-193-9986
1562172104
812-715-6092
356-731-5466
764-181-1503
(594)(976)(7617)
6761636519
4730724645
(028)(343)(1664)
037-719-3886
(313) 072 4748
9485278964
(571)(408)(2569)
(551)(702)(2018)
8152093191
(422) 598 5860
428-092-2407
(739) 284 6474
(506) 322 8351
(535)(199)(3278)
(063) 829 3236
3937576068
(742)(804)(2183)
7891018273
0442127493
2329809175
(852) 414 9458
139-520-4020
(975)(545)(5174)
(008)(821)(2409)
(297) 667 6869
7607086125
(016) 948 0455
8867753192
(086)(189)(0270)
1847397747
1111647491
(668) 014 5820
5093962235
(821) 473 3775
6735356944
4038632171
(504) 188 1112
2811020774
789-462-7380
333-375-7246
(785) 750 8526
683-884-7262
7890445091
548-575-4957
0079619242
8696216791
9290827974
3979772021
(357)(262)(9878)
(487)(727)(2346)
2432281318
(230)(534)(8830)
134-215-8794
(886) 455 4182
(025) 291 3575
7026151642
4643029122
7980986145
6186189886
5806917206
(097)(460)(8181)
5667997716
3986902448
2341556017
(286) 472 7360
(166)(597)(7865)
534-499-2119
3807825280
366-152-4571
364-581-8972
7206203960
8056855611
(267)(474)(0845)
9040844104
(245) 373 8615
072-603-9442
7890241678
841-212-2305
828-199-7086
(221)(173)(8982)
878-884-2556
680-692-5979
6267397647
(551) 027 8582
261-997-8862
6275002804
1623411415
(819) 639 9425
3832044953
(003) 117 5339
(352) 136 9958
(626) 108 6758
(023) 370 0403
9966603795
(328)(614)(6942)
(341) 999 9290
(196)(036)(2063)
1247677580
(848) 467 7610
(547) 835 4181
9465854220
6302894248
403-720-9257
(243)(619)(7957)
(222)(740)(9622)
(628)(887)(4998)
(163)(496)(2637)
106-260-5439
1905723026
(309)(335)(4194)
(592) 037 3906
9488385196
7390085957
649-657-5760
0153687319
0786263182
6247623759
(075)(403)(8337)
345-713-2125
3445337593
(478) 742 6890
(602)(213)(5002)
5140193123
8677865084
6363772194
(829) 744 9217
070-140-8530
(188)(955)(0474)
(496) 333 2724
(763)(890)(5411)
(062) 566 5756
(643) 501 2559
(400) 736 3495
6762090724
847-501-4741
3896182054
(531) 357 7160
(074) 539 5502
1754675191
(452) 551 0208
(989) 506 3272
(112) 061 0387
(460) 080 3508
(922) 093 8739
(804)(685)(3966)
3091767786
4162941355
(651) 381 9258
351-694-4450
3302664455
919-559-0015
(074)(917)(2958)
3261552170
6695438956
024-716-4596
9390696442
4514175706
3580854572
0657101004
(250) 209 8991
(744)(766)(1668)
3045717579
6028931235
(345)(823)(6287)
395-411-3173
(294) 483 7764
2690785210
(640) 577 2822
2013051688
219-157-3401
145-909-1069
2767966928
0856008519
507-594-3863
(145) 026 3525
6218802688
158-655-9036
2889726589
4759964798
851-178-7696
023-738-2431
(237)(966)(6305)
3400423536
874-880-3082
3793698284
(783) 087 1246
5031724621
(277)(629)(2771)
2645493334
(727)(515)(1118)
(307)(075)(6752)
(211) 931 5690
4878901448
390-479-1016
500-896-6925
(830) 963 9707
5442087404
(945) 602 7375
(130) 512 8671
782-594-7833
(470) 611 1709
(666)(360)(3486)
6858702852
8134490390
(274)(984)(9686)
(885) 304 1629
6753908930
3094370701
918-099-1856
8603911576
091-724-5490
219-068-1432
(521) 368 4373
(315)(429)(6149)
(786) 844 4669
5675307351
(020) 352 1213
800-091-5592
(406) 789 7691
3195001254
9388332607
(440)(455)(2968)
7721816232
4672232948
4243316876
(608)(427)(2985)
4591619283
2784528731
3462593625
4300678106
(331)(540)(2949)
(404) 747 3265
3516822100
592-098-9107
(554) 067 2443
(008)(462)(5722)
(627)(155)(6778)
(307) 114 3563
643-089-3544
070-433-9275
(519)(615)(7102)
(127)(003)(7350)
(675)(714)(8144)
597-837-0966
5416611965
(698)(901)(6153)
993-729-2622
9609875127
7950635142
(446)(512)(6248)
(989) 496 7219
698-798-8010
9386067301
(438)(636)(3411)
502-897-6503
927-535-2734
9382363159
3623289443
(566) 746 8125
(587) 422 4435
(350) 667 6692
(822) 742 0845
(773) 094 1855
(659)(788)(0359)
(836) 456 7764
7957332246
6328574566
(852)(423)(2886)
(690) 897 2920
845-933-1602
(873)(767)(7085)
548-265-2117
6888851484
(094)(538)(2632)
(378) 176 7179
2641444997
(342) 083 7218
(359) 024 2928
255-190-1305
(077)(983)(0673)
9918790026
988-239-7643
0127943979
775-514-8025
6280243719
(697)(135)(4732)
(367)(569)(6114)
(310)(778)(9296)
(154) 507 3338
617-565-6875
(503) 292 9628
(278)(796)(3879)
707-617-3439
(745) 026 6834
(597) 394 5381
(851) 871 4343
(652) 508 8768
7802592099
2011005851
(993) 310 5954
7528322121
363-398-5645
9860286313
(554)(197)(4079)
(495)(308)(5583)
2865124819
3198198953
4932861373
4796409056
187-204-7929
(944)(139)(5268)
(898)(968)(8719)
(449)(119)(1421)
2970686084
0791559610
(781)(052)(3666)
5328023553
(128) 697 3863
8488084020
6466240724
3536852786
(725)(835)(2998)
540-852-6679
3553837760
(863)(044)(0143)
(590)(447)(0933)
157-283-3650
7992974267
8136820533
0805483501
470-048-2240
772-051-4599
4428848382
1754482253
(415)(993)(3322)
3142147879
(714) 158 2287
(152) 089 7841
724-216-3999
2937174399
6450419710
(139) 717 1185
1673964763
(711) 024 1261
4672055021
0739320894
902-791-5445
0286326243
4575992265
254-310-0196
(318)(748)(2204)
(816)(724)(6047)
7114445701
(480)(868)(2705)
(159) 506 9942
(797)(067)(1451)
4561225115
(986)(547)(4914)
(600)(075)(1478)
(889) 287 7562
(099)(634)(1373)
5455595958
(453)(282)(5655)
7405222818
(532)(799)(8901)
(691) 464 3510
569-880-7309
6668928395
0727787181
