181-105-0267
6311465843
7156555323
741-489-9206
4888798623
4284935213
(045)(245)(3985)
846-674-2573
0235316918
9857967921
(071) 623 6132
(348) 407 7982
(493)(427)(9823)
7020053771
615-259-6442
7018682582
593-627-3871
8758827343
(130) 035 0706
(224)(752)(7626)
(536)(144)(6344)
0898652619
8747186049
(446) 862 3070
(498)(664)(7374)
(639)(364)(0808)
068-329-1736
6806957276
(408)(902)(8040)
(974)(173)(6260)
(513) 748 4500
619-486-4915
(727)(013)(1544)
(188)(179)(5287)
(504)(585)(9842)
625-000-9808
8958773155
2025369558
7940280372
(334) 914 6445
404-096-3345
831-330-3685
(570)(327)(1917)
8260386268
5136936366
(383)(106)(9652)
5060744008
4006157931
270-703-5046
6807810817
1652597844
(374)(548)(5568)
1512814743
(587)(678)(5289)
3266235887
445-912-4073
(078)(879)(9483)
(197) 460 1465
607-309-1602
8095467995
7167860680
860-930-7165
201-525-2229
7458849628
785-144-8117
(411)(251)(1844)
(320) 655 1688
6116858575
4362323477
2486475442
4511462930
604-563-9033
2197975418
(710) 008 8595
(467) 000 1565
0065712385
(934)(928)(2383)
(422) 126 7623
3423161246
(730)(674)(5053)
7912706405
(280) 415 0409
(533) 172 4729
(980)(077)(8359)
5096979173
9015003657
645-920-8814
9512101048
9961946672
1873639200
(583) 183 9949
(425) 901 1365
632-603-8069
2349021164
2842500111
9438683369
1906042421
(910)(521)(1281)
0759624994
(594) 533 7979
8727702192
(169)(142)(7703)
(006)(105)(8207)
3689936081
(695)(768)(1050)
9426194873
9927926310
4510521824
8496046720
(034)(825)(7241)
(418)(796)(8994)
883-729-5003
1489058084
(894) 148 1259
(105) 133 6179
400-955-1534
3907902474
5452267804
5349531366
(097) 891 2750
3875100988
9709255966
879-831-3036
799-869-9537
9503164391
(813) 636 0020
3996646031
(196)(260)(2340)
(017)(868)(6822)
(793) 224 3734
(760) 089 8285
1100720651
9683714411
(523) 767 2518
9454012301
(561) 853 0863
(478)(017)(3236)
(759)(928)(8872)
5094066210
8708903641
929-750-6464
(383) 520 6561
(377) 447 2421
0511131218
806-745-3528
8015809165
(028)(368)(6266)
(896) 072 5660
(690) 811 4593
4396419820
(360) 120 8014
3698281569
(986)(908)(9881)
(617)(144)(2564)
5825611378
5223540022
7046111243
4821354531
5840526101
(666) 316 8316
6818834790
174-687-9916
1643931690
1892809668
1845408752
335-698-9649
210-796-2801
(798) 252 4976
200-959-8566
(365) 009 4032
(363) 623 4512
570-957-3679
(650)(305)(0051)
4163666366
0456167878
(128) 615 5840
1624080659
(152)(677)(5506)
(110) 953 2973
3008247515
372-270-8908
(743)(225)(1764)
(784) 283 5607
1707328400
1620365723
0748773581
819-755-9955
795-087-3525
098-549-5478
767-259-9712
6215501166
(455)(455)(8763)
4449931529
6619348497
(383)(486)(6844)
(550)(798)(2240)
2497657988
2942489447
2260898753
7250664808
(968) 147 0976
6678436257
0402644124
(874)(007)(4131)
(477) 180 4227
(448)(562)(5908)
573-013-7868
771-870-1079
(274)(750)(9557)
(339)(492)(8785)
(388) 818 1090
(414) 237 2558
2710322975
060-066-2212
8229486928
(569) 928 6956
6827383386
658-887-3174
287-152-1912
(935)(817)(7785)
4304655708
2933374241
(244) 315 9173
825-944-7780
4280690074
(112)(549)(1594)
544-696-2370
408-210-4968
(715) 035 2407
0082144682
(020) 503 1310
(167)(506)(4459)
856-355-4563
(924)(102)(4854)
6129997776
(412) 323 8205
(182) 808 1394
(119) 313 3157
(934) 305 2605
0216288119
(882)(162)(0278)
6548590920
350-238-9169
(728)(294)(6943)
(791)(261)(5830)
3913639025
(063) 380 8932
8710868417
4481874979
382-747-6219
344-106-7431
538-251-4345
4113942139
(757)(303)(7027)
4474111277
084-856-5638
829-698-9541
8654456232
(400)(737)(4101)
0644565278
(807)(407)(6154)
(989) 693 4624
6334077755
069-277-2545
5363119574
9145767596
609-005-5538
901-858-3263
(057)(905)(6472)
6652363731
(306) 863 0083
(241)(728)(8224)
8548141693
368-805-7996
(121) 198 2564
082-512-5271
2922071634
9337212367
267-832-8168
(659) 353 4292
2120494358
3431109308
(568) 710 6419
9799998807
(186)(945)(5577)
9195049455
(947)(714)(3197)
(395)(612)(0607)
925-407-9734
(325) 162 9925
0934957330
5031885066
(372)(282)(1231)
5579434204
039-407-3143
4562699135
(330) 326 2028
(807) 114 2637
5480845732
(710) 673 1180
0820457752
(338)(848)(9524)
3416483006
(052) 760 1734
489-289-4396
(834)(208)(1219)
894-367-2881
468-211-7888
191-441-9819
2726107045
4071229980
(490) 668 8829
457-172-5072
1264081139
2683496283
(702)(721)(7716)
3263177763
7590917395
840-126-7001
4848354353
(279) 523 0220
742-440-5741
(289)(227)(9281)
5869148016
206-359-6909
(092) 559 8423
7093487327
0453220388
3674352435
(442)(278)(3174)
326-268-2429
(228) 253 2866
5642708251
(022) 587 1365
(953)(878)(5528)
8282614246
(987) 311 9592
2045129462
300-277-1205
(721)(512)(8461)
(588) 633 1484
6543307056
(009) 263 4688
(918)(598)(4264)
795-577-4938
299-237-1259
186-069-9778
(298)(638)(8060)
783-988-4107
4867525381
(863) 631 3959
9298623313
944-421-5600
069-440-8646
4690390033
419-807-8218
(382)(893)(7954)
758-945-3375
076-901-4363
424-572-7914
(218) 691 7705
6372212630
766-170-0182
(039)(044)(2717)
(753)(136)(7245)
8866374744
2090292290
5687484006
1531032076
(602) 788 5035
(753)(217)(9768)
589-679-1324
3501204527
(595) 495 1473
657-102-2045
(014) 688 9234
(361) 026 6396
(812)(756)(7726)
736-634-6765
0390284089
6893388794
(523) 058 9027
9105711012
(231) 842 0093
9110577614
(265) 724 2297
(377) 453 3372
(282)(192)(5230)
(169)(138)(6709)
(857)(386)(3369)
8253321197
318-591-7109
2660790794
761-852-3133
2738621026
8239240983
9245390844
(476)(258)(1759)
535-343-7506
3111813486
512-316-9811
947-744-0670
(181) 114 0218
(122)(392)(7016)
(227)(590)(8670)
(805)(529)(7512)
1752401491
6663487584
(786)(107)(4006)
233-734-3157
6093392162
4645456788
789-252-7000
8965212892
590-098-0315
(416) 570 3914
809-523-8696
2961188921
2640550360
816-155-0736
(314) 134 8694
(632)(135)(7711)
(436) 328 5461
8247697002
2380601686
902-456-1424
(272)(824)(8597)
(013) 142 7448
622-252-0730
825-137-9069
(670) 702 3053
844-633-0852
(475)(299)(2676)
(395) 248 9189
6965949538
(370)(724)(6477)
8352931477
764-324-0843
(859)(959)(7797)
(474)(340)(7595)
7305001593
8397349660
861-436-1493
(391) 203 7899
3873499650
8719871684
(157)(662)(4941)
(026) 713 1379
(587) 527 1119
069-579-8115
6998432335
7650902314
7462856463
(499) 339 9488
8492136388
6346732803
647-551-9618
(672) 013 7219
(263)(850)(5786)
(946)(769)(4005)
835-286-7599
7840795883
(067)(258)(2375)
(771) 086 5428
9817159216
(684)(187)(7277)
266-534-4743
550-103-6607
1344905943
(824)(054)(7247)
708-648-8183
(137)(114)(6399)
1310022408
104-663-7583
8328555878
432-819-6885
(924)(303)(7771)
3114367370
073-376-1683
493-359-0695
(815)(238)(1123)
(569)(049)(8354)
159-127-4018
7284835638
3183896909
3519717328
(289) 625 2459
(395) 470 8333
(076) 385 8152
5176366477
(096)(814)(9394)
601-457-6203
(394) 921 8959
(504) 480 4640
672-581-7629
0675591038
(161)(138)(1924)
674-808-1273
095-072-8917
(871) 302 1384
5886846951
(298)(347)(7739)
7969808714
8657876301
(424) 965 0168
879-876-3543
862-108-2866
2649349188
416-155-0807
8841149749
(893) 868 7402
0444541769
(194) 233 4879
7296120563
8706182359
5520213381
(197)(256)(4024)
(270) 217 8808
8348817700
515-119-4716
0093629726
143-517-5385
0996567834
022-046-4802
541-876-4023
3809495895
364-293-1505
9289932817
(764)(512)(6136)
7418848538
(831)(388)(2694)
6667448887
7418748786
0560315555
(834)(323)(9014)
(052) 735 3877
8228553005
4853771755
142-581-5562
6734513719
(932)(969)(4029)
(000) 544 6315
353-324-4901
0029255170
2315814554
1681426560
(411)(789)(4225)
9658710363
5943167441
5687571067
8632425193
(105)(042)(4781)
(626)(324)(8453)
(181) 558 6294
1145426868
(260)(588)(0770)
(475)(339)(0174)
340-167-3614
0681430938
0686963729
(576)(863)(5456)
(230)(113)(1369)
497-571-0570
9562921291
(893) 979 4636
(996)(350)(8557)
(033)(839)(3320)
1731951781
(489) 147 2730
9260509029
5298120879
4607152896
(635) 504 7649
8591980692
941-741-6564
3833521512
(707) 229 6248
8603981014
627-478-9893
(811)(584)(9390)
106-393-1256
(874)(856)(5230)
3477187313
8947057912
(361) 535 7464
3082664258
(061)(747)(3693)
578-960-4907
6200167016
9206473496
(365) 678 3972
(425) 402 1729
3825051363
6033637790
080-222-5791
8038446234
(473)(502)(5396)
(549)(313)(1428)
4747126215
7366595735
(498) 491 4807
(995)(676)(3422)
(570)(058)(9031)
8161017858
8597214031
(311) 122 5897
366-786-8710
2136659045
(318) 853 0434
162-265-9618
858-864-7896
(318) 169 2743
(231) 939 0966
(126)(362)(9019)
(911) 521 0136
(130) 864 7480
4811123005
(998) 677 7420
(172)(360)(0687)
8977053651
(170)(282)(0985)
5633472245
5231786132
525-921-0359
6181407606
2794872366
(514)(436)(4540)
9417990395
817-379-0045
844-119-0553
(850)(161)(8172)
1132033909
2598121765
5740918560
6504202406
5895254170
(292)(829)(5427)
6686630742
7117094716
807-461-9280
(287) 061 8154
(157) 136 2541
(610) 450 0521
065-664-5132
5549796100
831-504-8296
2009993448
008-030-8015
8280306507
1893069782
(429)(544)(2488)
4375997791
9516872081
8300671441
0866599288
791-577-7737
095-804-6213
(966) 542 0610
9752375790
(061)(011)(7982)
(520) 448 5724
744-286-8493
7381236165
6100143356
8292348587
(386)(743)(2078)
(197) 464 5581
7966528343
(182) 627 3203
(024) 833 5938
145-590-5133
5022228489
(870)(929)(2511)
5633232917
292-792-1272
(408) 537 7249
(621)(598)(6624)
409-061-7591
(552) 840 8465
(785) 849 0021
1432615718
7003188658
1697047040
(002)(355)(4978)
(098) 313 8724
787-913-2259
(135)(135)(0786)
7091552015
(087) 178 4464
789-685-4605
(155)(911)(1806)
5847202759
(616)(602)(6777)
2650348556
(284)(686)(8452)
762-707-3257
748-518-0875
(228)(478)(6936)
(361) 065 4550
(398) 334 5692
(476)(957)(6777)
(331)(049)(7591)
(155)(959)(9849)
(934) 586 8023
0272099637
2218459263
(082)(315)(0796)
274-918-6188
8943657986
2543644483
(104) 486 7919
150-297-6541
(243)(795)(9070)
(733)(762)(0266)
210-170-3299
555-052-2826
(242)(744)(0575)
(829)(684)(6929)
(477)(946)(7930)
1889777972
(756) 212 6126
(153) 579 8777
0185879653
752-459-8952
(079)(149)(6667)
2320138146
9192505987
3188053668
(083)(662)(3393)
1317552320
472-741-1109
098-480-8397
9327020990
(558)(720)(3775)
204-513-7225
579-802-4428
3659094401
(936) 550 5053
4630161828
4803382418
8001520498
8874168188
(524)(051)(6628)
(179) 925 6206
(829) 016 8447
1588235744
(981) 785 0616
092-132-2282
506-437-9701
(487)(552)(0248)
5649485906
(526)(148)(8906)
(679) 945 8704
(252)(116)(3001)
9405582139
4665537039
1989456302
(798) 026 7090
7967044897
(025)(016)(8515)
4563170479
(394)(548)(0458)
4488974416
(195)(150)(3401)
(678) 600 4568
4188449516
(762) 004 5434
9280439099
565-994-0086
8059007315
6062894252
(332)(649)(8207)
250-311-8094
(306) 557 5544
8489182200
(652)(215)(1908)
179-430-5449
3616738610
059-151-7046
819-218-5866
6897421729
(440)(045)(1281)
3032329819
(619) 617 7152
(337)(958)(3059)
2578412888
(830)(119)(9097)
029-726-4899
346-651-1568
477-912-0945
(986) 395 3917
(760) 376 1667
(512)(776)(7901)
1763893932
(246) 307 0759
(357) 099 0333
(565)(016)(4975)
(591)(793)(1892)
044-489-6469
2423810371
141-834-7462
1313832313
(081) 230 9878
(411) 862 9351
(837)(613)(1703)
6884232502
2021532687
878-142-8242
(703)(051)(0579)
2860785152
(178)(519)(7868)
(843)(329)(1732)
4647877049
(570) 466 7085
9589308915
1862436862
1882646120
254-036-1170
8121675835
7046033558
(204)(899)(0462)
(880) 396 7842
(799) 478 3008
3580553985
708-940-4863
(877)(603)(9914)
(754) 231 2214
4562445251
568-805-9631
(259)(860)(1369)
(156) 220 6298
(870)(214)(2566)
(363)(805)(5025)
833-991-4052
3589940978
4041780579
306-093-7703
9993896642
(867)(091)(1769)
(198)(343)(4178)
135-549-2089
3665282991
(049)(560)(0072)
(660) 320 2603
7536891520
(032) 075 9977
1940269968
(267)(630)(8116)
1863396747
(116)(476)(4279)
(770) 843 1891
491-093-2678
(667)(437)(4642)
(136)(297)(7541)
(404) 737 0754
(923)(200)(4133)
365-573-0072
1313325460
894-503-6041
185-014-5623
908-491-1336
(836) 789 1012
(069) 735 5948
(174) 229 7319
524-985-2404
8083065417
(343)(463)(2792)
0912142189
(553) 176 1112
9298310808
4575726629
244-194-3004
(439)(918)(1534)
(582) 661 7231
2237352204
4461171945
(473)(051)(9739)
7045620702
4928494018
(150) 696 3704
(323)(367)(0580)
058-499-2368
(210) 989 6072
732-992-7828
6515346751
(861) 398 1427
1223950756
4711932582
(096) 548 3288
7701810967
8683313284
739-851-1002
(485)(389)(9619)
(791)(201)(8148)
1105570087
(908)(998)(3758)
6889015523
(207) 475 6536
(564)(942)(7606)
(965) 999 1651
7053993775
4086502364
4676089033
7750687760
5254114139
(971)(657)(9631)
(290) 374 0263
(072)(017)(8662)
(725) 015 7236
2703249297
6991175742
(100) 333 8224
(961)(971)(6320)
(192)(008)(2737)
(421) 204 4191
1739979615
5561867117
(626)(095)(8949)
8793967896
2926369798
4316634258
4634381541
(316) 992 6470
(447)(677)(8046)
352-176-5180
447-856-0434
2164519508
(969)(272)(5406)
6726212509
9128743643
083-923-3787
(958) 481 0481
8394123422
9003986424
473-868-0273
3307685799
7779603113
437-783-6232
(546)(958)(8069)
(442) 478 1195
5116032275
975-389-6478
(266) 449 6704
1641951665
1937968856
(065)(138)(3083)
(314)(954)(6948)
(863) 148 6740
2190051234
(615)(940)(0928)
9553361768
389-638-8111
(750)(877)(2080)
5888639996
7870943504
4799953705
8770314083
(484) 473 4672
4932249295
(523)(680)(5968)
8689274162
(998) 753 1018
853-153-5643
9373052842
489-113-2849
880-315-5811
9899403738
(384)(834)(5799)
3109191516
(655)(983)(3372)
1641502209
(890)(499)(5507)
(546)(670)(3978)
1468590144
593-593-6596
(907) 058 3989
3751321234
010-523-0858
(916) 426 5116
(075)(760)(8074)
8473911219
8775246716
(299) 691 7640
(758) 241 6560
(034)(879)(5228)
(357)(862)(6331)
(814) 454 3898
(311) 364 3212
382-630-0771
394-680-9396
1151484893
3200526584
6207718458
7883706815
730-687-7691
310-163-2513
4544123472
(858) 599 8288
3876759680
(699) 060 2545
488-901-0734
950-016-2517
1502793303
6876352738
3097725762
790-007-0097
(051)(776)(9310)
7915507127
(502)(449)(6395)
(801) 723 2274
9560536856
9111596248
1182420155
1359644693
(337) 508 1965
(051) 957 5098
511-146-8611
614-104-4621
3970805298
1186293309
4542668726
(094) 179 8191
489-462-7104
1955906876
6932221945
(092)(935)(8789)
4270610825
0584423858
1782228304
(039) 486 5433
2593532584
(446) 555 0965
(038) 316 5536
(950)(473)(8975)
(148)(405)(7624)
3153756849
9420967045
(907) 141 5239
058-171-3604
(826) 609 0544
721-692-6072
(395) 189 9676
(064) 771 9612
0880034996
(612)(462)(5383)
(698) 596 3713
(665) 404 1478
4961849274
(489) 634 6174
679-870-4695
248-638-8873
7202315804
1085792140
939-500-9852
0753712122
7749824410
6639177712
0510530209
1155651639
626-115-2025
3994910165
977-339-4647
(617) 429 1474
0540595003
5905697162
(390)(602)(9810)
9032784031
(431) 101 9678
(711) 608 5478
3993808878
038-269-0318
8085807860
3015968081
084-875-6468
943-205-0627
5973163298
(109) 039 4602
(631) 653 1685
3770705395
(266) 388 3984
6894607095
6889130614
(259) 214 9403
528-504-1144
6617155837
1727515022
1572289534
(402)(431)(9347)
8335181655
(564)(732)(8153)
(594)(786)(3720)
4249520752
(283)(022)(1164)
5808462084
4067847715
691-525-2342
0239050319
4588621844
189-758-6097
(293) 358 6360
889-046-9330
4267703495
5721985504
0386929324
(671) 382 3732
(981)(220)(7566)
474-193-7454
988-929-2420
(596)(054)(6698)
562-671-1419
4941689972
(779) 647 7751
6604178272
(590) 435 5783
0384024243
958-656-6976
(606) 876 2563
(076) 877 1435
(002)(760)(7595)
3651715659
(548) 669 0591
(071)(427)(9652)
7081769406
(356)(296)(0520)
467-398-5073
772-317-0038
1383785447
(397)(610)(4975)
(456) 290 7262
1646170934
(976)(084)(4026)
484-128-3803
(627)(690)(7360)
959-719-9272
8822472493
201-479-0106
(605) 450 9874
(015)(372)(0960)
(159) 363 9086
769-066-4758
3082774645
055-425-5526
9023888822
1684547215
6818807332
(722)(622)(1914)
(845) 619 8019
(516) 650 8632
(309) 640 8733
8622977300
454-856-1314
9866807725
9536464623
(103)(312)(6900)
7557509785
4816999519
0137941005
2745271656
258-725-9153
(355) 837 7311
(627)(274)(4260)
3999494801
(170)(103)(3651)
1838003870
(065) 052 7819
2862663924
(483)(417)(3034)
4059827812
2684230371
1538997299
5937482862
(212)(874)(8209)
359-895-3620
2753620455
(192)(720)(6660)
0245426892
(119) 313 2733
4742733916
(744)(479)(6702)
9881503209
(491)(992)(8175)
(563)(765)(2604)
4180308246
546-389-0620
5349355702
320-548-3059
(545) 256 8100
(292) 371 7046
(777) 340 4879
6043280464
(951)(365)(8278)
3428302460
619-748-3550
2720877205
(648) 862 9383
(735)(853)(9581)
(372) 688 8738
9658836533
(486) 425 6783
4636563780
(598)(807)(5123)
(516)(318)(4344)
(932) 008 0324
5512062688
819-685-1835
3634124248
2616264559
(817) 085 3782
(361) 630 8588
055-485-1859
(531)(367)(0701)
(615) 226 4578
(179)(005)(1094)
9603259336
349-804-0766
9025462731
(953) 392 5927
(340) 281 2569
647-093-0754
(451) 389 9099
(346) 966 2459
(796) 709 1605
(689) 527 5883
6546662872
(119)(806)(4070)
(907) 024 4370
8720393661
(558)(264)(4494)
256-065-9473
(198)(657)(5920)
3904376610
451-510-9454
(644) 468 8753
3249490521
458-970-9647
0756846694
3923554087
2864810203
(394) 435 7644
234-444-6393
3911292672
(904) 196 9352
(805)(687)(9132)
(508)(320)(3945)
(644)(538)(2657)
5603954203
(942)(987)(6972)
093-722-5422
7536298491
7268967562
(572) 018 9020
924-430-2012
(082) 344 0693
(130) 847 1705
855-144-4678
(183)(752)(4501)
(887)(359)(5751)
4243853629
4993354076
4033468157
9099316628
2261017450
9614662286
(025) 090 2050
863-489-4012
(676)(311)(7968)
985-367-1005
399-102-7741
251-182-0221
6606128080
324-860-4618
4570957634
(276) 440 1567
132-183-1757
321-704-7481
3657047431
277-750-3728
0398818913
(653)(227)(9780)
0487812501
995-930-9960
(979)(550)(1632)
(723)(397)(0713)
(638)(257)(9216)
(464) 334 1039
(484) 563 5598
5420347460
1687484413
2576420260
9362539990
1842731860
7734025694
7706107853
(479) 221 5092
(552) 989 7763
241-304-4315
(283) 133 9016
(232) 729 0052
060-063-3261
(046)(607)(4407)
(254) 164 7870
(390)(356)(4524)
(204) 962 6978
2879268091
6933177861
946-371-7190
968-457-2545
(566) 290 0279
(880)(023)(4295)
938-577-9663
442-832-8086
8419638625
9009380581
5768339283
(093) 632 2270
443-329-3771
2399043407
(570)(184)(4641)
5252013007
6053731586
6190591871
6993757215
6709082727
5106522790
619-657-0439
022-739-9536
0619698783
(376) 942 0537
(435)(074)(3962)
(722) 659 5219
442-619-8021
(825)(390)(4895)
1206974909
7316793441
(359) 386 7204
(864) 913 4897
370-436-1508
0574202351
1405229408
(142)(542)(8401)
9067202226
1905836598
2291796486
5324057768
(178) 297 5466
(476)(040)(3206)
(751)(656)(6137)
6852369345
5306513233
(535) 805 0916
1308685345
6777032937
(982) 686 2994
5565209714
280-958-4302
(146) 717 6838
8981815002
(369)(164)(9603)
(492)(598)(9336)
(466) 135 9451
930-395-3947
7283514118
(863) 014 3652
3430418212
711-940-8043
(359)(384)(5435)
473-112-6921
4787622287
6949634320
5253503355
5562475784
(558)(456)(5419)
(082)(486)(1527)
0305217319
932-604-9597
1946879646
(350) 917 7923
0863995332
(964)(982)(0475)
(722)(460)(5436)
561-115-3044
(997)(012)(0040)
0861555135
4024095998
8926612640
4971245153
7147832692
7324266178
0604407937
8325078722
5321590900
427-235-3461
7564936376
725-857-1254
(247)(404)(5104)
1303485327
6473047059
6623809022
(381) 366 5366
7632896664
9810221091
8650173795
8900826858
(931)(514)(6127)
(828)(446)(7511)
0269250434
022-472-3030
(758)(129)(1145)
8487545529
612-602-7323
(252)(482)(4837)
(505) 741 7941
(240)(219)(4749)
4946229189
(510)(267)(9374)
2756524988
185-422-3518
240-715-6360
(811) 723 3153
(863)(028)(3567)
229-274-6392
416-762-3742
3605368022
(325) 355 4955
540-249-8358
(250)(122)(2900)
4003174884
3210474324
8205379680
380-942-8437
2479979972
(652)(490)(1526)
(242) 094 6261
0041848319
3612903783
070-924-7470
2326432619
843-033-0406
(415)(330)(7952)
(692) 532 1262
(963) 649 9738
0816638424
(224) 744 2751
3893951072
(885) 827 5232
1433322377
591-884-7054
4663277215
(707) 745 8269
357-637-7761
(533) 757 7816
(393)(480)(3947)
0899599757
8896047554
794-395-2819
5737659793
2494733144
415-068-1856
5478027449
8371620822
(590)(257)(1713)
4497291689
056-268-6451
(968) 529 9232
7538981414
937-195-4452
8038660574
(885) 056 0167
1717695811
3141226908
7252111951
1075259691
(935) 897 2225
(017)(568)(8811)
1158249718
(581)(936)(1423)
8228223080
(115) 503 4609
(103) 721 6649
(272)(258)(3878)
(772)(346)(1496)
490-614-2809
655-075-2067
5085413996
657-488-0491
4044143215
(620)(195)(2022)
0395889473
8595750408
725-023-9816
(428)(239)(1961)
389-225-7185
435-212-5364
2445172942
2572657992
(009) 341 8716
8964924667
(989) 049 3743
(371)(270)(2718)
9735163032
4151385121
5295381543
(289) 661 1950
6278748983
2656698390
4722379511
257-150-8522
4000457065
377-003-7040
(378) 987 1348
(009)(423)(0826)
520-572-8597
961-494-1970
8245245431
(213)(531)(5654)
3004609382
(655) 308 3992
(012) 991 8556
5861999079
(138) 221 8517
(408)(947)(5086)
745-414-7667
3607293433
(470) 022 0704
1068519435
4001166336
283-413-3124
918-883-7136
5918723754
(174)(409)(2308)
1684134986
(729) 085 0741
8356201500
(123) 435 3884
8839127219
1021489619
5005295429
(529)(389)(4993)
(609)(538)(3939)
(247) 119 2853
(976)(633)(0742)
7884807960
(732)(093)(7150)
9082194298
7036724516
(349)(609)(4618)
(279) 607 1873
(710)(736)(0393)
811-765-6657
6532916533
(591) 009 5265
(249)(368)(9178)
(651)(910)(4551)
(575)(994)(2768)
489-027-5655
5674373415
(202) 976 6994
8555725629
201-883-4318
(481) 595 7418
(103)(473)(9867)
(708)(268)(4225)
7222137942
5025730752
(933) 188 5480
0571060870
7487817194
(864) 977 7648
(793)(419)(8254)
9315096142
116-150-2902
4266730035
916-099-1447
(272)(053)(5910)
055-926-1126
0808675301
553-717-5583
3698722128
(469) 239 0237
5885037162
8508634322
6424069067
(316)(548)(3087)
8812632492
(525)(506)(8624)
(810)(554)(2621)
3191037513
4349337357
0117874205
(589) 337 3106
342-114-5835
(878)(451)(5253)
0583962483
(466) 659 1686
(171) 198 5057
9759982361
8074083260
372-336-0486
(251) 125 8516
4549023477
(004) 188 2763
5447298688
(186)(323)(6671)
(375) 301 2849
(104)(558)(4631)
058-517-9166
7795382474
(007) 211 5048
1802384383
(007) 246 9437
3920477597
(132) 954 8987
9739161299
641-079-3479
0313536222
1545134813
(867) 964 3110
(124)(554)(2243)
664-927-6025
(454)(580)(7435)
0129757739
9539063167
5267095162
2228352307
822-980-3537
837-828-0490
049-598-1631
679-330-1515
(652) 056 9387
(493)(561)(9118)
0817244032
(792) 294 6366
(783) 831 6769
7117250028
7592738041
130-324-3022
(480)(336)(5308)
0853265740
875-324-0043
4572335112
0670194976
(398)(059)(1386)
4067590287
018-415-5299
1259349298
1894833062
8427913469
6067972382
(578) 982 9359
7646682160
0502977529
4925355668
(755)(819)(9348)
4554418245
(102) 714 9138
(814) 016 0085
4109256327
601-997-6897
473-311-2402
3726872728
2397339175
1532375813
8738838769
3649138740
(165)(518)(8879)
6064379464
7498355737
(131) 797 1752
899-070-1109
(010)(732)(0106)
864-115-4551
341-773-4150
(967)(667)(5694)
3670868623
8165404972
2125525041
5505952322
4898540672
292-592-1596
(484)(462)(6092)
558-265-3324
7432271529
367-624-8607
9984516107
892-792-8332
123-728-8820
5658426690
1318185325
(035)(462)(6688)
(960)(404)(0110)
(238)(375)(4173)
(378) 678 0863
(571) 749 4564
204-604-9745
9712976380
(496) 667 1000
522-816-5352
(590)(310)(5221)
9201158083
(823) 269 6027
980-096-4080
(052)(921)(8403)
(874)(495)(7066)
9964839496
4423242318
(207) 996 4416
0892715219
(566)(158)(8560)
7619386807
7399881026
(738) 799 5104
5353165916
6384268335
3201335771
3310217076
2410398886
8737975695
4405295652
(776)(338)(2769)
(215) 999 9580
(792)(468)(5504)
(118)(759)(5255)
(117) 539 5019
677-139-5655
1164810183
8687799920
5449992613
(823)(797)(8991)
0801911549
(709) 921 8047
818-777-1803
598-625-5997
2433406752
829-481-5736
(618)(852)(9616)
(120)(219)(0069)
(910)(930)(0848)
(141)(794)(7240)
(997)(624)(3034)
(712)(150)(4478)
(833)(987)(0485)
(859)(164)(7320)
733-650-3064
4031776304
4945462472
5843430247
(817) 068 6109
(295) 007 3498
125-602-6808
(504) 866 0797
2058263301
(120)(000)(9950)
(538) 665 3774
7006207974
(830) 990 7975
(850) 594 3717
081-674-3327
7294268246
0277077337
9931785250
249-141-1500
(230)(379)(0240)
9717073102
6663653186
(260)(723)(5609)
905-198-2578
5700729579
652-041-1293
9821391875
9679819976
(712) 299 8725
1636353888
296-603-7737
3367487397
(783)(002)(6929)
567-475-9450
116-791-3733
(056) 575 5119
9383444867
007-302-1690
(459) 050 2031
936-025-8401
(321) 991 9571
598-524-1224
5927868892
3075859905
(951)(931)(5266)
(046) 148 4925
233-650-2886
867-111-9715
(784)(581)(8171)
0132248234
(346) 882 1179
4458528979
038-385-6454
2702324532
350-723-3996
1149724747
1203893299
4951774165
0829359940
(887) 403 4242
0023549702
1789349981
577-637-9426
606-649-0958
7651416579
(092)(287)(5805)
8404636884
(085) 850 5856
0759142035
8307217293
(223) 820 9723
2593299973
(225)(894)(3528)
756-666-2303
492-010-9744
469-626-9284
9700265058
999-946-4350
(413) 144 4439
0045623831
(919)(063)(9697)
8638314948
(789)(139)(4051)
168-924-0532
(220) 930 0846
4206407574
6526145860
1060281605
(236)(985)(7419)
4708926793
(553)(488)(7991)
615-255-3129
847-757-9485
7087453692
293-537-7294
(496)(991)(3676)
113-497-6495
(095)(728)(3238)
(276) 289 4748
3406556748
(553)(930)(9702)
4892506182
5137393124
(443) 926 7161
5190019540
560-133-6539
391-831-8694
(433) 920 5648
5692164920
(764)(726)(8749)
179-872-9511
(189)(169)(7411)
840-068-8399
(983)(293)(8576)
(983)(932)(1287)
(964)(437)(0132)
3894024658
(985) 495 4122
(721)(234)(5312)
056-055-4286
(862)(116)(6097)
6520647037
3947784272
(609)(847)(5095)
362-058-8446
(434)(457)(3338)
3185327638
(099) 933 8985
(485)(015)(1605)
868-355-4484
(641) 332 4650
6704960178
4628419114
(326)(979)(4046)
2848729655
580-424-7612
(962)(163)(1608)
(565)(755)(3620)
(810) 001 5557
(621) 610 9310
9681939767
229-183-1144
251-961-6762
(944) 572 3888
0314181368
(131) 464 5354
261-826-9607
(251)(016)(3189)
2531429651
(978) 020 1099
5731512576
(593) 912 9423
3017655397
743-255-9227
(614)(477)(6869)
(345) 960 8819
1317666718
(889)(751)(8923)
(046) 252 7529
(391) 242 9785
(581)(739)(0720)
5261966012
(410) 595 8380
(943)(986)(2558)
(101)(595)(4354)
1170048413
9504912625
(699) 720 3764
(400) 080 2306
351-436-0173
1629829227
9350944516
(569) 983 7776
(428)(843)(4245)
5337939438
(330)(734)(8203)
707-113-0446
(457) 909 6494
(722)(682)(0346)
(790)(289)(4315)
6573315685
2397751692
483-231-3884
(876)(512)(0980)
401-064-8537
113-951-5560
(025)(387)(8285)
3567807815
(086) 293 5181
2127811996
(704)(077)(5797)
7181287818
020-520-8690
(222)(717)(4728)
(684)(358)(0544)
(485)(823)(6936)
(928) 468 9299
396-887-8115
(698) 647 2145
(444) 535 9875
335-607-3166
253-934-6577
5833905378
680-329-4268
(954)(221)(7654)
6858988473
(622)(512)(2521)
(836)(630)(5064)
566-055-8863
(920)(887)(2370)
957-159-9841
3618567376
(641)(874)(3607)
(358) 864 2125
9656214640
8623178363
4818175854
0706710425
8740123606
(804) 508 2705
(877) 928 9757
(140)(993)(1127)
(948)(549)(6551)
7820909873
(238)(157)(7403)
(644) 183 7333
3323092664
813-657-2619
012-291-3593
(793)(823)(8475)
(100)(387)(4092)
5052276350
845-376-8370
3545157529
2492676984
2053039755
9807489419
134-448-1758
(506)(914)(0492)
(927)(947)(5786)
(062) 899 1093
(777)(196)(4721)
553-825-3840
2811969549
(353)(552)(8397)
9903837083
5327125886
2715590075
2955894195
6126535359
814-711-2453
9952955204
4307134194
(878) 087 8845
4521646339
(946)(085)(7667)
3340173949
2844747949
387-517-3761
1983131049
6552460810
(558) 752 8926
661-238-6569
8640175490
4742646666
(509) 188 7527
1163182113
(026)(843)(1999)
(797) 916 0375
(771)(041)(9238)
460-990-0652
(877)(141)(7830)
(152)(980)(3691)
(425) 936 8943
(360) 906 7863
071-328-8568
(129)(128)(6043)
(375)(443)(2511)
255-979-2406
130-645-4301
4430999671
2388120577
7325545145
2332914999
684-982-2080
9447765281
(214) 667 6713
(136)(553)(5905)
513-221-8954
8916606764
(559) 990 3735
2205355626
0609642119
423-392-2837
(565) 127 6919
2777413811
(204) 221 5457
216-954-5776
8956748095
3984807774
4599102394
(390)(467)(3922)
167-916-5297
(158) 547 7567
561-580-6367
9243486557
(672) 283 7765
(307)(866)(0981)
6588039846
310-326-5247
4866790560
(654)(638)(9327)
7747403105
(257) 618 8151
1883236569
395-494-3419
9542073611
4047316198
540-961-0640
2695942334
845-551-9937
7802397374
(938) 928 3043
3387324039
5714431229
688-778-6366
(516) 836 5136
(060)(579)(4425)
9812078258
(013) 174 7647
(090) 206 2651
1050935198
6920074438
8912053722
(997)(918)(2398)
172-822-2374
(613) 037 5736
5970420442
(120) 357 5493
(545)(031)(2821)
169-934-9010
(451)(101)(9685)
0222997633
(364) 983 7745
8925230089
(437)(289)(1359)
380-964-7652
(867) 367 7684
107-318-5393
(943)(076)(5587)
994-406-1834
(393) 456 9826
(009)(298)(7297)
(249)(871)(5440)
1733984022
(527) 952 4900
(027) 357 7039
577-998-8603
417-354-0898
023-180-4365
8692464781
848-027-8478
0899350912
(390)(908)(5665)
221-620-8428
319-891-1366
5205357410
(519) 321 6806
963-069-8460
(869)(018)(6850)
5162707324
(444)(901)(6155)
4265014303
(964) 688 4184
(271) 102 8166
1586531178
(979) 008 2535
(450) 730 8506
5257332620
214-946-4961
(040)(060)(6247)
159-660-9799
4113936392
7172674256
9998207348
977-145-8741
5778523890
1827492720
(945) 497 1018
(954)(896)(2535)
(443)(906)(4663)
(576)(020)(2567)
718-340-3931
9205936442
2674176527
2041669799
2235218617
8471132556
1482737516
831-871-3366
0082639805
(149)(018)(5944)
(481)(702)(3931)
436-913-5377
(097)(929)(3850)
(096) 858 9278
109-366-8300
7040939110
647-431-5144
5851168091
8792416508
(676) 203 8030
7672373130
4168940057
(608) 916 3850
(954)(286)(6983)
(626) 911 6351
3557914844
(027)(001)(7091)
444-885-0353
2221635636
(189) 050 6833
504-214-8783
(075) 267 5289
4240138148
882-550-2388
(051)(637)(3800)
(816)(751)(4088)
(353) 889 5599
5367032688
(443)(578)(6026)
253-508-7873
874-962-8239
6724513482
(383) 232 0664
206-692-8243
4099199577
(045) 534 7108
7704037635
3801044961
(279) 452 6611
(655) 459 4513
(712)(367)(5377)
2516374432
0625334455
7500945304
0716280642
(026) 034 0266
305-789-3399
(247) 727 5222
(308)(643)(5662)
(163) 868 4873
(002) 664 6229
0126883118
7481472680
9122736374
3127008163
(180)(981)(3236)
(007) 337 8928
1429029028
(007)(888)(5693)
(234) 055 4217
281-311-4432
058-961-9743
(150)(434)(4800)
(126)(991)(0994)
(691) 170 2039
(566) 957 1585
(415)(718)(5329)
(508) 904 0413
(145)(409)(3964)
(594)(178)(4869)
4913966003
4584059245
(952)(099)(1019)
7239396974
0104579564
8792173551
(491) 250 9079
9376275648
(084)(658)(8070)
6193545670
491-376-3762
4005446877
0345523914
0662182170
(979)(906)(5315)
856-486-5364
(898)(918)(6396)
(519) 078 5479
0354460089
(797) 217 7407
(819) 591 1972
5364343777
(874) 673 2301
8273594878
5213130648
(312) 563 2387
0749401444
(330) 463 5522
8405182890
(712)(005)(9698)
0388412936
5602194184
(249)(607)(8569)
(004) 780 3504
(798)(217)(2134)
(481) 579 3441
4840234221
(051) 009 7238
744-820-9318
(029)(952)(7039)
9929680043
8182561367
(561) 127 7799
208-911-3858
(887)(066)(7455)
(825) 066 2269
9606477953
(265) 440 7635
(671) 091 8511
5661311768
650-466-8457
(465)(958)(0830)
3260125820
(860)(977)(1067)
4422776226
6072847942
4467159503
9739515940
(731) 840 6989
(242) 351 1507
467-349-9246
314-174-6870
(741)(944)(3681)
3108787626
8722627344
717-268-9621
(779) 987 9222
(091) 076 1794
(690) 239 4576
6121205042
(595)(776)(6795)
(227)(518)(3024)
4088680025
1468295800
(711)(250)(0784)
(759)(593)(3146)
5315695665
(946) 804 3454
8931610751
(098)(109)(1818)
8322274091
(173)(450)(8725)
7798191758
427-764-9648
3013654318
886-322-3169
(347)(442)(5913)
(306)(932)(2084)
(868) 016 5951
(827)(468)(8473)
004-942-9481
535-634-8745
198-583-7811
9577235101
(177) 254 3664
598-924-1779
1020430612
(177)(665)(3974)
2533966513
8700557253
(389) 919 9145
798-190-6411
(203) 407 2623
7868253113
(560) 982 7645
9463250198
2487066889
(899) 065 3190
6899423307
(708)(546)(7219)
6963802456
4743280783
(343) 751 2535
1388956406
330-678-5272
1317200216
560-477-1555
6914964350
(935) 925 7485
(397)(911)(1306)
4914006129
(557) 647 1057
670-575-9754
(172) 080 7667
325-246-4501
974-232-7604
(881)(388)(3594)
(040)(992)(6477)
1703543685
4553608348
130-805-0854
(043) 577 7813
(847)(838)(3167)
5231740007
1902385454
0341518215
672-138-9644
(514) 908 2559
389-254-4409
260-465-4726
359-002-1187
1326470586
022-580-0995
(931) 530 2755
9446395661
0915048439
469-827-4266
8243917394
(466) 250 0208
4755272689
8263795603
(573) 465 9823
5586742463
6726078323
(698) 121 8436
8420201435
5476357723
(633)(823)(0135)
4374082314
9820573960
238-736-8973
(789) 959 5405
8771528693
(273) 236 9229
336-005-5101
(204)(864)(6835)
3895969429
5790473343
(409)(861)(5387)
4623948903
(545) 016 6625
7580359861
8303128163
7541007260
032-361-4205
3258041619
058-893-6165
(232) 020 0050
741-264-3205
(764)(292)(8193)
587-300-6042
1533124474
328-991-3625
(788) 202 4522
(630) 661 4218
(377) 978 0673
(336) 168 5913
(302) 592 8225
554-529-9574
0944557965
014-941-3011
834-019-4442
(901)(859)(8654)
3423465601
8487998349
3826583416
(113)(694)(7947)
4990390741
2456788411
8319221963
(603)(969)(7033)
5709079589
972-083-4713
(055)(583)(6712)
2080760517
4731184919
(907) 292 5537
(990) 341 2897
5962424222
(524) 759 6817
5663493432
(244)(148)(3345)
(958)(438)(3519)
(597) 459 7809
648-897-1702
7714053322
(092)(912)(1734)
(353)(044)(5601)
(999)(106)(9526)
(903)(090)(2430)
686-533-9525
(021) 466 4368
(884)(566)(3194)
(330) 078 4304
(161) 404 3363
5741778056
829-893-2049
7818958814
0990578109
4863936900
1322864367
7285022118
4160073048
0672595273
3927036024
(599)(612)(8058)
8107883714
401-264-1014
9340754038
(113)(286)(2030)
326-329-5716
425-446-1958
7699351567
(323)(429)(6687)
(327)(031)(5707)
(817) 078 3126
5920764438
3282399729
(885) 682 3473
(370)(425)(7040)
5304145251
(332)(177)(0533)
4283605930
176-486-7852
4587358434
556-599-8070
(969) 297 3550
602-063-0787
(103)(751)(9023)
568-162-9141
2320566276
6419537834
(620) 564 0057
1458786439
(259)(982)(0560)
(788) 381 2726
(405)(043)(4863)
6160765362
(083)(415)(3224)
5428566115
8958929416
(122)(148)(7640)
0482958161
(809) 573 3798
763-332-2992
2025277902
656-561-1882
164-239-7439
576-005-7063
1809858297
(034) 290 6021
589-371-1910
(618) 987 4520
(258) 382 9830
5540124476
9689569953
