(438) 015 6771
745-277-7444
021-099-9325
(045) 397 3921
(321)(179)(0826)
8613637550
(160)(555)(2568)
340-812-0422
(110)(753)(9263)
(045)(726)(7598)
(243)(481)(5969)
159-652-0369
3567861149
1189852273
(187)(932)(7866)
253-043-2758
(165) 709 5934
2747766347
(599) 032 4889
084-957-2863
(376) 120 4407
6240647137
9009519931
4534128385
(510)(903)(6351)
831-975-9132
3210778644
5196660101
0560842401
(300)(760)(6539)
7399816720
0021724388
782-369-0341
(467) 899 2404
7828998427
(096) 931 7639
5166135577
(312) 478 2054
334-457-9813
3066032396
541-659-4454
6059596797
1051386445
(725)(029)(9198)
(931)(518)(8741)
8351414037
726-416-9434
3438424023
(251)(911)(9738)
(190)(108)(8260)
1463183026
(765) 407 9157
5961936588
6306767099
3637099180
(734)(991)(4827)
4584097799
8325744376
937-735-6222
0785480768
(917)(324)(6102)
(601)(703)(3367)
038-211-0757
1356825627
(656) 337 4948
5477659130
(798) 382 8448
(315) 880 6040
3674174464
3178568764
7406507965
9088614087
0234980034
8662523778
9451814838
(626) 433 4813
6774313282
(887)(204)(2087)
(508)(293)(9495)
460-353-1617
(388) 762 0591
6750843495
(512) 085 1414
(639)(430)(6320)
9025530223
7003324666
7715632076
(393)(181)(8694)
1324463219
7072203618
(344) 391 6330
8837427956
(257)(196)(7163)
1998836100
789-439-2528
4369938190
101-561-0629
876-918-6465
5872773302
9212201912
3426822714
(723) 644 0050
2988597804
(056) 997 9418
(797) 897 4319
(685)(886)(6955)
127-562-0444
(497)(709)(9560)
0800659515
9264738304
9167833759
(206) 054 0867
4759699645
(746) 782 0163
839-569-0547
0334487809
(089) 165 1596
9772202203
(358)(558)(1484)
(911)(853)(2481)
(578)(294)(9785)
(100) 416 8912
(827) 399 6230
5887514326
549-689-3852
(308) 055 4304
864-288-7603
(748)(355)(1959)
(626)(774)(8638)
(730)(840)(5441)
(948) 994 8574
1793241271
(124) 648 4357
605-915-4106
986-965-2645
611-283-9644
(792) 384 5472
3014283762
(752)(773)(0801)
024-441-1195
3067633164
790-585-3817
(899)(249)(1424)
(179) 403 0010
9163723814
(194) 878 5137
4163075332
5362055903
756-133-9357
4838915425
(282)(586)(4574)
(776) 689 0663
7593966375
(329) 243 8908
630-672-9072
(891)(677)(0264)
102-127-5981
(116) 208 2522
4905167000
(765) 304 6250
8578040113
(718) 598 8498
5146389718
(537) 379 4390
8697604625
4140700886
850-226-6973
3072044475
5945215031
4956169378
9748346342
5476516747
(293) 225 9032
559-151-2170
(816)(056)(3333)
0513191606
(939) 439 5744
4333997685
7870529184
(216)(927)(9677)
2591260301
(406)(518)(9894)
0189857275
387-155-1799
936-283-5910
8305122133
796-853-3039
(149)(618)(6218)
(228)(900)(8740)
(969)(279)(8758)
(130) 351 9270
3269077208
227-168-6762
5765877968
(132) 086 9712
3211877168
(882)(748)(7526)
809-365-3167
5366748842
(939)(465)(0066)
4759036333
(557)(088)(6661)
7505633124
3204223006
167-853-5877
712-127-8313
7848288002
(553)(301)(9358)
(037)(674)(3465)
285-042-9637
866-013-1688
9900101934
7350010294
4264820530
0659404534
3989993307
4006167030
0287704431
490-473-9041
(730) 325 3369
(941)(232)(4574)
(533) 000 2170
304-063-6936
(665) 688 0546
6297141386
3843622207
(081)(697)(9233)
304-156-0920
(671)(986)(1561)
(876)(457)(9228)
417-558-4732
5747132187
7958406467
(676)(120)(6443)
(940) 154 5725
8933619185
929-406-2936
(204) 005 6921
083-479-1787
1532361893
450-212-3225
(455)(588)(7860)
2431809859
1220032332
(639)(392)(4786)
9237870004
(602)(511)(8817)
346-514-5665
1982256104
(533) 489 5575
409-221-2163
(010) 705 8878
831-514-2515
(100)(043)(4931)
8892076878
9245161219
(103)(080)(7961)
176-113-5604
8131159954
9368790783
(511) 928 1053
7535152643
(944)(191)(3827)
(046)(265)(9766)
0794908580
5828365061
(033)(063)(0225)
2511621661
064-467-7830
1785399212
1977162839
940-517-3526
0691704294
716-139-0989
(937)(117)(7134)
397-434-0599
(179)(548)(8491)
(394)(739)(1397)
9659906510
277-859-0977
4664969440
2575308567
(660)(272)(4888)
(068) 689 8097
(212)(404)(4569)
(181)(720)(2462)
(126)(286)(1856)
(859)(107)(0914)
2541294055
1850804395
0956372947
468-034-4771
(381) 317 5926
826-938-6628
1212737035
551-626-5480
(466)(137)(1980)
8690336651
5304010293
(060)(568)(2021)
492-184-5896
520-444-9293
7300299587
3595781774
192-835-7203
(059) 748 4655
4508224594
(770) 924 4705
9662442680
(820) 616 8088
200-808-1220
2405853523
(484) 311 2042
9969902129
(223) 028 1156
9543335896
6064538758
6227693503
(991) 833 3753
(939) 301 3491
5624804769
7423146634
(060) 041 6735
389-881-9648
(097)(118)(7325)
1972137426
422-333-0154
000-220-6106
510-436-0392
019-912-4922
(893) 262 2180
0073153576
(726) 458 4231
5552589180
(074)(123)(4999)
(752)(057)(0140)
5551321515
3369887882
4080610043
6681714696
512-726-2894
0526092989
1399638718
(024) 961 7065
(275)(549)(6829)
592-260-3138
(769)(487)(5717)
1890601282
2857919955
(519) 235 9815
9397725912
(853) 968 8336
250-959-4049
1240983275
1637895654
715-664-0715
(740)(647)(0375)
(284)(968)(2583)
4995089561
1717958640
(445) 266 6659
066-268-7303
(888)(786)(7076)
0921853557
(113) 278 6302
5267644650
321-175-8263
960-583-2258
(795)(571)(0514)
(950)(621)(8956)
012-151-9127
4013222863
573-519-2457
433-189-5594
7340734021
(251) 171 5156
1068793133
5316714222
(439) 435 5931
575-829-2334
324-335-9566
(705)(262)(7345)
(326)(231)(7628)
2585035061
(883)(999)(5620)
0977661838
(886)(915)(0542)
(286) 511 1144
3332950207
3827834424
994-626-9227
(104)(401)(5763)
3930402650
7288708980
(162)(764)(0082)
(786) 785 4617
(997) 352 1006
9163214317
(419)(384)(8979)
8933034715
6878947400
878-648-5900
088-966-6628
6287367117
(894)(953)(4986)
(214) 059 5431
5845123295
5426076450
(594)(125)(7896)
969-620-3293
4356584150
268-026-1447
257-469-5760
(805) 346 4833
628-129-5325
(395) 006 2595
0742993924
(938)(534)(6903)
(498) 615 6027
(742)(878)(0880)
681-975-8037
(539) 341 9816
(744) 631 3927
(144) 429 5756
(472)(804)(3990)
473-401-5943
(076)(968)(9830)
623-505-2437
210-055-2488
(138)(320)(2523)
8476175056
(076) 799 5685
0549441948
549-406-1356
(200) 860 4412
124-097-1031
6701775535
(187)(841)(7592)
4821160926
618-712-7416
(377)(556)(6551)
(428)(565)(5863)
4801636039
7159133284
5180728817
(277)(109)(8036)
(169) 390 9644
(317) 654 3176
3460951888
8623134490
5762454538
(712)(935)(2730)
928-219-2240
053-863-6129
4696524765
(426) 418 2179
3634595982
401-785-7554
(147)(617)(8143)
3976624911
3527979881
(294)(599)(1120)
1852567432
8049428765
829-546-1462
1754352327
9199967297
8226128807
(998)(064)(5098)
1291697362
(435)(501)(2679)
3095964976
0303514114
(288) 471 7120
9399689181
9319749305
(148)(180)(4096)
015-099-0486
(401) 795 7542
(553)(728)(7696)
(750) 863 3195
3919813007
(378) 644 2408
(012)(625)(4516)
(227)(893)(1086)
7377057695
2289326755
(113) 183 7818
6697060065
2806106333
1171107188
3380972541
2949612586
2298032642
487-051-1541
(687) 178 6937
2232591618
239-191-3984
(761) 481 9112
(817)(216)(8219)
(553)(595)(4918)
216-284-9602
(882) 038 7738
(941)(367)(3666)
6323897524
086-438-5076
5832966713
094-549-0713
9513183620
(314) 485 0125
6485097210
8833265311
6918185749
(908) 238 6713
(842) 705 6114
(856) 472 2261
7457357976
4876206593
8779498127
777-598-9883
(720) 996 8289
7680367414
8757529533
0923759361
(824)(723)(0706)
(579) 120 1142
(442)(216)(3903)
7688855606
(183) 249 8118
843-942-4505
9738624076
(316) 228 0690
837-096-5030
5300350843
6545043235
(413)(893)(1496)
(745) 237 6529
(584) 241 8398
953-307-5778
4039934343
(661)(194)(6167)
690-368-7130
(940) 692 1375
894-632-8131
(621) 446 2366
6556444124
5461309859
0880306027
8095512801
2921655026
(589) 231 4859
(603) 510 7981
472-276-2697
(331)(979)(5528)
850-477-8570
365-630-0239
(897)(381)(4146)
329-751-5366
4346227759
929-330-0744
(890)(164)(2557)
9869776790
(803) 103 2579
974-943-6869
(224)(769)(6199)
3752542684
5894127385
1457257204
4708565171
5988774332
(055)(742)(9155)
0871557151
9028786282
(784)(845)(9753)
2062822738
(684)(323)(3243)
6693601530
(746) 500 9180
(318) 621 7914
488-689-9535
(751)(449)(7164)
8926732781
(456)(187)(1581)
7283601163
(518)(619)(0590)
(138) 352 1899
196-948-6211
452-256-5270
(876)(757)(2492)
080-527-9553
(949)(355)(8198)
760-928-4388
7093361853
(864)(080)(0816)
132-794-1342
3867013195
(520)(348)(1292)
(622) 480 2460
(374) 255 2495
4528767601
8046660273
(500)(811)(9043)
1039031072
0601239440
(667)(827)(9820)
(058)(660)(7150)
2022019424
0864057734
2553206737
(225) 115 8176
(981)(329)(8250)
9613836443
(987) 417 2828
9573827743
8774898053
0508628436
6860244236
(172) 823 8327
7987001797
(527) 113 3382
9205345261
(621) 683 3155
(457)(555)(0682)
(822)(003)(4896)
968-577-0340
0524337971
(170)(204)(9488)
(107)(159)(3568)
225-517-0221
084-511-2351
(750) 300 1770
(393) 133 4245
(933)(023)(0216)
(655)(904)(0612)
(960)(701)(8768)
8110091328
3360337034
4150326570
840-360-9935
5925469490
0059658455
8256756098
(416)(387)(5049)
(196)(896)(5492)
(324)(322)(7783)
576-701-4755
7239226720
255-010-3212
863-531-3153
0441165459
8518755013
6106656777
462-745-3372
(100) 925 3181
405-142-5099
7593558692
1903349074
(538) 728 7551
(356) 017 6964
(438) 047 2024
(070)(388)(7993)
1945452754
1815251295
207-386-0237
(089) 851 2880
603-894-5382
3151166941
827-127-4792
6101666554
9861545327
8624829825
723-076-7163
5421580135
5190892836
(824) 858 6038
9450769306
(106) 671 9620
3650978879
116-402-2520
129-307-0804
(293)(410)(2799)
5229303266
9492155592
(345)(931)(6926)
451-937-4381
(984)(853)(8891)
(228) 835 4677
5495433234
(585)(304)(3918)
(002) 212 0986
(231)(140)(3013)
151-607-5251
(889)(511)(8602)
1517714189
(609) 495 9522
(028) 349 7429
(086) 554 5018
(182)(869)(4192)
562-469-9075
1241318108
4735152763
(740)(251)(6311)
2295074011
(801)(821)(8954)
6056568085
856-563-6063
(997)(846)(8171)
(597) 498 5332
8579056168
955-452-6860
7335529546
9759935852
0428207653
(142) 056 2376
(952)(521)(8610)
7816906784
(462) 642 5371
(390)(225)(2785)
1661163376
(356) 779 8977
5655583435
175-420-7805
(006) 919 6404
(826)(106)(7281)
(572) 386 3231
(053) 122 2681
4028446927
(336) 812 8518
(881)(423)(2060)
9755857765
6286769638
235-334-8536
(399) 412 9633
6544243457
(541) 353 9765
350-077-7443
9343575391
0176563878
(118)(420)(9306)
(610) 715 2203
(405) 763 8690
363-284-5253
1794703674
(511)(088)(1741)
8888396736
206-725-8205
(658) 835 3632
(693)(561)(1385)
452-902-3661
770-585-8011
2335358129
061-007-6383
732-894-3670
523-572-1789
5648692879
0912596437
(498)(334)(8856)
174-339-8114
942-902-7764
(759) 314 9688
9936009074
089-683-2437
1842241428
3482063938
024-028-3972
7708734308
6560851497
0779028242
9746008640
726-722-5462
6844844398
0888449979
(515)(989)(1067)
(723)(292)(2463)
8973009138
642-099-6320
6350967718
559-655-2243
589-065-8459
8244794996
411-673-6014
(454)(332)(4132)
(086)(431)(8573)
(948) 568 2187
4157899014
8104686110
5571661888
(954) 568 8001
1419012616
(812) 174 4581
(712)(064)(1100)
(222)(509)(8925)
(699)(597)(0907)
(682) 623 7663
(228) 244 6109
6480663140
0755999381
(983) 598 9762
(864) 288 2816
0532518170
(056) 113 6227
(870)(935)(7080)
1483204327
(662)(861)(2292)
0450013077
099-970-7085
6736424373
471-234-7011
1477897042
3763407856
092-393-4040
(874) 593 7968
(987) 659 1389
(221)(620)(5147)
(043) 481 7158
440-077-7527
(385)(035)(2824)
(568)(563)(0190)
424-051-8082
1089805910
(535)(219)(1814)
7014097289
898-960-8891
8223107788
(809)(713)(7831)
6040554969
(411)(783)(2269)
4131340515
(717)(265)(4637)
(531) 076 0282
1815022992
(539) 144 6164
(999)(628)(0769)
0418362755
(842)(095)(1794)
2059472364
(837)(398)(2223)
(642)(185)(6558)
2497890898
6912306707
1348259214
5649660369
023-978-8475
4121572042
589-861-4978
7120138069
(870)(507)(5658)
(657)(550)(4402)
251-518-6647
0777854734
(983)(645)(1027)
955-682-9049
7733755938
6853512306
195-468-0839
(660)(786)(8618)
(141) 387 7018
8019248920
4744605923
(784) 037 8964
1327600012
(515) 695 8731
114-826-1428
(615)(855)(7723)
(311)(589)(5542)
5603760940
7692925658
0075784319
159-398-2919
(520) 475 3505
(336)(032)(2131)
(955) 199 9036
0239816753
649-483-1238
172-858-5970
(867)(394)(8526)
2537435984
(890) 564 6850
(107)(549)(1264)
8345743855
3454128119
(373)(702)(2564)
043-744-1053
510-233-8081
0096747983
1875284300
(309)(029)(6705)
4037354707
417-470-2547
(639) 534 3772
0093343503
2135081034
(838) 453 0934
7153041496
(852) 125 8179
8283040847
858-463-9080
(236) 786 7190
4703974643
236-699-0087
(569)(464)(2429)
0295950100
7297772136
4928135382
(106) 614 1697
5138879971
6904831683
(585) 591 2877
4303311835
(502) 975 4417
(087) 755 3587
(803)(577)(4849)
8617916255
9184618022
164-800-5947
(058)(264)(8425)
(020)(524)(3510)
(666) 781 0835
0690324091
4805236770
(810)(610)(0584)
1385610075
1266864556
(081) 715 9272
8983966636
0667799338
2706442087
8148553534
(252) 842 6580
176-907-6601
614-479-2720
(969)(434)(4185)
3228529006
6578878265
637-174-9647
7141303649
576-597-5175
(841)(066)(4317)
1729790068
(269) 768 9902
6848261129
(369) 126 4991
(581) 512 5157
7418843523
482-050-3633
0160218698
0992337107
2897600634
(633)(437)(3891)
9239720935
(290) 118 5761
(061)(692)(3446)
5998252568
8524422769
(055)(138)(2362)
461-146-4555
(155) 212 7473
8360931813
470-300-0368
088-170-5933
0079223627
4835075070
(761)(282)(7868)
(511) 691 7913
(438) 190 4143
(466)(820)(6550)
(845) 992 4281
(599)(357)(8825)
(645)(524)(6534)
428-855-0385
9146067510
(684)(445)(0590)
6976739862
5662300985
(480)(353)(7962)
649-933-2463
(799)(125)(7121)
8440062840
(059) 596 7384
055-258-6101
4666746964
(191) 249 9353
(421)(196)(6305)
930-869-8088
875-416-8931
2868072233
8174111291
(686) 809 9094
(152)(271)(4582)
8491123016
(251) 874 8912
(129) 569 4512
0955602538
(560) 323 5697
(422)(620)(6395)
(456) 618 6099
(991) 873 3674
8507407216
(513) 005 5728
(563)(955)(2151)
(011) 391 3096
(999)(605)(4738)
8034310992
(638) 819 1768
982-447-8526
6066331527
(644)(686)(6213)
081-772-0039
4768853732
0971599519
0866306130
(446)(924)(2391)
2092259536
7760779039
(786) 699 5553
(246) 390 6480
7682176716
5415812229
8237547486
(316) 817 7806
9928136919
1101384916
(604)(408)(8055)
(729) 132 9551
(767)(555)(0069)
406-709-3547
8305839417
6564508406
492-954-9413
(854)(229)(0659)
1098356452
8285450355
(856)(272)(0724)
7411889667
(109)(991)(6556)
(195) 189 1887
(789) 859 1948
(740)(145)(7154)
7573819268
(852) 002 4371
0350667167
(985)(351)(1565)
620-664-3876
2195621757
(582)(684)(6267)
(141) 396 0485
8755375045
(414) 358 5184
3033438354
(888) 407 5212
8143096380
2541617620
0363787467
550-193-9888
275-383-3465
5171195563
(927)(604)(4145)
3005538919
(236) 921 3719
1867197448
8614924266
9240016106
(969)(088)(8988)
(399) 138 8369
(815)(972)(0311)
2277870244
9051673004
7196923924
(995) 916 5496
(563)(256)(6916)
449-366-8031
1707890299
079-518-4068
2788016594
1477669725
2572311387
9141319232
(711)(329)(4558)
1590696593
(543)(991)(8933)
4744969869
108-827-7272
671-223-5233
790-863-2129
(704) 104 8405
2698853715
(236)(730)(7952)
0362583754
5659049199
5902733627
(512) 494 2280
(602)(251)(3991)
6019591175
966-726-1650
404-805-7256
962-672-6864
(962)(390)(4917)
444-978-1792
(951)(876)(2507)
6237902378
1880085363
(061)(706)(6769)
(268) 125 8105
573-406-5934
2330366442
0320264813
(421) 410 8400
620-995-7807
5837607744
(161)(703)(6251)
793-329-2322
2881055440
7568488878
2246095079
(001)(690)(8953)
566-689-5773
797-409-0735
(213)(421)(8419)
(633)(132)(1201)
(638) 061 7105
0424064807
(829) 026 0500
(619) 526 2995
7283015730
137-230-7658
(499)(383)(3104)
7543594311
5181964444
6371728578
8196247747
7321372537
7232451924
(811) 452 6603
(637) 552 5188
516-075-6952
(923)(957)(9054)
(953)(342)(9456)
6269441907
774-067-4598
(492)(365)(4125)
(277) 927 9279
107-301-2416
902-927-2321
(504)(507)(8412)
2056726485
214-702-0596
441-424-2921
0458420930
(777)(112)(8391)
(149) 307 0413
7681401569
5795245063
(320) 416 8084
(991)(071)(9664)
(962)(639)(7901)
(526) 797 6363
500-972-3067
6212282172
9928030297
3826030672
903-759-9228
(846) 704 7082
460-044-3217
1103744433
9851568770
082-341-8217
5987916569
(921)(197)(6687)
7895682728
4264892043
363-894-2658
(050) 375 5777
(676) 737 1897
320-015-6667
(361) 780 7358
2036476170
(972)(737)(6766)
0361335018
945-516-3060
987-371-3204
6542665667
(437)(268)(5580)
643-146-0008
8797614590
7309944481
1285215549
(622) 628 9465
3460619219
(797) 626 0884
(444) 203 5763
(705) 005 7977
5046671947
(255) 331 6040
4450162186
(085) 084 5452
017-980-8390
157-352-2585
(820) 925 8595
4188706440
689-536-9202
1913401718
9657843110
1266397307
5806756719
(362)(567)(9936)
1436778136
3411542969
(720)(961)(1640)
(656) 456 5232
(485)(785)(3795)
9803911489
0568388385
737-435-8953
3250083913
7495841846
(795)(235)(8192)
2299211710
(172)(243)(6551)
698-301-9335
(457) 390 0228
174-426-5484
127-635-3586
(071)(983)(2777)
5064753454
023-991-5134
377-854-1193
214-246-8906
9875199424
2179678782
7434855965
513-599-5259
2146814620
(115)(746)(0144)
7539008503
(950)(938)(0009)
(997)(270)(7891)
6310604599
(308) 257 8389
1432575913
3828234768
(406)(303)(5467)
122-888-5306
512-489-3216
7712560504
(179) 281 4903
(206) 924 9404
8693658086
9263191672
8330014896
2979493276
1529730117
9598630043
9691006747
(869) 096 3571
429-453-6746
969-510-1004
(279)(596)(9039)
(308) 990 7468
(753) 861 5439
2113254074
(988)(450)(1147)
(652)(374)(9482)
4030356911
1616691521
8912064474
(220)(400)(1643)
130-844-6203
3882104041
5782266422
(069)(681)(3683)
1233928198
5653152701
(071)(601)(0083)
(565) 748 9586
0060534914
3141607310
(662)(185)(4176)
4848901415
872-682-5118
(778) 020 8944
7206995674
2885173895
9387690614
5362342496
(641) 015 5923
173-697-1800
(054) 189 5716
(532)(392)(3367)
555-304-0287
(356)(054)(1329)
(338)(669)(3908)
315-653-5744
(014) 099 3050
(904) 960 9884
(155) 307 8969
3206106432
(153) 222 6294
2405112608
759-829-0318
(479) 269 5984
(703) 849 8774
4741458937
(399)(824)(1168)
8634785006
(893)(540)(6479)
0907360569
6321355084
805-281-2578
(159) 910 1280
6702286430
4409560069
(283) 909 0154
9052963468
6187998254
6002732218
(376) 541 9362
2767181900
3555475729
(136) 353 0240
9344134432
(710)(652)(9806)
(221) 992 3662
(707) 508 9769
8852516942
(108) 863 0135
(897) 563 9976
7696265056
(859) 724 0084
(223)(387)(3685)
(231)(433)(6890)
6688314908
5695594838
4994271639
881-929-7569
5896007840
2283959558
850-356-6491
9219957459
248-826-7948
672-024-6511
5269683373
(369) 388 0445
4048094138
7700511601
2415381949
(941)(234)(7168)
161-492-8053
982-157-2622
(667)(114)(9977)
(131)(631)(5916)
(308) 014 6524
2168918074
910-557-0158
9069881139
(968)(196)(7175)
3543738942
847-759-8229
273-937-7265
(566)(893)(9974)
069-251-5953
(021)(977)(8989)
(107) 868 5940
417-892-2831
(862) 697 3854
(025)(123)(4351)
891-699-3805
(365)(703)(9496)
3664873436
436-394-6738
862-499-9766
(897)(781)(4986)
3695873855
(166)(812)(4974)
5087489640
(540) 682 5572
9579871451
(257)(280)(1886)
732-150-2390
(909)(237)(3647)
910-122-6144
8990121253
(200)(830)(1364)
8652232315
5849295501
(738) 163 1630
755-881-3117
(940)(650)(6434)
0152763706
933-417-8643
144-775-1048
950-320-4661
(785)(295)(1946)
(951)(450)(3211)
4183384837
(454) 331 0065
224-511-2505
023-472-3057
(072) 134 4924
233-270-6959
3414300612
481-221-8439
(743) 064 0999
6613825111
(540) 276 2907
494-235-8673
6381490053
8968923364
056-613-1524
(764) 396 2586
123-005-5216
(075)(853)(1460)
7558126537
065-058-0729
8900403775
3219013561
(747) 284 4339
1754536441
(365) 996 7690
794-655-3373
5884856911
9564104472
0839464252
124-250-7303
2102554329
(574) 857 8070
1193726268
9425996549
6959822384
818-230-9511
977-699-1998
081-723-2184
4353013047
2558221306
5375491791
0525210614
125-247-2080
7088318682
(832) 016 8325
(300)(761)(7635)
1061638717
(384) 802 2616
310-013-2781
7570455009
233-793-6808
(493)(153)(1075)
7818231931
(815)(352)(3398)
586-550-3361
2403563295
4935821082
(057)(005)(9187)
5196905296
772-131-8857
(272) 593 7053
664-553-6554
(695) 410 5374
085-016-6766
(854)(175)(4672)
3274750688
740-646-5479
135-592-8229
5415029378
6897785201
035-153-4416
8093290944
(830)(870)(0115)
(346)(682)(0836)
(081) 095 9368
1813596166
867-653-2018
4751919854
4532574269
7157639774
(978) 830 8362
0544363812
2266143120
7737991535
(551) 731 8410
2816811785
(696) 445 1851
138-469-1042
(322)(760)(0511)
5586037321
(693) 061 9980
(350) 282 7136
2766937988
(731)(425)(8017)
5174498770
4783241234
7018230582
(959) 147 8397
(204)(491)(9947)
(816)(679)(4634)
8816612652
0717041003
(319) 127 5379
1410574551
4389878171
(898)(534)(8448)
8006786052
(702) 926 0933
(166) 004 8730
4509451591
(989)(167)(2790)
971-687-9714
(573)(975)(8173)
0747676202
908-266-8712
8525047639
9926644731
(116) 348 3658
038-230-6156
369-898-6251
(819) 740 7104
2223214485
443-953-9559
1138272602
190-286-4576
(433) 915 2972
(467)(579)(6089)
(515)(395)(4851)
3327039944
(331)(958)(8535)
5628511688
(151) 278 9676
7582959876
(979)(400)(3115)
6328325974
(247)(214)(4002)
4896429577
9150565068
(563) 401 2203
(040) 171 8498
437-506-0669
3747742647
6861218637
283-137-4463
4748569708
9918055538
5081249835
(777) 493 6820
(606)(893)(7132)
2153927171
2708375020
(910) 620 7644
425-216-5761
(785)(699)(1732)
0359300235
(802)(943)(4620)
(805)(623)(3211)
(680)(635)(7427)
(785) 102 0301
203-660-9536
631-426-4141
(269) 019 5425
7804841090
(953)(517)(6734)
(494)(966)(3105)
(535) 467 4057
(709) 635 5955
7511156249
(156) 254 8267
(095)(838)(3025)
8879757512
(128)(390)(4571)
120-157-6279
0934708421
0748717926
476-253-0955
744-952-7061
4335160977
4769424552
(812) 168 4485
(564)(715)(9588)
5705727317
(098)(235)(0121)
5898875505
4345198681
6403525075
(580) 140 6188
6752986470
(457) 794 8257
(528) 148 9270
124-775-5919
(363) 172 5396
(117) 722 5443
(067) 479 0952
0287315771
958-541-6287
787-305-5447
5023070820
(144) 958 8714
(025) 645 8668
062-357-3657
(504)(456)(9919)
9942014287
(675) 105 3764
(165)(505)(2874)
3206909494
802-026-8805
(316) 402 7582
(727)(195)(3415)
0573582918
8321768939
(362)(797)(7000)
(796)(997)(8017)
(893) 820 0920
9558957518
6506890451
(581) 380 4472
6718442661
4561684320
(640) 197 5580
6446667568
(194)(414)(2635)
(607)(123)(9577)
(108)(954)(9798)
167-761-2407
2799868183
(451) 411 7773
6920517669
638-952-2602
(647) 257 3483
857-930-9201
789-206-0052
3590225928
(304) 091 4409
7755713413
091-479-4703
(735)(968)(4757)
(413)(175)(8121)
0464940517
(463) 361 5266
476-104-7268
2152176789
1405827806
(781)(532)(3052)
9772006810
373-258-0763
4108654104
6222987165
299-674-5556
3044694354
(668) 213 2915
0738192865
9529840170
(198)(849)(6339)
0343274626
7579276003
7646026400
3186755774
461-679-5267
5466972268
109-015-6412
6361966141
1476697348
1605648558
(321) 535 2392
0058595881
(106)(711)(4599)
(818) 922 1167
(056)(585)(9876)
1876978287
567-768-0023
(415)(450)(9142)
(034) 389 1363
1066147340
1833917736
(870)(624)(9770)
974-188-9212
613-038-0867
6578968986
488-598-3281
(090) 878 8731
1025810233
3680904147
7873108703
(513) 419 5804
2182940120
(851) 798 7202
(999)(483)(9992)
7631018631
4915631525
(454) 745 5139
0854545598
(913) 620 7266
(038) 307 9386
3341983417
0029296862
743-230-9572
(227) 461 8641
403-478-1506
(658) 924 6437
(846) 057 1251
7928205612
8455218089
022-237-9029
2835474577
(186)(077)(9549)
(836) 815 4394
0172207995
(866)(392)(9235)
(229) 270 7951
(617) 194 7679
004-602-3060
(734)(160)(8609)
103-104-5291
4082274013
(539)(176)(6453)
783-132-7554
6235760357
(427) 664 1010
0095226056
019-100-2020
9551054627
(509) 289 5515
5630858636
6111546190
498-371-7269
6777961468
405-547-9628
746-774-8877
0486306898
097-026-1514
777-218-8574
(684)(053)(9583)
(042) 442 0875
(604) 387 3277
(155)(131)(0680)
4879922378
(580)(127)(7396)
6497638911
3113590424
651-406-8714
(294)(732)(9860)
6328877534
2584371913
4904230667
(476) 508 1630
(139) 332 6619
5401603228
(665) 817 4890
2020091001
7078848732
249-344-1069
8911842170
3803132157
7851184770
5717589999
(743) 822 5801
(392)(292)(7117)
4846923944
(989) 139 6119
703-222-1261
2918997323
(750) 124 1157
5891584802
(086)(308)(4674)
661-911-9659
(142) 792 8985
(118) 614 8677
6734614303
(513)(413)(5728)
(563)(168)(4676)
119-317-7328
(257)(644)(4225)
(661) 561 6318
(734) 153 3278
852-079-9092
(425) 383 2275
5643126462
1246447879
(325)(233)(4937)
6636312844
8398489385
1254137020
(807)(781)(5366)
582-576-2176
253-401-6839
(259) 342 2320
2975128371
(899) 828 5907
(786) 741 5668
5633244489
(295)(010)(8415)
5869849479
641-096-5245
(558)(841)(0910)
598-655-2225
2882568798
3206748323
2226507994
(148)(805)(0481)
929-022-6409
0796292775
(163)(916)(3373)
6152389119
837-439-1169
6030028011
6413316427
0971191810
7434503771
(805)(977)(8203)
457-642-3623
478-554-7695
1373840454
(483) 466 4051
(932)(736)(3234)
(181)(112)(6492)
8310171947
155-648-3986
856-819-1032
6891131778
670-274-5270
6596105697
(384) 177 3074
8285940935
180-117-4774
(813)(575)(4040)
(180) 631 2940
5492855773
185-209-1882
(398)(492)(1970)
363-804-6177
(920)(089)(4540)
(024) 456 8353
8551420276
(303)(091)(7162)
525-630-3575
6684295337
964-833-8854
(408) 105 7469
8734334656
9971374248
0242943671
8009895658
(753) 497 1238
7454302641
3153112324
132-844-3403
503-842-9340
5259657547
0865945291
4997764740
(629) 522 0539
3759945142
(143) 071 3468
2261561046
978-459-5081
6236919915
(854)(464)(7699)
628-874-9564
057-387-0077
(986)(905)(9502)
6527085233
(784)(435)(2861)
858-882-0671
(515) 781 2444
(958)(543)(8612)
696-089-9521
418-757-6420
016-532-7268
(079)(607)(7981)
(106) 375 0742
(745) 248 5464
7964076197
8712602364
889-961-9808
5346446364
(541)(471)(5205)
558-151-8977
(538) 572 5604
(957)(365)(2027)
3963515722
7106376451
8910400361
5866537261
(198)(160)(7861)
8676158187
182-737-9496
(885) 360 9474
153-473-1528
5519856358
205-051-1211
6808407664
154-071-1860
(476) 829 6081
617-876-8580
985-875-1515
(576) 786 5503
(352) 021 9757
787-312-3430
7896097228
(566) 707 7245
6315598955
(749)(628)(8231)
9749200252
(285) 634 6654
725-198-9506
(342)(714)(2743)
8013807509
(774) 414 3657
581-637-4475
(321)(790)(8669)
030-049-6340
(697) 640 4124
4754977523
362-161-9792
(174)(690)(5058)
3702920638
(558) 143 2437
(160)(402)(6028)
(328) 438 7496
3636335150
(276)(155)(3910)
0763461426
2033472469
110-901-2774
(480)(775)(8695)
6498663765
(449)(997)(9972)
905-278-5203
(129) 479 7217
(299) 200 1682
(078) 638 2067
996-346-8777
(743) 464 2376
(773) 617 4766
(003)(168)(5390)
673-991-4099
(814)(807)(3131)
425-318-4505
(817) 662 2678
000-697-2853
5297441888
3778406637
(822)(156)(9347)
125-252-5986
(789) 102 5248
3182805889
893-634-3411
(643) 403 4182
(042) 791 0729
(331)(370)(7165)
2712960376
1018314806
132-240-4278
(810)(265)(8611)
(752)(432)(3566)
(247)(236)(0350)
(451)(361)(7764)
(952)(077)(3539)
336-881-9157
(994) 939 6081
0195268406
197-417-8353
7806424593
(535)(746)(6857)
3236444977
(351) 155 5529
396-775-5976
5831232815
293-457-2886
1216579051
(087) 419 7051
(417)(947)(9314)
821-828-0442
402-879-0288
1641839596
(811)(372)(3816)
(908)(121)(7938)
5014253210
(735)(683)(5349)
6102090092
8837309813
(116) 408 2824
(594) 284 1439
086-860-6849
(046)(699)(8613)
0704946142
118-399-9485
6524876644
2214488062
(877)(015)(3410)
(632)(497)(5219)
345-762-7634
2428720789
(440) 323 2264
(735) 393 3829
6403979083
(739) 347 2710
9285329268
3502991112
556-699-4182
(718) 637 0802
5617038219
268-184-5610
516-543-9050
(433)(936)(3164)
3421641789
3127257055
(556)(399)(8789)
3907364970
952-881-6812
(587) 305 8745
2917019067
(473)(390)(2723)
239-185-8856
3830394420
458-408-3224
(597) 888 5598
9728885969
992-464-7609
073-558-7208
0112944596
(319)(002)(1086)
(139) 154 7436
2907730139
9015239318
(340) 092 2722
(182)(201)(8317)
4006945710
455-616-0083
401-133-8869
9346566118
946-381-0461
8782911897
215-355-2087
(916)(898)(9515)
262-192-8408
(307)(076)(9509)
(452)(138)(6308)
(124)(712)(5364)
(177)(238)(7817)
1508874503
(689)(612)(7811)
(158) 662 7189
(900) 069 4620
1197825992
695-864-9757
444-811-7702
4817015300
7842531888
(284) 939 3888
9985206815
(032)(560)(1650)
(865) 050 3720
669-767-1221
2383931727
(676)(474)(6504)
0263217377
9329192552
(903)(458)(9988)
863-022-9775
(037) 494 6012
7556695570
(952) 829 6234
994-236-1608
0645587423
557-646-7941
(969) 707 6791
3182726982
(639) 843 6384
(038)(514)(6719)
2093224339
072-654-2949
071-712-7923
(711) 779 1169
5321224876
(414)(238)(7605)
(915)(664)(5084)
(610) 397 6579
(290)(824)(7681)
(583)(651)(1584)
838-210-1558
011-156-1647
9139724093
364-593-8631
9475411791
2313472220
6748312402
557-594-3843
8304433338
7308689138
(780) 529 9482
3098035997
3704988685
(887) 490 0642
645-336-0527
7630664764
1308330148
7713192971
307-825-7297
(955)(408)(3236)
563-030-6662
(957) 114 3083
583-118-1626
(281) 726 8861
726-143-1892
5035823743
4372083040
0708891909
1489594250
8223387121
8979053029
6075249917
1844647874
0612312213
0648263544
058-471-6103
7102775445
867-398-5256
(023)(116)(6498)
8132976871
403-591-8636
538-253-1904
9056466254
(942)(230)(6403)
(805) 429 6971
0287746296
2235938852
8238221282
(540) 344 8749
5953694406
(381)(986)(7189)
(655)(209)(9497)
8481737217
9823087389
8010147620
6349122673
3289228541
(402) 750 1681
953-877-5548
885-938-0555
167-860-1718
(872) 523 4931
7140363608
8751605605
7949099396
850-093-5188
(201)(837)(8817)
(143) 732 9527
(052)(928)(2675)
(261) 052 1587
(566) 808 2898
(033)(712)(8340)
(265)(982)(3891)
(961) 871 4714
770-115-8656
(412)(281)(1529)
4652497455
075-186-4297
297-473-1501
(578)(835)(0434)
(309)(033)(5960)
7708600610
5711075966
4391171981
2660207506
(277)(077)(4162)
9489561279
958-191-6863
1133852077
5566597679
6320150184
8059627314
645-320-1101
0179245691
111-885-8193
(310)(225)(4906)
2981936063
2141162501
1452673783
4602279235
(529)(822)(4137)
3610169424
3000501966
(243) 037 7986
(444) 846 9819
(557)(079)(8443)
(409) 052 0047
4271884622
(687)(646)(3511)
(430)(707)(7987)
872-808-3245
7176522041
687-854-9249
5745784290
542-808-0919
(369) 366 1720
9982155574
665-378-1078
(288)(298)(6764)
0553877827
9820816636
2897937536
(358)(585)(1127)
170-110-2767
(231)(704)(3246)
5299799756
423-846-0602
2569443150
(303) 673 3758
189-286-6971
0108924116
8681035740
(380) 835 6099
0132028611
(450)(442)(2779)
9983274363
(288)(903)(6646)
(885)(109)(8940)
410-868-2973
717-400-7977
(850) 228 5804
(692)(118)(3659)
(144) 316 3409
(140)(678)(0184)
2368822720
7570979497
0696198913
(901)(521)(8273)
(635) 204 3477
003-234-8573
(358) 784 4251
(729) 940 8617
7639473132
5176379482
(469)(553)(3005)
364-211-8676
1400251727
4587711562
2891925950
(276)(652)(1696)
849-107-8447
(796) 164 7135
4338247539
425-417-7426
(979) 938 9541
161-900-6840
(630) 007 5398
(424)(370)(7967)
8655008630
0722423179
(547) 906 0803
7984915016
(266)(312)(5180)
9919256045
(088) 695 4086
(884)(777)(4559)
(930) 418 9320
(835) 912 2106
(468)(614)(9601)
588-761-7049
5438054695
(382)(001)(9688)
(815) 317 7489
1724734113
(759)(613)(4502)
5397427486
(099) 944 1516
4490930475
7435061799
2853923320
4240170988
3951599497
8284449622
(129) 454 8784
(530)(202)(1933)
(709) 724 7971
647-019-7465
843-469-9662
410-028-9193
(289)(794)(7950)
7172667596
2852353105
418-311-1598
2255971376
(600)(311)(0599)
(915) 370 6821
6714876284
548-487-0968
(623)(379)(5075)
010-037-7181
0938220810
8994939110
5420498954
0437322832
(397)(263)(1419)
(601)(073)(4073)
278-626-4866
004-265-4640
0817747852
1032637216
561-528-8345
(658)(188)(9988)
3729153510
6582272336
716-086-5556
532-958-0100
(352) 753 5692
6115710643
(424) 064 6882
(070) 969 6305
2863315846
1844894424
(800) 709 8852
(237)(859)(5979)
051-025-4117
693-315-9271
413-674-7116
(270)(042)(4355)
069-499-1124
4813145214
(936) 606 7904
(799)(214)(8975)
628-630-9586
3932313489
6077356371
(018)(973)(1688)
196-919-3929
2942841290
(288) 076 8207
5198195647
332-756-3925
(831)(937)(6583)
(661)(977)(0617)
4680672587
(147)(968)(9089)
(635)(591)(1168)
8161421685
476-653-7338
554-285-9632
(991) 432 3031
1641632893
(797)(115)(7419)
(593) 057 9242
(572) 494 5655
7995639850
3986666335
5124590516
252-273-2892
7556773438
(694)(190)(8999)
(372) 428 4747
(725)(326)(4104)
590-399-4295
5131542898
270-204-4461
3614837065
(802) 588 6486
(651)(845)(0694)
(443)(756)(0585)
(725) 487 8986
(833) 585 1501
212-357-9336
520-503-1415
(389) 023 6926
3632983854
8665628116
2072851003
(006)(988)(2426)
(688) 101 0893
3857288311
342-615-1210
7747655812
(629)(228)(2308)
0992179236
4151962710
7000731125
(759) 132 3948
1958631135
(005)(305)(8351)
(890)(829)(7056)
328-187-4190
(944) 253 6565
0253090091
4387788209
(097)(240)(3044)
(076) 019 8653
6854289326
073-381-3586
(677)(328)(9990)
(248) 059 8939
518-565-6017
8536422358
(568)(665)(9804)
6540499963
950-126-2946
(479) 073 0703
0895728933
941-511-2058
8166935708
(328)(987)(6401)
(836) 802 7138
(617) 896 7911
2850732215
8658559249
6706191468
8239385774
416-521-7544
0645549645
6022362031
2245553219
6396686140
(542)(169)(1377)
(244) 351 8084
5824333424
(206) 642 6314
530-419-5401
1962957158
(171) 084 1668
(100)(503)(4852)
586-880-8093
(993) 423 9394
579-050-5872
8655731744
(119) 671 8422
4849276953
8957135909
7276929152
(317) 933 2587
4011921220
339-086-5570
348-412-4424
3447241978
(926) 526 7483
(088)(240)(3031)
(018)(583)(2644)
(244) 859 2987
833-819-7165
4548108142
(665)(594)(1388)
9517211208
(951)(499)(5614)
(698) 026 5893
(970)(591)(2328)
7477641250
247-058-3857
2652874617
4990580745
(507) 202 2419
341-141-3202
4708667227
393-542-9163
0007591577
(100)(230)(3598)
951-786-7494
(462) 115 0341
(778)(279)(7689)
6755445747
827-232-8256
(508)(944)(2510)
017-667-1060
9952038907
(376) 325 4168
436-407-8744
9953879221
702-481-0565
3631995059
3787829737
(745) 296 2923
6338868583
(922) 060 1681
(995) 160 8279
114-544-7507
(373)(247)(5266)
(843)(409)(6147)
(035)(527)(4623)
(726)(009)(7858)
483-830-2975
0012601507
0818292701
(233)(612)(1457)
5038151373
6286857059
(556) 297 0761
9615516823
9258934204
3033143187
(435)(313)(0952)
2581090087
(906)(756)(6540)
(162)(390)(0789)
(759) 760 8181
650-206-1547
4369099691
1551141985
7451100226
(520) 350 8327
(995)(373)(3387)
0932546245
685-082-4230
6090423327
(848)(543)(6623)
(118) 474 3997
(381)(549)(6131)
(300) 575 4163
3504096439
056-409-4920
