7465869803
(188) 934 6985
(168) 782 4791
8946094108
9565664673
1747563302
(691)(458)(7030)
748-789-5325
460-694-4808
(672)(204)(3868)
099-487-2131
5229973159
(894)(156)(6789)
(389)(947)(2244)
0094286133
9556985333
1421325609
8313059198
(923)(775)(5255)
969-158-5742
2846422217
484-233-5949
989-274-5570
291-274-3432
(059)(898)(4720)
(121) 402 6116
(035)(524)(3543)
(315) 245 6531
6939833700
060-661-9905
(152) 376 3594
(011) 490 2863
(320) 106 2297
7292002057
3828407025
(504)(789)(8308)
(641)(723)(7757)
2985496752
(628)(285)(6210)
765-288-1283
(819)(034)(1356)
2223869284
(263)(432)(9697)
(403)(438)(5218)
237-801-8736
7809212792
050-787-6777
635-431-7740
4298237505
793-425-7533
378-028-9215
(853) 604 1945
(524) 695 1892
6607749626
(181) 130 2583
9269317155
(839) 831 5085
4486515889
(183)(112)(4090)
1092186916
6547930614
(371)(456)(6240)
1896177701
7875950994
9622262651
9066673805
1118227371
5244318405
257-696-1528
4927626256
(545)(807)(9591)
3973469363
6003247682
319-300-1791
(654) 571 8333
382-295-0794
(031) 911 2712
412-962-4499
2573018869
(966) 655 0446
9206264083
9582602313
638-275-3565
4710321199
5484039333
527-057-0193
(362)(125)(9523)
931-368-6483
168-125-7455
(817) 167 3610
708-369-8617
(078) 251 4819
7700505447
921-778-5292
6748038847
(649)(928)(7648)
(666)(924)(9650)
(003) 817 9221
241-407-1396
9656215061
7491017611
7423751367
(082) 065 2450
(701) 804 2554
3820116260
(387) 401 4805
793-916-2763
5634127547
389-273-3697
(533)(668)(9619)
8500543898
1298844068
520-701-9767
(656)(028)(0087)
9975834899
191-526-8192
955-729-9043
(825)(112)(1022)
(244) 261 1021
750-419-3975
3681682084
1546693012
5994466405
(071) 510 8623
(372)(805)(8595)
(986) 336 7114
0091076043
(953) 491 1708
062-820-8468
(606)(782)(8877)
669-737-7199
9719398170
(034)(328)(4494)
(185)(156)(6120)
(552) 869 2178
4488111446
0507454268
3828017555
801-962-4278
633-690-5799
1036772638
459-751-9556
7421425238
(028) 111 2384
189-051-8334
(454) 119 7038
(396)(081)(0616)
3048967427
(636)(678)(6627)
1445273320
(163)(146)(4073)
688-837-5032
(565)(128)(4761)
572-183-2948
940-812-2531
(519) 766 6126
8887793906
982-853-4072
(095)(943)(5633)
(962) 485 3440
(767)(571)(2062)
(907) 038 4651
084-459-5175
(250)(011)(0757)
(575) 147 1814
874-955-8523
(314) 824 7681
387-255-0255
5287749830
(914)(031)(1127)
8114336792
(347)(627)(4033)
(127)(526)(1975)
365-365-7379
(119) 814 8910
8813737303
(970) 426 4986
(058)(312)(2676)
(326) 049 7711
(249) 405 6390
(878) 749 8345
5013449093
(874) 557 5516
4617356453
211-726-1429
599-210-4693
8415128733
(189) 769 6590
143-858-7613
(054) 573 6377
6724258930
(199)(107)(2636)
1414751497
(589)(527)(5305)
4595501623
8445605179
(096) 814 7681
8152732509
(966) 903 9520
2240226126
(510) 799 8118
(295)(888)(6138)
496-648-3075
120-603-8974
4867417104
1396936885
957-984-2098
(757) 456 7507
(482)(090)(1910)
(128) 773 6089
5850501847
(165)(345)(2259)
8728769898
9123391281
8382161602
726-805-3600
401-186-4573
606-609-2530
2934011893
888-912-2020
(947)(236)(1021)
0287570720
1206073500
(535) 291 8742
(213)(996)(9309)
3696750391
8097311516
575-246-2975
2487588096
642-069-4698
066-728-7631
(591) 988 5130
720-372-2674
(816) 010 3090
(371) 841 7734
2730787992
668-919-7189
5420148074
(645) 426 5259
648-506-9442
6409588851
816-932-6022
475-572-7303
3612355634
483-531-6334
792-007-4745
782-326-0627
4354236720
(951) 928 9518
5417113746
3119259545
838-830-8366
7976883604
(954) 924 3209
(864) 567 5227
3684293077
3495126397
(773) 857 7722
847-497-3656
(618) 268 5744
264-310-2013
(662)(960)(8063)
(367)(812)(0761)
(858)(377)(8395)
(852)(178)(3315)
2787887726
(075)(764)(5303)
8382844973
(004)(122)(8061)
4632025138
(487)(060)(7430)
895-310-5544
(470) 942 2689
0666828076
8727391687
(667)(314)(6630)
3126772116
8592564653
7863643589
(454)(548)(2307)
(532)(807)(6009)
4491820434
581-623-9681
137-039-4759
419-797-4447
(994)(534)(7230)
(480)(385)(8073)
771-852-5858
(386)(801)(9179)
661-465-5906
2030057294
(139)(057)(7611)
3958030708
(510) 251 4612
5609094324
(303)(617)(9170)
924-088-3793
944-639-7509
(111)(348)(5899)
8916940672
5480888462
5971544573
(050) 855 8397
(131) 557 8601
1221126019
754-443-7065
(050)(802)(8907)
(250)(519)(8205)
550-120-0757
(020)(255)(6001)
(030)(711)(4013)
638-239-7185
(473)(750)(9675)
1240485219
(196) 507 3872
(211)(000)(9272)
(321) 934 3261
3483415717
892-239-9189
(540) 484 1051
6294819691
0035374685
5301268625
031-694-5929
010-545-9268
429-859-0402
617-700-4367
806-125-3350
1131056461
703-665-7073
338-485-3502
5105301691
(942)(589)(3681)
(473)(308)(1749)
0238038621
0222828899
4487588960
8134139266
6004478884
(957) 936 4925
811-110-5463
(226) 856 3017
4577483876
(064)(069)(1257)
4298849150
5675885169
(306) 244 8789
(289)(570)(1213)
7519715383
(397)(190)(2384)
(084) 302 4771
0280378414
(907) 357 0484
(844) 614 7590
2651097570
7361088509
(361) 621 0932
9153567852
7013974619
3598196855
2809986619
(046)(246)(4206)
2344163906
(866) 184 6915
9390493709
3296441422
(581) 885 0627
(324) 475 4933
9634245905
(695) 744 2247
5941864141
462-755-5064
223-431-9292
9875432237
(311)(142)(9581)
(428) 328 0823
(357)(599)(8808)
(478) 439 3859
(834)(290)(2024)
1781735555
(398) 952 6977
4827508655
1230341747
9915367112
(407) 865 7486
(495) 618 1266
(534) 617 9541
4784890242
0616303082
(075)(439)(6692)
(271)(010)(0710)
(507)(698)(0306)
(210)(701)(7665)
(980)(956)(2392)
(704) 112 2430
2918242020
(317) 043 3870
8079342893
576-702-7803
(505)(887)(7295)
274-393-5997
(620)(410)(8872)
484-326-6355
2684212319
9660243983
6089563568
(424) 599 4908
8859660042
5316120810
(088)(949)(2198)
257-541-4640
1023234743
1477720756
160-396-4569
0539126351
633-362-6389
6482578508
1606381961
1836100432
9020272618
8235345299
6411294154
4332630583
(842) 748 7161
1896434917
(906) 572 7178
(685) 721 2337
0673212558
1976433424
4409867373
858-331-3873
5808867296
(478) 905 6869
9917852328
(722)(751)(9893)
8065153705
(352) 120 5752
569-933-8271
(659) 214 5032
5001586391
6757353225
2729435556
3141175801
9504897995
(757) 184 2101
(279)(381)(0832)
367-339-6643
(092) 546 9072
108-160-7653
(161) 071 4299
534-385-6112
9637474172
(714) 838 8023
9538070001
318-416-7621
0926678520
(350)(395)(0988)
118-388-7968
(847) 713 4388
(524) 118 9943
2184890073
(299) 619 7517
1627517430
1857888734
(055) 716 5738
7037876142
4529141509
(794)(285)(2870)
055-765-9127
(737)(604)(6185)
(174) 601 6336
9914812841
(464)(732)(6951)
(614)(654)(4178)
7022944599
(762) 362 7784
(447)(583)(5176)
1317397555
(413) 507 2046
(848)(348)(9685)
(142) 119 4703
205-154-9571
(288) 390 1392
(407)(468)(5771)
0827590334
237-524-4023
(125)(994)(8281)
(502) 143 3051
9919391661
(565) 997 0128
(578) 239 0712
(245)(357)(4378)
167-280-5552
215-531-2754
2204453335
(144)(660)(2546)
(876)(916)(2907)
9087504334
4562640907
177-053-6291
9525280391
3105881743
(591) 056 5113
1525849237
7613029325
7176821367
(732)(870)(3825)
0177906247
2618297946
0178730094
(997)(663)(0448)
284-129-0984
(890) 319 1742
0340880663
(318) 738 0370
(951) 574 9308
(093)(822)(6868)
008-340-3323
8999298445
291-103-5040
3387593495
2228732284
5656044488
4021065191
(420)(257)(9437)
4168034987
6934326261
5941912541
(995) 265 3023
588-089-7634
2939064672
(199)(353)(7312)
(484) 783 7672
3290886443
5511527466
(186)(321)(7452)
965-069-0887
7819819294
1938241328
3900788703
(531) 802 2652
6282848798
1145312453
0550480144
(471) 221 0358
615-979-1107
(406) 079 0796
3796139709
8192311759
(840)(337)(1333)
4400327266
494-106-0704
(789) 941 1672
(280) 583 7063
627-709-3672
(025)(574)(8744)
1977089349
(087)(423)(2140)
039-517-0619
7154790589
946-774-5518
710-684-0694
(502)(642)(0392)
(493)(680)(7657)
6283290833
(251) 657 6354
4530104059
4146648178
0590467035
(612) 761 0732
423-859-9787
(803)(798)(5693)
(193) 312 3408
045-837-6104
4732740849
4663236991
5939021339
5302062710
0609716056
(867)(089)(8252)
3012345109
325-470-3868
(854)(755)(2080)
(913) 769 6022
3324767303
141-195-7523
(874)(610)(0073)
(679)(265)(6614)
(675) 497 3299
759-164-8102
808-450-6103
(988)(154)(0417)
(234)(354)(0057)
501-237-6847
9986389930
8140930592
1152709487
135-332-5476
1307429335
9778310740
(072) 048 5449
2326633533
(373) 691 0521
9672908858
611-735-9598
4486134598
3011682222
(008)(125)(1778)
9018758878
2112516389
7303381980
(268)(210)(4078)
390-928-3677
1831150806
4321443807
388-288-0246
387-041-3895
(645) 626 7931
8360051853
4899686645
216-977-4345
(547)(845)(3477)
(917) 170 5467
103-595-9639
7510292176
9444723825
279-776-5680
(727) 122 3731
(689) 711 1735
8032178587
(035) 939 5847
9222100884
682-306-5177
596-033-6709
113-452-5126
6218556444
0484458489
(498)(475)(4486)
0116400069
(469)(690)(0576)
5363720753
(906) 557 9478
3597577554
0226737650
0369065817
598-983-7548
870-049-0360
(191) 249 2235
(365)(629)(6723)
(019) 926 9400
(659)(953)(4881)
300-027-6253
0043936854
(032) 131 2124
2685413673
(874) 232 5301
289-588-1382
1556730577
(525)(449)(6552)
805-779-4287
727-540-7997
2381534512
609-924-5652
(308)(180)(7178)
(962) 386 9238
960-044-7243
150-383-6709
9572802847
1833420143
(990) 683 6272
8220750710
(370) 805 4385
(172)(206)(1221)
(958) 770 4276
3411130695
(970) 128 6520
502-603-4131
(033)(168)(7338)
8389991646
5681164816
013-970-7989
9592667686
6505563785
6589321715
2139467528
872-997-9212
(876)(573)(3902)
9307549235
7159901947
(469) 622 2192
416-083-5630
(299)(951)(0497)
9409413317
686-260-2495
9894687038
073-643-1656
(164)(514)(3766)
(340) 928 8735
(199) 263 5911
217-751-0635
(156)(692)(8264)
0564932368
(824)(146)(1407)
5635358018
6610873806
0403203769
(242)(630)(5605)
270-869-7938
(420)(717)(4890)
(351) 897 6921
4065096845
4979673570
0273143582
6954359917
(311)(033)(9661)
0390980135
0794520665
(796) 486 3390
838-742-7201
(977) 517 1755
5818692238
0656583568
(295) 658 1260
(140) 809 1211
(374)(527)(7140)
(431)(391)(7954)
389-312-1750
(294) 739 9632
(892)(089)(0154)
8560750681
477-207-2592
(186)(707)(8091)
2893842850
0743398043
3263402794
5883184792
3596552783
889-091-7441
3340634287
076-750-1952
891-582-6592
(315) 588 2149
1097816899
(501)(836)(5819)
9779130813
8592161535
584-734-2429
(232)(686)(6299)
4008286082
(162)(956)(8904)
3722349870
052-136-6647
(354)(072)(7257)
(355) 370 1269
(642) 814 9946
(964) 641 7961
(960) 693 6395
952-353-9863
449-786-1189
7282791353
(252)(148)(9168)
(388)(320)(4867)
049-968-3742
3585226864
(497) 531 3958
(798)(006)(3846)
(740) 937 9548
(684) 320 6835
(402) 866 6431
(033)(686)(2467)
418-010-7166
5991511181
164-370-8154
2469793939
(570)(395)(9897)
5462940132
5513518195
739-049-9949
(027)(960)(2910)
(405) 805 6324
2019258665
8600655846
516-221-9545
(262) 401 3365
(377)(422)(4866)
0560957066
354-928-9118
(835)(230)(3059)
(211) 394 3550
4719729305
6536793969
(119) 727 4674
(956) 266 3801
018-382-2800
6542545436
(663) 272 1969
(975)(989)(4134)
117-881-0994
(471) 253 6543
(240)(898)(5008)
(751) 234 8110
(368)(534)(3357)
(654) 603 6284
0204943323
(686) 218 9788
0998031591
(716) 428 0553
3507544161
546-206-1065
(415)(494)(9937)
(208)(881)(8379)
4294880321
(267) 527 4981
063-688-2411
3601975823
633-123-2770
(821)(644)(8167)
225-383-5318
976-197-0711
3184217131
2040091053
9694571459
7449703190
(163)(735)(4016)
2156863773
436-672-5450
(164) 076 9482
(336) 594 4954
2232683180
(278) 678 0486
077-004-0502
(048) 081 1541
(630) 399 6456
(255)(673)(4281)
(807) 144 3038
0320940241
(290) 840 3947
(605)(898)(3787)
1241213625
(161)(265)(4969)
(771) 473 6362
(157) 746 1329
(849)(764)(3540)
599-917-1318
(553) 806 8249
(357) 904 6770
(606)(220)(1251)
5693421472
(247)(083)(7208)
4163325851
(485) 297 1424
2619140482
(900)(169)(9711)
9840320891
7754670907
611-336-3391
(101)(937)(8880)
8934188837
5187870172
4983444193
8476473617
300-352-5692
3582226379
(345) 256 0969
9581110780
(789) 268 1293
9655109625
(534)(892)(3792)
(119)(420)(2142)
1719630507
301-433-9577
7848875259
9620060832
(914)(478)(6126)
8266174878
(179) 031 7233
2735621001
(338) 144 4837
022-382-5381
594-333-8310
(711) 758 0654
413-117-0641
757-868-6543
(863) 351 4086
(483) 016 6933
242-948-8575
(457) 802 3695
2051431580
3189712029
6255869241
265-164-4356
(445) 152 3465
7520701985
789-222-2231
0122780173
5473986716
8364851188
463-214-6464
(114) 230 7131
(079)(285)(6902)
(803) 119 1093
108-520-9258
(953)(245)(5370)
(017) 879 1249
(940) 266 4116
(331)(231)(3057)
3533207484
(970) 160 9021
2837072518
(887)(843)(3387)
235-118-0247
(551) 455 0316
(511)(673)(7007)
7455822135
0970876841
9724894368
(056) 476 3693
(027)(123)(4683)
7519444469
(386)(437)(9256)
0462713069
4361437188
5264401706
1580090899
(151)(350)(6202)
1862134733
(331) 757 7490
0855964772
(138) 487 9475
993-849-2601
0740630531
(601) 610 0187
9579374399
263-322-8588
(329) 803 5856
(725)(726)(2425)
522-989-1510
5385575752
(465) 077 3988
402-272-0408
6854457390
998-471-4150
4365276250
(272)(126)(0174)
2903052111
(284)(195)(8545)
1042571854
7555647908
9675348134
(501)(299)(0970)
0112834598
(259)(422)(3485)
9063264616
5573640639
(400)(366)(4749)
(477)(083)(1382)
(976)(885)(7268)
343-852-8128
(674) 109 2635
(298) 217 2801
(015) 170 3617
(818) 768 1085
(462) 434 4374
8919933690
(382)(923)(2162)
075-140-0487
017-774-3716
6098205420
263-585-4582
(126) 192 7340
(111) 948 4570
0496341864
949-729-1366
5239803799
(791)(222)(1103)
575-656-5349
(563)(676)(2690)
5644387583
(644) 174 3187
2842986759
9669117621
(839)(127)(4057)
(705)(318)(7139)
6074954955
5554282090
1569633957
6561861201
(562) 473 5933
5213288465
3889648614
(242) 962 0878
7556619264
(046)(107)(7052)
7262777633
(778)(096)(2319)
4968888080
650-919-3565
(739) 278 0975
3272350963
917-689-1319
035-935-9493
861-029-8617
993-259-0070
(645) 319 9677
(929) 612 4323
7724473591
0843274752
411-041-1976
(336) 201 5159
(396)(790)(8639)
1399364664
(852)(232)(8201)
(007) 064 2781
(229) 340 3011
(878)(525)(0844)
6968180201
9485990066
3451647357
8632805174
(979)(537)(6976)
3407873878
1198069072
(659)(178)(6183)
603-488-2033
5780104842
(158) 504 3041
(489)(854)(4635)
5654915979
(227)(546)(6448)
(372)(316)(1199)
446-338-8935
7142973410
6923255540
(119) 884 9622
9019148315
8742411227
2408318328
(756) 786 4335
(459) 894 0411
6013034396
(511) 066 3211
(615)(921)(7245)
(660)(537)(4038)
1498792250
2615967955
(192) 689 2546
2501371019
(398)(550)(6337)
5964850942
9664021683
1465572462
563-780-0328
9080311208
505-024-8617
(742) 120 2313
1810763516
7825968494
(626)(054)(9933)
3507858743
8434885227
787-827-2683
795-205-7658
2323275700
2609420454
1171397182
(428) 827 0874
5709747168
(697) 952 3885
8911848367
6115493838
(292)(272)(4813)
(079)(771)(3494)
(612)(290)(7415)
2828984862
852-263-2364
(681)(372)(3631)
016-982-6791
(550) 103 8355
(226) 498 6144
9658785671
6675626329
(486) 628 7712
(625) 530 0507
1909506964
4061444612
(125)(542)(1512)
1235601255
5921093440
(580) 308 8182
(195) 356 5296
1788951092
(836)(686)(5905)
4378752955
8224516168
2781036540
(529) 100 0234
2835329296
6974421059
4160450098
(244) 873 8929
5469438490
(624) 701 8176
2922182600
(148) 996 7072
998-222-4480
(716)(063)(8393)
8246243214
(870) 137 8099
1821513130
5022171251
550-854-5601
(540) 320 6277
0616319933
1743017851
(081) 146 3286
6308534436
7997107558
(608) 568 3628
(663)(292)(7410)
(833) 296 4425
(732) 695 1437
(126)(941)(7662)
(743) 762 4913
3927831634
671-169-4374
3506762616
7986169947
2682449235
1265191514
8057357775
876-521-3462
(638)(164)(7878)
200-902-4352
(392) 559 8339
4019165593
4972663197
(045) 462 4146
(043)(868)(6358)
(836)(729)(8311)
(299) 953 4681
546-283-0001
(058)(005)(3609)
5740332836
(675) 208 6258
(842)(263)(3391)
7584891230
1289570909
(237)(185)(0703)
0742708973
(222) 934 7538
(851) 953 5811
656-782-7902
(951)(953)(5234)
181-045-7839
(706) 510 6183
(631)(529)(4605)
7778493322
(820) 208 4918
012-507-8308
4091871263
(507)(781)(9293)
(617) 235 4351
963-363-0528
8932899754
(907) 550 5154
7889809703
502-018-3625
335-664-1987
(558)(734)(7609)
2169329097
(658) 222 3621
4362834044
(499)(228)(7019)
(460) 005 1490
7615814913
420-858-8092
0695649378
(488)(406)(0094)
7007097179
(319)(515)(3663)
(619) 565 2267
(456) 209 7597
(895) 239 6996
7516445707
0746909151
749-913-9389
(038) 328 3211
(114)(239)(1313)
(252) 737 8954
(314) 156 6412
2705997497
(453)(969)(9043)
6726233441
5609456092
(513) 826 0780
(807)(857)(6485)
108-272-0767
8119816438
(985) 028 5843
753-510-3994
(567)(615)(9720)
4155003900
(226)(868)(0309)
6784672230
713-073-5285
718-624-5530
730-314-9426
877-436-0267
(625)(062)(0882)
(879) 549 6705
(637)(641)(8314)
0113023811
(953) 381 9049
(666)(057)(3113)
(471)(215)(4471)
4716774527
(756) 987 6231
5286886196
9985098323
(874) 037 8065
(425) 113 7780
(722)(621)(7355)
(603)(751)(4201)
393-168-4381
859-937-4590
7415138578
(391)(799)(7112)
5954423464
(612) 728 8381
(332) 345 8499
(116) 689 7216
(806)(672)(3804)
(404) 839 0770
0813097889
413-065-1458
8496850299
0354446858
494-169-3251
2683714040
4573707175
(968) 670 2718
861-275-2845
606-796-8225
4300312882
(673) 171 7649
(066) 394 6307
3992347134
(904) 876 1822
(583)(092)(5150)
1277114698
(553)(520)(2100)
2165407830
8913968762
(162)(675)(1683)
816-537-2946
860-700-6376
8323099370
6768413407
(916)(488)(3656)
(755)(201)(8826)
7289653452
(079) 118 4891
(861)(916)(2220)
2572276902
9465063775
(140)(650)(0662)
163-757-8497
5517751845
1385532094
4838403802
(581)(522)(1230)
(260)(480)(8831)
4826388700
(261) 757 7988
(813) 927 4393
7563963675
715-960-2398
7701058692
6593644350
0112282897
165-446-9541
780-365-5902
442-193-5286
(042)(481)(1162)
617-554-5503
0188198083
132-650-2563
3247266374
5237576923
1769465075
9879544107
700-939-2322
(307)(733)(6784)
(676) 660 4677
408-822-4423
(358) 645 1280
(954)(321)(9252)
(590)(610)(0086)
(361) 597 8569
(221) 111 1204
(201)(924)(2630)
5434232198
741-091-1584
(465)(664)(5043)
(087)(480)(4889)
834-631-2278
387-450-5697
(956)(000)(1626)
2111069364
184-017-9617
1694815202
186-429-2048
(698) 159 7596
481-494-3919
6322194782
6024764480
844-002-2545
877-415-9203
973-244-7000
(229) 513 0258
200-759-1931
203-075-8650
7617264829
(994)(413)(4292)
699-641-2007
951-632-5154
(316) 643 4657
340-402-8620
(184) 876 2987
178-564-5629
(010)(854)(4875)
282-636-9452
(642) 346 6303
(644) 414 1178
0968794964
(574)(107)(5247)
3383719419
4682011322
4799063179
1040024995
(125) 048 4444
2199979667
8020470412
(786) 430 3994
7137001952
0546812446
7652387218
7894487857
(633)(320)(4936)
(708)(339)(0141)
289-919-0991
(981)(536)(2578)
543-260-1993
3820882944
(038) 635 0271
(004) 761 6445
2500083192
(091) 861 3807
971-527-1503
(592)(555)(2057)
845-539-1033
(546) 529 1384
(694) 677 3730
(212) 355 2576
4287233935
(784)(139)(2138)
(409) 814 7923
(784) 445 5664
4103575097
3781944737
261-971-2566
(448) 929 4716
0808231439
7543773903
(296) 268 1109
(687) 462 3016
1889071803
(229) 356 3103
(213)(718)(5059)
(978) 132 2879
8501688515
443-088-9646
5229107410
(941)(188)(7530)
(924)(907)(8339)
2943304470
1183782258
0058807162
(533)(531)(2096)
3808682419
7544724359
0591296573
(805) 830 1471
2208190605
278-016-8174
893-288-3415
794-104-7773
9982195944
(428) 024 1374
416-778-4624
(242) 406 7588
(111) 865 8285
285-984-0603
(861) 080 7473
(343)(344)(9071)
5914227959
(137)(995)(5136)
955-938-1442
(682)(197)(1487)
2015384690
(103)(323)(7050)
2003282756
(263) 957 9194
9113708920
(858) 620 8574
4737418399
974-640-8119
2336156098
4197263553
(170)(154)(5997)
7450558295
546-775-1718
5937830198
445-546-6130
(124)(841)(8663)
(655) 880 5907
(672) 201 4788
5788909581
3529553992
823-690-2540
(956)(020)(2355)
(245) 088 0542
(901)(098)(0980)
214-572-1071
2400567347
8973974817
(812)(866)(9577)
424-085-6557
1999715559
3877185682
(924) 423 9801
(189)(496)(0806)
7925918729
6756182798
0289965310
797-675-2772
9219663827
1454640702
(166)(305)(8759)
5546948740
(830) 302 8792
(186)(590)(5986)
2744076181
725-479-7028
(740)(718)(7396)
(582) 637 1421
7553542019
268-413-8847
9280640651
(811)(237)(9263)
(686)(006)(2002)
1873903868
888-792-5867
(784) 986 8262
8647184694
(170) 575 2134
(854) 118 7737
(492)(427)(2008)
(240) 994 5208
8179529263
7776609122
2759006836
(444)(292)(6018)
9707916195
5047464669
6020946477
(867)(956)(9689)
5903282819
(070)(397)(9723)
3303427843
088-957-1061
219-620-8094
237-632-1135
303-117-3007
(373)(937)(6909)
620-210-7684
324-297-1996
090-211-8753
(409) 140 9349
(031)(805)(0157)
(681)(908)(3519)
(409) 353 0040
3500269982
7378998427
(863) 527 2875
120-133-9311
(867)(896)(1940)
2436267396
(683) 357 1465
(564)(940)(3172)
(569)(720)(7059)
1608583889
(505)(799)(0239)
8695855611
(265)(528)(1458)
9688857777
(566) 939 3668
5157157827
3260766420
277-863-2792
(029)(125)(7284)
689-056-4754
8462051883
(666) 575 9028
(759)(628)(4424)
(443) 503 4851
(595)(848)(6187)
(961)(790)(0803)
2714604241
(136) 501 4250
563-916-1727
831-443-3445
7622161305
(186) 418 8786
6271193992
(134)(575)(1933)
1558081894
5594629762
(738) 739 5212
(265)(098)(5200)
8090650764
(416)(323)(8653)
(383) 326 0001
(252)(567)(7964)
7421724347
(720)(574)(0676)
133-086-2982
993-195-9781
943-660-9855
(851) 543 1502
6302441497
6264912616
0596042754
(841) 165 0869
0393822347
2578729086
(464) 029 9106
(359)(961)(9138)
(326)(120)(3526)
(066)(554)(7509)
6959163341
0525995241
6182698663
6895253468
(503)(662)(2093)
(151)(800)(7416)
2223709359
(687) 141 0513
9488160747
(300)(523)(7642)
(088)(585)(7216)
8930739604
(630) 413 3988
6336403357
(486)(225)(3636)
031-183-7950
0360516414
(710)(416)(4360)
(227) 686 2919
(209) 575 4155
(682)(704)(8849)
(743) 612 5404
8688451223
(523) 880 4357
4814379268
123-758-1100
(801) 577 7701
7790510644
3189738385
687-129-5049
(164)(956)(5404)
1228256123
(704) 130 5435
317-656-0178
5008099157
9441465628
5185381616
3406127538
1812429127
2184341895
987-952-2814
6180279190
(292)(771)(3513)
(624) 803 5449
2682163641
(106) 759 9294
2984458741
(480) 909 3202
(410) 197 8431
(148)(142)(2341)
2065674729
(665)(510)(3132)
6648047063
1201637226
125-392-3284
0872009059
(921) 011 1614
(973) 463 3841
1910677642
(925)(198)(8051)
5756087133
1114391821
4888802114
3388449431
958-761-4123
4705776895
0736201874
9232671045
0571758224
034-249-0332
146-736-5819
6976817263
3718178690
0620104941
(019) 948 5415
6928972702
6066087054
6618221560
(142)(409)(5637)
(452)(923)(5147)
6028562616
(883)(023)(6251)
(888)(677)(8719)
712-350-9741
(326)(563)(1328)
238-480-1025
(768)(736)(1506)
3363864901
3703714992
1122130179
9470968508
(746) 459 1813
(870)(892)(4403)
562-470-3141
(787) 563 8907
248-859-9665
4107717395
(444) 489 8855
9583308996
(075) 272 8628
6591775532
4899912179
6172444654
113-948-4142
412-542-1272
0930835015
5015089726
644-574-9766
0410231474
5954280168
(135)(588)(9201)
(353)(902)(8725)
(194)(101)(9741)
(081) 733 4637
7183608599
(637) 056 4922
(716) 530 2176
(053) 768 3090
8411736506
4991806453
(705) 210 3178
5650994194
840-782-7204
(704)(470)(8842)
4023275089
8717022518
332-540-6043
(239)(098)(4626)
791-617-4838
7966985399
(527) 049 2182
(251) 937 1171
167-476-5955
(103) 461 3029
(332)(228)(8113)
(896)(681)(9393)
2736853348
017-119-3498
(006) 845 6158
(930) 393 5318
282-117-1558
880-260-8656
9024013713
826-891-9448
(417) 251 9588
5020535981
(111) 014 7872
(960) 909 5216
(232)(005)(7678)
(836)(826)(1367)
6037160110
150-410-0438
4609301038
419-849-9406
7369172720
(370) 111 6245
2342371789
(479)(267)(2572)
(411)(643)(3483)
4980075988
(047) 119 6012
8501171207
085-785-8055
060-010-1583
415-065-3305
8915083216
(324) 692 3512
354-703-0971
158-119-2534
010-095-5754
0766920762
6615593798
(838)(325)(8057)
6913695694
(078)(383)(2326)
6130558416
3063965913
934-793-1860
(515)(237)(8540)
8716968016
057-102-3504
2226037893
495-398-2565
520-526-1680
(318) 206 9678
(806) 480 7806
(958) 129 5406
6162456852
(859) 314 5631
5382551581
(062)(806)(3563)
(557)(198)(2230)
3849133644
(243) 030 1753
(325) 907 9486
758-194-4037
(576)(200)(5176)
9660475321
0509999708
(646)(901)(4271)
(976) 905 9303
831-822-6221
4004983907
(729)(739)(9969)
2892622855
(902) 967 3855
7345754253
744-651-0069
(806) 894 0846
(128) 100 0202
9735338881
7745353772
5297167259
(164)(801)(9496)
6937879703
8377569672
6163895599
(577)(718)(0696)
(497) 425 0775
2244899342
1405420485
742-244-9375
3667041061
1019204150
6903750283
(856) 981 7538
(224) 399 7957
899-347-5293
5736655731
6941905857
083-591-5379
1711673167
(798) 164 1083
5279705146
1385973405
3633585856
5557772387
(248)(426)(5786)
(222) 198 8965
9422249844
8409427471
(000) 697 0713
747-255-9011
053-602-1041
6503845477
(687)(985)(6461)
0031307111
(489)(268)(3614)
5818103846
(998)(101)(4295)
(205)(750)(1059)
(752) 353 0191
2291110000
(455)(213)(0090)
165-468-9101
(656) 323 4339
(985)(058)(4167)
9231986883
9824899813
(449)(571)(0929)
(910)(311)(0248)
9850925456
4522568738
2592738939
(994)(898)(1338)
8807524203
(007)(116)(4430)
0430986416
761-434-7445
0990288678
0605210448
0021413081
(881)(128)(4629)
0183869579
9732757114
(525) 037 0778
9346229220
3025616050
853-538-9646
9996794772
234-881-6355
0145420656
(211) 124 5278
1722656912
1545071662
(362)(977)(3757)
746-052-7844
8293942817
9618790815
(497) 864 4548
992-588-3277
3476628129
182-238-5729
(947) 145 0020
7901926190
(155)(119)(1902)
(829)(705)(9455)
588-303-5527
4508133322
(988)(934)(4259)
(302) 643 6885
(601) 874 6216
576-436-1567
4925283104
612-434-0268
122-738-6195
450-178-3462
1274252577
3271325921
6997939293
(978) 817 8358
(455)(100)(5359)
208-389-9983
970-148-0590
4392678547
(846) 523 8641
7295220100
242-202-7648
595-101-2276
(715) 814 2298
0626294960
1705743587
(670)(704)(6027)
4523271714
5732412216
(008)(216)(3425)
4380414165
0862348589
1623401465
(325) 827 7174
(983) 123 0507
(100) 097 1582
744-289-5551
151-074-2020
589-417-6305
(434)(904)(4798)
(374) 390 4697
0177400230
(853)(422)(0389)
0226703883
(273)(171)(8390)
3471589850
626-597-6191
(562)(961)(2621)
(391)(171)(6403)
(350)(924)(6589)
(347)(992)(6534)
4991483895
(824) 996 6226
(206) 834 2671
(359)(992)(5032)
(424) 647 8428
7629351868
8943271364
4415329628
8800652198
8605925581
(034) 025 2698
(909) 950 7597
2028716093
4728695934
(755)(486)(6140)
(013)(460)(6555)
7364480570
(464)(985)(9924)
460-832-5025
3808016531
(378)(356)(7705)
6172736577
2980809494
(119)(115)(9334)
7919049213
3048873320
(187) 538 7069
(869)(964)(8570)
5816217400
(886)(714)(2689)
3078835650
4231161658
6652180289
9900924944
5895923646
(274)(587)(1476)
(033)(005)(3803)
113-896-8451
(682)(626)(2792)
055-345-0949
(017) 422 8569
898-781-9554
7038004283
3037939008
4794215243
497-980-5314
9540753363
495-085-5393
(972) 524 1469
(777)(605)(1019)
007-184-7220
4097200174
(768) 855 1493
1080817525
(890)(303)(3998)
272-309-0578
(883)(618)(4923)
(137)(878)(8611)
9791802763
4575906639
(952)(769)(2441)
453-301-6230
(160)(303)(7320)
8823227752
(567) 562 3006
9912032676
5746342322
(025) 231 9832
044-382-9665
(519) 569 1358
5910840018
(006) 359 5577
(853)(736)(5353)
(630)(642)(7592)
(858)(498)(5494)
(628)(463)(3507)
(931) 757 7221
3054439440
(988) 128 5826
615-357-8688
615-659-9164
(791) 607 7934
(369)(470)(3424)
2496731348
324-902-7637
7203151095
(090) 943 9629
386-415-0471
127-239-8851
351-742-1462
0627770011
6584043059
4068364247
(325)(756)(9786)
512-881-5704
507-116-2246
(260) 534 0813
(599) 902 2323
1167566075
7529352338
(495)(322)(2446)
6141367865
037-414-2332
2891721259
2678110460
(579)(832)(5431)
(058) 704 2365
(805) 324 0921
(214)(668)(3567)
7477707553
0038295307
(076)(583)(1815)
9226473254
3708572187
4903407447
1174635137
2354445931
(837) 496 0477
3692506725
727-705-7877
(514)(193)(9146)
(961) 904 5546
2254401876
(585) 491 4051
(869)(490)(7045)
646-633-6987
5722136164
026-540-6160
8677006163
(066) 963 9286
4634548552
634-132-2563
(347) 534 9356
(336)(301)(4843)
604-855-7304
(317) 859 4262
9365516159
4657314250
3140398489
9474629517
4854067632
(418)(448)(7332)
8445848733
024-789-5042
(269) 540 3620
(221)(354)(9478)
3158184271
2402344850
363-600-9713
282-762-4997
8175550047
(129) 009 2382
4564380476
975-758-9426
4647056008
0919628979
6397992140
5878820531
6268650129
3357999543
1259802824
9879177795
738-644-6551
8198755557
3287280015
(214)(901)(7791)
(945) 182 0967
971-469-0501
779-140-8156
842-763-4576
8311353789
(212)(581)(7379)
(014)(919)(1894)
(654)(888)(5794)
(099) 958 6884
(716) 688 2397
(179)(599)(1984)
894-601-6091
555-178-9443
(262)(921)(3596)
7875281229
(105)(948)(0632)
8366914296
(259) 207 0971
(540) 224 1999
9633627486
(820) 775 6235
212-198-4299
(013) 929 1231
8777134466
(846) 853 3696
4090362997
3713329926
309-977-3888
(570) 264 2129
1175323408
7865978429
(232) 495 2302
5123060052
3536627056
5082198276
(443)(208)(9739)
(237) 847 3404
056-154-0255
859-822-6319
486-547-7045
096-251-0502
7203458883
9492813865
0332481861
085-118-6319
6544638377
(937)(399)(6793)
(813) 942 6162
(043)(584)(5551)
(643)(512)(6996)
8852712163
(583) 018 5357
(950)(927)(5396)
3159473886
7331391559
951-685-2120
9955965114
6537124420
(481)(996)(2480)
(540) 330 0893
6385803178
(881)(862)(8365)
4960693254
(870) 914 6665
6000164043
4853309333
3368179431
(252)(663)(8150)
1586833683
609-808-5248
1183923382
0149905904
1441586253
(639) 397 8797
(600)(322)(8655)
7015315475
8675763591
2133425604
033-292-3032
2487685459
(229)(679)(5987)
(028) 980 6799
703-096-3514
981-517-0647
2324720735
961-381-3176
803-834-3099
(973) 519 3745
149-763-8904
(537)(737)(8530)
383-419-8154
2641302559
018-981-6216
(430) 906 7861
(067) 724 2233
(653)(569)(5407)
923-216-8765
(546) 408 3763
(298) 403 5403
(348) 942 8561
(966) 906 6750
3772070091
8538246596
263-234-5624
(879)(747)(3467)
671-858-8374
3307745660
(067) 614 0065
(485)(531)(3946)
(252) 801 5606
1075025908
311-269-9773
(926) 801 4003
6055141829
4328380140
8635086129
(458)(797)(0737)
6370502677
(383)(251)(4279)
(378) 833 6889
(179) 241 5189
(155) 563 6487
3049591723
564-524-4632
(172) 829 7127
(449) 417 9518
(030)(991)(8746)
8104251245
278-738-3695
6082395415
(617) 417 3716
512-865-0616
(906) 158 8806
(297)(902)(7445)
1103581863
0414392364
6770756976
074-378-1361
0244167179
9357177293
(890)(548)(2370)
(857) 464 5267
5652983942
2219153772
2099758136
7671707836
6999537497
3479584607
4192733558
(998) 442 1340
(325)(575)(7860)
(563)(778)(5391)
(121) 641 7494
0957091725
8406414230
(571) 342 9998
0902356564
0386867402
025-021-9701
0182145573
2471081912
8841326989
0651798479
(175) 561 9559
073-571-3060
504-891-9876
(758)(508)(7402)
(684)(455)(0106)
(716) 682 1869
5021161372
695-952-6065
(974)(673)(6288)
(074) 165 3345
6400295490
2772835740
4943620054
(615)(242)(3602)
(023)(927)(5843)
603-557-6445
(991)(338)(3522)
1280921373
(349) 042 6324
4296023174
816-762-4552
0582991184
6719905203
(707) 078 9345
5348978662
535-712-5677
(216)(992)(8242)
8897472995
5364477282
7669521990
0346845111
7229992172
(068)(871)(8143)
646-254-1787
4264865932
0349954378
(643) 354 0204
(549)(933)(0746)
204-943-0645
838-373-9087
265-991-5514
7924223441
(321) 318 4534
0467838969
7894068874
1192248951
(525) 618 1057
283-436-0595
1282849256
(450) 584 8147
9762892698
069-855-3645
3618779384
(522)(233)(9623)
(168) 093 2407
231-489-1066
9264546446
6761605577
5482406994
7800608317
(157)(589)(5000)
285-371-0290
886-295-3535
(561)(631)(4576)
094-599-1748
(996) 793 8505
(728) 283 6810
(069) 462 9768
1563593216
(775) 911 0833
(390) 667 0390
(376)(284)(7444)
784-005-9799
4754524922
9385953780
(888) 448 6864
3946876616
8891720091
7807991755
049-269-3371
(266)(764)(1108)
1220842294
4561768204
012-614-3935
(336) 332 7469
653-620-6500
(163) 363 8550
(984)(004)(3855)
6102437208
1148195007
507-417-7888
8760400916
1986963308
(846)(806)(2969)
5299304564
(385) 875 0174
0744196566
956-767-9693
6866018095
9074739337
(533) 502 0460
172-062-7815
3694085575
358-869-0395
894-046-3235
3209275216
8966429268
(070) 512 7446
(798)(861)(2846)
(191)(564)(6079)
(309) 914 2363
(206)(300)(9891)
8179514174
684-633-1833
3844065122
(694)(628)(5224)
7369474975
(185)(477)(6701)
6586535171
5132186448
(882)(297)(1083)
860-583-5414
(169)(357)(1435)
(976)(194)(5915)
(639)(732)(2572)
1616890720
(844) 445 6571
(734) 920 8960
872-841-1593
(492) 960 3640
7540128762
7081526386
2752840627
(111) 119 4321
(632)(073)(3731)
492-430-0427
(581)(588)(3465)
4717738971
2368441539
(398) 238 6586
5082897667
840-241-9815
294-128-9945
549-234-7589
4151415934
1772810346
(595)(675)(7463)
841-518-7166
(827) 634 4268
6143649168
(679) 340 5569
2030813059
077-097-7544
7427213699
(640)(410)(2593)
306-322-8062
(110) 260 8056
086-871-6766
4856243418
8301583367
(618)(823)(8063)
3668769362
(282)(269)(7356)
5793018136
4675698495
2305295965
277-855-4455
(961)(425)(9101)
2443459688
(086)(920)(5942)
(953)(707)(1721)
(327)(034)(2816)
(797)(853)(0903)
8130186684
4243484214
0780137021
8922274878
3361229668
(637)(000)(4296)
1343998706
988-547-6385
(688) 357 9524
(473) 969 9451
9547693266
(131) 025 6652
(468) 418 7002
(565)(543)(2171)
4478664886
(414) 693 2571
(524) 005 9913
3730154889
1674157577
8925557825
(744) 339 8443
(452) 606 1075
1474293139
830-725-6033
6338462090
(342)(230)(6169)
689-103-1108
7012022812
4528258677
(208)(522)(4652)
(524) 099 6499
7241231269
(506) 551 2757
(157)(530)(4214)
2663194719
(534) 398 7136
307-425-2865
5854285970
0349822759
019-815-4287
7486372668
(193) 673 2045
6280561317
5654371769
(023)(112)(6645)
7463392323
9397068173
629-038-1894
3429353295
099-054-3882
192-372-8855
216-647-0374
695-115-2656
8715707029
017-355-1175
(966)(913)(1081)
2249032399
(878)(081)(2935)
(883)(507)(9254)
(195) 965 5783
059-858-2584
(451) 918 1868
469-865-3402
(991)(722)(9171)
(901) 757 4441
1058207865
5955851630
2743320556
(375)(958)(8606)
(407) 832 9135
729-198-2313
7098066140
(151) 379 5346
659-825-2923
(299)(876)(9227)
2532791017
9934680338
370-489-7582
(338)(562)(8648)
5015442952
(763)(937)(1440)
208-394-3019
9150667166
(177) 886 9859
(528)(328)(0993)
503-294-0503
177-029-9269
659-612-3146
3426913170
(525) 548 3354
9010309972
8969582756
352-126-6784
8179182434
(148)(357)(4135)
(621) 638 6470
7218184398
1141608327
996-096-1050
(116) 783 9097
(599) 358 0439
