841-734-4880
(585)(535)(6861)
683-641-0622
4010064157
733-058-9110
460-416-6223
3102649607
883-455-4624
(078) 929 6321
4526296433
2195731176
(593)(688)(4460)
(523)(612)(0912)
6147383728
(084) 943 9718
6545029671
(820)(693)(2241)
0398035469
(616) 614 2039
(454) 229 4791
4157574845
8374114139
3761956182
(395) 231 0499
(388) 603 7495
(003)(351)(5087)
4133287472
(522)(796)(4737)
(146) 024 2224
127-977-4030
(828) 074 0079
295-903-9087
402-759-8662
4817049781
7374479044
(144) 421 4221
(205) 211 1967
5579226047
(769) 596 8002
757-749-0946
6379562656
(015)(813)(2121)
7799189687
4722471665
(523) 699 5997
(554)(239)(4691)
5061666991
(198)(976)(4652)
(832) 847 7346
4671977348
0302616417
(537)(772)(6668)
(476) 256 0209
4561375143
(600) 938 7613
(077)(944)(6371)
(178)(791)(5787)
916-605-6261
2321995450
3632730420
545-367-4323
(224) 551 0234
8865885025
1190234756
(176)(312)(7206)
133-891-8178
1687831921
(095) 439 5281
6090820075
412-926-6494
5026402010
1104583887
8915087946
7373416219
862-903-7653
(351)(735)(9581)
3037904825
(197) 859 1385
4528512114
(052)(784)(6540)
(325)(155)(9937)
3308988918
7538198535
7744994028
7472208372
4226647013
947-629-3569
(017) 536 1828
444-879-9413
206-848-7849
(904) 635 2794
(626)(072)(2601)
3917565254
(746) 652 4148
(950) 169 6875
532-264-8385
9584354816
(775) 446 7230
(667) 103 0531
2214105167
(559)(886)(5243)
(882) 607 6052
(892) 173 8037
3648008234
(197)(215)(9325)
3496882624
5646183592
672-263-8345
4303661009
1056037434
3515469979
8973157356
240-069-1798
2482212332
(889)(082)(7945)
(794)(156)(4137)
2906836308
714-493-5955
(968)(601)(3202)
454-951-5096
(284)(162)(2785)
7630931473
891-049-4050
3558101079
578-536-8909
(303) 951 8121
2496803156
(351) 609 6478
5362403903
5254545505
(527) 381 8920
(829)(797)(6541)
(649) 775 9445
(690)(060)(4265)
297-804-7402
4624987096
8518933417
5715700234
244-366-4456
9198377814
137-075-1500
(626)(482)(7612)
1640908789
(806)(610)(3689)
671-500-4178
8677106528
(958)(531)(9240)
8074047856
(678) 816 8612
527-654-6959
(460) 611 7739
8969496246
1722909594
(449) 055 1503
(162)(097)(4055)
(097) 287 6951
(723)(967)(9061)
982-553-9397
4840097096
6693568419
700-694-1339
678-395-3108
(274) 635 7374
(666)(472)(6090)
6075203683
477-698-4602
2276959551
4253714592
792-336-5379
(513) 803 4998
316-609-1172
349-120-6897
7807293000
3174341513
292-899-7754
3039064606
(240) 467 5838
(185)(201)(9751)
(097)(888)(3292)
269-458-4664
(027) 712 0449
2242930695
(702)(218)(5056)
2945777376
(229) 427 4266
(983) 716 3540
(801) 945 6750
6792962243
612-880-4169
3376737868
(917)(222)(8639)
2945709631
(972)(964)(5759)
(969)(941)(8742)
037-939-7850
4722675498
6676643312
862-688-6590
1632899446
5506281995
822-753-3361
(059)(958)(1560)
(942) 765 2243
2363226937
(641) 830 1297
(908)(718)(4650)
(846) 977 7343
5695912165
(680)(109)(5018)
902-177-2972
(315) 864 3693
7664174354
8349601865
7797299471
974-800-1496
(375) 581 2857
429-928-9200
1043689947
3726008587
(846) 971 3120
2655891360
7464030884
(576) 742 1616
378-508-5847
(411)(000)(1040)
(385)(968)(0794)
(694) 206 6344
(942)(605)(9554)
(443)(106)(0510)
(978)(890)(1453)
7328988546
623-315-5640
529-402-1618
2786403133
9695359639
(538)(284)(6916)
(325)(594)(5476)
912-124-3196
(415)(088)(4962)
7579389266
(497)(056)(5810)
4874847510
824-977-9946
(630)(629)(8536)
(056) 713 2276
8255700442
(810) 829 6716
0706363996
125-003-4636
696-278-6121
2641623688
2650475650
0815147506
(235)(544)(6055)
6353451073
3134277563
(350) 926 5599
(495) 069 6403
647-114-9586
(626)(007)(1166)
816-881-2061
(394) 781 2723
(767)(764)(1000)
4959674172
8897152617
072-265-1995
(063) 434 4088
(765)(431)(4916)
(536) 247 0389
785-882-0530
(230)(462)(8028)
2384923613
186-664-6904
735-465-9971
(912)(209)(4595)
(955) 447 7225
640-586-6872
(513) 222 0087
(045)(019)(0542)
914-937-1313
5920412456
(026)(946)(6769)
(637)(670)(2452)
(742)(994)(3828)
8988768473
037-380-8979
649-786-1070
052-388-2899
647-935-6604
(207)(461)(5433)
(257)(984)(7836)
8221854718
9533857661
(315)(008)(8039)
551-707-7786
(834) 300 8562
(058) 969 5012
571-592-8197
9711322271
(788)(051)(7788)
131-761-0795
665-069-6270
4530456296
(474)(864)(9931)
3924401331
845-867-2186
(679) 618 9236
(867)(814)(7124)
0815694630
3284818586
0536217485
0738419989
147-364-9960
874-164-5943
(363) 136 1601
(357)(068)(0276)
(801)(105)(4870)
9044334502
1379522544
(540) 634 5614
(174) 799 7969
9097688225
(320) 829 8468
9013504789
(229) 529 4112
662-742-8303
672-005-6709
1008170955
5650715428
4174882492
7314250874
599-893-8190
5757529397
9952491705
(084)(679)(5796)
0719208261
127-460-3201
5281743883
(968) 129 0066
0015409141
1127011718
(439)(198)(1141)
8455209402
4839418694
(461)(621)(0843)
(166) 464 3888
6260299166
899-808-2442
4946993918
(368) 541 1320
332-774-3936
1247457776
0125566373
973-508-4622
941-290-1416
(594) 034 9543
(271)(627)(2327)
(750) 538 1282
7056878352
7683031879
6034597774
(728) 967 7043
(947)(133)(9684)
297-150-5745
(455)(144)(0413)
(995) 699 8646
(425)(465)(1835)
124-067-1475
804-923-4946
930-229-5812
(888) 412 4457
(475) 140 3364
6954655099
1151032655
778-674-8721
0982485940
5521907109
(904) 331 2182
5317093120
(385)(449)(7518)
4900850868
(865) 545 0406
6623286285
(280) 695 6959
2591456018
4845157845
(902) 526 2570
(773) 516 1734
2474200108
(165) 647 8978
266-894-4011
3385556517
(914) 566 7801
0815409224
1661410075
(512) 120 4894
(527) 162 0309
8724515826
101-064-6254
9636823483
(628)(901)(8545)
2390076350
8983737543
746-681-6327
(530)(526)(0248)
(560)(633)(8094)
5648547783
7450284921
(780) 431 9305
689-095-7987
(654) 776 6611
586-047-5538
102-450-3701
7509970695
(322) 031 7159
952-529-7115
7869958993
7863849823
(092) 200 7450
(883) 967 6676
4393251133
(796) 035 6065
0040575761
2711141697
(666)(968)(9141)
3772741681
372-560-9900
8149505779
9003387217
5841451930
2598970074
6777874793
(694) 355 2132
(185)(429)(8406)
(670) 541 4310
0581812134
8492380423
(165) 411 3100
(832) 227 7298
0717967622
387-137-7315
(416) 571 2978
(115) 630 1292
6234895428
6704723930
(710)(786)(4338)
1359044878
6268542463
904-891-0172
7069514911
8528331813
(337)(303)(4425)
(212) 372 3589
086-136-6781
8344326189
(824)(283)(4256)
5332722337
(629)(005)(0368)
(530)(756)(3398)
(730)(069)(1949)
(668)(370)(8095)
(906) 171 8254
893-256-8542
6782837421
7997156267
0656164296
(148) 810 6956
9521129323
(814) 370 5260
(607) 733 8894
366-676-9333
8975856608
(063)(038)(6536)
(026)(420)(8715)
9478669387
078-928-6224
(936)(975)(5117)
6506651783
(714) 808 5727
6267906822
648-477-7395
(129)(471)(6524)
845-273-0102
1621356405
8485006148
5775062473
(390)(949)(7448)
(675)(680)(8974)
5488133645
1893985446
200-628-3310
(077) 740 6354
760-142-9084
4098608086
3846410849
9201851599
(495) 084 1597
(347)(034)(5391)
9357456771
176-116-2756
2170091254
1405970021
8793034860
800-141-0944
(058) 362 3879
041-286-4941
7194503266
582-937-7884
4660320517
(284) 551 0977
602-087-3399
(952) 779 0109
8534872816
2482000755
(465)(445)(5490)
(611)(829)(3833)
4181543864
6547809654
9501333148
0773655875
(452) 397 4254
(631) 396 1822
016-274-9816
8698273282
(054) 242 7611
951-176-2790
704-153-6074
(809)(853)(7897)
2677769914
4489475328
(820)(492)(0583)
0046698371
2554156727
(253) 252 8436
683-712-3429
(001) 852 1670
888-688-2820
8010713080
383-563-1913
8254792379
(081)(918)(6748)
5530405267
1537714140
(943)(619)(7266)
(764)(279)(9152)
4482498768
(482)(385)(3973)
073-280-3874
(023)(457)(8891)
1576776701
0876264130
(664)(189)(0717)
6491997702
(596) 706 8096
(976)(728)(3704)
(116)(918)(0012)
554-593-8733
724-008-5394
(463)(782)(6582)
7122380566
(916) 043 5551
(784)(332)(5245)
(266) 841 5373
(357) 571 1321
(222)(173)(5670)
291-495-6841
500-147-2671
(910) 971 8936
(979)(824)(6731)
(005)(300)(3853)
(142) 681 0835
6729432115
(683) 320 5151
(714) 776 4532
(770) 755 9646
506-409-2917
(734)(054)(4130)
834-124-5446
(945) 773 6132
(318)(909)(5457)
(186)(539)(1934)
1628887444
7376466057
282-066-0218
435-838-6859
(723) 601 1677
490-064-7692
4081187879
(618) 154 9649
354-300-5875
(033)(506)(8921)
563-049-8327
(183)(490)(9469)
(236)(581)(7553)
(494) 347 9601
4724368764
6723410314
(420)(575)(6534)
(240)(447)(4839)
157-395-3137
3073559337
(022)(105)(8479)
6578445521
836-514-3508
(965)(367)(0928)
5497854743
3626627405
2131501868
7621429607
471-413-7581
065-478-4244
3709534995
4676430861
(888)(869)(3233)
6455300853
0144351074
888-599-8309
(390) 523 3659
(733)(271)(3408)
1854111497
844-296-0003
706-305-4149
(674)(275)(6402)
0107401649
6905091869
351-269-3921
9822851233
4873831643
3490539964
170-716-3141
2139193017
(548)(517)(5927)
(939)(412)(5348)
(907) 098 1694
2472831566
(185)(288)(9266)
(976) 550 6020
(963)(330)(5729)
(784) 326 1164
(546)(426)(5896)
554-586-3685
3036954852
0407292068
676-832-2030
(654) 929 7733
(075)(581)(2500)
2288152265
8289936927
7650963385
(490) 143 1397
8868177644
(505)(483)(0050)
869-390-3506
213-738-9640
4357129216
121-864-2334
886-509-8524
1977611694
2094259994
6346482911
(823) 949 8863
7469507630
(686) 063 1325
(766) 480 2442
(694)(271)(8082)
0112735628
(017) 475 2969
8852273919
8227981169
5444538221
9843706958
609-331-0581
3747134095
1459888726
9095733653
9366406057
(032)(902)(8435)
2832650773
(248) 022 9178
(826)(785)(2037)
(230) 168 1681
0183431844
3610557486
8496485935
(238)(748)(2188)
(561)(334)(9619)
(392)(063)(2769)
(896)(405)(7101)
(070) 336 7181
844-053-1952
316-413-2047
410-873-7946
(419) 673 2746
8412650456
2861173963
(190)(511)(8331)
(922) 577 3932
(943)(525)(1891)
(793) 436 5361
280-777-1332
(926) 004 1413
687-059-3550
9234997814
(446) 821 2873
038-184-4035
(852) 652 8687
103-196-0893
6370858667
(852)(341)(4934)
(919)(731)(3005)
2834609703
532-627-4142
(705) 219 0125
5897561441
316-955-8293
2278527317
7539151071
6262723000
9165348111
(537)(510)(7248)
9473625796
(421) 939 4021
(035)(101)(0865)
(933) 074 0027
(013)(333)(4190)
863-101-8225
(606) 545 8803
(297)(112)(9294)
9886613131
(312)(039)(3537)
0374466647
(178)(987)(8702)
6643617858
7308735191
4310114475
7435768373
(963) 395 4841
4125722574
6528948023
9001610259
(119)(228)(9718)
398-881-6646
(685) 376 4856
9238641830
2359271442
(455)(921)(2096)
(839) 282 0236
3026181149
(584)(721)(5465)
0210966665
(922) 132 7805
542-576-7248
778-794-7784
(633)(358)(5843)
775-923-1484
(187) 436 8357
(541)(697)(5283)
620-859-9472
(189) 750 1441
2058680284
285-695-7437
3973769889
7493590234
476-598-5637
5841434927
337-115-5253
(954) 245 5216
1658140435
7680936387
(468)(295)(7686)
(699)(221)(3317)
4972135213
(672) 666 4020
(952)(576)(4099)
(370)(724)(0173)
(950) 965 8232
517-617-6228
8973654361
5477986387
(794)(789)(8162)
4748995784
7327127879
4197824521
(891)(156)(2411)
114-984-1209
(061) 501 6511
(723)(444)(9874)
(913)(129)(1749)
(900)(812)(1348)
7429290438
(112)(481)(6950)
(950)(415)(7485)
4144494451
515-129-7310
559-973-1918
(983)(483)(9774)
7868175364
8047874909
931-067-0124
(411)(440)(5684)
3787796458
(255)(752)(4358)
585-549-8260
9550145991
0193148559
7268070496
419-796-8274
6950537117
(011) 078 3846
(359) 385 9447
630-438-2046
5329786158
(546)(661)(1520)
(550) 462 8562
(876)(221)(9116)
7963811485
(981)(437)(3241)
6719149535
0652106689
(334) 288 7630
(664) 919 4516
381-739-7609
374-549-3532
7747530979
1882648909
(128)(455)(0429)
(926) 651 5394
(191)(038)(6435)
875-692-7077
(646) 706 0070
3263352429
287-674-2861
1463934988
(095) 931 5368
2321100469
0590735070
(363)(472)(5542)
(815) 988 2427
(963)(519)(2284)
3508868009
(603) 731 4943
7435773495
4157024588
(994)(636)(2414)
0027346187
(575) 116 4915
7310789349
(614) 325 5382
(415)(246)(8848)
0034826956
7556400137
395-424-6575
(719)(960)(8071)
6433221864
(450) 109 7228
025-950-1897
907-106-5054
7464226090
(602) 743 5672
712-540-4578
943-430-1024
(626)(144)(0838)
(309)(404)(4909)
6414619352
9522297956
5121797818
477-151-8025
4480911854
4288835194
(567)(547)(4323)
341-281-6208
(032) 475 7201
(417)(601)(5065)
(494)(660)(3612)
4951748830
1199957511
2059194215
2986891488
6878161360
509-989-7747
(342)(134)(4608)
3004363049
(214)(199)(1060)
6947593945
(874) 353 9485
(218)(097)(2384)
7154074169
425-416-2097
(663) 753 8466
1648444231
(251)(346)(7888)
792-032-6333
(170) 024 3194
(334)(478)(9862)
(551)(843)(4585)
5463495101
5568501842
713-041-3668
(926) 887 8338
(373)(006)(9154)
1236687449
(243) 548 7302
(181)(553)(7808)
714-996-0698
490-531-6523
(010) 791 4639
9394143085
0479238809
(129) 070 6276
839-477-4064
587-102-5650
6967730715
9429361651
461-271-5393
215-746-1602
090-028-1097
346-855-7822
507-903-4599
3508087143
2004649264
(459) 789 0443
7749104556
2534797370
5402978559
(227) 934 6193
(200) 235 1243
7158028466
356-576-5838
1288834608
9854119846
(100) 928 0777
351-982-6435
(241)(133)(3777)
0838482619
756-026-9556
(138)(430)(2663)
(641)(369)(7513)
(011) 282 5231
(570) 626 3199
0739313069
(334)(327)(7093)
7463910188
(834)(037)(4916)
3140019774
4865760877
7925264424
6381561510
1365072146
2020603444
4491376148
0422070171
0263295029
7587514404
9079556623
234-631-3624
6193291856
(408)(277)(7094)
6449289728
987-692-0996
(084)(062)(0517)
5938113562
896-518-6236
(371) 725 7946
(894)(056)(5766)
(121)(172)(4312)
(735)(593)(0663)
4840833318
888-238-1908
(410)(329)(9506)
564-785-6355
7487338870
9257083986
(112) 259 6744
6743969813
2872066613
365-996-6109
706-237-3640
8484785201
3237581678
9015058276
9913035605
4783718107
268-963-9513
5607245601
2786213584
7795321516
3680656140
6376274434
495-893-8515
(705)(534)(2027)
(058)(145)(0858)
(315) 033 6684
(576) 038 6322
066-499-6878
4421234228
(076)(372)(6384)
(008)(601)(2772)
5795251058
2036995507
7785966107
(612)(950)(4015)
4045763752
895-085-3450
5807908916
(141)(595)(4013)
5952443810
6006515250
339-738-2393
(255) 060 9162
(565)(559)(2541)
0221245401
231-442-2331
(935) 634 6818
429-304-9526
(928) 402 4670
2057444428
(154) 881 4289
(157)(005)(6767)
0139380145
(599) 113 1356
1879219154
084-414-4402
(967) 041 6153
8531184987
(925) 675 8259
773-876-5785
(392)(862)(9835)
9588985518
(373)(600)(0719)
7940026589
(934)(992)(3066)
(336) 337 1759
(798) 634 5825
395-704-7904
940-856-1302
0454933174
4706873729
0303985778
9458486264
5970016553
(954) 938 2075
6366952796
5241374540
(850) 931 8954
9188037789
7525904628
9908835475
(712)(713)(9551)
(359) 029 2452
(000)(310)(4870)
(428) 243 1079
(851) 503 6010
(298)(132)(3039)
0020859515
9509407200
1779813274
4817335911
719-877-4262
162-752-0961
(846) 108 4274
0007025211
483-984-4491
607-717-2841
2131230249
398-677-9913
(566) 400 8456
(752) 074 3054
0527533553
9515918954
5943185629
(516)(374)(2727)
225-626-5470
8629724665
(721) 319 2503
038-449-9629
056-203-4162
2756331433
(869)(739)(0466)
294-619-1410
7790570818
(382)(318)(2073)
3022860375
7164049833
8842549739
0855893726
010-821-2931
2932298810
239-277-2103
215-121-6818
212-910-4609
(479)(605)(7991)
2577502168
714-111-0820
9835910816
651-051-3115
159-486-1703
821-812-5452
569-634-5357
9211591741
8304790785
6996338169
880-099-5879
(590)(342)(6208)
558-806-9199
7360910757
223-831-1917
(290) 059 7805
2836272950
1302177237
599-686-1261
514-478-0680
4282646171
(537)(601)(1752)
9792311281
(039) 352 0880
(208) 238 4107
0125318997
748-121-2865
1944096416
(015) 828 0153
903-108-8467
(491) 412 4620
834-924-6045
(426)(392)(4215)
2001608200
949-047-8757
335-560-3720
9299947891
(112) 404 0701
4620247664
957-530-4334
5265502690
(310)(540)(7349)
2337941696
8560447363
9209982116
0769493933
671-151-5761
283-980-4577
0237744680
(170)(955)(5055)
(744)(566)(8510)
781-490-4894
0028591886
8424855220
3493921897
1103781141
807-169-3390
3155974159
2528879205
756-326-8863
(969)(185)(8226)
(228) 353 7770
8551214965
(209)(005)(8984)
7073089908
5051267398
(499)(607)(4175)
(035) 134 9709
868-365-4734
(246)(620)(5034)
699-269-3697
(156) 125 2713
(699) 431 0703
6609564349
(038)(363)(0991)
545-345-4572
733-081-6814
2382119625
2010222824
8802622093
(775) 310 8747
4043391872
(547)(911)(9577)
7258113932
5430452212
(656)(110)(3508)
9458442047
1934843081
2167251538
353-901-6186
7118522099
(297) 544 5503
969-642-3990
(808) 841 5638
(880) 460 8299
(063) 375 1288
(145)(968)(7286)
8383677335
8781429017
2541024289
349-684-6210
3032596120
5792234666
(604)(134)(7561)
1135342933
(521) 745 7862
3945336034
0046103605
2406278727
0541652907
416-625-5860
7075242847
(793)(432)(5433)
(077) 328 9381
4308721195
(986)(333)(5467)
9671966730
(953)(364)(0353)
6291854688
(443)(361)(9987)
218-190-4512
9839665905
6794647381
813-550-8818
5169400622
(129) 509 0822
(981)(111)(1873)
2218458609
4807660711
(452)(908)(3979)
(917) 162 0377
8795557307
(725) 389 4111
(970)(433)(5795)
(212)(752)(8123)
5537297216
1395983843
8185627769
(116) 791 0334
689-919-9496
(691)(352)(3513)
7589162304
6424327624
3238743646
1655685386
2789112705
(775)(017)(1669)
(194) 430 4083
4342584982
6478624534
(344) 771 5069
568-362-7998
(610) 043 0825
6731243498
(700) 308 1653
(104) 492 7946
742-873-1228
(243)(728)(7844)
977-331-6423
(546)(705)(9928)
(485) 443 2946
161-195-6359
(647)(403)(5062)
1576257816
0177734159
6508122876
0523310706
6416207949
5278848232
003-568-0301
8988306535
096-060-8461
4297698228
(334)(321)(3473)
313-978-8297
862-693-5185
009-012-9518
228-007-2424
7037828153
(158)(625)(0960)
0517632947
2426510332
3591970850
(789) 883 0229
(102) 792 9464
4793153487
(942) 746 1534
513-054-2347
(598)(637)(3084)
8425640992
(338)(685)(0119)
237-441-5851
(784)(975)(4236)
319-084-0964
(110)(526)(2356)
(750) 208 1032
(889)(304)(1262)
905-778-6251
3188040777
4273370093
6709011668
(789) 274 5332
9210283917
(839)(263)(9230)
(169)(039)(6841)
002-821-0563
(327)(631)(8363)
(544)(499)(8012)
(563) 437 4413
4950181444
3842191378
(932)(802)(4299)
9951743059
(913) 262 0503
(191) 590 9316
(548)(821)(2190)
9388693005
6796578494
(027)(973)(9754)
8666301116
9059035357
(629) 597 8818
(781) 284 9123
5219875448
(116) 595 9959
058-813-7947
4185594931
9071124121
(557) 419 0026
7289082780
(862) 531 3108
3232377908
3400235660
(608) 090 9437
(832) 994 1659
0129866209
403-463-5252
(897) 760 6775
(398)(975)(4792)
797-328-2372
9026107528
3837704033
(469) 507 4530
7893226290
884-532-4622
(206) 055 0059
6666675290
(341) 831 5117
8767806664
(818)(964)(7491)
4497559378
839-718-5011
(500) 987 4577
3599243363
7517211452
(500)(743)(9581)
(756) 688 3906
(073) 036 8112
4850116567
7029317033
(620)(222)(5261)
(382) 131 5133
7249440847
0583027064
(465)(510)(2068)
217-155-4991
(211) 604 7361
(842) 414 9076
2254880112
(774)(532)(6963)
(680) 898 6473
9519380195
(244)(178)(3104)
818-248-3476
6118158324
2495540615
(820) 621 3422
9706126672
5123890256
547-922-3212
(571)(519)(3367)
166-835-4433
(858) 710 0975
9243911869
(516)(045)(1219)
(774)(249)(7646)
(898) 157 6874
(481) 081 2539
(594) 472 5348
7927024785
(440) 936 9928
3465986616
8657646660
6286656192
2118034154
3777798916
(573) 844 8490
(009) 105 6008
7675555237
004-059-4410
(069)(447)(2130)
719-165-3077
581-129-5572
5115673873
118-773-5157
8681649805
7612575722
5566701167
792-673-1208
9303745233
(077)(266)(0893)
6957936769
3377985476
(272) 327 1730
(713) 086 5090
(146)(103)(3961)
(040) 103 3578
532-034-5410
(114)(657)(3210)
(363) 598 4499
379-290-0197
0693403454
(117)(460)(4254)
(068) 615 3598
505-522-8501
256-236-8181
8087322676
5183707900
1001240958
304-226-0080
094-753-2692
3177237861
(368)(452)(3855)
988-607-4365
777-663-5151
(709) 291 5522
0929835081
019-595-3796
702-890-0106
(256)(639)(2090)
(166) 327 8889
7052810753
277-902-2891
4835526036
1536600658
(722)(726)(4902)
(895) 361 8722
(108) 590 5601
2646557937
(585) 112 6619
7240274346
5580964689
(775) 338 3513
4328042810
(944) 247 0155
(412)(870)(4446)
(486)(852)(2517)
(710)(294)(2612)
675-619-9071
5286319475
(908)(144)(1041)
2780423155
(157)(988)(4107)
6068009600
(967) 406 5858
2466753126
7576266750
(903)(374)(9843)
3126927079
4335386208
2846024165
(322)(542)(9543)
(486)(196)(5557)
2515306077
7276252581
9940684021
(347) 415 3461
3265008794
(531)(207)(2370)
(204) 209 0538
1470518801
254-534-8678
7726696083
5433526412
2418083445
4068138378
(706) 426 0638
(326)(590)(8372)
466-511-1056
(076) 131 0089
8703328231
0141138433
812-577-0234
8508951034
7960013621
(863)(062)(7878)
(131)(047)(9941)
(379) 073 6936
0392753637
(053) 591 2782
0734425440
5633759228
(283)(424)(9551)
0225791961
274-998-2374
6174640232
459-146-9485
(810) 910 1816
191-586-8951
7133784851
2403486534
558-819-8945
0443257197
818-716-5964
(028)(669)(8478)
(659) 683 0730
1158098856
(640)(062)(9328)
2588133155
6126043664
2425805956
2195483984
(880) 328 5182
9643160146
977-086-0921
(964)(604)(4171)
(251) 203 9659
4466225853
5985142847
3163635243
(262)(647)(5400)
3438553207
717-624-5231
(694) 317 6018
9804926386
127-224-7518
059-143-3344
(571) 262 9400
061-085-0884
161-326-1989
881-395-8100
652-317-1090
802-374-2460
(758) 016 7624
6410811632
5201997209
2196297810
(962) 426 7382
0956620149
662-454-9184
198-337-1751
(269)(500)(3309)
(115)(778)(9647)
(285) 671 5750
0572228876
6210756696
(529)(090)(1972)
4021740076
(270) 980 7542
9987189613
4759241898
1189147488
199-091-5828
951-121-6494
(424) 457 5715
6152881680
402-519-4946
9612707100
2178383653
5465043895
7352699636
0062414900
8594345537
5768465295
281-606-6508
(688)(446)(8964)
9116848945
(625) 506 6583
340-122-0104
418-904-4041
(750) 472 7656
(143) 423 7409
035-823-5687
2346732928
424-932-3167
(009)(466)(7372)
(591)(903)(6572)
(396) 587 0637
(531)(758)(7921)
(135) 021 6801
(026) 845 8494
7664073620
7831975799
(149) 178 8561
9627621569
8667592478
799-398-7301
8183673649
(673)(837)(7874)
7899498317
2766324313
(495)(428)(2486)
1937563877
890-217-5043
347-997-2716
1340802565
785-960-1454
(595)(796)(9223)
1859476538
142-760-1554
(425)(255)(5485)
(405)(673)(1281)
103-831-2251
5252125056
6765632906
(939)(387)(9021)
4666104446
685-246-8632
149-701-9784
(311) 308 2485
0093924777
(379)(862)(2014)
1684938553
(808) 448 2225
517-899-3244
464-672-6639
(950)(645)(9449)
5424591211
9182381902
904-720-7155
(972)(227)(3492)
824-643-2922
(025)(188)(9393)
2098774312
0893765420
(399) 358 8624
(161)(769)(0956)
(869) 454 6266
(921)(572)(6468)
680-964-7304
781-197-0587
5878754305
(783)(768)(2420)
864-693-1205
(692) 200 2422
(960)(781)(5695)
9417400584
9907513149
(032) 146 8198
544-928-5885
(489)(793)(9504)
529-338-4206
4358166582
447-797-1140
(206)(188)(4274)
5461763208
(996) 288 5747
(923) 063 1215
9971595929
2411245983
(047)(257)(0833)
7274398237
8195520887
1215595737
(300)(268)(9219)
7557478460
(728)(257)(8151)
(719) 758 8112
(381) 789 8851
(103) 698 2287
1271327354
(107)(301)(4005)
7701102526
(673)(926)(5856)
6128607184
0522366887
4718739672
4037998460
110-251-0883
(129) 260 6492
6458998898
(629) 843 8701
378-337-7883
308-964-9919
5449953664
4013585131
(744) 246 2562
476-980-7808
(193)(489)(4689)
(698) 801 8401
(440)(879)(8610)
(902)(755)(9350)
6527206470
(725)(295)(3594)
(604)(833)(1820)
2630355600
6009712068
(314) 252 6001
3460853335
(050) 811 2031
915-712-7118
726-083-6810
5276337922
650-959-8628
1750409641
1631025986
4075353842
0148677074
4187384718
9932628168
(971) 027 2462
6452827217
4030938031
(731)(625)(8037)
(442) 644 7703
5703646247
(316) 362 4932
6326415597
(764) 926 1806
9413194893
(411)(256)(2190)
(344)(239)(9053)
(911) 535 1030
0720470761
3165020896
599-329-6963
938-980-0684
4362188505
4557129613
(404) 451 8421
(322)(962)(5100)
(827)(774)(4194)
(312)(910)(6752)
(917) 794 0290
8571895715
(414) 062 0560
0876322265
5644191417
688-930-2597
457-781-5829
(690) 218 4107
0018814875
4784030084
5754668351
4650150966
1380461112
(124)(650)(7092)
794-763-5540
1764125604
(627)(994)(6643)
8705249886
3491524661
021-734-2244
0832289939
7426999570
2904119904
016-143-5182
(819) 616 8887
(549)(700)(5447)
927-497-0402
897-494-4509
(477)(110)(4824)
(790) 084 0787
8320594016
435-335-3203
451-075-7048
(825) 691 6883
(275) 419 1838
8958342237
(444)(421)(4543)
(025)(876)(5841)
0035547114
856-190-4985
778-373-1161
1151962533
(251) 596 8653
(285)(136)(8995)
8358636104
9937868749
(420) 406 2303
765-622-8782
7951665689
523-571-5802
(481)(275)(1933)
4821022096
(368)(872)(5612)
(147) 324 7732
4909581305
3768458469
(630) 641 9672
883-557-6509
6036004551
9515438242
(047)(433)(7807)
(245) 333 7966
3868728407
5917016325
0188058956
636-602-4656
591-676-6121
1468004839
(181) 613 4184
914-634-8275
(882) 701 8066
6082464316
954-658-9255
1381892630
(542) 047 8637
(376) 665 7806
(126) 806 9274
(312) 466 3406
7469291986
(541)(278)(4656)
(471)(929)(4033)
8658016412
(262)(871)(3732)
(743) 341 3083
101-563-8457
(825)(868)(0173)
(215)(056)(2551)
1048581386
557-787-2590
1530183252
(746) 053 8632
5146395134
7800717278
(130)(508)(8615)
6311210635
(581) 090 9815
3987358349
(710)(680)(0386)
8759578313
8295411887
787-666-3280
(468) 608 4353
681-154-1589
8992802053
402-161-2133
(644) 647 4304
814-877-1332
985-332-5862
(935)(833)(7672)
203-031-7688
376-338-9254
9358641667
(679) 404 9395
(062)(684)(5347)
(212)(462)(3331)
(294) 070 3210
033-133-4015
(609)(857)(8551)
199-311-7172
(261) 418 0439
0760569136
5349099298
9678431798
(288)(837)(1442)
9840703575
175-446-6593
0984912116
(869) 416 1174
8974496140
678-544-1115
6171622235
(551)(550)(0632)
3518913169
(964) 289 4756
(549) 188 0434
(278)(317)(7070)
3794719393
(609)(667)(2011)
(387)(268)(5792)
9306809512
5714934914
1544826138
2873028294
(551)(972)(1980)
(667)(887)(7260)
6160381584
(121)(713)(6089)
6447417754
(331) 963 8077
855-514-2655
(118)(919)(7605)
1821296276
017-436-7890
(247)(485)(1960)
8097605304
(130)(829)(0861)
8510801626
(916)(071)(3798)
4517034877
(218) 315 1950
(971)(867)(5488)
(741)(382)(0605)
(970)(043)(8303)
(028) 474 4735
7406701702
232-361-6673
(038) 642 8768
(907)(577)(7088)
0855929784
(467)(298)(3973)
515-029-6365
1855318919
6725034832
0623522401
(310) 747 2014
468-267-3863
(363)(647)(5557)
6374289162
206-312-6351
9295512364
(122) 801 9066
846-697-7631
(168)(648)(6223)
4605276032
5637505105
(492) 316 5800
256-464-8324
0584283357
725-692-3767
6091954615
6772770746
015-666-7773
9301353448
(427) 672 2293
(728)(854)(9117)
771-488-1951
(558) 147 3375
908-226-1875
8526429966
(602)(845)(2416)
9256492656
(847)(827)(3314)
7598393081
3476968877
1322035169
787-361-1723
2896132566
(697)(841)(7435)
939-598-9079
(724)(330)(2207)
7474711614
(422) 766 4598
(673) 372 7313
261-174-8089
902-433-9339
(514) 827 4824
3979061878
597-460-8399
(959)(784)(1911)
730-998-2487
217-538-1787
442-631-8848
(570)(317)(5939)
(092) 260 6372
(435)(136)(7135)
0772971808
(932) 694 0193
1497067043
317-787-3843
5821458657
0111762451
6552154585
267-259-9006
066-704-6015
9533844467
654-966-2362
3259385447
786-899-2578
(634)(211)(1067)
1714095671
(801) 246 7924
(572)(338)(9589)
199-590-0285
5391329057
867-886-8541
3928232567
(608)(431)(0339)
7858719031
0069012204
5944290163
5194049324
4569187695
(320)(865)(4264)
(858) 428 9335
(678)(464)(5727)
551-100-8141
587-189-0184
201-710-9911
158-035-8647
(934) 151 8022
330-920-0410
(550)(730)(6782)
6675206345
(040) 945 4272
816-943-0680
(993) 686 5307
8432084444
(594) 350 4077
(377) 228 3571
(178) 039 0967
(444) 364 4373
5355046761
(689) 102 9494
861-185-1178
3713225526
759-218-6895
916-029-8570
(288) 296 0144
(658) 185 0892
3086183549
8936071296
8601706813
(579) 809 2510
(847)(980)(2576)
1443728291
9316588846
534-243-1457
4812234098
5619421192
(325)(028)(7516)
(308) 390 7060
949-930-6001
531-349-6812
5299082605
(131) 166 7477
9844227781
(626) 173 2227
(700)(516)(7141)
896-011-9766
(554) 645 2618
(899) 525 0772
210-550-7160
(995) 802 1140
025-651-9995
9076966972
(249)(268)(4136)
327-460-7158
254-206-0499
(556) 547 1678
(426)(883)(5680)
4369960052
8360298616
8502228303
560-225-5290
8103840473
0613092332
859-985-1026
(384) 443 5060
3135620584
(139) 230 9775
216-043-4332
4024139621
597-457-8416
3256398813
8399826398
9250809677
7052786674
7616150740
(268) 815 2012
865-153-8228
(272) 556 0769
(863) 256 1814
(231)(579)(0614)
3279376368
(737)(419)(4644)
(170) 592 8370
9163511866
8598078349
(056) 885 0581
(603) 868 7277
5563944690
(590) 622 5142
0518205114
477-818-6740
(459) 368 7260
(930)(826)(3311)
(774) 930 3130
(717) 108 9530
0553597057
6295565272
1623040514
(414)(730)(4793)
(763)(316)(0821)
(519) 169 9239
0400484625
8309714537
(455) 186 8021
493-098-7057
4588118120
9807159773
7657821009
9825401297
0117795067
(755)(035)(5155)
6103692831
587-117-0597
(359)(534)(3795)
021-370-3772
4239862090
(962) 679 1404
995-918-6648
102-277-7220
941-436-5712
(045) 261 1598
4037333537
(299)(952)(2102)
1221538534
4956148014
(264) 104 8951
394-728-0771
5247807046
7541189118
9802952791
3619841697
(246)(872)(7929)
806-614-3359
916-406-8140
713-956-4670
(734)(306)(4908)
(963)(750)(1048)
(035)(923)(0648)
000-858-5404
7069112001
4103695414
271-599-2747
(330) 683 3234
(055)(205)(7019)
3702404861
321-813-9753
3383109533
(414) 083 5390
(978) 607 7300
(139)(301)(5180)
6320935853
4817503315
7400683560
(651)(748)(4201)
(414) 667 8344
(070) 705 3083
9943174907
8296265277
(616)(837)(4479)
(876) 832 6097
9549680599
9615340203
2386434864
9459933694
(050)(926)(4236)
(586) 916 4791
(767) 609 4622
995-692-4056
066-335-9346
503-997-4982
545-717-9768
(688) 675 7902
(020) 421 6014
0793584650
(745) 909 9815
(733) 472 5254
3716423013
(759) 073 5360
(391)(962)(7977)
(717)(548)(7241)
1134681186
(118)(355)(2009)
459-440-9412
(073) 245 3801
(408) 128 1523
(034)(182)(4909)
(902) 883 7837
5196082958
4751606579
(849) 344 4760
(854)(297)(9438)
(013)(106)(6335)
(536)(237)(1684)
(372) 838 7643
(870)(553)(4075)
329-686-7335
(943)(360)(9759)
7588448138
(207)(819)(2091)
4971800527
(085)(141)(7827)
785-934-9700
881-852-3808
7815836612
(363) 246 9246
0353665597
(681) 322 6312
(467) 838 7436
5780689065
9834038241
(764) 970 0726
4126121734
(538) 692 8502
8414804861
(474) 930 5895
245-944-6407
(956)(590)(6087)
9850226094
6833162026
(540)(104)(0876)
4076737745
(265)(544)(3498)
925-677-4928
8788505751
741-572-0020
(856)(251)(5235)
4994845128
(793)(926)(0060)
2491494286
8595854732
(056)(455)(4775)
244-237-3644
(456) 284 7253
1839444010
(209) 679 3408
708-426-1463
370-249-2080
(998) 591 2735
272-237-4873
8655579599
8464887532
(391)(818)(2582)
(433) 750 2137
9388518239
(883) 879 4467
9372925835
532-514-7378
(332) 258 9318
0914089209
(637)(978)(0465)
0133983332
(494) 080 1501
5266299187
(160) 127 5914
(959)(571)(5830)
446-436-8560
6767188705
9374397852
5771999826
9181607599
(532)(153)(4586)
1567906060
255-776-1774
(337)(742)(7293)
191-067-6730
584-871-1353
9722247798
765-456-8572
5378263195
(681)(453)(1589)
0474361235
5963043960
(423) 624 3768
4645149687
1326508026
(156)(670)(9554)
5709716922
(714) 960 3942
5719693413
(864)(949)(5317)
(598) 012 2311
(383)(332)(0082)
(299) 021 5963
(020)(306)(8909)
3845208530
2899370236
984-079-0970
(447)(582)(2684)
(985)(104)(0411)
584-035-9594
5202473932
3566080124
9656779385
0029828406
(260)(703)(9228)
(954) 920 2693
1169571867
470-101-9294
(589) 618 4518
119-322-7036
(588)(838)(6729)
(236) 249 2599
8266724483
(734) 523 0275
6530689713
5997642087
5092163260
419-492-3941
9280021049
539-193-1765
7916999539
464-910-6627
3468259562
688-082-0288
855-499-5112
4828051368
4172646448
(900)(907)(5710)
(064)(641)(1251)
140-936-7942
4323801710
(337)(463)(8846)
8332620452
(036)(550)(1841)
(485) 596 2814
(306)(014)(5755)
620-594-4779
4085765112
2652546288
8949650622
9405698733
(172) 584 3439
(513)(356)(1944)
(029)(839)(4036)
7469198891
5625093624
077-650-5487
910-284-8662
942-323-6113
3095517432
(783) 037 4185
(988)(485)(1127)
(259)(343)(9355)
(720)(884)(4444)
(759) 878 5048
5613538114
7925910171
875-158-2730
(656) 555 5878
(266) 402 7459
(276)(787)(6581)
367-105-8575
0621097974
4544108512
460-203-8845
267-171-9618
5725479488
9581072964
291-493-1721
(750) 629 8205
0696451601
7112572777
4730070346
953-494-7665
784-106-3555
8239611298
271-866-5952
4510971996
593-074-3839
(775)(344)(8547)
479-839-3956
8732686324
9356314080
011-418-4742
0038068703
(423) 914 6834
6856961745
(224)(425)(2827)
782-619-6207
(236)(894)(2423)
5987943860
(678)(428)(2699)
503-588-3795
4569306800
(673)(970)(7115)
(395)(661)(5358)
0506289133
8171042200
995-473-0607
4274361088
171-273-6275
(246)(578)(9008)
665-505-7168
217-577-8747
7666236289
(274)(387)(9566)
9906100587
(407) 584 6760
(641) 085 7279
2401961760
(060) 699 9563
(029)(999)(6718)
8056564902
(454) 676 1825
2429954638
(843)(628)(2775)
323-170-0552
(914) 464 6954
2552532641
1294258772
(709) 052 0244
(869) 254 5208
(326)(012)(0235)
(815) 597 7179
125-551-1270
666-435-8310
831-903-1169
(641) 387 5399
1781818066
3956634741
(753) 603 3530
2080072207
(675)(274)(9895)
(824)(454)(3608)
(237) 372 8055
(197)(740)(7689)
(427) 504 5418
8722009776
4041736354
220-469-7933
(063) 912 8083
(902)(190)(0135)
(131) 333 8339
(514) 712 8469
(033) 675 4542
5051437529
4933370530
345-359-6822
365-553-0219
(189) 854 3037
4277428421
(502)(607)(0802)
(225) 761 9220
982-168-4809
760-408-1967
(949)(211)(9363)
7830789630
(847)(086)(2217)
(053) 129 5535
(678)(513)(9958)
(173) 903 5526
0701054315
753-199-3554
6171812505
(418) 291 7340
231-399-1843
0023168286
483-867-5517
669-534-4821
(090)(265)(3127)
119-734-8323
7848611725
1297864575
9365187645
(139)(038)(1446)
(674) 082 1241
(571)(771)(9734)
8510615030
(732) 218 3541
(914)(983)(1105)
(785) 700 5657
6372018472
8629405979
(102)(414)(1493)
5799409126
4580002630
(986) 849 4037
(862) 570 6009
(644) 388 2434
(918) 781 4101
6925679376
5684073853
(663) 856 6987
(660) 696 7111
(457)(714)(9711)
(606) 908 3226
(924)(527)(1686)
(832) 847 4475
(837) 698 7680
(663)(299)(7493)
(336) 396 3180
(633) 373 1632
0795732906
(026)(316)(0944)
(235)(688)(6074)
978-391-2244
2898965266
615-856-2687
(339)(024)(7782)
824-424-0103
128-544-5608
9606623771
388-641-2196
(321)(514)(8938)
7065400930
9461574359
921-003-5318
(008) 526 6809
8702826545
7274134787
4381567909
(901) 311 5778
(765) 960 6348
0174959250
(048)(592)(0585)
(961) 555 3354
(080)(928)(3307)
613-801-1472
(854)(803)(9553)
(058) 222 1750
453-215-3980
979-906-6281
5561814580
