680-121-0893
798-813-6843
463-654-1119
9273998545
(966) 478 2535
511-211-5225
963-543-6852
2989210505
4261012780
8476571347
(575) 937 7046
(142)(042)(3716)
5808444066
(273)(407)(0561)
5101437760
161-583-5739
8639060947
(790) 390 8825
(233)(442)(6045)
5536112761
(966) 230 6260
472-991-2912
(353) 831 1227
(569)(683)(1565)
(572)(428)(9932)
3096741864
(365)(732)(9737)
6050371306
7083102873
(855) 272 1861
(730)(331)(8560)
(579)(678)(5019)
039-356-8892
(384) 456 7544
1084449317
982-880-2240
4340596252
(219)(490)(1382)
433-491-9160
6335769483
1682533128
5132020256
503-481-0342
142-950-7557
(122)(059)(7958)
032-077-7017
740-360-9719
4266469200
6962106201
(717)(853)(4461)
9677497400
(954) 963 7718
448-700-5073
(904) 591 9031
7558413732
(177) 736 4183
845-190-9545
(060)(183)(6026)
7487464589
2460799063
7526167091
6640823107
4771941491
0340591436
2634067449
559-640-8509
(745)(572)(0037)
(906)(414)(1744)
(575)(773)(2016)
(782) 988 5154
356-704-9751
(801)(390)(8840)
(270) 177 3660
(610)(269)(6064)
(554)(665)(0983)
861-562-4413
4888825090
4395531181
(700)(451)(8136)
9880381289
(617)(604)(2654)
(679)(174)(4171)
(809)(757)(6917)
6810939413
7682224832
8511055906
(785) 452 2153
(152)(930)(9587)
8860084529
0305376588
7483720228
917-989-4111
(956) 575 4359
7118800770
(204) 672 5403
(235)(753)(6795)
9229062871
4287271081
(025) 266 2754
9154317640
(201)(942)(0066)
5650550646
(939) 079 3303
8983984565
(583) 386 7900
1626768997
8139125320
9975328645
(058) 144 5005
3221009180
576-272-1860
(009) 521 0122
9686319552
(274)(574)(9101)
890-199-1407
204-201-1805
8021588328
(476)(467)(9944)
679-644-7405
7678465795
347-173-8873
745-657-9223
997-321-2221
9905309509
2944354815
(587) 406 2329
(596) 287 9377
0282573823
6780846540
(035) 104 9362
8844915357
(788) 883 2339
8752157197
1192666661
(937)(563)(9428)
6875826708
(747) 527 9521
(967)(557)(0324)
7454428379
(839)(383)(5709)
4579405673
4627032771
(550)(790)(6221)
6622773341
(579)(694)(8610)
(416)(963)(7802)
(524) 805 6345
3600276108
567-427-7800
5412361314
(649) 485 5720
2820845906
681-864-8073
549-709-6456
7501191339
128-858-8261
(534)(483)(2817)
(258) 922 3992
154-604-5549
(386)(695)(1943)
143-427-8560
(144)(992)(0536)
7298161732
(709)(136)(1192)
1779875508
6297917899
(351) 644 1717
854-800-7559
(056) 868 7104
2792749956
482-527-2517
110-862-1096
(978) 530 0100
(089)(204)(2011)
241-405-2532
824-224-9363
7443387417
(912)(829)(9914)
(868)(534)(1580)
9840284017
(764)(270)(8074)
327-174-1305
490-019-8283
761-676-0074
(357) 169 9982
(469) 975 8120
503-916-0672
(315) 884 4450
4863666546
7325420731
7801400723
(254)(610)(5931)
(318) 501 4469
7767555500
8124691059
4683935007
(570) 181 7794
(527) 545 5269
(102)(787)(2241)
4447640979
5025058363
(080)(858)(6303)
(818) 059 6936
(353)(232)(1449)
(268)(144)(5035)
1819554648
(093) 509 5287
439-960-5360
9899653498
(273)(711)(8065)
531-145-5321
642-253-3724
3328335030
5160273519
(050) 240 9555
2879313515
(939) 112 5354
9387663210
902-196-6080
(974) 046 2410
(807)(885)(7712)
(235) 964 1360
220-564-1316
(702) 000 6863
4146187789
9303294160
(590)(368)(8176)
622-233-3163
908-110-2545
419-710-7944
(143)(708)(9727)
0612225493
133-900-8599
539-772-1786
708-808-0037
2623256957
7129437762
661-243-9728
(182)(923)(8382)
(907) 433 9416
(709)(229)(6854)
9298458703
(077) 340 7774
6289184546
255-368-5255
1155201400
(423)(284)(4348)
(696)(586)(4099)
(278)(767)(0987)
(136)(527)(2171)
(147) 725 2114
2866438391
7458809974
(695) 237 6745
0535763377
612-982-7225
(243)(964)(2915)
(009) 798 7834
890-157-4097
5811523877
(305)(627)(7631)
(866)(504)(3261)
(193) 744 8360
067-777-6466
5157294447
188-436-3300
8115132070
(925)(965)(3383)
363-276-5415
960-244-3260
231-306-4346
3075717069
3737160655
7685071411
(155)(984)(4056)
(015) 739 2494
(563) 801 8613
478-519-7700
(945) 257 9262
0326590648
563-569-5694
2193034522
3086836837
(007)(889)(4958)
9253140897
5721081838
5134862201
(427) 373 0161
633-165-8309
(644)(474)(0139)
1226518692
8840499947
(250) 675 0464
1196541376
4747503955
(295) 493 0466
(498)(203)(2840)
9292841869
774-266-2098
2633075149
040-903-6132
(955) 813 1737
(932) 063 5817
4354765414
(157)(896)(6834)
855-923-9215
(076) 505 8104
359-313-2978
203-249-3690
(438)(861)(3163)
(788)(307)(2609)
(276)(999)(9789)
(474) 433 0850
(178) 381 2301
6110284673
7859712608
633-416-1296
(149) 691 3974
326-096-3084
111-852-3725
(356) 417 7750
(940)(435)(1946)
1257586992
3689744659
(685) 734 2825
(757) 446 9563
8594364289
(651)(458)(6330)
(299)(219)(1566)
(549) 261 5936
7335662288
(049)(361)(8290)
(358) 572 0654
687-274-6228
(039)(452)(1077)
6742619342
0952843028
3167824489
(962) 622 1839
2025534418
(154)(097)(1796)
(188) 042 6912
(252)(808)(0618)
3893549588
(700)(845)(1442)
4432836727
(404) 154 9427
(537)(876)(0654)
8149239522
4036960252
920-299-2862
5587387462
5027748603
4542218713
0746329439
(627)(756)(4738)
1092826205
0613017350
(088) 747 9542
(584) 561 0666
(424) 218 1575
(582) 901 9883
7911521478
3909731759
(388) 975 7999
070-664-1827
(225)(670)(4156)
1723546515
4969848147
(663)(218)(0905)
(792)(885)(0382)
7665760107
(179) 794 5310
(097)(366)(3249)
(438)(587)(4108)
4907923960
9546448545
(420)(371)(7747)
9468080535
(164)(158)(4482)
(618)(169)(5733)
0624476859
035-413-1194
(515) 596 0275
9538377883
(293)(292)(8469)
(480) 418 7890
(439)(791)(8117)
(443)(913)(6770)
(156) 655 8881
4550830906
6145673052
(053) 810 1260
(379) 507 9145
9186318430
351-073-9142
552-275-9062
(563) 240 9382
431-773-5700
(538)(801)(7598)
814-625-4085
1098423658
(353)(467)(5833)
(369) 291 0863
5663722762
(784)(299)(7180)
5660655714
(076) 958 3813
(403) 302 1771
(185) 346 7279
011-990-9698
(910) 857 7432
2511931786
(519) 212 6201
(555) 600 2055
6481688211
2346127681
(413)(787)(5771)
1274534691
(011)(735)(4314)
946-146-5325
(792)(373)(0713)
(732)(106)(3193)
(347)(629)(3962)
(125) 222 1264
3736955645
9130379531
3017503259
(806) 354 3448
192-352-9605
(152) 771 7154
770-703-4134
(882) 017 4527
418-443-1500
7401523597
(883) 656 0700
4042372899
6828739602
579-189-7061
2558588068
7724858628
(912) 844 6822
(486) 579 5068
298-228-4665
663-762-8385
(472) 294 2787
2795004736
(332)(432)(1594)
022-447-3426
(780) 527 8284
5001681575
1468177480
923-798-4065
(746) 850 1663
(082) 115 4241
2218217289
9251788240
(583) 392 1370
642-394-0956
280-372-7011
625-048-2931
625-666-6695
807-682-2583
1773065455
7123841840
0128297452
(502) 623 6332
(210) 191 9474
(765) 460 5196
(308)(451)(3032)
5520137391
(223)(519)(1267)
3819079047
7166845279
7977734666
146-390-9971
(130)(962)(8248)
(713) 016 7414
775-382-8500
5231811485
463-816-6843
(762) 401 6518
(344) 892 4497
840-839-8443
(411)(974)(6459)
892-296-0730
1270222683
2814813102
(921)(942)(7208)
(997)(939)(8834)
450-795-1884
7155600019
4144230945
(932) 802 6221
655-750-1372
6272556839
9651582227
(146) 474 7053
6330473990
430-091-5602
(637)(093)(9522)
(323)(315)(1296)
3646313579
(704) 578 1462
4029432191
3032453911
2453445889
8197081933
5921422664
(857)(468)(2858)
(409)(527)(6688)
1283981201
5624112090
064-484-9652
8647694381
1662889509
725-009-3135
6789889665
354-000-5175
(637) 359 4238
(332)(838)(6339)
(998) 489 4320
6742643761
0957133867
(750)(820)(1658)
(972)(379)(0476)
4243535146
0833164825
(936) 096 3876
(776) 659 5835
1640184103
7865447761
4974964454
486-838-7545
(789)(874)(7307)
001-477-8089
202-449-3362
6202026198
(253)(108)(3408)
330-049-2809
(513)(648)(9050)
9598553146
(950)(576)(3973)
(395)(250)(9703)
5025470972
6542877641
(630) 154 7187
385-060-1451
(412) 659 3411
691-448-5728
674-643-5677
0819027099
(834)(396)(5350)
440-930-8085
0596670335
246-561-9041
4832480716
4844951561
(794) 371 7482
(756)(976)(2634)
(338) 613 8686
6208912695
5876490224
402-353-2654
8180392440
5912217541
390-339-7443
4044489826
(265)(187)(7793)
2116231084
7225583673
(075) 455 0326
9403432808
(837)(018)(2054)
(371)(080)(2291)
3736201829
(380)(879)(5887)
(917)(518)(3978)
(165) 179 8818
715-909-5758
590-159-7212
765-962-5717
(069)(227)(5010)
328-878-1109
530-434-3311
8454972950
955-328-4480
2562558240
0336831290
5337702021
478-810-6074
750-765-9477
(075) 758 6413
(385) 927 4091
(539) 797 6054
(512) 841 1271
(482) 719 7973
7690184694
6405908216
8482175353
390-810-7552
700-280-0048
(309)(652)(4342)
(918)(642)(6588)
4103513071
0961405305
020-336-6709
6332560616
2467424926
0535290498
570-035-5766
4086879885
(898)(129)(0499)
(362) 447 1501
6583131831
(117)(542)(2305)
(556) 046 5486
(226) 069 3185
(791)(092)(4561)
(660)(315)(9774)
4408109694
7048381431
487-666-4010
2227859061
(956)(816)(3958)
201-245-7184
4032727818
(686) 282 2184
3668729591
(123)(621)(0118)
283-765-2948
4891110330
459-162-3174
1478258299
(225) 795 1905
(184)(848)(4617)
(341)(448)(9355)
749-741-9588
3833754088
538-744-5535
1777889003
(954) 318 7658
7068489442
3565554931
(801) 627 0622
2206049580
7148876654
5558775519
(301)(911)(9205)
5041434242
(257)(464)(5945)
231-263-8545
021-304-3013
(611)(808)(5493)
(400) 465 3117
1967455992
0567771077
(775) 424 4603
9673776688
(501)(448)(1384)
4927197134
757-553-4833
377-681-2063
(903)(029)(1266)
9967764989
048-986-4061
(064)(133)(1333)
(126) 575 8466
5680893232
8241430741
(100)(856)(0703)
3302656872
(925)(621)(1427)
597-511-2597
5707014955
6005642814
5057980362
2208466073
305-462-3439
(903)(700)(5319)
7903851859
(136)(668)(9615)
(095)(490)(3866)
(712)(839)(5731)
(553)(250)(5002)
034-344-6354
(621)(279)(4171)
(677) 452 1375
(345)(504)(3016)
1497889739
6992838023
(226) 593 3349
464-918-9225
(366)(870)(5287)
829-523-8878
(671)(838)(9355)
0914561595
1978164689
251-684-6001
(345)(679)(4208)
9113556235
6834281728
(207)(320)(4236)
165-505-7361
353-996-7169
4810192808
(883)(032)(8368)
4623789410
2260996481
(941) 471 3651
844-913-1175
(237)(674)(8317)
(592)(261)(9022)
031-544-5819
(255) 579 5657
(004)(726)(2340)
8994278326
(510) 813 1704
(202)(718)(6144)
4195742096
(787)(192)(3339)
8753663096
7155303457
(056) 892 2172
036-259-8322
334-086-0193
(996) 040 7338
(057) 828 6654
3659838081
718-508-9096
529-758-4205
239-459-1069
(322) 138 3506
(436) 790 3204
0168333662
(149)(178)(3556)
5631916013
4204063412
4037474155
1269752551
(666) 892 1238
(480)(757)(4979)
(222) 415 3209
703-986-4443
932-158-6782
(532) 405 9908
7195458321
(601)(233)(9503)
(643) 387 8942
3734133210
5381769731
4655098810
(124)(359)(3402)
(245) 085 6476
242-210-7059
4052200651
475-158-7128
(195) 273 0781
614-146-0760
3699602455
7694154794
1030495743
1544283623
(896) 977 7624
(672)(970)(0634)
285-387-5079
(372)(073)(3792)
6027504036
411-574-1084
3975989990
096-175-9838
(542)(943)(5993)
(297)(544)(5254)
8858637992
1678648532
2981105383
7604382664
003-224-6155
(738)(708)(8018)
(897) 468 1493
(853)(994)(1523)
(068)(543)(5029)
1121071434
(273) 266 3303
(423)(073)(7187)
6955070162
4463221907
3383105210
7108565278
0804753507
(169)(562)(6189)
(436) 165 7344
(711)(523)(5321)
6852951927
0899604207
(111) 487 3980
3025261585
3873141404
002-058-5190
836-240-3713
7908934806
9787199968
347-811-1005
(827) 634 0414
6454139365
2294137198
6262177203
976-010-1188
(894)(500)(1041)
1883719760
7015133077
7907438126
(453) 430 0274
(592)(703)(1856)
6991252556
8741217065
5447083953
3441030009
0461603229
(318) 226 9879
2765402277
(733) 624 0781
(031) 065 7409
2375550218
3504248024
4379086094
(668) 532 8473
9681617244
(397)(175)(4408)
112-351-1348
9993650837
8389870490
(460)(137)(3929)
(537) 101 5653
(651) 132 2363
1220676159
(052) 799 8415
0641234472
9647041690
(876) 445 5045
7705282364
(289) 110 2215
6611223395
(367)(586)(0324)
4169981935
(688)(532)(7420)
(053)(866)(1388)
5358813631
122-601-9786
9462584648
7398738904
9953849127
363-940-9171
566-358-1476
(054)(913)(2164)
7267063660
7270436659
6203329688
843-794-5172
(508) 774 8406
016-084-5306
(115)(464)(8621)
(949) 641 4940
310-945-4479
1089664530
248-083-5864
(145)(914)(8273)
0652352346
(812)(310)(2773)
1813068208
(985)(166)(9118)
579-707-1227
125-255-8340
9748167760
050-775-2858
6540695087
1218875654
4655639647
8277647022
(678) 253 4584
(125)(162)(6714)
(851)(740)(7836)
(796)(163)(2055)
501-475-9642
7586924105
(364)(447)(7628)
(549)(643)(5821)
4551596459
916-000-4294
111-972-8776
6048516840
3689744812
9887165465
6757264951
7212601732
212-733-9724
(878) 170 3363
594-553-6014
(764) 544 9358
(017) 417 3914
(410)(145)(1800)
5428949818
8906482460
(221)(697)(0945)
(270)(996)(5269)
(636) 391 5332
(055) 905 8303
6649104440
(154) 087 1226
3191447926
0663045159
6349238111
0893405421
977-642-9756
(908) 088 6601
1687794459
617-923-4813
(251) 058 3103
(276)(555)(9441)
093-140-3674
6733185679
3755505113
(310)(814)(7492)
6375131451
766-195-8991
(672)(204)(8788)
162-928-6063
0488762619
144-503-8513
6015338820
4916329604
(231) 394 2476
(266) 682 2155
6945462727
(122) 628 5103
109-417-1797
(876) 803 4412
7596755623
8563119304
(440)(932)(0055)
287-169-6267
(573)(904)(8979)
(249) 003 6421
(886) 147 3581
2821207517
(974)(501)(1062)
6243485536
8660030100
(480) 220 0575
340-477-1086
495-171-4708
(041) 763 4760
(586)(811)(5119)
5444080860
9053583376
(410) 998 9733
687-757-5861
(666)(313)(5980)
(622) 520 2696
2693217792
838-477-8753
(276) 318 2281
(593) 679 1558
2548473375
138-966-6298
827-420-5335
(730) 289 9357
2897262339
(654)(380)(9169)
403-417-5543
380-041-6805
(340) 803 2637
968-773-6566
1833473809
(077) 818 4723
(142)(127)(5202)
(700) 581 6381
(347)(799)(5120)
2065758276
3844352921
1310585924
3887982304
286-878-5301
5773972176
(651) 490 3392
(987) 430 8843
7257103825
(004) 967 6369
6186734672
926-126-3073
(346)(924)(4889)
744-217-1267
(188)(625)(2879)
(763) 911 1356
9206101848
0547411640
(367) 764 9014
4129948741
(222) 076 1395
8875939718
0470905503
(350) 905 6069
(363)(300)(1668)
(316)(157)(6875)
887-183-0585
(091)(097)(9229)
6175620129
(713)(115)(5375)
007-594-2676
(836)(600)(0984)
6062514041
6801955807
3493950063
(188) 772 6493
6350537492
(497) 473 0629
(965)(346)(8959)
551-497-4691
(855) 021 2907
(217)(195)(8485)
2162955266
(344)(766)(5109)
6430742297
(297)(302)(0171)
6782705308
(244)(545)(3672)
(652) 065 5546
4451275951
040-879-8673
(519)(089)(6085)
739-770-1802
0899099379
(394) 885 6991
7987413895
(026) 140 7863
(004)(565)(8792)
964-396-8254
5019992709
(909) 001 9480
9729557191
(774)(466)(8508)
193-139-0550
841-066-7271
4845444085
2275859231
118-232-7289
0190005404
(910) 468 8325
(204)(851)(1505)
5811840109
900-546-3831
7010370776
3919831799
5740573891
(430)(655)(1317)
5568067932
(734)(606)(5331)
(044) 581 5164
7633749741
2701951679
3686717592
0243338586
8411166416
4377431974
(378)(816)(8511)
(450) 554 7662
7044373978
4257753472
(635)(105)(7350)
(332)(313)(8275)
(963)(347)(4097)
(741)(412)(6744)
0276093927
386-685-3040
(907)(787)(2046)
(842) 282 1577
(833)(035)(8044)
0594321187
3013850190
692-412-6004
(319)(978)(6985)
739-579-1039
6195741724
4011661068
731-661-3048
8064341742
551-543-7315
(705)(446)(8734)
6122155360
8508157879
(771) 571 9787
1378831455
(191) 561 7770
(102) 231 1515
(252) 515 9864
2284348835
(518)(807)(8417)
7910993913
(252) 185 8556
8771400803
(310)(332)(6355)
838-832-5032
(221)(448)(0187)
2089166666
(304) 418 0623
(131) 962 3906
504-236-3556
5322200332
717-347-7785
755-558-3490
647-909-7063
7506012388
(840) 938 8327
448-595-1019
(122)(335)(8258)
8079268668
0121154225
0389025265
(805)(330)(3694)
3793700708
7839655954
(559)(953)(2374)
527-832-0601
101-502-5005
798-656-0467
(682) 536 5298
(041)(152)(1566)
530-342-5832
(809)(340)(1223)
(925)(515)(3521)
(965) 310 9089
(836) 323 0111
(168) 072 0333
795-661-5276
(332)(496)(8106)
187-603-2584
8014198416
(094)(814)(0493)
2863879148
985-676-0155
256-726-6956
254-881-6376
4789409382
1353057916
9931264794
773-689-1413
(535)(847)(2928)
(500) 953 9676
832-812-4185
(663)(165)(3861)
1782725089
814-100-9941
(233)(565)(9082)
(594) 968 8437
6171307642
265-878-8087
(020)(334)(4054)
642-120-9609
4895661416
(254) 817 7439
5651430333
4967378212
323-399-8047
(514)(966)(0488)
760-335-3604
695-920-2222
2029000463
(625)(928)(6323)
(670)(737)(6681)
3190444577
(561)(355)(4738)
0245709552
7615252441
8500814387
1610948068
686-915-2080
(623)(202)(5340)
706-818-1499
(622) 192 9136
2473101935
4307297307
(923) 124 8792
3471802983
6151295675
(996) 466 8990
9629099644
4802280458
(596) 730 3071
6405635481
(536)(048)(3273)
(847) 443 9642
5686193534
7240988591
2722452109
(797) 074 4191
271-432-5914
5984529669
497-872-3166
(780) 082 1660
(591)(518)(6822)
355-691-5816
(269) 285 8623
559-798-2435
0957294331
(467) 322 6108
(227)(021)(2680)
(101)(135)(9815)
723-130-5953
(720)(245)(8290)
686-705-0090
345-200-5426
5474491381
5428434023
(732)(005)(5526)
5690484688
7605390545
281-891-1229
2718896728
7695441651
(310)(569)(6047)
385-465-3401
6282289428
2272222096
492-749-0329
6256888715
3188091598
(510) 729 5397
2181398463
7725311597
(787)(517)(6355)
5672744015
(733) 314 3720
9563346765
6252499414
8081353306
6346159243
6504135952
7118693088
(285) 474 8474
083-189-8356
9182742018
659-952-9090
(251) 017 4051
885-303-7333
5435347502
(868) 331 7110
8335390482
5625489747
(497) 476 1925
114-599-5702
(181)(156)(6292)
(494) 350 9401
(442) 634 5170
(041) 596 9709
6928811476
(055) 446 1713
9005340020
0523677914
(358)(218)(2103)
595-348-8720
0081093469
8309582629
(846) 800 0558
(733) 081 1519
836-218-5300
3343280415
(371)(804)(7284)
8160920377
615-985-5073
005-289-3735
(619)(091)(0427)
(513) 689 2424
(244)(223)(4481)
5271037598
(489) 189 9600
4584203136
(360) 031 5557
999-681-0853
474-576-2948
(254)(738)(5155)
(331)(620)(2132)
5857313616
1261441944
(873) 864 5038
(891)(944)(6057)
(148) 735 4856
(603) 575 4338
(017) 604 7843
1204361488
(549)(504)(5635)
842-958-2689
(400)(720)(6361)
(863) 037 0223
836-642-4528
(235)(426)(2230)
5270288680
1736658913
(106) 301 1403
243-663-8082
831-128-3232
(339)(408)(1140)
(218)(060)(7873)
0057112610
(975)(441)(4627)
(440) 549 8086
6168707812
(068) 451 1007
0811148082
858-144-9179
(205)(388)(0811)
7998092123
504-488-6991
382-503-7316
1909065681
(196)(959)(3213)
(673)(861)(2491)
7156793590
5127441517
7174998925
739-089-5719
9190229936
098-239-8681
460-978-2800
084-692-3308
738-890-3721
(605) 780 0531
(814) 904 0097
5513826979
5656715824
7964541515
8320053371
5415171147
2893779850
8645066690
(725)(362)(2638)
5662573710
(045) 950 4787
5029426302
9437627336
(646) 852 8273
4849647694
9427015993
(089)(881)(2890)
(708) 343 3890
3175590334
185-208-8849
0275066122
(404) 053 0684
(400) 867 2692
2564620285
(128) 264 8368
7191428045
2920388792
4776807447
(462)(365)(7523)
9034804575
9216249098
280-819-2620
(499)(243)(0077)
(198)(503)(5473)
(628)(396)(9700)
407-357-7064
3499320232
944-884-0165
0170139057
(108)(828)(2138)
(592) 921 5759
(771)(458)(3049)
3404508042
1728436000
800-185-0048
840-647-6693
(132) 411 4722
1435152035
761-509-9424
3956675182
404-492-2512
(657) 924 1315
(837) 383 0875
7930710917
1041563126
7599053825
8508424881
2072526814
7671370024
165-934-5816
230-946-4415
928-243-1530
(853) 866 5529
6353425553
(381)(784)(8983)
(804) 490 1363
9111546686
4123796320
6926489439
0542022010
9985035487
8548479262
(970)(608)(6944)
(746) 428 5777
2438446479
(810)(574)(2356)
(929) 494 6890
259-379-4039
370-006-1189
9056118412
8438304345
(454) 874 1752
(767) 181 2739
6850283089
(826)(964)(6052)
(090)(136)(4996)
434-483-0203
(971) 592 0420
001-042-2152
913-429-1108
5691716643
(231)(965)(2639)
(818) 552 4670
086-341-5339
5283918447
8313922423
0646776493
763-126-4266
(645)(838)(2510)
3050801136
(383)(317)(1730)
8622081728
033-786-7797
0166853356
(392) 835 9518
1766410723
(686) 756 4247
(383)(658)(1603)
243-969-8858
608-086-5976
351-642-8438
2239962216
829-508-8850
8633196786
(261)(764)(6588)
3648334073
738-626-3580
(913)(901)(8159)
5342745532
3402452145
7866974178
229-811-5354
8973762606
(022) 434 2665
766-963-1320
576-358-4708
9287445373
(908)(628)(1638)
4576324020
(566) 029 8652
8060120594
(854) 245 3737
227-148-5777
5639249130
066-217-8005
839-278-5028
1900259330
325-386-3066
269-876-8825
(900) 905 9285
2004375917
297-820-6415
(540)(848)(0878)
1737423401
4027594656
7035129745
(190) 960 3955
748-339-6839
(669) 808 0885
(113) 948 5927
7196361047
(211) 237 8084
1381238597
(313) 767 6355
040-457-5963
3369544210
(007) 697 9546
2814188205
089-281-7481
(169) 111 4434
1031196954
(350) 480 8369
(674) 934 3349
(879) 857 1270
635-069-0010
561-248-7878
821-849-7346
3554506922
522-729-9314
8106898227
(701) 886 0488
(641)(739)(1183)
4113750378
2520378547
5032573211
8071456569
310-172-3291
(374)(197)(1741)
(095)(423)(3489)
822-048-7524
(339)(359)(8811)
1805036055
(296)(904)(8412)
(559)(513)(3383)
(977)(368)(4567)
903-182-7764
(451)(006)(6281)
(841) 730 4317
7130239008
(346) 170 7940
0339417679
837-810-1723
(979)(137)(7043)
7756894656
307-430-5771
1682172216
676-624-9368
1936342975
8671669726
(832)(330)(9535)
(827) 641 0037
982-904-4611
382-256-3324
(275)(288)(1895)
143-829-2622
006-931-0524
(676) 420 7499
135-857-7093
8993301583
9420322722
(497)(042)(7864)
2158938700
8388826413
2517949817
(918)(854)(6412)
8496805603
686-354-6989
691-085-5089
2070090256
(207) 745 0186
(581)(991)(6844)
2131399727
6981797139
(134) 459 7353
(623)(614)(0234)
223-294-5225
623-441-3707
(379) 124 3149
7153492795
196-810-1763
8090525707
9762717268
1700236172
8879940306
3301454184
(885) 051 9592
7841220680
(425) 129 1595
(369)(628)(6850)
(324) 562 0993
(295) 552 5221
026-859-2705
(146) 301 0345
(660) 954 4736
3549512807
228-325-4817
(445) 943 7245
207-283-8470
(746)(569)(4359)
(872)(264)(3749)
2441832641
(862) 826 8234
8725171638
373-595-3951
(891) 965 9071
(702)(901)(4815)
(602) 944 6995
4960878655
(415)(515)(0440)
4932011517
8754224276
8025484250
(270) 704 6223
5229167999
1655696873
5250240325
3672272479
141-207-4512
(764)(781)(7748)
(704)(435)(2875)
(740) 774 5703
(879) 833 7648
(638)(014)(3934)
(971) 232 0111
(315) 704 9661
664-612-7807
3371209624
649-868-2690
(459)(031)(1224)
3153339791
(073) 353 5702
(798)(013)(2209)
(440)(699)(5391)
714-214-4109
(487)(375)(8183)
0227303109
(224) 631 3341
5285256618
(420) 433 8242
0379843447
(834) 939 0516
1401631287
278-777-8225
(309) 294 6020
4722679859
7487440755
6409210152
(385)(805)(6376)
644-330-7191
(755)(896)(3381)
149-126-9458
8215573406
(748)(817)(8474)
(760) 357 5909
768-729-7059
(001)(840)(6398)
(810)(913)(7455)
(175) 453 9515
8120330692
334-721-5711
691-058-4233
(366)(894)(2508)
(257) 678 8015
9874231946
0478018130
747-573-1918
(905) 279 2356
(472)(593)(3141)
(747)(199)(2047)
4868583064
(774) 216 3006
(935)(079)(9553)
4708076770
4613262093
(650)(205)(8303)
182-910-7942
4975526052
1323767827
5316503502
856-977-8542
9502885518
8074967420
865-552-8048
704-248-9624
0692113046
(446)(718)(8342)
9599055067
(349)(428)(2643)
3748727076
(352)(206)(3678)
(182)(194)(5808)
1515240880
(469)(981)(6888)
7732461983
530-944-3163
927-596-3351
(500) 615 7449
8838653689
3154050728
(441) 958 6865
2516350172
2956250044
7760302084
1859303814
154-311-2457
7272744759
0069771189
(911) 937 6801
(794) 290 0637
(512)(085)(2688)
9723465822
(981)(868)(0891)
662-165-0855
936-633-4101
0957610163
(644)(923)(7833)
(447)(160)(7892)
5019321772
555-309-1074
6780020102
(028)(670)(3663)
(063)(836)(4759)
(873)(605)(4523)
(803) 599 6132
(512) 847 9850
9380087253
(724) 788 5411
(455)(367)(8179)
6558636576
1720147520
(631) 343 5479
(402)(566)(7464)
(980)(360)(2641)
6453641106
217-987-3621
(522) 194 6950
7161036461
(615)(163)(5039)
9414095930
(054)(041)(1334)
(453)(101)(4446)
(871)(033)(0124)
(118)(175)(4360)
215-681-4899
2238349373
2869329500
4847147214
(305) 781 4441
(065) 541 3898
2134795937
(336)(363)(9521)
(076)(197)(9938)
2337547267
2329240209
4516574018
3983384045
6303646578
620-647-4611
004-574-9561
209-085-1321
7743841034
(592) 962 8691
(720) 431 9778
5563717099
060-231-1349
7137924800
917-329-6245
1852151786
(717)(645)(9679)
(116) 764 6140
821-213-5571
(653) 307 3273
(701) 413 8249
9630125408
3237953412
5737740191
(377) 878 6215
1723951478
(554) 053 0180
815-260-6967
445-374-1714
8442035450
8909018966
(967) 697 3270
7022575046
7284262244
5287780916
4709045403
2219370881
967-698-0071
055-988-4454
(130) 629 7970
(744)(430)(6320)
6851780100
547-651-2843
(826)(441)(7733)
921-482-2517
5749109216
912-696-7300
7207055324
(629)(022)(9766)
(431)(510)(7748)
(426) 024 6846
4787989240
5862836513
(197) 378 6631
(355) 307 9942
(394)(921)(0238)
1114473887
(404)(435)(7113)
349-404-7050
952-658-0576
(696) 151 1454
(249)(200)(7325)
(192) 930 8143
(773)(191)(5249)
418-657-2730
023-204-6686
2682013025
(747)(687)(8577)
3739568221
5012915156
591-932-9369
(849)(392)(6522)
(337) 598 4831
9111021591
7768394671
621-470-7136
(701) 213 2773
(261) 942 5401
(806)(581)(7239)
(445)(710)(1607)
(872)(495)(0454)
632-470-2449
2045561464
(889) 069 0941
9010428865
(073)(313)(7964)
(952) 379 0256
3432409252
0547360199
3404215710
9891648391
(537)(352)(3814)
(770) 551 6684
5448446146
(002)(147)(3959)
0856292889
209-878-9554
1373941346
677-396-4214
288-315-3669
1182568500
993-446-8421
(575) 756 6821
550-038-1204
(205)(059)(4896)
4321837376
0518923470
016-575-6221
(725)(413)(9662)
939-210-0329
(556)(735)(3985)
6024945312
458-954-1411
0822272009
(645)(898)(5910)
2292275343
5514411721
(750) 094 2441
(033)(890)(1265)
1794629825
(452)(177)(7706)
2961730871
461-392-3616
1398927922
106-686-6682
(731)(829)(7609)
094-442-7797
625-143-6512
7963067272
6375197214
676-979-7228
4374960005
1539717302
763-401-2020
447-332-6397
(702)(254)(8238)
2748441536
(742) 259 0686
(626)(758)(3457)
993-522-1953
(074) 938 4472
(217) 702 7695
051-335-3975
(214) 148 8006
0598417009
(906) 090 2944
(289)(532)(9022)
(705)(852)(9508)
456-947-6545
(114) 168 2394
(273) 316 3288
6410482106
(852)(216)(4752)
(989) 726 2878
0131952630
(509) 677 7709
769-331-9219
396-867-1261
113-235-2322
(743) 294 6211
0847320751
(879)(932)(2706)
(488)(506)(2820)
233-474-0957
(736) 948 9513
6621177933
4151674191
722-265-9840
517-420-5217
(094) 997 4396
2395886518
2561072837
9893135061
(279) 952 0701
5958733374
(928)(507)(6536)
(410) 692 3670
490-750-7168
(657)(239)(4293)
(854) 176 3658
9951712101
2892683161
2834433826
3003166568
(954)(801)(7384)
(118)(303)(0236)
(269) 138 0555
(734) 951 4903
(573)(064)(1398)
2655591198
4808333934
5561403335
939-189-8733
9368243518
(806)(126)(5729)
(130) 190 4121
227-222-8769
(406) 211 5106
(950) 690 9465
085-304-9085
2153015802
4282681103
(401)(919)(1812)
(104)(757)(2431)
770-482-3017
(368) 203 4558
(896) 333 2102
895-313-4998
7410707793
(696) 301 9647
8480568539
(845)(190)(3401)
2190315647
873-333-6919
8592465459
6965075366
(054) 363 5691
296-070-0582
9903479615
8185286691
008-760-8985
(894)(446)(6412)
069-552-2502
451-849-7872
(491) 214 0539
9427449326
683-757-3575
891-465-3363
(393)(822)(4441)
4563843291
709-160-8921
414-082-2294
(501) 351 0058
(083) 105 5381
925-875-2722
(390)(258)(0762)
(818) 116 7334
6787875752
(907)(856)(5643)
(872) 561 2043
261-099-6393
(317) 765 9101
5024627681
665-470-6300
(748) 406 9765
(754)(694)(8419)
8804394579
675-906-0082
242-439-7812
790-821-2090
023-106-9365
311-946-0777
5482060087
6078992480
2174120390
140-255-8362
(554)(229)(4501)
(249) 847 3641
8386642837
4521036203
0552628734
1696849651
0036455420
2682938836
(361)(458)(0106)
(643) 332 9539
805-415-6115
188-056-7096
496-097-1078
(170) 550 4216
(924) 488 4982
(079) 785 1705
752-847-6984
7958128382
0581795336
(874) 842 2227
7277677332
5912558462
(241)(470)(8048)
(486)(935)(8537)
283-832-2821
(711)(499)(6251)
(763)(040)(2361)
6443339116
3713992592
297-588-9775
(081)(277)(7767)
6911550986
9502352818
710-402-7792
6053965419
892-198-0003
3053964031
0356415864
4469979943
(519)(992)(6143)
7747253347
0290224708
(671) 429 1312
224-473-8154
(476) 309 0259
117-981-0406
0262776765
1740113113
7515170913
(207) 143 3904
(492)(879)(6325)
6685098697
8538994759
(932) 637 4711
310-808-7908
(734)(132)(1683)
(339)(151)(1607)
(020) 346 8217
1765458909
3025626011
(180) 423 2678
7858229491
6037180409
4972674330
1638949154
3752982962
(498) 418 5324
(164) 017 7552
0296487364
(664)(947)(7881)
495-733-2373
(577)(574)(1740)
(608) 987 9196
(914) 433 2848
(803)(377)(8993)
2046787105
(969) 847 5281
1842004760
030-052-1832
229-176-1559
(044) 693 6661
(616) 432 7834
800-109-1296
(736)(662)(4637)
(044)(690)(2558)
(166) 868 1955
4480621755
450-988-0056
(054) 992 2018
0164586504
(710)(723)(7447)
3799881819
383-535-7491
(366) 504 9504
7787824048
(049)(769)(6101)
(139)(983)(2846)
1152227598
578-354-9205
7974259734
1490414782
561-266-4756
478-215-6111
2330744634
1063136493
(386)(773)(5636)
(064) 428 5644
0408660249
(741)(580)(7733)
4149257696
(365)(632)(0140)
4232671327
9728159443
0062334692
(335)(603)(7817)
(978) 002 5790
2449628243
(355)(806)(3045)
6685813198
4890525740
(437)(451)(1658)
(347)(172)(2873)
338-608-3519
8893812399
7353758720
(338)(228)(2826)
4186092460
(683) 148 5010
(394) 361 9614
7169975452
(644)(321)(7098)
(471) 196 7606
2608517331
459-341-4937
(259) 981 0413
(217) 512 8567
(299) 289 4538
(477)(365)(9238)
(270)(108)(6229)
834-192-5117
060-309-3733
7261839119
9675358683
762-368-7087
(677) 460 7122
353-422-1826
915-360-4359
785-127-0282
(992)(547)(7521)
384-016-1352
(242) 213 4290
(319) 638 3009
684-435-6381
(872) 758 0740
754-903-9867
4719991795
(875)(008)(3881)
531-092-1544
(808) 107 1222
8974015661
(219)(791)(0559)
3934119960
(685)(413)(3103)
4341261815
8410511438
6131743614
8451303561
(210)(112)(7898)
(378) 355 2663
(257)(892)(8657)
1076292420
943-533-3374
(806)(459)(8953)
(250) 132 3300
9416539646
(760)(878)(1041)
(292)(757)(4027)
8770438801
(569)(163)(7652)
3851313176
058-712-4177
(474)(956)(0372)
(238)(124)(3667)
(191) 704 6238
943-937-7764
(987) 397 9074
(602)(376)(5662)
4221254013
(781)(674)(1309)
(962)(774)(1997)
5927294797
(322)(395)(0521)
127-639-8867
(440)(787)(5404)
(768)(950)(0089)
2228553536
245-999-7249
(949)(155)(2791)
598-110-5549
8557229326
(592) 722 8159
(014)(561)(6687)
(654)(868)(3893)
4424776079
2719550099
(890) 100 8264
(007)(895)(0473)
6699288101
(550) 047 9473
(601) 755 6724
838-200-0163
3467487093
(107) 025 3311
(194)(473)(5881)
209-972-5027
5637951105
2284293007
092-692-1424
2004602515
(358)(125)(8708)
609-404-8527
4835899343
(120) 807 7399
(116) 324 7065
8360824600
4417517477
(476)(577)(9228)
719-071-3044
4497600858
(974)(992)(9030)
(386) 385 6376
0817200773
(534) 070 8018
(611) 912 6976
4459902571
(019) 811 6731
925-929-4994
(238)(776)(8480)
(034)(606)(2583)
7482567516
(220)(388)(9899)
0041777959
8857293214
3951501514
637-878-7870
0808916868
(183) 468 5404
(916)(902)(3453)
1753907215
6891896805
0962182286
(839)(432)(3766)
162-753-5420
(639) 458 1599
4769285884
(312) 628 2393
2394967969
9261563565
2949630094
6135684362
(255) 258 8535
(133) 088 1970
614-367-7069
295-299-5407
(979) 062 6683
174-226-2516
9907086913
(095) 821 1409
3403846375
(359) 413 7619
754-798-5811
093-280-2776
566-762-3925
6773044430
(798) 542 7197
(345)(122)(3810)
8592951173
(924) 506 7550
(104) 493 3042
(105)(507)(6448)
926-312-0941
956-764-8906
964-570-5933
6992161168
7925027078
(235) 835 0588
0312629891
2449787811
0437340470
566-262-7440
426-156-5394
(834)(829)(4564)
777-415-1807
(928)(598)(1898)
(412) 880 5515
(578)(806)(4317)
5856440715
463-595-5011
422-721-5650
(227)(874)(1523)
(129) 378 3985
4361441476
8303037924
9268070739
(256) 384 5070
1534760772
521-972-8554
1467085352
(358) 630 8865
(477) 553 8597
(423)(401)(6865)
(146) 954 2303
583-949-1816
817-672-1460
968-427-0904
5828876058
036-332-6130
094-023-8719
8775533711
1547232376
983-005-6018
(841) 907 4797
(314) 514 4540
(154)(075)(3809)
4445977670
(660) 634 8932
(152)(440)(9313)
(304) 369 0568
8035189477
(251) 568 2706
4468770900
1159050983
5014366839
(547)(874)(8829)
(316) 147 9335
2992586658
068-704-3040
549-368-2894
735-925-2203
(960) 611 7477
553-289-7850
2243694706
(789) 356 3726
(553)(433)(7920)
(850)(150)(8519)
(112)(215)(1845)
458-959-9453
5832396825
4732061714
416-117-2460
(743)(773)(3023)
836-574-1829
(536)(102)(8121)
2141555406
(282)(018)(0342)
(612) 397 0316
196-097-1788
(119)(344)(6163)
(613)(317)(3579)
(875) 958 0239
4289638024
0872427697
(618) 913 6163
(972) 457 1580
(387)(107)(1383)
(883)(479)(7428)
5101662869
(425) 402 2237
(017)(266)(6722)
198-423-5786
5119208297
(362)(892)(9673)
6384802117
007-977-1783
(834) 794 6996
0164860982
(541) 876 7185
4401160809
(545) 184 7208
(101) 871 5185
5366929385
061-099-3876
7243163967
892-507-8581
199-219-6438
0699200545
715-085-2924
(477)(339)(4545)
9631869473
416-843-4569
623-344-0131
341-938-9419
2269585472
780-364-1910
(880)(389)(8084)
7732639942
6389584812
(618)(892)(5316)
(078)(895)(5798)
292-480-8014
(720)(095)(3119)
(540) 632 5354
7028493546
999-613-3035
3845819671
(563) 947 7446
3183087319
5529305594
(273)(343)(5464)
7920840034
838-290-9023
9721372279
7591188029
0871914230
(526)(355)(0326)
(313)(713)(1796)
(660)(849)(3370)
360-096-8955
(651)(354)(5872)
0544486762
304-147-3708
4518954541
(505) 122 1867
535-408-0713
5711325312
(758) 362 8178
322-082-0112
681-890-6703
849-029-9047
781-910-5526
3960775245
4436490759
(045) 074 7354
5324595488
517-774-6391
404-264-5150
779-014-6164
2011495781
3950878222
909-793-3989
4444501769
(834) 806 8175
8123741848
583-899-4035
563-133-0177
(260)(839)(9548)
(166) 429 4497
(947)(583)(4873)
6732401695
0827408824
(689) 821 3779
(787) 044 5966
6075738409
1105733857
(377)(281)(1643)
(094) 975 7706
(261)(694)(1334)
4806454875
2722166017
2463056738
9732551010
954-921-0471
0756690230
9092809770
0259837442
(167)(814)(0529)
3202147512
(330)(494)(5049)
(480)(644)(3141)
222-201-3040
4291300251
(156) 129 1263
(312)(998)(4475)
1730582947
9584376550
3925927513
(001)(026)(4871)
(727)(654)(2962)
1604768640
(967)(618)(7332)
141-648-1197
(644)(786)(8296)
(536) 265 1517
(054) 772 2551
8035504084
(562) 414 3321
(210)(069)(0777)
(527) 655 9306
4055674142
2743814801
(903)(845)(8376)
(634)(333)(6296)
2616410025
893-914-1118
(846)(646)(2081)
(303) 801 9932
(791) 395 8123
9534476782
1166373192
(257)(039)(8890)
(588)(182)(8626)
(157) 444 5141
9571312840
1581509362
(401) 033 7879
049-498-1903
264-017-9189
(578) 786 6341
9516214369
5548031269
2257624664
(498)(249)(7902)
1012022975
6368223127
2411004565
493-142-5058
