4166753783
(973)(179)(2370)
(453)(797)(0367)
694-792-1993
887-143-3703
3588421389
690-368-2969
1893690638
(092) 772 2232
(768)(930)(7961)
(846)(976)(4759)
9725419057
(480) 409 7421
2390658918
(802) 712 8618
5579101170
2362989407
2983536810
(991)(525)(6674)
852-166-2634
637-968-4303
389-868-2096
2989261689
642-816-4279
(821)(522)(3886)
(117) 693 2591
(285)(900)(8911)
7346177087
114-508-5597
564-474-7907
9944849776
141-671-0588
2698903206
591-738-2645
7618421519
(234) 209 9098
1044191495
3114159208
(144)(892)(3875)
(668) 228 8315
(636) 823 8062
(917)(542)(9023)
0617821203
719-298-8835
6542752106
(145)(148)(0657)
(103) 351 8361
0317702694
6450514976
(693)(689)(0809)
(491)(535)(8932)
6410700220
9101660916
(922) 544 2301
490-436-9266
5915148963
061-777-8242
0027892830
648-198-8030
(985) 406 1739
031-754-4401
0682475196
541-040-6012
(334)(939)(1733)
(217)(961)(4710)
(232)(848)(5675)
8796572558
1240234829
9327558288
1468045672
8668435985
1870945655
7584663521
(718)(000)(3409)
7593704421
4251272491
(635)(142)(7541)
180-298-6820
1548763688
3718947212
3901843894
2146585296
8614248258
243-568-6542
(564)(509)(3496)
4854178615
(065)(530)(2147)
835-924-5715
1298516206
028-068-4625
1634681131
(406) 916 1822
971-357-8948
6754666948
(596) 789 1703
0222011158
3242297712
6029360317
(889) 692 9516
2722822567
5256767888
063-038-6270
7489857481
091-586-5094
(142) 289 7880
705-131-6893
(749)(710)(3937)
7571591332
(499)(731)(9036)
9248654142
2720342080
(885) 158 6181
8066247445
225-911-8790
(542)(786)(3686)
8790529301
(055)(835)(0179)
2020984265
6873191471
(289) 285 9971
(166) 923 9924
281-609-4925
(772) 337 1022
8545599348
(682) 370 0492
0242938193
9107403601
1253233489
(316)(570)(5475)
(026) 782 3317
0097291154
(269) 939 7867
(025) 353 5077
(029)(768)(1018)
4606694808
3160258083
(997)(378)(7231)
3090437227
695-684-8063
6624482107
160-058-7479
0604410465
9046415616
(937)(935)(7008)
(664)(089)(1537)
(894)(372)(9919)
984-172-8570
4193852154
583-828-0691
2226830709
6306718821
300-344-5700
8966979635
2458031065
(640) 786 8063
(239)(307)(2086)
6452230861
(635)(055)(7098)
7177398914
5558807063
940-239-2299
(988)(201)(6329)
(868)(243)(4428)
8849168763
(685) 317 9850
3109797650
(418) 426 0172
(707)(134)(4949)
9158084342
9401419565
6832222796
(729) 298 0893
6849764122
(513)(219)(0991)
211-483-2133
(945) 656 0998
6470242600
9323630683
(071)(432)(1507)
(118)(627)(4027)
2558017308
4702805710
9847047727
442-992-6707
(245)(774)(5748)
8157375657
(711)(659)(9173)
(774) 174 5167
9106850638
5623826564
(635)(525)(9070)
(542) 850 5223
(084) 730 1397
(471) 104 9414
(916) 450 1160
(669) 600 7341
(096)(629)(8628)
(605) 006 2843
5065730332
4152062344
(935) 850 0265
3137673643
(523) 684 2517
(661)(812)(0717)
0207418172
8041219356
(263) 614 9574
7251825382
(102)(325)(2110)
(333) 385 6505
(157)(857)(9309)
(756) 627 5595
(773)(313)(8304)
(528) 524 1304
7031654730
(718)(855)(3611)
(968)(543)(0124)
(411) 006 3871
(798) 974 5235
(152) 094 4836
(771) 385 1289
3832081712
(446)(935)(2714)
(287) 379 5733
9337987805
2732125667
2454518946
2334590903
(307)(901)(2472)
3008142840
6010190890
(079)(573)(5668)
(982) 851 9737
(602)(562)(2299)
234-946-2430
(548) 423 8670
(706)(088)(0628)
6432744137
4335731987
3009177112
106-817-1465
6979868972
(080)(581)(3365)
(668)(614)(7283)
(031) 372 1026
673-827-5560
(182) 601 2829
2596528122
6570517193
512-771-8412
(750) 232 1776
668-200-5010
424-983-5673
(834) 321 8648
6284691831
(259)(661)(7111)
179-320-1324
8998874286
(287)(402)(9560)
(194)(491)(0352)
2418437036
7996720913
(536)(414)(9665)
7571489814
711-137-4431
4555552770
1728629720
(900)(304)(8827)
978-659-3597
0988877527
(320)(048)(5160)
917-992-7967
8469500553
(229)(742)(7067)
(317)(129)(2826)
6545895250
(256) 552 3867
(849) 816 3047
(083) 352 5123
4676588311
(034)(581)(0175)
(295) 379 6235
7291579700
423-488-1892
(624) 646 6489
(781)(932)(6216)
9791119098
1009337492
142-656-1140
2148954378
5016948113
596-530-5616
5063911680
9826604345
(913) 331 8207
9049527217
6804756275
(886) 201 3288
(976) 609 2094
(097) 133 4955
111-385-7089
300-266-6929
(714)(783)(1834)
195-518-2203
9892964451
120-757-8575
1640571177
2860283169
(048) 963 0988
(358) 421 2092
044-965-0541
6049350708
0762860356
3424293873
131-519-8894
5074410031
(325) 408 8016
095-084-3591
523-384-4874
904-215-8909
169-740-7011
2361119018
(948) 718 2033
(216)(827)(1354)
119-564-7477
(132)(386)(7612)
(393) 255 2378
6227119719
2394377287
2377901825
(648)(129)(9755)
(384) 998 6857
101-397-5546
6960756123
(699)(839)(8825)
7647065410
715-907-0220
181-817-6837
1133398965
311-910-9311
6530744596
550-125-7483
2025197640
310-996-0294
4610759241
(546) 399 7021
0311984183
(912) 934 5543
(029)(090)(3566)
(256)(173)(8165)
6683119919
(417) 375 1574
769-506-8010
8693478002
(027)(556)(9687)
636-708-1734
(445)(123)(3584)
4386696690
3339790791
020-258-3387
3501631147
(363)(969)(4237)
1459643581
1686881848
(627)(057)(4600)
1095262397
(292)(514)(6647)
3115249348
898-288-5850
5135502057
0341477794
(546)(261)(8281)
140-767-8293
(898)(544)(4413)
(827)(068)(8352)
5192456284
5222573619
(462)(212)(2187)
(115)(730)(4183)
425-395-4108
3323859196
639-959-8754
109-185-8591
5545101261
3231102105
(486) 232 7900
4102935513
6340801680
1243230660
(143) 863 8005
(287) 528 0493
5079853897
(654) 116 4007
3825127359
4024821194
373-784-6923
8801334349
4039203326
130-217-4359
8615451075
014-250-6492
8803902896
(357) 679 7024
278-154-6596
048-079-2727
7782204473
(866) 611 1534
3314604389
030-867-6960
9623630313
018-950-1669
9471767762
(137)(326)(6286)
0154732278
(158) 123 2174
(528) 309 9432
131-716-3171
7215541074
2085760174
(975)(230)(7605)
138-434-9101
9527893790
9840043069
(832) 280 2726
(097)(598)(0485)
(835) 896 6879
(379)(139)(1873)
(269)(012)(8085)
9866129427
5690094485
8814700012
2835312323
(891)(041)(8124)
3014265600
(257)(427)(4428)
1468028316
5662098009
4276665631
663-739-1128
235-704-8986
0245728791
(918)(462)(4780)
(100) 248 7818
302-125-5931
7002964626
(607)(167)(8465)
5274977586
(601)(570)(7238)
6821249438
018-513-2804
981-537-0092
355-809-0821
(626) 021 3377
3384060552
(190) 671 4956
(388)(576)(3696)
(063) 204 1553
1749269381
9363991812
(786) 262 6567
9233685389
4226515127
3427764630
752-622-1235
2439136950
6613320140
(299) 695 1779
(269)(504)(2159)
(014)(724)(6141)
8817158285
(348)(432)(3813)
7791011536
5275405034
9127717166
6774890335
6654349212
972-657-8803
3516967741
(480)(771)(4605)
(102)(090)(8441)
8204634903
1113759291
8960365728
7852466280
(864) 827 4629
(065) 934 0214
(312)(236)(6956)
177-815-1092
360-238-1859
(769)(368)(2484)
0758207919
(591) 040 4259
810-876-5608
(164) 953 7083
4768987307
6519128718
(885) 086 0364
481-143-7459
(196) 958 9185
231-409-9167
3652771803
7819775787
655-951-0109
(059)(552)(2148)
(974)(013)(5342)
8206063366
(146) 278 1177
(286) 986 3746
(741)(130)(2969)
(015)(157)(5510)
(863)(695)(9421)
348-899-6427
(867) 397 6505
(455) 915 6278
4955322028
1540751579
7239280153
9194778295
(746)(383)(6401)
862-388-5054
549-840-9536
2964371316
4516268805
(306)(733)(6496)
9033011839
284-699-5499
8251462520
(535)(804)(1357)
2300667878
649-687-1753
(872)(704)(8315)
329-717-4437
4450986366
(939)(496)(1919)
7688208523
7699762363
(299) 163 6759
(137) 964 4690
738-664-3113
1834203216
(529) 028 3474
4339296008
(616) 119 7488
0299980895
(142)(523)(1380)
(708) 302 7630
6517038792
2891619894
(515)(874)(9109)
(523) 403 6638
905-016-0530
(641) 870 6684
1926727867
(197)(403)(4441)
1674253041
118-253-3689
0898300345
386-942-2168
0295676231
(228) 119 5363
(412)(420)(9052)
9972417263
4865093225
8231350757
(742)(251)(5256)
(408)(478)(9094)
(325)(148)(5408)
912-679-1613
7279416913
173-807-0263
(461) 577 2529
(011)(853)(2142)
6588528465
(740) 286 3218
(396) 670 8406
0708218366
5408239151
150-344-9955
6354868955
9043549897
678-331-1710
2848155376
4048905010
4357969237
1028251691
6950751088
(620) 889 5143
4998531293
268-165-0348
155-799-8015
7751072150
0121652607
135-679-5718
0742807096
2389222914
1113968578
5101879051
208-598-1604
051-115-0586
8107960739
(964) 739 7835
0366961701
(997)(500)(2336)
192-022-5122
8388699854
8641242695
5117070518
(271) 689 8461
(705)(706)(0759)
037-516-2420
4657330860
5224990446
062-946-5024
(176)(619)(8005)
5020883862
206-040-3155
(379) 800 1922
(841) 468 2839
(921)(242)(9364)
(367)(068)(0174)
698-681-8075
(308) 025 8043
4389315973
(648) 684 6290
(586)(238)(1441)
9504505410
(349)(026)(4711)
(239) 682 1820
4544164057
197-436-1225
0375292791
(824)(937)(9005)
7109269980
6315708179
0962753976
(510)(650)(9707)
(788)(080)(5353)
043-383-7107
(251)(646)(8083)
(237) 903 6433
(136) 638 1215
(216) 787 8067
(915) 295 8419
480-757-6717
219-320-3888
(575)(290)(7147)
1169288058
1716755045
(824) 894 4420
9926672486
3123499883
(669) 720 8644
(245) 935 0569
(431) 738 3595
(411)(012)(6359)
(404) 401 5293
9663865725
(676)(213)(7386)
(495)(028)(6377)
235-231-9846
367-772-9516
206-698-2877
440-622-5759
902-035-7693
745-776-7719
395-147-8653
(787) 609 6546
(117)(701)(2210)
9876068725
(571)(125)(5023)
6708332359
9374473793
858-651-0209
(247)(571)(5102)
(442)(739)(4285)
(384)(798)(5472)
759-396-5093
(773) 746 5758
5231727846
849-438-9587
(565) 140 5247
937-532-6981
4035276015
(139)(102)(7716)
239-865-7943
543-691-1924
6045649993
(711)(673)(4298)
2771863168
1984313265
414-752-8248
(734) 000 2448
9957737945
(628) 257 3180
222-059-5830
498-921-0142
(141)(461)(5800)
0800448231
(818) 560 0151
250-124-0554
0814905520
0501079423
(029) 292 7381
(618)(561)(6339)
7544423752
5018787003
(785) 430 7812
198-157-3076
(808) 443 3464
(828)(843)(9915)
(459) 270 6527
(915)(858)(9108)
(740)(151)(1003)
(717)(555)(4425)
(425) 830 7462
(102)(049)(9053)
758-405-2020
720-554-5296
(708) 577 9484
(162) 776 6334
957-169-9452
1783216476
3339904007
1972002970
1400918829
(246)(870)(7813)
(082)(946)(3546)
(682)(086)(0855)
5337068904
8041498180
(969) 180 7310
(201) 482 0253
3852765806
1895514611
(016)(913)(3442)
(573) 203 9481
1391644781
287-928-3298
2794418638
(560)(775)(3203)
7898056123
(705) 972 5154
9307069775
(299)(197)(7915)
426-099-8330
(396)(118)(2661)
(779) 560 1262
864-896-1066
(102)(514)(0311)
185-852-9484
478-557-7501
351-869-9169
7847502830
(431)(609)(1900)
8045787634
(358)(488)(3974)
262-778-2278
(498)(407)(2724)
(235) 210 2691
(168)(875)(4894)
(040)(129)(4196)
(989)(302)(5985)
9566268124
9302163492
635-970-2304
(396) 902 6130
2329450275
2775705604
(484)(178)(0095)
9494101185
2092616885
(145)(669)(5233)
0406592552
2647581394
1302014940
1707911073
(457) 772 7399
(599)(756)(3899)
(212)(230)(2477)
9610229872
5383119647
(394) 859 5304
(449) 244 7064
427-785-2956
7224898680
2999711170
7728758723
(633) 065 0917
(679)(294)(1364)
8763141274
(938)(903)(8024)
4129919358
(811)(611)(5719)
5543553647
3947592935
395-661-5413
(569)(367)(9276)
(255) 525 5332
8993496555
(042) 402 0678
7360272873
(418)(882)(4035)
091-474-8307
177-661-2480
(689)(745)(8612)
9448909770
5508067242
(797)(066)(8638)
2338560492
770-236-6641
9828554776
5661002213
1707413400
(833) 390 8106
5262794203
6550798506
733-909-3344
(539)(680)(1897)
6289482960
0060062328
(555)(675)(9575)
1662263239
8475612839
1577778513
0981743916
979-687-4636
(865) 289 1060
5824931021
(986) 179 9326
(555)(339)(3721)
(399) 541 2450
6479169633
4860580307
(779) 363 6835
0529244415
9981287210
(023) 881 7966
7060644448
7061110445
(250)(724)(1464)
(332)(092)(5183)
(052) 805 2430
371-258-0529
(639) 221 1985
(673)(628)(6645)
7342690716
6715482890
109-134-2539
(521)(968)(4860)
8571236888
1116896931
(162)(058)(5747)
5216955511
(108) 393 8333
(658) 493 5943
557-940-0796
(506) 375 4446
503-574-6050
(167)(278)(5203)
531-019-5165
1440746210
815-552-4955
(556)(736)(5095)
(535)(761)(5221)
2233241828
4624390802
(559) 117 6014
8067842261
(089)(826)(6051)
(433)(490)(5425)
(980) 000 0403
2159200672
7724166049
(153) 690 2800
(810)(503)(0503)
077-992-4801
(874)(827)(6011)
8889141910
860-408-4014
5375078822
(035) 990 5575
(300)(032)(7802)
2665417136
7834445844
(341)(673)(4639)
(561) 181 3721
(788)(502)(5677)
777-282-7122
3434264444
(383) 899 4748
0858391408
(467) 032 4038
6861585131
990-616-1410
7056475092
(359) 815 7879
702-657-5377
(095) 253 7573
(702) 017 3596
383-366-0030
(065)(339)(0439)
(913)(898)(8331)
2022522538
(459)(239)(9117)
556-929-6258
9300256199
3744212481
(831) 880 1786
1622997665
(155)(725)(0841)
6925398041
(642)(645)(7476)
1462986936
766-459-4863
2330233910
368-954-2648
877-058-3903
(838) 113 4563
(947) 210 5866
511-907-8165
5013734496
0131347318
(684)(594)(8295)
3428583145
9151794039
887-121-2884
(949) 197 3966
(658) 316 5172
9167043966
(183) 104 3979
1288434042
6652168124
5642541832
0824530051
4496640037
3123507383
2845324267
819-725-5495
7580632445
1711360671
1433336500
(573)(826)(3164)
(766)(059)(2170)
(947) 841 1719
569-807-7749
(061)(746)(2481)
391-090-3227
(457)(591)(8513)
6397540156
3669792482
764-169-7347
9293855545
(341)(749)(1545)
(843) 523 7682
(786) 492 0543
4718426710
(600) 146 6515
(497) 913 0835
2002504249
(728)(637)(8536)
5860480490
(609) 173 3439
(394) 350 4243
4679685490
4115400108
(222) 391 9361
(669)(372)(6277)
(364)(573)(4936)
698-137-7856
4232337817
4555889944
(349)(354)(0076)
(771) 038 4090
(943)(519)(0453)
(669) 335 2359
(821)(323)(7023)
(436) 797 2519
(720) 820 9160
1065681573
(653) 320 5390
7682589639
(374)(575)(0416)
2416456244
(325) 381 7018
(379) 152 3746
(904)(908)(4579)
(053)(882)(9521)
1294494091
727-010-3866
(487) 229 8711
2508812066
7725213268
818-379-2516
(848)(995)(4703)
(047)(941)(8978)
1793725632
4647891438
6705608360
1360661757
(496) 328 0684
8655643600
9599209388
2275599112
6968088568
1938861308
736-171-9848
874-747-9687
0609802592
(242) 346 2940
(869) 992 7756
842-894-0349
8454794496
(185) 197 2286
521-222-2321
9712605619
(188)(868)(5146)
966-599-6036
(734)(999)(6923)
(897)(991)(4624)
682-971-1612
(432) 512 5913
8373167101
(409)(798)(7131)
012-974-1269
2608124107
(875) 503 1566
025-461-1198
2021235083
454-566-2443
(585) 867 9319
(651) 292 4179
6916523193
8331839259
(422) 078 5425
7558988606
064-603-9027
0161136560
539-869-1596
822-253-7541
(962)(882)(0327)
0208671198
3589090995
(767)(638)(6136)
(265) 255 4488
8659393947
999-586-0562
498-985-8870
(125)(306)(2749)
(706) 899 7294
(464)(115)(6956)
8100626936
7941939664
(150)(797)(6877)
3975724087
0119871757
8806595666
(700)(183)(6541)
4788385371
(381)(385)(9657)
9086968326
(040) 954 1244
6990692099
7304354321
0779496749
(488)(036)(1338)
8923662022
1257309796
3369295665
5000574036
5189356445
(852) 909 6856
540-766-8679
7677004391
051-649-5303
8633137823
9651654204
3103664393
8014394985
(591)(084)(5466)
255-289-0188
9608099407
7457508201
7750075055
0608509925
(635) 580 3469
586-540-6051
7362597552
0626729839
(236) 737 2674
0112105815
7063531035
(554)(891)(1361)
(141) 329 5112
276-362-8058
(705) 657 1156
(351) 412 5833
4431545730
0725231546
2152945404
1783161149
0213705937
(972) 245 2102
(434) 842 9314
(766) 531 4169
(380)(354)(8949)
(179)(223)(0342)
0415504650
6498381185
6353985956
294-613-2313
(135)(204)(5261)
7491417292
1785950091
7153266944
3640041595
105-070-0419
7821314986
(641)(388)(4979)
1970934883
2781061970
(858) 291 5809
8698780424
045-957-5044
040-935-7890
9014013001
2143352331
1081528362
904-161-5236
341-251-7221
(356)(484)(1296)
(028) 696 9826
884-536-8915
4690717298
(055)(574)(6285)
(710)(200)(7368)
(879) 225 0768
260-304-9698
6860201736
(166)(414)(2624)
207-675-3111
148-809-4568
(487) 336 2936
6554788903
5892211295
(171)(646)(4163)
6964014859
(293)(517)(6898)
(614) 257 9918
(078) 433 0246
717-807-6429
8774793086
4672132684
(409)(968)(0959)
9925837272
0629663819
440-085-5665
4311896583
(998) 534 3673
7119787652
8496691882
(919) 864 6476
544-262-0544
7549651075
8814179590
0367885794
4369345514
713-790-0858
8737819266
(618) 693 3028
4437686956
010-338-4327
(481) 046 6886
(537)(418)(2687)
4067546347
2094280540
4722805540
413-418-4614
(200)(048)(0103)
(200) 868 4434
(175) 977 6614
(011) 343 5598
486-488-1471
909-789-4100
(081) 326 0240
(877)(581)(7230)
(193)(767)(1073)
(151)(097)(2101)
4480102100
(607) 205 6769
967-065-6559
(522)(383)(6646)
8895252744
789-156-8558
0668027778
955-472-7360
(095)(793)(7997)
2643060389
834-998-2911
(223)(398)(0041)
(842) 183 7533
945-163-2867
(382) 060 7788
(703)(275)(5792)
(376)(804)(4902)
(564) 692 8907
7579539539
910-655-3298
6281302298
(968)(034)(2864)
(094) 349 0751
8673940325
(729) 127 8306
776-325-9355
(939)(471)(3762)
847-298-0941
(733) 634 5724
8316014398
(146)(107)(8715)
3638766799
(957) 382 3700
9054254002
551-821-4330
2164259140
640-557-3371
(908) 925 8375
(978) 986 9864
893-858-8984
296-510-6171
6589938441
(321)(441)(9551)
0857027779
0931212737
076-856-0984
(297)(994)(8816)
(390)(537)(1884)
446-790-3340
(419)(244)(5952)
8540025815
9075477951
(006)(911)(7533)
(048)(847)(7572)
(556) 874 1245
5817993669
608-125-8565
9115582227
7692815167
0123301687
(255)(378)(5997)
0607495238
(828)(729)(9768)
(718)(473)(5205)
(113) 932 0723
872-561-0715
4968831825
(836) 747 4025
(052) 231 8560
1476626590
4833636937
(470)(716)(3470)
(694) 818 6941
7059434367
3012018965
468-596-5540
4607229312
022-912-3390
3310862254
(276)(926)(4133)
8621738357
(298) 598 6122
(375)(283)(4111)
6455829676
(922) 549 0775
(440)(804)(6164)
704-460-6920
345-477-6227
(820)(923)(0223)
6539307292
9898628436
872-957-0396
(815) 491 3527
4760449362
(871) 187 6018
5267377086
131-090-7908
0728716262
6695363874
4762243439
(172)(614)(6103)
487-255-2744
143-323-6177
(126) 800 3334
082-097-9787
(471)(415)(3160)
375-529-8367
(685) 228 5442
927-448-9872
851-251-9074
2049760894
0792399069
5241748399
2306421620
(148)(209)(7570)
(130)(410)(3128)
460-897-0872
9423199372
(790) 951 2457
(027) 867 4469
0820809273
3004852692
(526)(966)(3584)
(356)(259)(2743)
(214) 387 4889
9079519524
763-270-4720
414-302-1965
6239644085
4989330090
4499409716
6415615454
(276)(165)(8192)
6740501850
(528) 246 9230
8116651440
6792003075
(531) 079 1566
(957)(410)(1808)
(532) 629 0363
998-948-8232
378-894-9764
(644)(168)(5926)
7834619399
1881373849
384-285-8550
6100791922
2979995892
583-250-3920
(495) 269 9433
(496) 250 6941
938-410-0165
5265816130
(419) 676 2263
(310)(491)(7451)
9078331081
790-158-1869
628-197-2451
0951472179
(216)(047)(1815)
(604)(049)(1489)
8452414973
(795) 635 4999
(383)(988)(7207)
829-389-8807
(465)(572)(3525)
740-105-1229
(414) 473 0837
(780)(967)(3804)
9252230128
7734219542
(786) 274 5722
6121385508
9342358475
0800851887
(523)(950)(0038)
(243) 273 6967
9774191345
(748) 164 9606
(621) 044 7266
2952436870
1479908235
(832)(473)(1411)
9457827768
7135543131
(296) 829 4289
(852) 628 7985
(339) 955 9749
8884551501
2842780859
6428609018
7149169249
(390) 031 5002
0144957841
(529) 677 7732
446-735-9647
4943697721
(068) 574 9089
258-377-1942
(755)(883)(9825)
2943952064
(912) 475 6500
188-073-7145
(887) 789 5470
(565) 170 0631
0113195180
(819) 596 7927
5520567410
(928) 774 8802
(676) 423 3999
(861)(539)(1817)
1193562093
8965639449
5487682843
962-355-0680
8331676237
7847970924
(944)(211)(5521)
150-677-0518
1618197267
6945017316
(142)(957)(6898)
9613782150
(607)(358)(5293)
(895) 015 1720
(785)(690)(2636)
030-641-1906
7973331198
892-942-3713
4000394964
(979)(790)(1147)
195-578-2683
(122)(621)(0856)
685-492-7055
597-892-4240
3538004368
521-770-0585
(559) 721 8819
1374651274
698-730-7598
485-500-7895
2667640544
(766)(201)(7126)
970-093-9149
(521) 595 1756
(401) 792 1796
6539703079
4097935310
(081) 886 4372
(318) 573 5611
1898202379
664-700-5889
5759748021
(090) 218 3769
(620) 813 9294
551-049-4750
(904)(514)(7688)
5844911620
4146192743
(508)(693)(1508)
327-537-2916
(289)(418)(5013)
225-442-6391
(974) 668 4885
649-278-9523
752-637-0506
(168) 442 5817
9340831429
641-638-4971
315-498-1368
7146353878
(439) 604 9347
4126830132
(293)(703)(1386)
8033636923
2644966342
(921) 290 5147
3758733109
9563449569
8694816111
(764)(581)(7333)
256-309-4429
651-532-5201
9078027534
(238) 095 9449
(237) 451 2223
8107379766
031-488-8919
571-040-5926
(028)(262)(4114)
123-343-6071
5507549028
944-976-6516
4565729002
1865867388
669-279-2636
0610555777
(261)(266)(3162)
0115933327
(679)(039)(5915)
1070321302
686-045-0379
(806) 719 3325
5725167970
(193) 417 4810
2893675546
1752954150
(730) 342 8471
362-839-5440
9355880794
919-618-9808
(161)(791)(8420)
(439)(608)(6160)
(393)(209)(8792)
9521338358
(831)(077)(8262)
7462455478
(667)(476)(7635)
(115)(487)(2769)
(893) 164 7845
031-830-2586
5533944059
7783073129
3924562176
(368) 701 1068
(632) 634 3510
521-289-0351
0367476347
(599)(261)(1935)
862-534-7612
1218174808
5832622315
(483)(479)(2404)
8868491253
1901654960
918-060-7791
2185350169
471-848-5715
5595827371
167-288-8351
555-446-7533
0930847503
780-777-8697
369-077-9664
7319154547
(373) 263 7213
9062937268
(067)(729)(1413)
(607)(522)(9311)
9179014571
3841018547
3661297647
9733887088
8503481240
(169)(781)(8183)
3812246088
3179781747
0414621911
1103295527
(161)(843)(9490)
(607)(814)(9494)
317-421-5998
555-010-7218
(727) 157 1952
(140) 753 1227
(675) 028 3759
3978004183
(137) 036 6923
(370)(076)(5888)
824-996-9402
0185178913
9805248719
(814) 267 3214
9610493199
2154337144
593-648-7256
(912)(004)(5805)
6549500050
(492) 526 1615
8488388650
(055)(553)(1523)
9797861084
(389)(769)(6852)
5348678595
2303239638
101-816-9199
(338)(296)(6075)
457-972-6855
6171606955
(293)(332)(8282)
0981419386
(022)(260)(4983)
7554516456
6052369947
6431278422
968-692-0313
091-638-9077
2514010597
4310382939
400-485-6493
4580153045
(649)(897)(2323)
(747)(076)(9960)
2442361096
6427048749
5945136187
661-949-0334
048-062-1541
2908140971
3270936524
524-182-1784
(315) 317 0608
1253751731
9280768094
141-664-0738
(452)(494)(4359)
815-160-0551
(089) 212 3599
(251) 420 2944
(385)(482)(2245)
(869)(384)(7103)
(626)(014)(3574)
(609) 472 5057
(123) 299 3984
(639) 018 8038
6195826840
(295)(236)(4262)
5688373451
(683) 181 9364
(120)(403)(9805)
(514) 605 0980
119-277-7927
(614) 754 2070
(663) 425 2645
197-141-5900
781-835-1120
789-879-7069
(770) 052 6446
183-219-9847
645-027-3399
(477) 687 3012
9003798378
(382)(318)(5175)
006-575-6578
7694530731
(172) 930 6687
(207) 579 8099
781-332-6276
(411)(451)(8022)
9609167624
9787556701
0326608720
2716056523
134-200-9302
(271)(108)(3812)
0189063754
(977) 358 2368
5354097202
4860354185
(297) 397 7781
6060080414
1990123129
1511789135
407-106-6109
2501689273
(226) 368 4075
(579) 941 6584
(766) 966 5464
2275245224
5663002015
(311) 875 3551
570-411-6022
6824333916
(018)(031)(9268)
(511)(608)(2678)
(051) 351 8301
(473) 265 5371
6466469425
554-251-3703
2186660986
6662831609
0477438303
136-594-5986
9201484561
745-078-7985
(496) 269 2809
(134) 446 7347
3849231215
447-135-1906
(418)(222)(1108)
3305008826
(842)(292)(9579)
5349080819
(635) 025 7633
3734870141
(176)(615)(5819)
5203901100
8493309750
1597783069
(778)(384)(3971)
(119)(239)(9865)
0069806045
1132394200
6306197733
(767)(456)(0261)
(278) 590 7351
0364203509
(540) 093 7476
8351767612
(274)(097)(9753)
(848)(938)(3515)
(460) 572 8733
(036)(358)(9808)
5324314715
667-404-6971
4961557507
1559389515
(941)(125)(8172)
668-703-7656
(302) 572 0890
2565317598
9552202731
(901) 497 6864
6729746776
745-431-1261
(724)(835)(7863)
(858)(259)(0727)
(224)(658)(1955)
(050) 334 3931
928-572-1196
544-852-4412
6224015053
0351796438
2666386281
(306)(907)(8463)
4451145555
(482) 525 1912
(593) 349 1393
(517)(979)(9831)
442-331-8272
(278)(563)(8713)
8461958306
(567) 170 6825
1801585923
5449725882
(093)(772)(7053)
947-590-0196
(386) 269 9480
(622)(422)(8602)
(579) 446 6273
8047817090
986-273-0148
(483) 974 5591
(437) 326 3129
8376972922
7297824387
7805178606
(648)(938)(6577)
(511) 498 7242
4239468304
9246142665
643-907-8453
751-530-2894
1379228424
5002763272
(022) 644 0912
(629) 782 6249
8060685050
5610726178
(201) 687 4881
(542)(775)(8903)
(419) 907 4129
1696679450
(635) 967 0577
(123) 321 0003
6843386808
(692) 242 0387
(492)(300)(2697)
(150)(917)(7790)
(131)(888)(3671)
0390673020
0202538998
(623) 281 1540
2756227735
(630) 426 4502
(704) 582 4914
332-031-5253
(982)(207)(5864)
3816270873
(639) 787 3639
(998)(234)(7193)
4774725212
1791828782
(436)(525)(8297)
806-992-3985
(476)(887)(0720)
7492075140
(348) 212 0561
4313275761
948-867-5517
903-645-6827
679-045-7355
011-171-0257
(934) 413 9084
6505213222
9805084457
(445) 980 7551
(504)(005)(5562)
9905207407
(012)(393)(5297)
4729914075
508-200-7521
(142) 754 0682
2309070889
750-436-9722
1098882866
(110)(682)(2649)
245-813-5252
(591) 309 2085
(970) 875 2138
5405116216
3390116178
(678) 213 1145
7964322548
8279035715
5702678767
(149)(094)(4389)
(549)(723)(4849)
8767942600
(362) 416 8368
5353668239
7740329478
3445470196
017-967-5090
933-286-9611
(949)(303)(4399)
6134751321
7677626211
411-951-4121
(938) 049 9872
4809941707
1769228465
(305)(654)(6704)
1857653890
7449443622
8477146136
(204) 119 8175
427-623-6472
(150) 189 2725
1313866343
3783883904
3395453942
1146720910
(661) 286 2120
786-597-9274
4554352329
(051)(730)(2992)
2272162066
5111241741
(049) 694 6504
2416105944
9454845536
3224371771
658-869-1222
363-734-5430
0575298068
6109609926
(184)(477)(2107)
6889814539
9537774288
9117305087
5922887919
(812) 490 5782
6192520374
(660)(965)(6140)
9531513562
7679221314
276-015-7132
(282)(424)(8871)
(060)(952)(1794)
(383)(374)(0296)
(102)(551)(1531)
(134) 488 1784
(424)(594)(1434)
348-160-5147
(663) 406 8457
0394844257
(817)(879)(4963)
(014)(384)(4952)
0697874139
(572) 832 0197
(282)(921)(4101)
(645) 017 4653
202-257-0397
(811)(620)(0612)
(178) 305 1499
2626358333
4031159634
4560164645
556-576-5529
320-325-3187
5550469370
(886) 558 2105
(353)(905)(4339)
(821) 354 7749
(038) 733 4162
0787699762
9351269982
574-220-2840
5364134181
0300299103
(621)(681)(4347)
594-399-6461
4799885783
456-213-8344
7461221828
0107524733
8302111027
(688)(999)(6323)
336-193-8200
1393807076
(215) 120 7731
9244052364
2827261122
(801) 980 7054
3680129111
(852) 242 6936
735-141-2299
(425)(246)(4742)
7608703966
(486) 007 4598
6653287368
4044210564
(291)(013)(7611)
8749322365
8397621207
465-733-7152
6788623258
3799869245
(643)(891)(4529)
946-458-3447
(943)(804)(8888)
(828) 965 4717
764-518-6837
6501121074
7075332821
(415)(110)(6890)
(431)(779)(4435)
(653)(173)(2616)
(256)(906)(5106)
(533) 530 8623
032-537-4584
(227) 997 5422
(857)(857)(9673)
(202) 714 0569
(124) 308 0962
2772754775
8463885186
6143228920
376-630-9701
2334599785
3363294751
974-534-7873
5416736240
(945) 956 5698
6757087781
(568) 562 1764
(604)(040)(6920)
(714)(205)(8054)
7021688728
(072) 734 7767
6389134870
(203) 062 4634
632-574-1448
(649)(921)(9695)
416-861-0585
(199) 338 8611
122-986-4819
(232) 070 0961
(686) 511 0339
6852845964
843-688-5337
3003787019
(159)(646)(3542)
(903)(824)(8761)
(271)(040)(7508)
420-221-1188
7111242895
167-610-1181
(040) 484 2728
2808966974
(728) 331 9023
(471)(642)(8293)
413-954-5796
(400) 467 7042
(965)(607)(1207)
4817519033
(923)(573)(6977)
6487242429
(036)(983)(0789)
517-456-6147
(081)(069)(5847)
(924)(680)(8935)
(024)(987)(7969)
683-223-3852
2119068516
8048647916
6118331204
6703977137
891-335-0748
(635)(329)(9365)
4112234542
6943962383
(134) 532 6729
3069255751
288-461-3448
(161) 622 3274
(777)(131)(0155)
(819)(485)(5469)
1585592676
709-457-7161
(076) 158 5215
0930234311
(248)(391)(9757)
314-029-3597
(035)(409)(9006)
8440209342
7077879428
(967)(495)(1133)
(326)(213)(5767)
493-703-5308
(707) 051 6793
6012891337
2888943637
4734016143
028-929-1105
(360)(748)(8355)
1395784937
805-300-8211
447-396-6560
(261) 611 6678
688-761-8882
1245156327
8262552174
(544)(358)(6702)
(537) 348 1931
334-866-2807
(663)(142)(4959)
6986916593
7076093272
9189712805
8906569266
4943836840
153-550-6350
(942) 612 4777
(522) 861 3727
(455)(414)(6913)
195-583-3731
7289650525
387-837-6848
093-691-0068
4051496310
5687334055
(636) 083 1197
6100292006
299-314-9870
(542)(441)(2787)
(289) 876 7561
(383) 192 7673
(273) 883 5255
547-000-5459
4167196971
151-572-9112
(627)(524)(9921)
8531585313
1004922511
(807)(201)(9641)
(439)(393)(4383)
(622)(970)(3297)
1530533298
(742)(302)(9233)
9211086424
(828)(383)(0260)
705-752-6501
(449) 895 6575
6345445382
944-938-9872
3420548812
(351)(151)(4803)
(927)(766)(7211)
1552054175
036-224-3250
4932895513
0224560187
175-499-1296
103-296-4074
(371) 099 9723
(568) 363 7078
(133) 657 4216
629-440-8197
(522)(870)(9545)
8406298680
2001039534
5076030923
(189) 860 6417
8177505777
(166) 496 7424
(711) 872 9740
273-489-7742
598-899-0841
918-004-1803
9868237172
(196) 810 2859
781-757-4973
507-015-6935
746-567-0213
(224)(128)(9965)
837-091-2053
(206) 720 8691
4363786640
0570797798
1772683310
5291256378
(673)(756)(5397)
(887)(042)(2326)
452-802-4872
4205552367
4690650554
(803)(477)(6792)
(695)(210)(9353)
(108) 392 5462
(326) 967 7601
(168)(636)(4502)
(630)(376)(0637)
(048)(061)(4363)
(860) 770 0117
(574) 651 8821
3440779784
6225813153
4633303068
141-972-6250
(856)(217)(5179)
(614)(197)(0766)
807-085-1075
231-502-5384
(407)(084)(5762)
2221336006
6991928697
819-718-9828
2143414979
2617839558
0450036129
476-778-0403
5893044969
(744)(546)(4311)
094-920-0351
0154536322
3683714460
9371003739
401-454-1168
3933763962
(567) 056 3895
013-276-5020
5247492506
(430)(614)(5559)
(753) 263 2945
(203)(141)(0500)
(340)(792)(0798)
(307)(051)(6297)
(277)(443)(3353)
(268)(377)(2722)
870-429-5313
4120806554
995-208-9232
(536)(944)(8417)
002-951-0177
1840481338
(853) 727 6104
0292630100
4010056665
1677555772
(560)(134)(4931)
(321)(579)(9365)
640-741-4490
1143357636
(088) 048 3989
697-809-7800
(266) 216 4675
(290)(185)(1782)
7984759663
101-750-1690
642-869-3558
(769) 984 4720
(013)(139)(0874)
8468606053
3175035180
3507710622
(179) 933 1685
0336064340
7217102586
5010952106
168-331-8258
(355)(272)(8451)
(855) 197 1258
1799074960
480-158-1579
7401537807
(894)(770)(0471)
7652399499
3434132001
3770941988
(473) 159 4798
(881) 768 2352
4839870116
(089)(472)(8159)
7833633627
8391352177
(016) 601 7171
5201938052
2630457156
4973566948
5187641300
(398) 154 7176
1128690983
247-415-9596
6704586116
(010)(658)(5113)
230-456-5969
(260)(968)(6957)
(631) 616 7368
4783995449
0649985336
9393576222
5284930743
(080) 451 0332
323-858-1352
079-609-2742
690-281-7691
(724)(673)(8924)
(081)(858)(9356)
(519)(197)(8482)
5300572355
(260)(127)(8505)
3625216501
2444633743
(319) 219 3105
(556) 817 6323
3795947941
260-217-9687
(883) 140 6531
222-489-6098
(155)(186)(2000)
575-232-7431
(456) 028 5010
7706388148
1181056951
1278984018
8960618543
(070) 376 3593
1781279857
(442) 801 3959
2918595830
4560934489
434-551-5592
8986832892
7376507805
(446) 477 3166
1677632548
(322) 427 7786
2339312350
0441539705
7561841789
1610575852
(506) 587 5378
6863157474
(153) 275 8176
5111927949
619-622-6453
9949215066
(998)(985)(2817)
(186) 251 0257
379-935-8245
055-344-7653
(649)(257)(7696)
(744)(346)(0765)
(473) 000 6353
4488714759
7808305360
3831990239
2085127961
(951)(957)(8790)
224-860-8929
095-474-9158
3110651504
3177129572
(795)(888)(6838)
7734883492
6588479899
(120) 619 0469
6811918184
1795615423
7897519107
4207078906
134-917-8722
(575)(397)(6234)
4111647006
3458703148
(336) 123 6768
2451071087
3957407717
571-689-0719
(816) 030 3361
0736117599
(459) 680 4069
2652815203
1364451539
(290) 853 2404
6584891675
7731100151
(745) 966 1082
486-547-8505
(319) 257 7364
(163)(258)(1932)
6230720502
(778)(727)(7829)
(780)(619)(1641)
(579) 821 4441
(790)(510)(9189)
(324) 767 8458
(471)(903)(8735)
(184) 909 8312
(665) 442 9332
0372889752
2560522451
(841) 543 1139
(222)(774)(6308)
6642266962
890-824-7985
5164350656
(625)(540)(7319)
(500)(616)(6290)
9558613658
463-141-5362
3614525192
352-827-5965
2658350381
3413652298
012-258-9909
459-334-5662
(553)(909)(5464)
054-859-1843
828-428-2034
3207504964
2837624970
6002835539
078-774-6695
(051) 884 6122
(299) 222 9391
7671224256
208-332-1880
7769734322
1015190695
595-550-6244
(379) 478 8853
(161) 364 5482
282-702-6082
(632) 945 3328
(909)(210)(7310)
(302) 140 1197
9886645542
(665)(914)(9482)
(072) 926 1079
647-713-1011
(378)(287)(8625)
1463753006
(512)(683)(5548)
2880732925
211-257-0861
8279759892
362-341-0380
(521) 753 3052
6953548884
(827)(688)(3862)
0813676023
0612529754
(082) 277 7838
0700180876
(191) 110 3169
8797928815
(755) 369 6951
4819621211
449-402-6269
9236321399
(961) 306 5449
(401)(237)(2907)
(108) 875 6653
(483)(395)(3191)
(318) 854 3257
(505)(669)(7074)
5647162248
0752943882
0349449826
7134581530
7626757597
112-316-5888
(270) 073 5935
(437)(853)(4823)
9340604139
2088245471
(050)(813)(4069)
(192)(429)(7061)
9948694941
887-665-0167
5614929348
(681) 380 6494
1390844681
(695) 306 9675
(787) 059 8908
2915886072
4556738688
(309) 692 0376
1370282051
217-904-8933
(077)(412)(4716)
2650541289
6907489243
(540) 485 5830
8266017155
(633) 736 7198
6422168311
(745) 187 7934
1959822401
981-876-9624
(581) 207 5194
6614983570
6112525349
(897)(978)(3310)
(527)(685)(2339)
4441169744
4714705145
(711)(897)(8475)
695-079-9857
0462886228
(362)(347)(0248)
1474460996
163-761-3061
2315739024
(969)(496)(1880)
(013)(382)(8763)
416-878-3911
(040)(253)(2991)
097-099-7481
0124261150
8952315993
883-375-8108
(502)(295)(2509)
7821764227
701-168-4819
(740)(653)(5405)
(984)(254)(4898)
469-473-0182
4880038527
2892096425
0964173458
(666) 603 3757
4805000791
379-847-6192
(472)(204)(8976)
897-905-8777
8381475503
6698737561
(482)(450)(2087)
(156)(143)(1965)
6703066073
242-102-4783
161-428-5888
(645)(869)(7819)
233-060-8457
8457502439
4949341700
8326777140
6496151116
8269265686
(445) 204 1317
906-199-0017
(473) 288 6432
5856409050
(812) 990 5665
6917805324
4844685287
2583586699
(898) 107 1065
(067)(453)(7946)
4928359548
9392923506
(582) 188 3328
(898) 107 1799
(545) 396 4111
159-726-7120
(375)(702)(6764)
(281) 695 9894
4822285820
8555332092
(207)(704)(2438)
1068524247
7250655416
6725039163
055-612-2127
984-050-9541
8655943602
5126542073
8085098729
060-224-9743
