945-551-1820
(468)(275)(1283)
8451669259
(416)(233)(0043)
(389)(231)(2394)
(628) 695 9503
8606562263
3575452483
(182)(652)(4132)
(654)(222)(4702)
3222765646
3791008884
(848) 967 9677
1885102089
1392674155
2959064569
(191)(349)(1630)
2062593551
551-918-0346
9577465917
(481)(096)(9312)
(620)(938)(1919)
2237028344
7551099517
105-388-3730
806-103-9368
5195233556
103-942-4952
753-057-4624
0512564032
(104)(293)(7754)
961-960-3346
(087)(679)(8454)
1593258005
(629)(445)(4194)
035-119-2061
805-684-3752
(381)(770)(5502)
(919)(996)(8212)
0239473672
(190) 564 0746
7904866560
(962)(308)(1395)
346-904-2528
0499716419
(854) 735 4533
(663)(270)(1209)
172-139-4728
(323)(976)(4360)
300-025-8546
2457961062
897-366-6034
4247290235
(409)(230)(2984)
(416)(377)(5476)
4472146921
6739182226
7848388704
393-764-1578
(476)(475)(1915)
481-912-4487
(532)(960)(9265)
5846684436
627-734-3387
(284)(364)(5861)
4336809449
4318926642
(031) 024 3016
7833475404
5353565804
(781) 818 8733
(226) 888 7987
152-601-2383
(287)(277)(2879)
8244308867
(165)(519)(8245)
(329) 936 8292
695-275-9764
934-006-6515
386-535-7688
747-549-9521
9010754840
960-804-0392
4666228926
254-049-9468
192-740-5518
(418) 677 4525
(171)(801)(5329)
3097744112
(968)(038)(4802)
(843)(679)(9447)
(292)(720)(3520)
2928495440
8480759077
443-287-1625
0904149656
7332346266
(126) 369 5244
733-063-9019
2153243774
641-166-4807
(692) 473 3094
(452) 172 4105
(942) 113 0489
(317) 659 1510
676-891-6760
8876731109
(789)(138)(6249)
427-109-2458
(165)(632)(6557)
0302309364
(874) 134 4194
934-210-2422
(889)(945)(2562)
7441867908
7641836211
632-953-0208
(542) 073 5246
0642757645
2794907240
730-545-4313
9476338370
(354)(008)(1768)
(470) 004 6345
(931)(325)(8453)
(550) 506 0346
3008069823
(130) 400 9037
(908)(300)(4974)
(510) 578 1993
(974)(560)(9331)
932-335-3782
(711)(039)(7559)
(488)(963)(5439)
0115846368
2785427366
(855) 432 0509
(298) 871 9047
7709737998
(352)(793)(1841)
3162414078
083-255-7640
(965) 951 0772
8997188890
0312598781
5523647813
0674243705
7629203527
(296) 760 9817
804-492-6749
3670651837
(640) 973 0510
(199)(860)(8274)
(095) 264 3453
(748)(367)(6595)
5766196305
355-233-6006
785-697-0569
1329594856
6904968454
6213275678
(225)(425)(9635)
(621) 742 2122
2324819356
0458123457
204-939-9978
(409) 501 8357
395-181-4943
(228)(420)(1468)
680-447-5996
9726731796
115-228-2173
9588913724
9848797939
8144949544
754-223-3578
(498) 094 2929
5873244991
(203)(397)(2585)
699-697-6118
(147) 470 9613
794-336-2152
5792221730
1686919869
(243) 211 2006
(616)(760)(3539)
9323278847
1721963437
266-589-7758
024-782-4358
3108703320
(309)(104)(1674)
896-191-8542
5478105641
278-289-0284
4084092853
148-784-5965
(494) 820 3521
0815350780
095-188-9901
(238)(842)(8971)
(380) 849 6768
(061) 109 2379
671-664-6967
(167)(462)(8167)
(021)(800)(9128)
2307766890
1797305181
141-787-6126
(426) 136 1226
7664709045
(120)(173)(6297)
(383)(757)(6674)
084-115-0869
587-137-0322
7752942162
8444002125
8231344331
622-646-6198
(771) 679 8912
061-752-7154
(448)(783)(4925)
3573876176
(171) 649 7770
5633713637
4808847274
(026) 269 5775
(805) 932 7933
(169)(687)(1746)
(059) 762 9401
2908241908
(076) 805 2865
601-263-1559
707-995-4450
319-909-2013
5012132383
480-336-6605
5568074414
(128)(987)(5339)
902-212-0645
(066)(511)(2249)
430-816-1983
1806882199
509-065-7216
(555)(367)(2914)
7419578407
(357)(949)(6758)
(681) 351 5434
9671487713
6372296465
7748231016
(500)(491)(9461)
(014)(810)(2893)
(444) 281 5736
8015708084
791-770-8718
(528)(388)(8662)
2998644309
(246)(901)(5698)
6743895766
8873403988
341-877-1339
9588564409
(670) 413 7584
(124) 548 2540
1653858083
(053)(375)(3081)
(879)(561)(4777)
(270)(605)(6208)
831-236-2219
(973)(581)(3747)
(928)(518)(5713)
670-685-7207
5568938751
4313882635
7376418461
0587816731
(252)(897)(3856)
1201180141
963-158-8280
(823) 619 7163
5393965611
176-501-6634
(002)(830)(3044)
(590)(939)(1268)
847-050-6439
0597614914
6800889404
3113424144
5855112839
(030) 326 5981
6115129408
207-508-0779
(458)(197)(1160)
036-694-8740
(577) 317 4666
(524) 276 9563
950-531-9591
305-139-6283
2413371257
(331)(928)(5954)
0597721168
939-099-9013
6126270251
8628598171
7231890564
2640020668
052-032-3259
(822) 322 0423
(756)(517)(7031)
(943) 834 5991
(449)(924)(1805)
(901) 915 4157
(410) 701 2634
1542443031
(123)(115)(1783)
574-746-9028
(721) 209 1567
679-167-4197
4776531840
(617) 673 7921
8564783918
485-378-8079
836-431-1118
790-281-9572
1763210445
(959) 313 2939
205-552-4273
3807659118
985-156-1779
866-110-3000
(673)(718)(9965)
4841206021
(133)(179)(4238)
9675480840
(503)(405)(9086)
(939)(617)(6815)
8852250022
(784)(972)(4969)
9926415479
(333)(031)(9712)
8088443642
3799474149
(865)(619)(3630)
538-277-2151
691-032-6685
303-791-9226
1637581574
8799626568
9141263351
0958025269
(771)(409)(1652)
(624) 196 1576
4098760145
(097) 480 6400
(922) 766 4988
(294)(067)(9789)
7565082632
1215828969
0540494126
(148)(777)(4401)
(444) 226 7623
(224) 581 3563
2369594633
2827616573
634-441-3308
110-267-6014
2892971897
(755)(886)(9445)
(613) 229 4655
929-105-6331
3065368144
831-641-5232
181-798-5189
666-394-7368
(556)(423)(9767)
246-029-3898
1441729382
0060123908
(565)(407)(5673)
4984570643
(141)(515)(6579)
(847)(674)(2758)
1184886299
2101206898
1654573925
(292)(991)(7942)
231-703-8177
(265) 517 6833
(025) 238 1834
2622377086
(209)(191)(6410)
(175)(417)(8601)
4944633429
9683412085
0991878990
0107510798
7616435907
0631409335
3456551571
003-368-8687
(795)(649)(1847)
025-810-0109
824-642-0549
(747)(417)(0268)
(091) 733 1769
1410322686
(159)(813)(1974)
(698) 290 5851
(300)(630)(8384)
(901) 093 1460
0920071758
550-298-2164
7881092658
(786) 991 6814
1957558985
4319667527
1513027487
5324799928
8234848212
1327671614
(848)(425)(4481)
9797051205
(309) 532 1398
3077571926
9201814562
9870963850
5590467575
4662271398
4545555948
2040734136
(076)(709)(0730)
(514)(027)(5844)
3944342915
(899) 531 3803
2216936880
(161)(642)(6582)
4440414614
5722073122
(077) 577 7501
(185) 798 5829
1338530200
(465)(746)(2707)
797-237-3873
7663812628
1069586086
(145)(162)(3309)
784-117-1921
3542323203
(963) 316 9859
(694) 675 7758
367-849-1476
(542) 521 7940
153-810-2643
(584) 998 5585
(956)(340)(3545)
(069)(158)(2751)
7513937692
2501429171
057-627-1402
7059899792
0686463755
(216)(785)(4535)
(798) 474 1172
5486596915
4930423696
(270)(726)(2019)
524-891-0520
(994) 029 2645
3459005164
(787)(772)(8794)
169-968-3632
(729)(419)(1216)
5971098362
(318)(460)(1371)
627-347-8622
3249575721
7746580641
(644) 295 7846
(933)(629)(6033)
(063) 707 9380
4619059587
9265033043
001-961-6113
2473734987
4127748814
6862652819
(055) 355 4758
4050639481
(984)(011)(6924)
(519) 115 8849
(638)(979)(8466)
(780) 766 9471
370-051-0215
2663520851
3912177118
(618)(045)(3185)
(499)(958)(9710)
(346) 760 2058
151-774-8369
1618508815
3977731843
(851) 403 6822
(904)(887)(9440)
318-640-5815
(658)(927)(3345)
(228) 765 1365
7463265126
(442) 655 2412
(849)(203)(8016)
(316) 177 6590
4733435935
540-348-4852
(343)(873)(5525)
(923) 028 0484
6950147735
(909)(674)(6809)
2911560810
1602372372
025-250-3927
5501538107
3172563215
(409) 010 0930
(384)(452)(1428)
9637064627
954-923-4268
395-864-3440
1023674241
109-305-6694
(763) 067 0747
5497304681
6453553323
867-846-6001
9140720092
1707853434
686-763-6672
(332) 078 7090
7660222939
(119) 389 8054
4977714383
(877) 939 0981
4138172046
(554) 915 1763
0383879310
572-951-8611
4238880955
279-560-1472
(502) 911 0798
(532)(791)(8700)
4591856394
075-418-9877
6807399457
5104528684
2944762028
372-254-0159
4386245010
3570341501
(964)(595)(0788)
(985)(986)(5178)
6356859333
(425)(550)(1595)
(884) 666 0751
(275)(150)(8112)
682-879-7956
5363784347
2959483976
(270)(236)(4941)
6141787129
435-661-4089
(955) 356 6384
798-349-8830
272-697-2926
6686422370
3992677595
4854094517
677-544-4997
(645)(189)(6953)
4382126699
270-204-3761
(468) 409 2898
2904400127
5915165656
(054) 177 6548
(321) 289 6824
(043)(095)(9649)
7016182514
249-893-2767
4496330806
7856521003
4159691950
(773)(240)(0445)
7281790263
1437548757
1283029663
7761529165
(296) 432 8381
154-766-6500
0494268846
9205936837
(518) 058 4839
(093)(348)(1944)
(068) 286 1294
(550) 087 0474
1630386078
0224587015
(602)(255)(1836)
1739778035
(976) 006 7103
(203) 016 6629
2871617696
0863699566
2144702770
2425426648
(034)(728)(9932)
9372906195
6693310387
337-476-8248
065-011-6280
(338) 493 2648
997-809-8109
905-119-8898
(728) 297 2253
(505) 859 1064
(770) 703 0380
(208) 295 9008
600-550-2399
(349) 910 5599
(943) 999 7685
057-413-3751
(784) 898 2688
333-337-5604
(231)(428)(6933)
3760015532
0425852131
1916862656
622-080-7744
(702)(638)(7593)
3413317735
4766318011
4891409528
(498) 862 2980
(217) 636 4459
(858)(462)(6769)
9553110252
6030011626
(544) 053 9166
8495693367
(129)(940)(0641)
5754804847
(940) 655 3308
587-476-9189
667-946-3200
(471)(546)(8370)
882-142-4102
0253399136
0814953203
(885) 363 9199
4428455037
(846) 134 3897
924-622-5538
722-283-5930
(418) 147 3997
(823)(793)(9846)
(565) 549 6976
9963231337
8164450976
(722) 521 0897
5467033948
(575) 411 5061
690-751-8883
(893) 715 4598
762-431-0244
(754) 807 9192
(027)(221)(5660)
(965)(567)(7182)
3442813251
(843)(541)(2578)
(803)(042)(1021)
694-912-9889
(648) 524 9346
976-768-4515
2382642014
9457496300
(757) 627 0691
0701526169
180-033-4425
(064)(464)(1926)
(334)(842)(3319)
(625) 008 0886
0566532478
3548626261
3569490645
(871)(284)(6804)
5792107147
9024786616
(845) 213 1086
7158201803
(353) 244 2853
4097959993
138-331-8113
0604829864
5145718869
(888) 667 8768
104-580-1593
6886237410
124-042-3784
(561) 195 8235
(486) 391 0348
(717) 471 4541
(632)(674)(4226)
(428)(277)(5886)
7794593931
294-695-5903
1340917892
041-789-7311
995-278-5400
8548169230
6214835659
(923)(510)(9839)
265-696-1531
2652978241
341-641-5999
6517139556
(179)(888)(3292)
4655815247
(857) 298 3470
925-665-4490
3901713171
(700) 206 4374
3148155979
5776529874
841-293-8584
721-368-9465
(375) 277 6728
(949)(016)(3540)
(988) 585 4304
0840114056
8289599503
4528516247
(025) 583 3177
6056497163
8701560170
(173)(792)(8022)
533-997-3640
(513) 691 2956
0387037967
(516)(611)(3412)
5001100843
004-613-4343
(684)(285)(0902)
952-082-9588
(673)(952)(8365)
(735)(375)(7772)
(006) 080 6071
(367) 389 1762
6919611279
(340) 537 1370
(860) 539 5151
(265)(692)(9192)
9033173946
(418)(625)(7604)
9806804212
0532745413
719-703-1413
700-767-1081
466-642-1393
141-294-8065
(488) 127 0702
1565761877
8878904870
(893)(648)(3002)
(345) 290 4928
1743482459
4858224667
9347752476
8007065447
701-536-3563
998-421-9756
3269652351
8570154370
8315309584
(989)(098)(4293)
(113) 900 1627
464-591-5413
3986711490
4100425053
(969) 711 5742
(485) 147 3382
(884) 333 1880
(443)(646)(5486)
(246) 698 6435
3646244142
(200) 278 3795
3783267899
7003218000
5995791213
3528005535
(688) 445 4770
7913018056
2863767769
3302476293
(044)(143)(8425)
168-070-3902
(876)(327)(8426)
401-746-4881
4575991841
443-162-8118
(900) 855 2713
(594)(506)(0000)
8071346269
1493929828
2717123860
(497)(539)(9747)
(297)(378)(4345)
1188162109
0823649792
386-553-4105
(518)(485)(5754)
5536281177
048-819-4656
666-983-5403
9247570030
(227) 505 8615
8972956007
(748)(779)(8664)
(029)(775)(9950)
7624090510
(238) 336 4518
(785)(334)(3793)
(800) 426 9483
9475211406
771-576-3217
5337338385
(309)(725)(3503)
(051) 233 4965
340-633-1905
3773020424
(813)(232)(8581)
(245) 346 3132
2156753108
4854710464
1171339541
(482)(859)(3001)
(925)(059)(5761)
532-463-5116
(732) 723 4500
(667)(541)(2326)
(158)(394)(4933)
(922) 980 0327
(295)(338)(3149)
974-493-5091
759-094-6075
(624) 617 3650
884-003-7743
830-309-8882
(080) 255 3878
912-162-3397
(068)(434)(3092)
980-811-6406
4048738918
327-839-2986
893-986-8061
826-585-9923
(229) 560 5283
(925) 194 2337
0908178669
523-567-4827
(673) 584 8171
0545773506
(708)(617)(5240)
720-538-2604
2502914644
3872644192
(324) 816 2300
6928759396
5232429911
(708)(512)(5880)
(913)(870)(4242)
5156393587
9894158026
8717656138
(425)(783)(5891)
(074)(337)(1075)
(372)(903)(2383)
485-503-0218
5845269052
(126)(385)(9555)
942-407-2539
5419423060
296-125-3751
(345) 270 2913
(140) 330 9693
7893672555
(272) 155 3401
(974) 557 1141
8300659354
4377148808
6044897376
329-977-3202
(651) 075 8018
(212) 836 5593
7391859547
7355865939
771-096-5140
439-256-3448
104-910-1691
2825433309
993-157-7670
3152887202
165-180-5302
3724252195
1157783648
5692065134
744-111-5608
1403773871
4852533889
(782)(051)(9107)
(761)(218)(9480)
(936) 943 1903
3399232858
6258881345
0911017694
6792256648
(288)(688)(0503)
994-926-1648
273-891-1239
(613)(837)(8073)
(185)(281)(5055)
9030115629
934-486-9961
2558788464
(538)(135)(1232)
(649) 038 1772
(888) 882 0817
147-932-6928
467-742-0088
(920) 309 3993
769-922-2062
089-251-8478
(961) 993 2721
(597) 727 3221
7315715084
4491150728
132-841-2040
(330) 410 1515
1619368148
9133417211
3024441043
645-152-0367
435-061-1734
4873142645
7665121899
(063) 886 0844
4834627084
6822642831
4630773071
(823) 720 2905
(106) 877 0167
059-784-8458
(813)(931)(3252)
9707960001
5537770759
(462)(760)(5422)
(482)(247)(0659)
4456256826
(070)(684)(4577)
7676544841
298-913-0816
0792946025
5189873759
856-640-1791
0563278265
354-557-6159
519-944-8430
(561) 420 9447
(355)(045)(3638)
5148605720
9795077641
(801)(910)(4185)
0848928407
9392009196
(110) 574 9971
578-022-7200
3598836415
0293755126
832-189-2453
(737)(509)(4031)
3734862717
302-801-5873
(945)(279)(2015)
1630199273
516-294-6487
(540)(295)(4177)
(703) 717 5856
(519) 914 7119
0774456948
363-242-5054
2995580878
(461)(131)(3370)
880-869-5780
(805)(709)(9053)
(847)(587)(1000)
(486) 966 1829
3544800198
7855732314
(316)(596)(6796)
765-524-2173
461-730-8218
2794884050
8069622403
5196228287
585-165-0416
(584)(711)(4412)
179-998-3781
3595205916
(462) 095 7844
784-130-2106
572-785-9806
4326746144
0089354358
0244511691
3411544266
(151) 231 4142
8638336624
4220475958
1802858455
(328)(619)(0877)
(110) 875 8437
341-240-5037
019-552-8925
(139)(534)(4657)
(798) 788 7484
6454413456
361-559-7627
(103) 639 2556
351-208-8087
389-157-7195
3176951630
740-092-9801
4125443203
404-498-4253
(782) 230 8868
7884677775
(123) 117 5748
(566) 644 5612
9918813514
9772838369
4237428928
(797) 699 4263
(153) 579 5333
(566)(951)(4511)
0257360649
242-957-1748
(517)(752)(1035)
(080)(903)(8429)
9554961059
643-418-9765
140-010-2687
(056)(042)(6445)
692-171-7234
(815) 590 2927
403-167-7706
(479) 069 6473
737-377-8481
(375) 747 1889
041-956-8422
(823)(452)(9015)
(249)(941)(1577)
(149)(443)(8699)
4249636171
569-721-8170
1247946820
935-778-0224
3900182148
197-512-6325
(099) 541 0656
(193)(146)(1716)
(847) 272 8835
(359)(403)(6857)
(671) 121 5841
4955795669
(894)(813)(2801)
7322791695
9984613331
3324272869
(493) 449 2913
7029744350
4673097740
4162154794
192-129-3882
(972) 106 2200
(883)(931)(7524)
(296) 860 5512
986-830-6968
(236) 802 2795
8147134944
0475900174
5152097663
201-591-3254
7070507690
(906)(977)(8743)
(067)(967)(0460)
2331747609
812-088-7501
(519)(280)(6808)
(886)(412)(9919)
(152)(780)(4569)
8929930192
704-877-8820
7167814933
(761)(565)(5072)
3222554513
(239)(105)(8024)
7728535786
(683)(654)(3390)
252-843-6228
769-104-7168
6216435399
7794206655
(307)(471)(5902)
(227) 224 6301
277-669-2941
3461045017
5216809442
(765)(881)(9350)
807-055-5957
(578)(472)(7245)
(096) 425 2753
9621850494
(101) 482 9462
(468)(227)(4848)
(200) 072 1088
1212512459
(265) 981 6738
753-007-3583
(885)(255)(7605)
(608) 463 9280
(756)(941)(9584)
8452774215
7172179276
(721)(292)(0200)
(466) 170 1850
(488)(042)(0263)
(530) 266 5487
6635582122
(471)(226)(4004)
(326)(386)(9426)
5919195634
2978414411
0023067164
(586) 439 6085
8809701272
2175446987
090-759-2498
(992) 161 7612
418-667-2178
1954680094
3539020661
(245) 478 6368
(062)(201)(7264)
0720340423
014-629-3110
(785) 155 8316
4673968077
3911898012
2622654814
(885) 298 7415
(272)(604)(2964)
(821) 727 9499
6707648664
5155052659
6596512454
(468) 690 8615
(585)(518)(4188)
472-302-7255
(334)(376)(4242)
5279091316
5271847569
5612313565
5725716313
(856)(227)(2923)
(675)(810)(9078)
(656) 960 5718
5818219087
1117099671
8682476788
(646) 530 1038
(550) 709 5798
(754) 346 3368
(996)(574)(7671)
8803166724
058-980-6312
5689633909
433-460-5728
(388) 204 0270
6491168134
(478)(986)(4319)
(594) 038 6007
6840597622
614-014-0664
7804003750
2543299987
6243304540
2573462375
208-886-0524
(301) 175 9066
0464664666
(921)(566)(4415)
(433) 694 2416
715-905-8805
(266)(784)(9244)
6523146568
(648)(012)(3728)
731-027-7802
391-172-6096
5230916383
624-725-8600
048-407-0319
870-706-9810
3769897740
5307129349
3271379169
0241703965
3425251388
158-248-4126
0037099016
7453099514
9527231998
(905) 935 2616
(222)(140)(0968)
6039544386
(006)(088)(1627)
(147) 799 7863
225-311-3694
7899002466
1677687295
(892)(183)(2210)
1413419431
7641330915
(829)(688)(3315)
(910)(551)(2921)
(817)(492)(9906)
(977)(082)(9953)
(079)(822)(2059)
174-855-1802
2145168330
1338731548
(208) 277 1686
(536) 866 4888
1006497725
(574) 336 8417
0134260581
(229)(142)(1991)
(872)(915)(2067)
526-775-4277
719-082-1070
(214)(523)(0126)
381-123-1996
(281) 489 1165
458-602-1231
000-579-9451
496-697-4498
4688171190
9327231206
6466795670
(364) 304 0029
4650135310
(679)(392)(8139)
(701) 830 9602
1553885361
5934772786
466-640-8620
(097)(549)(9491)
(330)(468)(9287)
3289385997
0011341481
(530)(151)(2183)
4535942961
1983817061
3888694705
3345213943
4545831865
(800) 481 1475
(048)(976)(2523)
(186) 006 5060
(208)(115)(6622)
6517731507
5183902165
(583)(034)(4575)
(206) 603 0587
9392716849
272-138-4383
(011)(988)(6380)
(960) 678 0637
(465) 703 1910
313-327-1416
7414447816
2606987712
(739)(714)(1648)
6118984937
(403)(711)(7740)
(501)(287)(7291)
(387)(363)(8946)
820-063-5653
(863) 999 8882
0864794566
(210)(785)(3463)
7120392892
(156)(142)(0162)
2292171686
(550)(734)(9492)
(310) 113 4605
770-578-5269
(437) 773 5892
112-149-5759
1571292822
319-510-9384
(242) 295 4939
988-720-1270
5992883544
2360623472
8149281571
7767829922
(137)(962)(8603)
8907425106
(402)(832)(7953)
(770)(939)(3880)
(399)(397)(5345)
995-811-0108
(167) 892 4773
7387777616
633-633-0442
(750) 426 3932
(099) 094 6320
2434933256
(927) 657 4954
(856) 059 5302
(131) 569 9158
9884471168
222-814-5237
1237740255
2478082731
4669171289
3766982461
(501) 775 1063
116-802-4492
867-441-5400
552-177-6074
6414777089
(876)(389)(4942)
3333459625
592-645-1422
6748096184
6470781380
9664377663
(575)(078)(9657)
5087692341
2897383482
(312)(566)(5324)
4450497565
389-773-7440
(077) 687 9500
(727) 716 1923
7755685412
(359) 392 9832
166-784-0311
(552)(375)(8132)
254-773-0634
7072977447
(830) 742 7712
9377128379
(472) 535 8339
3606919613
2751217792
8718393024
192-420-9178
9552423392
0655087173
196-804-1703
(394) 020 5359
(365)(937)(4947)
411-862-2420
8605941125
(688) 293 2939
258-900-8858
674-895-7822
9710559621
(836) 704 1553
829-261-6502
7098805524
2670200828
(053) 660 3695
0886707604
(780)(312)(1161)
(773)(167)(6806)
6749908506
4660402161
4088305780
6108629874
(291) 983 9600
(464)(724)(1985)
087-503-1858
998-483-1632
2935673856
(491)(305)(2579)
(603)(369)(2223)
8060902168
(322) 623 7518
138-494-1752
(932) 033 9883
(127) 074 8957
3420981848
(451)(093)(2076)
1251091739
5495764822
(878) 014 2446
5877180520
5000367639
070-672-7257
(200) 449 2272
4113213183
(649) 383 1687
570-681-9731
536-634-6770
1913127632
846-234-6448
4068510320
(820)(806)(9924)
876-860-9435
6704835100
(935) 473 8505
9193112461
4573988562
2442392296
523-959-6695
(993) 270 5089
591-316-9411
0923526360
(058)(019)(4819)
8925586632
(376)(049)(9751)
170-799-1587
(896)(186)(3364)
(190) 757 6810
238-505-3273
1490837652
2053726866
(637) 445 5088
5408533648
469-451-3206
617-522-7412
(995)(952)(6223)
4762888664
3311839366
(646) 342 0419
5815845521
(656) 415 8761
(495)(817)(4467)
(635) 257 4209
2613460998
071-043-2190
(052) 484 9989
8063770499
(090) 844 2518
6543813513
456-094-5849
7228897725
018-925-7492
952-739-6115
1397335276
(916)(397)(3107)
(330) 404 9680
0688420437
294-547-4276
576-038-5891
1163933908
(404) 316 5397
(917)(564)(7710)
240-490-2451
1473199857
3825738016
(420) 062 5256
721-258-1572
(783) 099 7246
8021454287
629-552-6361
274-209-0354
(408) 084 2913
5487539612
401-679-2991
2357589677
(155)(689)(5537)
(416)(931)(1544)
(189)(068)(7592)
7155981434
(515)(803)(2753)
480-975-4298
1067571714
(443) 333 4775
6566008891
(582)(408)(3818)
(359) 724 8162
(168) 849 5635
(461)(878)(9385)
597-263-8211
2628034407
(697) 409 5280
(425)(001)(2504)
(053) 919 9374
(174)(699)(4386)
4570145144
5651494212
(775) 083 6377
8382021755
467-809-4416
8688142460
4188552055
6487284235
3318677825
(771)(118)(1933)
0231269253
0716317647
8072486353
0681587290
2832851680
(302) 921 1594
2209153647
6349855767
(966) 302 0129
(704) 577 0065
5242398626
1889443466
980-333-2388
1508356897
003-972-9657
(415) 231 0393
466-698-9568
6032533927
8300428749
(318)(114)(1858)
(494) 948 0563
(808) 996 9119
209-474-7944
542-137-9251
8389358566
(743)(778)(4779)
051-254-4964
1329930668
(476) 569 2087
(663)(644)(4789)
(045) 879 4174
(809) 034 3446
(854)(634)(0238)
(706) 857 9224
(742)(511)(5772)
5439173603
7012335666
2218649870
0206170262
201-740-0167
6898651135
(263) 805 2832
6889497640
3782011703
066-593-2071
6128443966
3277833464
(608)(702)(9670)
572-502-7408
2341502394
(773) 360 3649
(025)(905)(6291)
(836)(263)(5231)
0752888902
981-984-6629
(268)(439)(0565)
(998) 614 7899
(348)(951)(6189)
568-701-2489
(785) 485 8878
(514)(918)(4160)
(324)(611)(8943)
(635) 469 5332
0786863025
(770) 419 1445
(898) 905 9854
(735)(306)(4366)
(937)(990)(3935)
(076) 426 7123
(622) 998 2710
214-685-9104
(656) 131 2859
(195) 781 2673
(705)(956)(7455)
102-872-4845
(856)(996)(4760)
(238) 535 6769
(492)(012)(3108)
2345111041
0311880998
7945521092
(010) 146 9652
(438)(438)(5331)
(951) 656 1622
833-929-9749
(882)(643)(5382)
6069846044
197-087-0559
560-271-2897
(935) 242 3296
(549) 537 6625
(349)(279)(3246)
5209553564
1628852826
772-834-3821
8762546590
(502)(364)(2205)
(260) 570 8413
3189479118
(547)(026)(3771)
291-704-0743
(842) 126 7543
7634654687
(631)(472)(9905)
089-513-3188
4494295397
(637)(512)(2268)
(416)(045)(7839)
(779) 211 1075
(700) 929 1108
911-103-4558
(142) 725 7420
(501) 282 9608
2069283718
1631757254
(817)(554)(8136)
1678126668
3595398858
961-673-4589
6632508623
(688) 677 3984
822-977-3667
(961) 330 7466
(464)(487)(7410)
(444)(416)(3490)
(464) 930 6393
(973) 274 4297
609-221-1834
7446191973
441-394-5251
2521602418
461-359-9280
(651)(567)(2149)
1657123335
643-030-3286
4786867412
910-889-3884
1625388002
(994) 766 9979
7746690247
896-353-3146
839-738-7358
5615609448
(462)(582)(6642)
(227)(741)(8122)
9890773520
6924014434
(642)(560)(8295)
(394) 866 7308
154-849-3577
348-004-9179
5677856896
736-324-0224
005-786-8152
(280)(155)(7043)
0419268063
774-443-5877
0301549529
9259008233
(974)(132)(9862)
250-139-6777
9315927682
(592)(769)(9739)
9030121019
(283)(280)(4646)
554-666-9745
573-922-2565
(308)(889)(1578)
7323344054
5197123087
3381330369
890-829-6399
019-894-7206
2582394835
(582)(707)(3356)
7494992172
(676) 591 8973
5152103108
1808034302
(010)(315)(5109)
(746)(476)(6190)
747-267-8856
357-284-1539
271-490-5810
175-543-2862
4133153012
0701995870
(181)(729)(4340)
4913978112
(738) 456 0718
(186)(635)(8547)
(764) 336 5156
(297) 096 2742
684-234-4811
(385) 949 7409
(670) 782 3824
(261)(491)(0296)
(415) 819 9539
(716)(230)(2700)
8122727277
5033938489
(435) 612 8377
(564) 808 0262
(800)(571)(3333)
6240622686
(463)(381)(5290)
912-535-1715
1795547577
(367)(138)(5516)
(177) 484 5168
(383) 064 1348
(101) 123 3763
5906158405
(312)(368)(6850)
7819798313
7305675584
(238) 359 3391
8878341269
(401)(266)(0570)
944-333-8993
(030)(893)(5324)
(761) 284 7025
(454) 195 6002
0159598989
1992276797
(715)(882)(4766)
2016299397
(439) 238 0955
331-897-0593
(178)(208)(4556)
5638669759
2716319429
0633560461
341-126-9068
(101) 932 7719
1318024993
(786) 711 6877
(352)(114)(3502)
(738)(437)(4898)
3903338860
(391) 120 6661
336-641-4769
584-077-7063
0733247236
5874858662
(282)(094)(0209)
(526) 923 2703
0658789712
4232359936
6977292728
(448)(415)(9099)
6004691633
676-112-4510
(718)(061)(4199)
184-794-8106
9675167885
1327272131
(013)(085)(7177)
933-879-5096
(249)(925)(0876)
(125)(052)(7843)
(507)(248)(6472)
2490028522
(329) 203 4150
(668) 237 2691
(834) 740 9436
383-220-8336
(272)(109)(6394)
097-338-5941
(979) 498 3221
762-855-9907
230-986-4707
(886) 260 5033
6814697418
3218120892
(118)(776)(3171)
(547) 412 5080
0668677028
(246)(601)(6630)
(414)(572)(7606)
8769302972
(196)(414)(9064)
198-150-3595
(808) 041 8372
(822) 481 6791
(088) 636 2878
7216090362
313-550-6864
354-484-5038
(362)(806)(5635)
(234) 492 2436
(123)(897)(7523)
2304284238
4244459216
1571377213
(394)(998)(5141)
(614) 435 7405
317-761-9199
0431240963
(708)(093)(4201)
2786483195
(522)(005)(0169)
(209) 768 9284
0946187571
9696001121
0431197119
0947962966
040-677-7153
5857249779
4746634816
9993434215
(039)(346)(8408)
(748)(298)(2989)
9643211069
(276) 136 8951
(820)(697)(8396)
(562) 888 4905
5873562947
(727)(775)(8915)
8060118991
(966) 757 5414
166-077-5339
(371) 395 9406
588-985-3072
(185) 966 1096
3076268206
3281569014
3606831373
(523)(576)(3607)
(851)(705)(7665)
139-910-8800
(593)(392)(0517)
179-789-9958
2056140916
(943) 989 1887
(738) 288 5821
007-531-8376
8865743492
(740)(164)(9942)
2693162757
244-277-8500
3533991780
(546) 662 2999
(305)(282)(2177)
6770950673
955-199-2880
5528192970
0085183495
(796)(289)(0293)
4492417855
3995860461
(809)(705)(4550)
977-146-7450
6859710247
(227) 624 0519
1711363990
(527)(557)(9174)
(575)(122)(5429)
095-578-8884
751-227-9216
4458695300
2071572122
3971348838
668-525-6741
(687)(203)(2362)
880-724-9985
(283)(044)(3724)
(126) 285 5888
(899) 194 0923
(131) 109 2032
950-898-5387
3030189305
402-110-1506
1090091305
(492)(624)(9787)
163-149-2436
(957)(302)(7783)
4156242726
6033859430
(273) 408 2338
(732)(398)(0580)
(358) 663 1223
874-235-2610
(242)(077)(4646)
(740) 101 3210
(005)(050)(3429)
8271006542
(865)(354)(2894)
4156604300
8877042765
071-649-8084
566-650-7330
8531198112
740-569-6661
(790)(282)(1882)
103-147-1424
4245821473
(976) 295 2088
(311)(084)(2114)
(139) 885 0342
(892)(332)(1474)
064-115-1967
638-072-8569
8668728979
(478)(205)(6551)
3710048031
2109833529
6893664517
153-286-9552
5823149053
9273323545
(730)(577)(9040)
(406)(261)(4289)
(318) 742 6224
(512) 672 8297
288-231-3198
(527) 175 7742
(488)(757)(9876)
001-233-1572
(725) 574 7242
(435)(560)(0167)
7299493032
987-207-3878
(336) 945 9666
(206)(587)(6606)
293-547-8755
(853)(812)(4372)
8610519856
7822258662
685-071-3422
5791164091
9028505682
9557425325
(395) 201 5846
(421) 037 4618
(032) 410 6140
482-237-5431
130-983-2802
(182)(538)(9196)
782-453-4065
9518013056
(564) 815 8718
795-882-2102
(468) 048 8493
(973) 880 0495
4373879943
(910)(466)(5636)
067-252-6695
2676759931
2954868816
(407) 146 9873
(920)(977)(5963)
360-184-8378
(029)(392)(5363)
2979164745
8650956088
3962085425
306-890-2541
6824365599
224-488-2197
9814739443
675-269-4949
6363417860
6658624265
(940)(685)(1060)
(300) 298 5527
689-229-2745
(193) 254 5091
(879) 416 9331
2610162279
011-688-7518
0429372413
(717) 326 8370
632-594-6817
7945924918
(428)(049)(6549)
(267) 774 8943
2842065475
3319139834
0850837730
0371014680
690-937-4345
(549)(723)(5735)
(154) 984 7966
(848)(863)(5097)
603-570-0006
5117368793
5103770147
(330) 323 5429
(483) 946 7826
565-108-4381
5642575830
6704449968
5901272807
(949) 333 7207
(849) 409 8750
6764913931
(950)(973)(3146)
3499835955
(400)(742)(3999)
010-298-4653
(351) 012 6900
(179) 996 3859
959-349-0825
7405611754
8977002243
(377) 176 8368
907-684-5371
(047) 781 0062
(503) 233 6378
(782) 876 7930
995-874-0039
667-127-6497
(458)(023)(6740)
0780818691
(927)(513)(5431)
739-984-7749
(696)(534)(8765)
366-170-4029
1696029153
528-023-8618
0800807415
548-162-8696
2726506127
3372251561
1203136960
(610) 075 1375
3714291823
(833) 420 0706
350-358-5028
9353641631
(537)(937)(3049)
5225549759
(080) 789 4125
2293715270
8178456859
1167553463
024-798-2373
2308183120
7099272704
(281)(801)(5183)
754-967-0302
4843624872
9990693455
1610675426
(198)(083)(0836)
2973962641
657-665-0463
7012916852
(324) 436 8325
(565)(488)(8995)
2042002170
5972740644
(577)(056)(2409)
991-417-7397
4802326277
(324)(025)(8385)
178-765-7826
(626)(170)(3058)
(210) 178 4888
0864048209
057-166-1302
3821072813
(031) 984 5115
9692141050
0919118566
7714900654
9842088274
(785) 633 7634
4189978084
(249)(126)(3675)
660-764-2166
2513232067
9207432816
7812261589
(496) 852 9176
9230802217
350-580-2603
(775)(326)(7140)
0965506024
4310903935
(729) 180 1436
892-730-1703
9058799271
(721)(190)(4467)
924-496-9898
9303757248
(507) 690 3126
992-477-4412
1244209590
4286170161
6727783746
7436174402
558-638-6885
145-320-1717
2756932431
666-701-1494
882-535-2165
(132) 925 7399
(010) 460 9300
(304) 360 6790
031-571-1859
(676)(398)(6806)
6268251982
824-063-7049
1587093910
(699)(711)(1518)
573-615-0946
3320162154
(211) 989 4687
(595)(408)(1364)
5781089775
(715) 833 1332
(548) 159 1631
7262863311
(750) 829 7235
4154115095
(343) 382 9637
437-421-9013
7292059578
(690)(842)(9029)
002-798-4850
(262) 201 6877
(410) 671 1000
514-761-3986
6596937491
(502) 299 4277
557-376-8768
236-534-4989
(331)(207)(4406)
760-418-8031
1157012584
8859073558
0611079932
376-744-2184
4652050220
(307) 670 1970
(932)(261)(4292)
0550504693
(090) 987 5615
815-354-1174
739-637-1569
(199) 417 5309
(414) 616 6752
1054975403
9036655637
(087) 402 8747
8119309696
(351)(491)(5460)
(488) 854 1019
(469)(971)(3272)
242-621-0255
3343019941
(130)(248)(9471)
(157)(485)(6190)
163-354-0862
660-090-0448
(767)(231)(1700)
8138203363
(604)(113)(6364)
(386) 539 1496
5719393483
551-976-8063
3129898166
0038023260
3703699547
(751) 269 0223
1220402214
218-531-7965
(344) 909 5770
(982) 159 0113
(384) 322 1327
225-601-3013
(126) 487 0035
026-530-5698
(728) 426 2581
(550) 318 0972
2995662971
(991)(030)(3332)
(408)(084)(0639)
(733) 422 7286
3947828757
(377) 159 7164
864-706-6378
0818838070
9082968687
(197) 863 6689
9241733397
(763)(334)(6517)
003-562-0920
9745531241
(643)(508)(8501)
(291)(732)(6450)
8310261144
191-698-9304
016-731-0307
275-681-1699
712-945-0948
0177917486
(894) 225 7513
5789654392
(780)(105)(5600)
(836)(050)(5254)
6113280285
8488376267
(534)(752)(5004)
(197) 666 4883
7482883504
298-686-2842
(296)(003)(8003)
(183)(707)(8837)
586-434-1284
3023250743
(220) 589 4788
231-695-5888
5621517862
295-051-8129
(321) 170 5344
274-613-9447
(440) 913 3590
683-241-4186
0182419064
(649)(947)(0526)
033-961-2706
(678) 064 6364
(272) 330 0215
844-376-5040
(475)(149)(2839)
6574019190
(446) 132 5022
(876)(552)(0892)
(503)(585)(8741)
(048)(979)(2258)
4776093507
(084) 724 3309
4107630613
8940549178
742-781-0204
9439239738
5577202298
(381) 039 7751
(522) 683 3575
(674)(528)(9847)
1300279990
394-642-6927
498-111-7833
9998269111
707-829-7911
9602091826
1735692168
976-866-1557
2612758148
231-869-3068
(214) 826 0086
0637235563
187-888-0265
(305)(776)(2866)
(696) 672 8730
0628258859
5076821438
(173) 281 1980
(719) 646 3159
(952) 940 8623
595-823-2814
2414679110
(547) 775 1759
(775) 974 2932
6234777975
7816145111
942-580-8997
4537971303
742-471-4554
(297)(850)(8244)
(444)(676)(4768)
(240)(027)(3323)
617-470-1781
(630) 360 3118
0125180214
(305) 024 0659
323-951-3967
939-581-3199
3127829951
3494078055
955-727-8537
228-945-6571
387-388-0055
(374) 637 6661
7021449433
(468) 639 8054
7365292402
7117111752
(656)(175)(3785)
715-777-5822
2528355402
009-201-8011
377-490-1364
(187)(094)(9751)
(500) 438 4528
889-413-5929
4111983977
(112)(322)(8612)
(417)(009)(1473)
(112) 703 9920
6083924024
662-766-9661
8073879956
3167684427
(128)(667)(6138)
133-096-9826
5021029356
316-643-2233
8551830197
(234)(785)(0423)
(357) 498 3441
2157376626
(341) 830 3451
(789) 027 5578
8847284167
764-827-6083
(407) 598 3649
7904525976
(707)(917)(1028)
(223)(108)(2962)
(338)(257)(2446)
(361) 658 9909
4029565506
(626)(527)(0385)
7485418759
8341390676
(292)(701)(6647)
592-789-0207
(751) 815 7807
8994854902
(596) 498 3237
122-796-2691
(679) 154 7410
4515493133
(498)(701)(0671)
954-501-8658
(812)(822)(1563)
013-686-9742
896-667-4189
0202058135
0011157665
(278) 006 8970
5378530706
(795) 184 8793
(754) 664 6933
0122793596
(041) 945 1852
(291)(934)(5160)
(076)(021)(2843)
417-660-9613
2293510877
632-670-3183
9593495535
(153)(045)(1905)
(728) 581 1024
8269926512
454-363-1014
(951) 654 7373
878-245-2231
407-051-8539
6698966504
581-061-4487
(189)(021)(1058)
5773574100
889-227-1612
977-757-6351
9520601624
9360415439
(772)(395)(7160)
4170180391
8701362708
2053994583
220-172-7171
(262)(649)(5501)
720-799-9887
(552) 018 4978
(461) 880 9996
019-196-1264
070-406-1205
015-710-5842
0857820829
(600)(576)(8476)
6332859631
0437593846
(489)(280)(9436)
0478565803
(971) 979 0745
5227066065
1640294446
2803507621
8284958819
(909)(097)(8131)
8296356716
4425560399
996-085-6685
(284) 550 9986
4914910701
(316)(056)(0192)
(189)(495)(3756)
(837)(554)(1741)
1609619158
(567) 920 3662
6663925606
(432) 763 3909
058-354-5318
(299)(978)(9735)
302-433-2887
(134) 210 0112
902-326-2131
521-378-5958
7738892744
(870) 345 1399
975-115-2679
3223722258
6172883521
189-364-1215
(198)(502)(2436)
(287)(829)(4407)
421-717-3847
427-946-5083
0549199254
0903204177
(891) 540 4166
0294885128
(520)(506)(6686)
2750385301
691-783-4975
(034)(321)(2133)
2321694868
8417771262
(820) 371 8564
4482305847
(422)(763)(9136)
(157)(787)(1290)
(849)(665)(8302)
8672491201
5454494146
2411958613
(563)(801)(1847)
400-445-9083
4567213248
7827456816
7882843305
395-372-1355
(890)(071)(2347)
(532) 779 6488
(560) 480 5448
1269098031
6867493286
2167979452
9602604239
3909965553
355-207-3068
(136)(279)(1806)
2744623380
(952) 454 4575
9522405777
(991)(910)(6990)
1901545230
(247) 296 6607
(775)(050)(8593)
(321) 116 2021
9022647469
2175797161
(642)(127)(3199)
(180)(091)(9189)
8795245401
491-767-2975
1624994444
165-798-7736
284-589-8009
(800)(240)(0060)
820-801-8630
8562221410
8326944062
8773062792
4070323748
