186-221-6029
(135) 385 7089
(937) 429 3670
(210) 639 4549
4441426969
9731294003
(642)(526)(1964)
(185)(943)(1240)
0750939309
6114938145
(563)(662)(9622)
(311) 336 6613
(691) 427 4260
5245235069
407-386-3255
2484640842
(175) 304 0853
744-735-5701
617-562-9077
(177) 482 4698
3256759907
8547753210
(486) 528 0581
914-361-0005
5332294194
5761834901
4150101668
(879) 750 0511
034-499-7987
8563451329
9162607253
0373765537
(544)(804)(3155)
(559) 048 8549
444-253-6564
119-630-0108
9192094771
(133)(478)(4955)
(667) 565 3187
0945881164
(546)(997)(3157)
5572525328
(830)(580)(7316)
4476293032
4691410715
6256560821
(257) 892 0843
349-542-1091
813-145-7254
053-934-3749
(457) 757 4276
(527)(091)(0376)
599-843-7317
236-681-7394
2650097709
(752) 519 3527
535-385-1568
8839311521
(065)(779)(1958)
(251)(079)(1740)
2545471819
(865) 064 6077
3351601930
7472616988
0801280483
646-264-9643
(644)(174)(7510)
(218)(978)(4187)
990-024-0197
(319)(897)(8087)
7831805327
872-181-3195
9457273153
8252803390
(907)(190)(9109)
3250636126
(454) 641 5661
(543)(678)(6531)
8174222287
(798)(573)(7981)
(626) 682 1776
(564) 458 2640
6956323361
(047)(678)(1779)
1144982863
1417012073
0250802340
1386981042
(890)(743)(6419)
(630) 613 3247
7308811283
388-356-5466
9073653295
(743) 662 7282
(693) 630 2518
(619)(250)(2497)
248-087-8619
1643475913
080-511-5288
6353414869
(677) 588 9153
(506)(005)(5233)
3276758730
8386664067
(871)(374)(6722)
(720) 166 1719
5122791177
5196227738
227-329-1527
(637)(129)(3732)
6889406838
5790785670
(535) 822 0842
(925) 660 7440
(357) 416 4951
(643)(249)(9826)
968-619-4105
1433565681
(447)(050)(9306)
4135961548
3783164983
9477445390
8438385203
(062)(189)(7932)
(261) 232 0013
8447461378
283-942-0989
(158)(809)(3920)
(516)(695)(0286)
1945645439
(282)(908)(3211)
(924) 326 4380
(579)(255)(3501)
(588)(221)(2476)
4816529214
5977176495
0172255791
540-636-9705
(034)(179)(4206)
8931346025
(288)(356)(3928)
(391) 100 5457
(626) 271 4779
0389057182
001-426-4666
432-159-1863
9410316943
091-078-2627
(943) 480 8441
1827598349
513-277-1231
(496)(826)(0846)
769-890-1518
(573) 232 9862
489-637-8976
239-705-1194
7763086794
952-764-8049
(616) 980 7382
(584) 768 2676
453-768-4155
8719460452
(023) 744 6428
(752) 190 8741
(866) 453 0743
1146106803
(751)(271)(9404)
2179105760
2013958416
507-946-7178
0154193415
9039835196
1738290658
(186)(438)(2918)
8745689528
665-864-9803
0761869811
(017)(343)(8304)
5149887728
(007)(183)(4571)
558-404-1918
(018)(201)(9453)
(118) 880 6010
(688) 639 6335
722-566-2360
088-356-5211
4786709122
9268749929
(636) 393 5369
5030463776
0991113636
(194)(548)(1957)
358-049-1871
1617591261
376-379-5812
(454) 753 9153
2997123378
(352) 122 1235
5059871334
1849640789
6540311270
(900) 059 4635
(164) 823 0442
486-111-3239
1331453922
7607484448
(747) 286 6900
3326099984
1113592073
(728)(854)(7723)
(036) 858 9168
3204675774
(098)(511)(4722)
8169065188
(554) 344 8412
5423451699
3287948480
224-892-3490
(563) 226 7877
9714278619
924-088-8296
(057) 384 1411
(188) 966 1496
(586)(016)(6341)
192-242-7938
4599544537
0988214212
(099)(217)(6491)
(676)(808)(8769)
6176189725
4916300961
7298820116
5219210508
6105745502
(358)(871)(8028)
8175221968
(017)(569)(1006)
(664)(429)(8051)
615-697-8224
7969404256
257-632-5252
(949)(593)(4405)
124-591-1021
(599)(746)(4280)
9880370511
(952)(665)(8989)
9529525196
869-119-2537
(371) 244 7000
256-120-2096
1002809357
070-266-8800
(914) 446 2877
139-745-6242
775-876-6869
9199060954
(601) 881 6986
(291) 062 3993
(884)(903)(8301)
031-857-0120
162-439-1750
3845561614
0488705346
3978101280
7547820309
(010)(951)(2246)
5261050834
2328204433
(392) 393 3918
(240)(738)(0854)
1832859196
2536978133
(622)(682)(2877)
6504571614
9348093432
975-092-4227
(048) 465 7311
(038)(999)(9868)
0600717865
(150) 067 0547
(604) 621 1848
(384) 110 0187
395-407-6381
(267) 843 9955
2191694423
(984)(087)(1052)
(360)(119)(0501)
(612) 028 2291
2062782577
(709) 045 6706
9414468993
2527141856
111-196-8277
3079413398
9867844306
6862172462
704-931-6344
(941) 219 9022
(588)(289)(2496)
(441) 092 4418
583-729-4060
9919740529
8474793234
(472) 845 1432
(486)(144)(5098)
(982) 412 1085
328-402-4114
5711453948
8703034651
1799681513
9401719319
5677662719
7937011456
(819) 984 3692
467-324-3916
3215847966
(684) 731 3395
0565805284
350-804-2657
2269552641
(908)(305)(4480)
4835694988
0233114199
(665)(012)(3063)
857-039-8686
(215)(482)(8885)
4487703721
3593018487
597-883-1663
5829700330
9718943062
3006827754
2408206411
(471)(394)(6496)
(080) 237 4237
7260627928
8158165944
5000217083
039-748-0589
173-318-9158
7710765614
5655679568
1538020377
(496)(965)(1376)
(336) 299 1376
6895763174
(481) 964 9910
(748)(272)(7033)
(117)(355)(5105)
593-060-1011
579-676-1538
3309696707
(661) 147 6712
8804518868
1651834408
(255) 591 4465
530-740-8871
5308490637
(302) 670 1869
3731979939
3387263060
(426)(081)(4050)
9289368607
5310191223
(461) 061 6712
9975252156
(463) 262 0231
(654)(374)(0608)
848-012-4925
7743639776
366-814-2677
(795) 248 7091
717-300-5498
(875)(325)(3936)
453-731-6898
(438)(796)(3939)
618-200-2149
240-704-0841
940-107-1795
(147) 639 8994
(019) 193 3270
3591612418
(263) 462 7375
(769)(481)(5718)
(295)(002)(2614)
(071) 541 5882
(754)(640)(0063)
7144613561
765-760-9053
6045611040
6831521628
2262104649
(395)(348)(9052)
360-021-0939
(963) 543 9685
586-302-8342
(499) 291 1039
0309365040
375-395-4481
(326)(064)(4321)
9501554267
992-627-4095
490-211-0114
208-988-3700
(953)(194)(3124)
6860338894
(583) 464 1260
(801) 592 9931
(187)(024)(1464)
(107)(745)(4166)
(215)(179)(8963)
(984)(480)(2767)
9285150708
(706)(476)(3478)
0985127682
(551)(886)(7563)
101-401-0947
7165741415
212-634-5132
(430) 662 6374
(833)(372)(9077)
962-450-5732
8702166367
(166)(431)(9826)
8326330283
8720577141
8732600453
(891)(175)(8944)
1640354400
(176)(832)(0727)
896-398-7188
293-430-0685
(010)(483)(8556)
(123) 725 9389
(227) 369 4031
1452450532
233-074-0006
5339146655
145-876-1792
(936) 904 3386
3257867636
1935803817
(140)(787)(9765)
7393739997
(403)(345)(5064)
(717) 222 6298
179-498-8223
9700902657
5122747515
8074068509
(394)(272)(6034)
(598) 198 0851
(804) 695 5549
969-908-7718
1129857834
0914688763
6082985952
918-714-9797
6422012639
654-594-8523
4331675776
6451491211
(470) 717 1642
(519) 901 5916
(433)(819)(8224)
(221)(640)(4460)
9804348873
5229430911
3087550446
7991291491
6689103084
979-872-1530
(442) 509 0518
(406)(272)(6452)
9362794419
(120) 403 4717
208-689-8764
153-601-2276
8477612415
9831229762
5332134179
0815151082
(764) 966 3422
(771)(007)(9781)
7871258203
570-376-4863
574-732-6036
121-460-2520
9882685496
6277074956
(851)(825)(7517)
(988)(190)(1141)
(880) 138 1165
(050) 727 9971
1808156429
5665402696
(864) 433 5815
(097) 636 2896
(897) 935 3996
0805965001
(669) 168 2005
0323801867
(656) 478 2607
(446)(045)(2250)
869-620-6780
7906081419
320-098-0112
630-133-0459
919-845-5448
(903) 842 9365
(606) 741 0511
(920)(639)(7313)
(653) 107 9308
(313)(900)(6228)
4164701481
3950856946
753-494-7486
4403946159
(062) 512 9786
459-228-4964
3344433518
2549262307
(821)(894)(1079)
502-675-3703
804-227-9523
511-212-5265
6264222311
(565)(777)(6363)
732-315-9869
(148)(737)(3204)
3896530755
1709809567
(089)(872)(1250)
(370) 626 4111
6722257555
(304)(001)(1594)
(526)(119)(5721)
130-805-6729
(223)(731)(0181)
195-513-3115
(692) 025 9566
281-195-3668
5795158834
1913735549
1429780141
104-792-1176
(915) 347 7742
7139611611
(247) 768 0624
671-804-7757
(226) 546 7204
(680)(929)(5301)
(182) 326 0962
(086) 761 1481
0254668127
3306356489
142-332-2187
1741692023
1685088503
886-616-5077
(928)(550)(9802)
966-385-0421
053-834-2528
(760) 522 9979
5609052657
738-476-3666
(500)(884)(2267)
(723)(496)(5385)
(350) 998 2435
608-809-1428
(991)(598)(5915)
(705)(386)(6286)
3765384749
(479)(629)(8293)
051-738-3831
(247) 488 7241
5155815131
(984)(670)(2054)
(680) 101 0540
1013640828
(877)(807)(9435)
(977) 532 5497
(241)(878)(7615)
(506)(248)(7079)
(133)(222)(9802)
4971993543
(411) 839 6972
(847) 727 9996
(327)(025)(9769)
4576798827
5928905610
(800) 344 0695
(153)(941)(2938)
5225148092
0730337057
(444) 700 6400
310-131-1507
7652675155
2697726591
(658)(628)(5577)
4357684037
7180051140
(545) 404 6805
8756772428
(015)(929)(5470)
7425611554
731-276-8838
6060496603
294-507-7469
(951) 281 5246
0286423600
(002) 457 4658
(460) 384 1551
7075355240
498-222-5196
8185672231
(613)(704)(4343)
(836) 525 9113
0656118240
8328840610
4760338503
5153084511
(036)(820)(9368)
(532)(654)(8350)
163-450-2694
242-315-9519
3600187420
519-659-6502
5693095149
(978)(631)(1863)
5924626029
(942)(758)(0079)
(584) 198 6429
131-876-9406
(123)(435)(9825)
(713) 377 9425
1560889164
6792660427
(438) 300 3570
(971) 372 9423
7477564306
(597)(890)(5817)
8027024150
3289957871
8573485848
7237482791
4107156513
1154838082
(641)(099)(0162)
763-637-2707
7887051228
2876433378
777-582-8447
4620491635
005-887-1097
(724)(175)(2584)
(644) 158 0232
8321264758
(500)(032)(6743)
(118) 088 9297
2925575004
031-247-3157
(862)(218)(1211)
4029455580
440-662-6553
(650)(648)(8108)
(432)(815)(0532)
(770) 246 0325
9704979843
5448362791
3286971442
(009) 500 5032
(675) 190 1730
337-015-7413
8883898029
(533) 621 8149
2567746743
214-377-2059
(091)(245)(1867)
563-411-4666
7448435392
9226530357
(294) 062 1354
6148091398
(957)(741)(9848)
(734)(922)(4793)
3710210850
9460704933
3053216683
(278)(836)(4273)
(636)(229)(9958)
(882) 816 6827
1529557884
863-381-4888
7288972132
(449)(002)(4821)
5213315437
9320044476
1976663945
3089764342
(474)(369)(7152)
8473404979
265-184-8579
(055) 372 8574
(303) 888 7015
130-315-6155
(648) 754 1549
6397414118
217-676-4347
(323) 666 1321
(273)(705)(4985)
610-642-2636
(101) 819 3737
9003635490
(801)(066)(6644)
(686) 931 8735
(001) 866 8533
7781163631
5671909605
(281) 634 5684
2600323577
(861)(036)(4325)
3442031925
(265) 237 9980
(855) 749 0332
(757) 832 9911
1626653060
(482)(160)(9274)
(187)(760)(3641)
267-809-1474
(773)(271)(2784)
5187077679
6993532809
918-442-8093
870-988-3191
4216227309
(533) 353 2823
768-001-3449
865-658-8002
(262)(995)(0706)
(776) 444 5648
3241385854
(629) 185 5179
6895349685
(578) 752 8245
150-871-3845
(419) 033 5681
4699098216
241-999-8569
(112) 744 9549
4589401250
(551) 711 7216
(051) 735 1498
(653)(668)(3879)
5986850731
(122)(279)(4062)
002-314-8291
4425310376
(827)(876)(8999)
4039872052
(426)(258)(2066)
(236)(535)(1596)
9604288269
(561) 435 5827
299-242-7749
3534161117
9257544253
8699279535
(781) 258 1149
4861962514
1339391372
(355) 332 8648
159-108-4379
(357) 460 9292
534-890-5386
4879722714
7688146766
2431230807
8423754582
8215533539
(554)(724)(1112)
954-113-3404
419-663-8127
0625763418
(223) 569 9842
7889376942
(137)(206)(3461)
(990) 457 8388
4833464388
9216972308
(831) 742 9774
0073908109
(704)(357)(8282)
(475)(831)(2345)
892-287-5662
(137)(494)(6468)
(243)(077)(6574)
(534) 632 2006
6441360034
576-972-1409
9798059232
250-790-7662
(020)(428)(0527)
1716843088
(412) 705 9471
(367)(442)(5109)
(275)(181)(5774)
(513) 074 1248
(204)(632)(4301)
3244462765
(908) 235 8887
(674)(709)(8644)
(602) 329 9052
8151746690
5055634467
3064695996
4064090422
491-142-3720
8492406982
7490455545
(683)(852)(3124)
962-672-5253
(590)(508)(4127)
(262) 214 5422
1385923530
(660) 113 1406
986-646-8106
(118) 437 7535
(478)(430)(7452)
8328126927
(617) 029 0283
7817278358
(445) 560 8446
(308) 106 5890
8382627513
(445) 925 5175
5402323104
9493559498
0010999401
(496) 564 9234
(162)(270)(8540)
7596676983
8431625020
9091025593
(870)(748)(7167)
(510) 135 6806
(037) 713 2826
(186)(370)(9810)
0165626168
(395)(580)(1896)
(470)(542)(0884)
2330019679
307-385-9129
0181040629
0145474310
995-058-8955
9793176143
552-348-7001
832-292-8783
(783) 299 4172
987-054-6902
4341478565
(491)(577)(0238)
(515)(150)(5911)
377-717-4341
(713)(558)(5110)
(039) 468 1293
(679) 422 3989
1330586677
3953983109
2394546771
(952) 431 4622
(880)(093)(0513)
9547935731
7466288373
3835700296
9419135136
(284)(863)(3327)
2103477115
8634485324
(733)(894)(7547)
9924693398
(907)(559)(1464)
2290407666
(532)(867)(3607)
477-525-2169
9146222854
094-005-5879
(149)(409)(4360)
(169) 687 0153
948-548-4604
(074)(869)(9784)
(811) 224 9804
(261) 833 0093
4088944647
420-369-2490
9102828380
7660783284
4288347068
(497)(016)(9917)
5197462909
(696)(021)(8373)
6610421124
8842126249
259-494-1865
(444) 807 1594
(394)(415)(3068)
4171139109
1554651212
(808)(389)(6620)
(961)(901)(8615)
047-457-8670
745-119-6953
253-084-5047
442-460-1405
618-874-6641
(764)(967)(2629)
(472)(456)(7011)
(078) 786 9681
(103) 874 1254
2456636640
(884)(183)(9154)
072-681-1494
441-574-9965
051-635-3843
166-187-7710
(428)(029)(2473)
(220) 180 3746
410-294-2292
015-668-5550
(736)(207)(4456)
5630839512
701-990-5303
(875)(780)(2001)
(041)(895)(2268)
(849) 983 7309
(456) 108 8408
9736249350
416-833-7292
6098212099
3513837465
(138)(621)(0549)
(668) 515 7427
2652998016
166-902-6594
4559612545
2887980312
(490)(016)(6071)
(569) 648 1195
(782)(490)(6649)
(707)(457)(7702)
(830) 122 5153
(003)(532)(0447)
104-302-3842
345-838-1451
0987970608
1241582396
2766624106
8042960611
7560234321
3788187338
0518059287
8939988586
(266) 021 2811
(803) 838 6762
8761693450
151-273-6954
9512422793
2971487541
9894405186
(628) 443 4826
9652719905
(855) 396 9480
4707027024
0369825864
(220)(440)(5142)
5276552063
(197) 388 2967
6483618760
7085723705
119-848-6762
9350213788
(290) 629 7798
(240)(659)(8700)
248-047-9283
(586) 295 2352
851-931-9824
6222963647
878-702-9093
955-865-7233
8994604344
875-749-9204
(522)(325)(6617)
(248) 928 9640
963-268-9615
(429)(510)(0499)
842-501-2865
3050422540
(115)(709)(5774)
(753)(687)(4263)
(629)(310)(4473)
945-939-8752
(339)(802)(3296)
9793481656
4964871359
2271238802
3772242505
6777614944
(699) 368 0445
401-208-0734
325-274-0305
(566)(265)(1569)
115-035-6642
421-019-0874
(836)(124)(1656)
322-932-4991
305-750-5636
(206)(744)(4846)
(209)(177)(1368)
2181056708
(452)(567)(9151)
2840324080
096-558-2528
5610321624
(611)(393)(7935)
581-139-0909
(482)(203)(1481)
5505104175
501-886-7574
(797) 428 4927
9283140100
9586369841
(121)(161)(2183)
4564794355
(919)(289)(4358)
9341163125
(083) 598 3467
2163318387
4436214564
2093018882
3312380401
(555) 898 8905
2148814247
(390) 744 1782
(273) 527 7654
(512)(481)(3493)
5065651590
5693861178
0716129904
4866482034
(287) 763 2420
7321182901
(119) 998 7295
4911140943
4226633791
408-161-5035
9919952850
359-268-4536
(447) 705 5949
2343743731
(271) 667 7254
7189898318
981-749-1928
(113) 429 6023
8537916633
8427827550
782-525-1360
657-285-1130
3111486250
(805) 373 4616
(190)(348)(0080)
2323632690
4463150904
0189520638
6761397796
(743) 536 2734
505-046-6268
9677639040
2610056556
3322171990
(308) 128 4844
238-715-5254
9035310406
2522773871
1888403781
2656759719
7866036860
816-554-4403
(331)(969)(3875)
2481349834
(933) 808 5087
(789)(094)(6360)
(576) 067 7639
(113) 134 2857
(194)(056)(8708)
5628835749
678-892-2345
6896115099
8529013987
930-098-0860
1510729563
2157600639
4176169180
(946) 280 3071
467-823-6439
(365) 271 5686
(960) 308 5205
(381) 809 3480
3107414531
(603) 737 7662
3990596988
(700) 585 5081
013-919-8588
(094) 783 1155
(858)(237)(7483)
(762) 154 6894
(105) 316 1897
6205574130
4341036826
(953)(677)(4032)
3645407265
3700159949
8816004094
2218929623
018-895-3045
(217)(793)(1892)
(888)(865)(9908)
(803)(451)(8012)
(296) 806 6233
011-488-5956
0946136566
771-039-7483
934-218-5486
(261)(034)(3360)
(215)(122)(1774)
9396357903
(196)(556)(9929)
(791) 598 5739
1652659960
1434116554
249-666-0695
(934) 235 4084
0015107431
(940)(175)(8799)
(808)(478)(3411)
(586)(375)(8984)
9041923042
(624)(547)(9795)
(647) 504 0997
084-829-9613
(656)(093)(3660)
201-886-9910
(314) 307 8603
302-611-4693
(618) 086 1706
290-090-6066
(874)(131)(6177)
851-460-6708
144-424-4775
6533676021
788-906-2161
9369137524
563-275-4134
2259881217
4263431054
(572) 550 0169
3619754601
(330) 937 5508
6612011032
458-390-5323
310-269-1438
(762) 281 8885
3748519551
(433)(640)(6720)
9427998645
(291)(784)(9331)
7926551492
6763926211
2774525258
8959563577
814-269-0052
247-379-9358
879-010-2146
(365) 423 1099
3330038030
(421)(404)(6670)
(411) 231 0359
124-156-7426
(191)(824)(1079)
(627)(087)(9571)
2730306160
219-099-5091
(462)(056)(6670)
(611)(617)(6310)
586-795-8253
(890)(302)(4985)
7432062496
(044) 629 0924
(421)(700)(7997)
8949555346
(412) 054 7407
(577) 528 2607
(570) 121 1852
6073153628
5268254558
8306460865
2142633265
1061563993
(415) 124 2101
(969)(830)(7178)
9920505087
(940)(696)(1451)
2990481321
(262)(526)(4881)
(372) 179 6654
(638)(565)(0903)
516-153-4068
517-268-1925
(163) 631 9218
4529904576
5362192703
6002147824
6535906893
7365271229
150-631-0009
(653)(827)(9417)
4298168347
7527667210
2538924057
(628) 932 5222
(425) 813 7211
1022013378
336-277-5190
(085)(881)(3106)
7113403220
0814662012
352-410-7107
083-693-4673
274-811-8621
(389)(723)(7458)
(760)(587)(8685)
(493)(255)(4609)
9876927374
(696)(825)(1372)
(883) 427 3681
3239958876
(868) 462 9372
1039085551
520-618-5392
(330) 932 8341
(331)(654)(5745)
(925) 416 1820
(679)(512)(1351)
718-982-4499
033-706-4288
939-288-1930
8975656981
(493)(074)(4054)
(696)(883)(9428)
6442903491
(111)(343)(9301)
(876) 261 3192
(692) 853 9329
(024) 024 1792
(319) 633 2257
937-212-9159
3877810265
5771808474
721-938-7213
923-839-1418
9349519527
2210738686
858-242-9813
5979496023
4860157782
(096)(334)(7098)
439-806-5298
3688562672
679-719-2187
(982)(476)(3952)
931-733-9208
(309)(126)(6127)
(048)(512)(9501)
1724146727
(728)(635)(9566)
(013)(207)(1925)
7089468081
(363) 479 5168
7018343147
7921435322
528-017-6283
282-790-9626
782-899-3936
(962)(490)(4783)
(347) 529 8489
(915) 035 2138
400-724-5581
(088)(253)(6264)
(850) 627 3888
(491) 380 4195
(092)(634)(0986)
0827933399
593-394-5127
274-258-8339
9731194784
3773629109
743-424-6347
(966)(256)(6370)
(448) 852 2082
(769) 449 7036
7656984691
(217)(690)(1095)
(702)(731)(5860)
6367611759
956-672-9851
2803052686
(364)(079)(6756)
1918748074
(740) 662 3171
8048484547
(905)(937)(3329)
6772823657
260-409-0410
9068332090
(873) 805 4733
(686) 811 9706
(356)(619)(2415)
(402) 261 4460
919-118-2212
212-491-3134
(577) 627 6009
0841963338
(995) 135 6708
104-515-8212
9274654212
(463)(747)(8810)
7918975796
(122)(732)(4897)
(801)(641)(0613)
(515) 643 6295
046-086-5129
(599)(246)(0832)
412-857-6510
8359528976
9673963302
(402) 726 2788
1459856949
2878554156
5010859768
(525)(235)(2593)
(942) 224 1840
5031673585
493-287-8730
6774812630
947-119-3359
(200) 366 4546
488-994-6337
116-598-4449
(352) 191 7787
636-398-5509
004-138-9685
(235)(656)(7440)
(636) 655 2529
(862)(952)(6415)
7410819419
(402)(984)(7965)
9892300205
(415)(982)(5678)
846-793-1977
5542995087
985-589-7515
0411910441
047-591-6951
971-628-7019
(063)(459)(4026)
(221) 117 9358
5737999453
6341609817
7699986716
863-733-5590
6613443924
(558) 923 5361
8195973240
(553) 824 1371
(465)(621)(0931)
8133438222
1627865359
(698) 113 6138
679-557-8685
749-655-9102
(766)(941)(9151)
2512072765
978-904-7885
8698910895
4464172665
7400434279
(855)(847)(2395)
8947086404
2108237372
(555) 038 7426
726-053-7667
3052470032
903-780-6344
677-775-5543
(564) 655 6968
(492)(329)(9706)
968-900-9789
197-676-1869
1249253373
8381042760
296-882-2531
9630223270
650-673-8737
(584) 476 0743
(619) 241 5222
(426)(224)(3118)
(426)(831)(6704)
(063) 825 5340
(280)(772)(2558)
(504) 212 9726
(826) 369 5155
0292881268
522-081-0501
(990)(003)(7982)
812-777-5013
(037)(135)(9881)
(261)(663)(7766)
360-343-8498
9368582289
7159322618
4439387037
2788172265
8731893957
499-300-9744
227-017-3724
7169585208
9827204137
180-198-3887
8913493572
6733203125
7188057274
900-987-1637
7154995149
402-217-7247
840-903-3827
5690991674
(941)(577)(1657)
(905)(043)(6611)
1672243445
3081760198
(082)(710)(5547)
520-858-9950
(386)(740)(8923)
4845502628
(203)(430)(9976)
3850362776
136-433-3453
7212984810
(115)(946)(8103)
(471)(030)(8210)
2586489425
(621)(369)(2446)
1703197245
6672920030
4626407195
7299273579
414-316-0829
(699) 847 1190
3145721255
5395190054
018-303-6091
(434)(022)(6313)
1752009300
419-944-8692
(795)(964)(4507)
3154185226
158-286-8478
(200) 273 4497
505-994-0102
145-523-1680
6172969000
(003)(594)(7763)
1948793984
(601)(961)(8218)
0830807507
(483) 706 7948
(808) 193 8328
361-292-5111
(811) 345 1039
5695677518
481-663-7274
756-704-5814
0019422617
646-341-4087
(970) 585 9080
(105) 108 6872
(444) 059 3455
(292) 040 7358
455-654-6377
126-299-4772
0077532849
(042)(000)(7603)
1157659314
(252) 665 5323
2468306390
(742) 907 2317
358-014-3522
(732) 404 8105
(851) 565 3717
(759) 164 0236
3424740615
4336994620
(223)(124)(3959)
4933510050
(619)(971)(2035)
408-197-7880
(252) 992 9332
062-247-0798
7357477303
9448649219
5171151729
(081)(289)(5947)
(080) 077 4542
(658)(634)(3126)
(560)(641)(8068)
2693828692
851-219-1284
(807)(370)(1650)
3711871106
800-865-6477
4062921015
1427319637
9579356390
(501) 176 5962
655-524-0477
5907837239
(060) 095 6883
(154) 321 3095
121-275-0911
(594)(791)(4744)
4924453477
1311833201
150-779-5000
141-847-9109
(831)(802)(6969)
4046536564
(308) 296 9861
7191810835
150-685-4594
4235603511
5245296430
3106325404
1972459932
5282530286
(378) 685 4197
9139115841
(828)(384)(6569)
886-076-3502
8779315606
449-218-1830
6822077221
5840105782
0158815531
3161984900
(510)(114)(6650)
8486227645
(290)(294)(3494)
(085)(933)(9791)
0948327721
6036339691
8511183335
(142)(685)(3353)
946-464-4007
(870) 599 4967
(838) 106 0499
9274562424
(548) 510 0618
(861)(600)(1567)
050-885-8573
(021)(963)(4621)
562-005-4099
694-675-5032
(913)(528)(4645)
(075)(655)(1479)
(357)(632)(3881)
2165087816
(540)(708)(6990)
(442) 310 7782
(011) 512 3202
(631) 225 8509
(416) 391 8663
090-914-3283
(914) 804 9422
4006930016
(005) 044 9797
(732) 612 7018
6128946035
4893190459
(082) 547 6235
5861298051
(465) 652 8507
(337) 711 4076
(232)(267)(4178)
3422470440
082-524-9045
297-357-4299
7448757835
(646) 281 5741
4038789955
0204220531
821-174-6968
829-889-9143
5613656305
8205727942
(071)(436)(2611)
(151) 948 1638
(965) 004 7312
579-211-0732
(797) 566 6249
(519)(803)(3815)
0513116589
739-585-1895
718-913-5267
(432) 233 2549
(373) 068 2271
6462987026
4266083053
(290)(668)(7122)
(532)(530)(3952)
(845) 275 5684
3989657097
6577643269
8810428720
580-030-9818
3281698222
5213874454
5857620956
(560) 172 7612
0359173509
(248) 520 0878
438-109-9594
0025549618
308-423-3087
(216) 389 2260
1871222396
4047352393
(527) 588 6056
(131) 457 8538
173-341-5605
(705) 325 4491
(748)(111)(5232)
6475533545
0552174701
484-205-2059
7984620021
(237) 594 7414
(235)(323)(6364)
485-233-6090
071-021-8149
2202205551
053-560-7128
6825488536
7481036156
(044)(033)(0817)
8346529057
(186)(073)(0918)
8837884728
778-888-1869
8425533185
357-877-0336
7038860721
910-124-0270
8826655054
(406)(190)(5699)
773-133-3892
2523269469
765-302-4403
(526)(305)(8618)
047-568-7728
(555) 625 1863
9348046114
3671582196
(844) 852 6806
5352296866
747-087-9301
2688676405
7323368547
9696915669
815-451-5549
(665)(320)(8640)
482-964-8174
(478)(802)(3716)
8520112595
0308367320
628-305-6491
5322747513
8191978516
(446)(399)(2906)
(077)(956)(8167)
586-165-9649
(318)(251)(5547)
(484)(710)(5747)
(047)(118)(6138)
(107) 930 7035
(355) 358 4839
454-621-3247
(431) 608 1666
2081985150
(099)(782)(0420)
(921)(499)(6015)
(186) 744 3573
0488873621
(943)(836)(7337)
956-267-0922
8197269990
(561) 491 2347
(605)(865)(4831)
(926)(885)(7329)
2487424799
008-409-4920
3327299097
4783180127
(582) 658 3632
(581) 250 1713
7196441192
412-629-3540
(268) 360 7027
(570)(652)(4041)
863-913-8852
(544) 538 7910
3691284678
3651091751
969-331-8289
(822)(523)(1352)
0722387141
(560)(718)(4011)
1135479224
8747584911
3975031390
(608)(755)(8539)
1543707439
2436012961
(277) 658 0875
2023535874
(584) 338 5872
(401)(566)(7531)
1976360214
7190049292
0502370857
(576) 853 9866
(906)(829)(0005)
4725070326
(252) 644 0141
068-481-9893
850-545-8298
067-515-1260
7674044801
2277941599
6706955677
(256) 493 6017
291-770-8432
9302506151
(221)(887)(6540)
(357)(829)(2682)
9449409326
(241)(764)(0766)
1226154281
0833463402
(185)(799)(2334)
(316) 477 3366
8470687427
3469065828
(812)(631)(4417)
9356579162
347-380-3923
(780)(836)(5483)
(130) 085 6738
(485)(101)(1991)
1452416198
7863766013
2766451655
1943162670
2393465516
8765770183
5791557951
7113755009
7749948836
157-938-7096
(410)(315)(6778)
(991)(294)(5363)
7370831813
8499078144
7511613792
336-498-0379
(319) 145 8704
(495)(324)(2736)
803-449-6531
1792548073
(976)(085)(4735)
(325) 428 6602
2268568390
(264)(934)(1213)
(256) 723 0694
056-172-5152
(656) 594 4019
2303058452
(509)(912)(0791)
0887557652
(886)(584)(2690)
(637)(220)(0744)
9647670958
804-539-0597
(733)(482)(6396)
7605230158
(828) 708 7957
997-013-4201
8164543501
4755947906
(644)(222)(3406)
2865803727
9252013042
(882)(472)(7673)
4925926631
9962442454
8991354411
0046884931
216-792-7543
1037460420
5122092286
8850182161
2627717370
(969)(583)(9365)
523-355-8674
948-639-4379
(741)(892)(9913)
872-335-7578
(092)(863)(2599)
3952065495
525-343-6082
8165893860
5451457454
126-299-2841
634-366-1163
0419196648
(277) 576 4575
253-422-5525
6388129186
(521) 652 7707
7837045454
6808194730
209-676-7239
(282) 016 0131
(435)(246)(5479)
1760316610
(919)(569)(8215)
8531899451
2136473892
(695) 846 9282
850-528-4632
587-726-3941
669-058-8914
(914)(890)(0016)
4269858390
1064001040
4350603487
8521236905
8489698959
6409044227
570-834-1663
(196) 789 9194
2246329214
5784070757
3675631760
(257)(330)(5564)
(006) 362 8266
2246324535
7235543963
165-001-6968
(781)(421)(8058)
1552690995
0654257846
(826)(904)(3425)
(530) 762 5988
563-176-2320
(057) 261 1404
9625149383
(178) 740 1687
0301301301
9270251376
(390) 358 3630
8319228040
417-578-1964
327-139-3522
5804878615
020-962-8402
1168181792
722-780-0395
1588485266
(275)(093)(0354)
2832322048
(998)(062)(9349)
283-484-8289
1700894622
(769) 877 7008
6969887889
8707591029
387-636-8670
0263976286
(487)(042)(5780)
644-128-7622
505-250-7292
917-288-1044
4932194594
648-655-8755
(539)(079)(0705)
(084) 676 9658
8000349684
(367)(497)(9838)
798-275-5024
(193)(130)(8990)
(589) 216 6316
7862995383
7994090084
(834)(717)(8829)
(477) 353 1403
8439773973
1766248162
(946)(175)(2793)
5632365506
4992295512
(375) 092 0912
9302769670
592-695-8233
291-473-1632
7222190226
786-332-0105
6723729655
9520465156
(435)(889)(1689)
1886124263
399-563-2578
7239932095
449-048-1803
(609) 918 9305
(798) 778 2039
(998) 305 1338
8952630045
1188174730
781-234-5772
064-098-7387
(805)(138)(2965)
3138891645
(449) 640 4408
137-013-3695
232-975-1297
(379) 669 1049
(186) 388 5951
(295)(286)(2871)
(578) 785 5043
480-304-6576
5590716469
(295) 311 9240
(470)(658)(4162)
9402811686
4597559023
775-846-7684
8382707173
735-031-3049
9447431778
715-030-0375
(688) 415 1168
128-893-5909
(438) 093 0628
347-797-3059
5256969070
(427)(889)(5070)
(845)(765)(2018)
551-381-4358
501-138-8746
(559) 637 7973
630-969-9497
040-683-8920
404-407-0766
9827506479
266-768-3509
8289694271
541-033-3373
(235) 737 4359
(249)(646)(0998)
9297405066
(126)(461)(0899)
224-101-4144
2786663536
(944) 074 3676
5581028213
082-042-0039
(659)(854)(8397)
(530)(679)(9018)
7950119906
(095) 971 4066
1003894755
8292221887
1961455281
(524) 641 4445
(604) 435 4311
(670) 069 8932
(920)(681)(3809)
404-425-1479
(470)(806)(2361)
7488781114
788-880-3041
(394)(153)(7505)
(630) 301 9091
(547)(908)(5039)
0783019921
3940114270
550-385-6618
(497)(628)(2039)
352-426-3865
4158846496
693-316-3270
4363015728
103-147-4503
(689)(211)(3075)
(234)(081)(6041)
9008671526
(919) 078 9928
(795) 166 7895
019-589-4039
495-265-0895
(202)(237)(0332)
297-902-8216
(320)(827)(6065)
970-657-9538
3375193735
(706)(607)(1544)
8848429738
9440142387
2032585300
(573)(689)(5330)
(271) 058 1758
3182578598
(529) 897 4943
7767269194
(292)(591)(2518)
(696) 586 3944
485-438-2111
992-780-5135
5841714865
(566)(207)(5360)
795-557-4306
844-191-7866
(743)(777)(4421)
(820)(333)(7320)
(263)(184)(6671)
9477245956
(908) 006 3428
(680)(323)(3508)
(264) 737 9146
(139) 150 7525
5830918006
(266)(760)(7409)
(531) 958 5349
4980065012
(651) 278 6681
0316708667
090-518-6668
2211681922
244-088-7885
245-249-0302
(042)(160)(5796)
(955)(186)(6085)
5421750630
(131) 063 7469
8253282826
(903)(426)(0077)
511-522-7747
(273) 214 7711
3166235957
(462)(636)(6207)
6572133295
(662) 219 8447
(566) 453 3242
4758497556
5471883515
(888) 907 7059
6193229389
4346771971
457-602-3949
8328696515
7572050996
(093)(187)(6579)
(796) 573 2542
6730323930
(616) 339 5339
347-407-1981
(240) 583 5622
(277) 748 8727
(011) 632 9333
(478)(658)(3647)
(856) 769 8646
(566) 042 0512
(145) 569 7228
(446)(754)(4169)
403-969-2649
(456) 247 7737
5155785455
(915)(332)(9528)
(444) 689 8627
146-628-3241
(835) 580 3852
0983273823
(236) 378 2703
6238477264
(603)(772)(7797)
(325) 561 5070
6835522880
837-370-1239
4183384953
(386) 682 9370
569-146-8111
7701823246
471-770-0396
785-491-7505
(485) 553 9163
(402)(518)(3211)
(549) 082 3998
2960539494
9066978288
(252) 403 4552
(576)(108)(8934)
242-702-0592
(878)(648)(5089)
2177475181
6229155186
(889)(675)(4184)
(291)(377)(3474)
848-687-6800
(774)(755)(5849)
5402717088
(592)(450)(3998)
9664119751
679-481-1748
(038) 112 2202
297-589-0623
(544) 988 9308
903-419-6243
0724733069
0417710428
(187) 597 8110
(863) 022 8341
5955721006
(872)(011)(8741)
2847739625
908-422-7352
(722)(755)(4599)
0166628775
6791586991
(395) 448 1071
6342546363
9309818899
(792)(530)(9189)
(197) 870 2222
8026096202
5441138837
8871017168
7147147581
9798407380
8587103398
0715667735
153-412-1071
2827519016
9084872443
839-548-6307
2474351024
(193)(634)(8112)
(854)(321)(1943)
(354)(224)(9553)
5866479224
(797) 429 9601
733-016-2206
314-556-1455
(378) 709 6042
(410) 871 7614
933-093-3067
(575) 274 6643
074-968-7137
(930) 456 6326
(369) 586 7563
(201)(904)(4199)
(573)(426)(3228)
6063175417
8248701665
(220) 216 8612
8861185978
4307142858
7912362241
3967640536
(094)(294)(0414)
(738)(568)(1111)
6440133932
6321345667
(398) 851 9880
544-575-4925
(344)(285)(0007)
(874) 010 5641
(204)(740)(5663)
486-307-2422
007-214-2422
3296271680
(060) 387 4316
404-115-5398
541-454-8246
(794) 166 8894
380-082-1841
(438)(454)(4518)
042-740-7111
(417)(424)(9362)
586-175-8066
2888978586
(457)(086)(0596)
426-894-3817
7029990592
9533306608
(051)(438)(8051)
(410)(928)(7172)
468-533-9985
0477231914
8422419009
(978) 841 4679
9594455637
069-595-5337
(962)(115)(0322)
(393)(136)(4848)
(529) 064 4961
(283) 054 8456
4538393292
(863) 930 3240
3148673768
(264)(887)(6421)
492-549-1559
(748) 504 6405
2339867848
2085319842
(611) 554 4593
2085604224
(925) 336 6113
7563279456
9953435967
836-080-4318
(189)(357)(1840)
(068)(956)(5961)
(645) 733 0556
115-063-8033
(113)(639)(8770)
2473450759
436-504-1142
3422051683
7984997584
(199)(652)(3614)
2684957160
047-557-3406
705-935-0090
493-113-8397
(872)(751)(2134)
108-022-0237
(549)(939)(2024)
5525081065
3221109057
463-356-2903
(984) 117 3080
(362)(266)(6492)
0832667957
(300)(266)(2714)
(823)(228)(6479)
(390) 563 5751
5617472147
(130) 716 3803
(236)(869)(5263)
(356) 002 2273
(218)(738)(3844)
1925351047
(677) 823 3788
7318656434
(632) 662 6547
(519)(189)(9111)
(776) 450 0173
8512920179
262-590-4372
(695) 253 7044
6521877120
(463) 472 7634
(866) 523 6712
385-952-8205
293-497-6869
(209) 572 3105
8694883389
124-228-0177
(998) 899 0883
8450390084
286-627-1789
(159) 483 3099
3219373792
5793142115
413-978-8554
6646392661
7262752496
071-017-7652
877-615-5745
(440) 104 4574
(837)(968)(5256)
1094419574
6126843445
9830965582
0719783391
(140) 478 5365
1743742540
(036)(876)(7829)
067-536-2109
4857273537
(433) 012 3095
(090) 955 8768
2431911234
3694445684
1870346796
9078152937
8377996393
7719698768
(163)(672)(3551)
377-032-3411
(471)(237)(4355)
009-517-1439
9719756335
(416)(719)(7694)
(830)(161)(1159)
(796)(908)(7403)
5989633636
(307)(239)(8563)
(444) 429 5228
(571)(045)(5352)
2741364044
(277) 405 1759
1203459563
3940464968
(467) 496 3480
(389)(700)(2343)
875-609-7837
9923868777
(284)(587)(3853)
767-878-0605
3171021548
431-616-1768
(423)(492)(2647)
8878015110
(714)(033)(9428)
(050)(079)(9916)
(202)(339)(1336)
6813234871
(750) 018 5907
700-469-2401
0986908026
894-375-4394
(199)(565)(0205)
463-325-4469
(130) 793 2567
230-047-0952
(128) 810 7210
(717)(164)(1093)
324-604-0364
(936)(983)(1968)
(356)(270)(6612)
(738)(062)(9484)
319-677-4271
(487) 915 0538
311-678-7065
(336)(838)(8710)
437-450-3129
2202363636
(642) 674 6118
(992)(743)(6760)
012-971-3449
7926567150
(401)(983)(6100)
9069658530
2021010959
7793259033
6410252682
2431144703
(707)(571)(3048)
(372) 880 6913
200-056-9776
319-952-5525
(410)(211)(8285)
9895204686
(408) 632 4651
4527522220
7791408304
5116348189
4083782779
(591) 949 2410
413-134-7108
001-859-8341
1194474442
9917521135
4691432043
(158) 673 2716
(437) 856 9999
(008) 177 3153
6432365028
(115)(413)(9453)
(243) 184 1083
2463677047
(381)(385)(7897)
(952)(341)(8664)
(426)(951)(4342)
(263) 841 3180
(349) 737 9020
(794) 050 5912
1846358888
(643)(395)(1131)
(625) 838 8173
1440233040
(664)(835)(1769)
9450459015
5667606600
(098)(827)(0674)
603-903-5155
(577)(779)(7347)
8456844823
(118)(995)(6268)
(629) 679 3722
6593257435
4609717720
9784495795
6002328448
0140946670
(603) 452 8154
0055455901
8408276427
(133)(273)(0348)
(766) 171 2315
250-755-8521
2082547758
(767)(305)(3572)
(553) 602 9590
(305) 022 2295
(190)(476)(7737)
2306360063
5383084246
9389571050
1600509520
748-439-0142
888-950-7114
5958777793
955-947-0562
3518719017
423-618-9633
8409913031
192-982-1850
(448) 182 5040
8707478992
9862764533
(128) 753 1040
(649) 869 9858
178-050-9653
0023010195
(908)(181)(6280)
(156) 105 1331
4570919485
(299)(124)(2884)
(307) 835 5750
(405)(723)(5817)
6964258455
0767508172
(503)(384)(1339)
(054) 743 5445
809-012-2087
3143103988
(942) 300 3184
7607847185
(286) 110 6939
1572302693
(722) 067 3859
(882) 823 7020
361-556-6907
9940173798
7462613729
(924)(481)(4782)
389-726-3186
(162) 738 2146
5515358744
402-501-7144
(891) 133 9834
2638596958
991-445-6020
1179752290
5554908082
(082)(157)(6521)
(563)(477)(0278)
913-189-6206
